[0.551s] Invoking command in '/home/student/ros2_ws/src/modbus_interface': PYTHONPATH=/home/student/ros2_ws/src/modbus_interface/build/modbus_interface/prefix_override:/usr/lib/python3/dist-packages/colcon_core/task/python/colcon_distutils_commands:/home/student/ros2_ws/src/modbus_interface/install/modbus_interface/lib/python3.10/site-packages:${PYTHONPATH} /usr/bin/python3 -W ignore:setup.py install is deprecated -W ignore:easy_install command is deprecated setup.py egg_info --egg-base build/modbus_interface build --build-base /home/student/ros2_ws/src/modbus_interface/build/modbus_interface/build install --record /home/student/ros2_ws/src/modbus_interface/build/modbus_interface/install.log --single-version-externally-managed install_data
[0.750s] running egg_info
[0.750s] creating build/modbus_interface/modbus_interface.egg-info
[0.751s] writing build/modbus_interface/modbus_interface.egg-info/PKG-INFO
[0.751s] writing dependency_links to build/modbus_interface/modbus_interface.egg-info/dependency_links.txt
[0.751s] writing entry points to build/modbus_interface/modbus_interface.egg-info/entry_points.txt
[0.751s] writing requirements to build/modbus_interface/modbus_interface.egg-info/requires.txt
[0.751s] writing top-level names to build/modbus_interface/modbus_interface.egg-info/top_level.txt
[0.751s] writing manifest file 'build/modbus_interface/modbus_interface.egg-info/SOURCES.txt'
[0.753s] reading manifest file 'build/modbus_interface/modbus_interface.egg-info/SOURCES.txt'
[0.753s] writing manifest file 'build/modbus_interface/modbus_interface.egg-info/SOURCES.txt'
[0.754s] running build
[0.754s] running build_py
[0.754s] creating /home/student/ros2_ws/src/modbus_interface/build/modbus_interface/build
[0.754s] creating /home/student/ros2_ws/src/modbus_interface/build/modbus_interface/build/lib
[0.754s] creating /home/student/ros2_ws/src/modbus_interface/build/modbus_interface/build/lib/modbus_interface
[0.754s] copying modbus_interface/test.py -> /home/student/ros2_ws/src/modbus_interface/build/modbus_interface/build/lib/modbus_interface
[0.754s] copying modbus_interface/__init__.py -> /home/student/ros2_ws/src/modbus_interface/build/modbus_interface/build/lib/modbus_interface
[0.754s] copying modbus_interface/test_pymodbus.py -> /home/student/ros2_ws/src/modbus_interface/build/modbus_interface/build/lib/modbus_interface
[0.754s] copying modbus_interface/modbus_node.py -> /home/student/ros2_ws/src/modbus_interface/build/modbus_interface/build/lib/modbus_interface
[0.754s] copying modbus_interface/modbus_connect_test.py -> /home/student/ros2_ws/src/modbus_interface/build/modbus_interface/build/lib/modbus_interface
[0.754s] copying modbus_interface/test_connexion_modbus.py -> /home/student/ros2_ws/src/modbus_interface/build/modbus_interface/build/lib/modbus_interface
[0.754s] running install
[0.755s] running install_lib
[0.755s] creating /home/student/ros2_ws/src/modbus_interface/install/modbus_interface/lib/python3.10/site-packages/modbus_interface
[0.756s] copying /home/student/ros2_ws/src/modbus_interface/build/modbus_interface/build/lib/modbus_interface/test.py -> /home/student/ros2_ws/src/modbus_interface/install/modbus_interface/lib/python3.10/site-packages/modbus_interface
[0.756s] copying /home/student/ros2_ws/src/modbus_interface/build/modbus_interface/build/lib/modbus_interface/__init__.py -> /home/student/ros2_ws/src/modbus_interface/install/modbus_interface/lib/python3.10/site-packages/modbus_interface
[0.756s] copying /home/student/ros2_ws/src/modbus_interface/build/modbus_interface/build/lib/modbus_interface/test_pymodbus.py -> /home/student/ros2_ws/src/modbus_interface/install/modbus_interface/lib/python3.10/site-packages/modbus_interface
[0.756s] copying /home/student/ros2_ws/src/modbus_interface/build/modbus_interface/build/lib/modbus_interface/modbus_node.py -> /home/student/ros2_ws/src/modbus_interface/install/modbus_interface/lib/python3.10/site-packages/modbus_interface
[0.756s] copying /home/student/ros2_ws/src/modbus_interface/build/modbus_interface/build/lib/modbus_interface/modbus_connect_test.py -> /home/student/ros2_ws/src/modbus_interface/install/modbus_interface/lib/python3.10/site-packages/modbus_interface
[0.756s] copying /home/student/ros2_ws/src/modbus_interface/build/modbus_interface/build/lib/modbus_interface/test_connexion_modbus.py -> /home/student/ros2_ws/src/modbus_interface/install/modbus_interface/lib/python3.10/site-packages/modbus_interface
[0.756s] byte-compiling /home/student/ros2_ws/src/modbus_interface/install/modbus_interface/lib/python3.10/site-packages/modbus_interface/test.py to test.cpython-310.pyc
[0.757s] byte-compiling /home/student/ros2_ws/src/modbus_interface/install/modbus_interface/lib/python3.10/site-packages/modbus_interface/__init__.py to __init__.cpython-310.pyc
[0.757s] byte-compiling /home/student/ros2_ws/src/modbus_interface/install/modbus_interface/lib/python3.10/site-packages/modbus_interface/test_pymodbus.py to test_pymodbus.cpython-310.pyc
[0.757s] byte-compiling /home/student/ros2_ws/src/modbus_interface/install/modbus_interface/lib/python3.10/site-packages/modbus_interface/modbus_node.py to modbus_node.cpython-310.pyc
[0.758s] byte-compiling /home/student/ros2_ws/src/modbus_interface/install/modbus_interface/lib/python3.10/site-packages/modbus_interface/modbus_connect_test.py to modbus_connect_test.cpython-310.pyc
[0.758s] byte-compiling /home/student/ros2_ws/src/modbus_interface/install/modbus_interface/lib/python3.10/site-packages/modbus_interface/test_connexion_modbus.py to test_connexion_modbus.cpython-310.pyc
[0.758s] running install_data
[0.759s] creating /home/student/ros2_ws/src/modbus_interface/install/modbus_interface/share/ament_index
[0.759s] creating /home/student/ros2_ws/src/modbus_interface/install/modbus_interface/share/ament_index/resource_index
[0.759s] creating /home/student/ros2_ws/src/modbus_interface/install/modbus_interface/share/ament_index/resource_index/packages
[0.759s] copying resource/modbus_interface -> /home/student/ros2_ws/src/modbus_interface/install/modbus_interface/share/ament_index/resource_index/packages
[0.759s] copying package.xml -> /home/student/ros2_ws/src/modbus_interface/install/modbus_interface/share/modbus_interface
[0.759s] running install_egg_info
[0.761s] Copying build/modbus_interface/modbus_interface.egg-info to /home/student/ros2_ws/src/modbus_interface/install/modbus_interface/lib/python3.10/site-packages/modbus_interface-0.0.0-py3.10.egg-info
[0.761s] running install_scripts
[0.778s] Installing modbus_connect_test script to /home/student/ros2_ws/src/modbus_interface/install/modbus_interface/lib/modbus_interface
[0.778s] Installing modbus_node script to /home/student/ros2_ws/src/modbus_interface/install/modbus_interface/lib/modbus_interface
[0.778s] Installing test script to /home/student/ros2_ws/src/modbus_interface/install/modbus_interface/lib/modbus_interface
[0.778s] writing list of installed files to '/home/student/ros2_ws/src/modbus_interface/build/modbus_interface/install.log'
[0.795s] Invoked command in '/home/student/ros2_ws/src/modbus_interface' returned '0': PYTHONPATH=/home/student/ros2_ws/src/modbus_interface/build/modbus_interface/prefix_override:/usr/lib/python3/dist-packages/colcon_core/task/python/colcon_distutils_commands:/home/student/ros2_ws/src/modbus_interface/install/modbus_interface/lib/python3.10/site-packages:${PYTHONPATH} /usr/bin/python3 -W ignore:setup.py install is deprecated -W ignore:easy_install command is deprecated setup.py egg_info --egg-base build/modbus_interface build --build-base /home/student/ros2_ws/src/modbus_interface/build/modbus_interface/build install --record /home/student/ros2_ws/src/modbus_interface/build/modbus_interface/install.log --single-version-externally-managed install_data
