[2.014s] Invoking command in '/home/student/ros2_ws/src/opcua_ros_client': PYTHONPATH=/home/student/ros2_ws/build/opcua_ros_client/prefix_override:/usr/lib/python3/dist-packages/colcon_core/task/python/colcon_distutils_commands:/home/student/ros2_ws/install/opcua_ros_client/lib/python3.10/site-packages:${PYTHONPATH} /usr/bin/python3 -W ignore:setup.py install is deprecated -W ignore:easy_install command is deprecated setup.py egg_info --egg-base ../../build/opcua_ros_client build --build-base /home/student/ros2_ws/build/opcua_ros_client/build install --record /home/student/ros2_ws/build/opcua_ros_client/install.log --single-version-externally-managed install_data
[2.474s] running egg_info
[2.474s] writing ../../build/opcua_ros_client/opcua_ros_client.egg-info/PKG-INFO
[2.475s] writing dependency_links to ../../build/opcua_ros_client/opcua_ros_client.egg-info/dependency_links.txt
[2.475s] writing entry points to ../../build/opcua_ros_client/opcua_ros_client.egg-info/entry_points.txt
[2.475s] writing requirements to ../../build/opcua_ros_client/opcua_ros_client.egg-info/requires.txt
[2.475s] writing top-level names to ../../build/opcua_ros_client/opcua_ros_client.egg-info/top_level.txt
[2.478s] reading manifest file '../../build/opcua_ros_client/opcua_ros_client.egg-info/SOURCES.txt'
[2.479s] writing manifest file '../../build/opcua_ros_client/opcua_ros_client.egg-info/SOURCES.txt'
[2.479s] running build
[2.480s] running build_py
[2.480s] running install
[2.480s] running install_lib
[2.484s] running install_data
[2.484s] running install_egg_info
[2.506s] removing '/home/student/ros2_ws/install/opcua_ros_client/lib/python3.10/site-packages/opcua_ros_client-0.0.0-py3.10.egg-info' (and everything under it)
[2.507s] Copying ../../build/opcua_ros_client/opcua_ros_client.egg-info to /home/student/ros2_ws/install/opcua_ros_client/lib/python3.10/site-packages/opcua_ros_client-0.0.0-py3.10.egg-info
[2.507s] running install_scripts
[2.546s] Installing opcua_client_node script to /home/student/ros2_ws/install/opcua_ros_client/lib/opcua_ros_client
[2.546s] writing list of installed files to '/home/student/ros2_ws/build/opcua_ros_client/install.log'
[2.613s] Invoked command in '/home/student/ros2_ws/src/opcua_ros_client' returned '0': PYTHONPATH=/home/student/ros2_ws/build/opcua_ros_client/prefix_override:/usr/lib/python3/dist-packages/colcon_core/task/python/colcon_distutils_commands:/home/student/ros2_ws/install/opcua_ros_client/lib/python3.10/site-packages:${PYTHONPATH} /usr/bin/python3 -W ignore:setup.py install is deprecated -W ignore:easy_install command is deprecated setup.py egg_info --egg-base ../../build/opcua_ros_client build --build-base /home/student/ros2_ws/build/opcua_ros_client/build install --record /home/student/ros2_ws/build/opcua_ros_client/install.log --single-version-externally-managed install_data
