[0.036s] Invoking command in '/home/student/ros2_ws/src/build/gps_sensor_broadcaster': AMENT_PREFIX_PATH=/home/student/ros2_ws/src/install/controller_manager:/home/student/ros2_ws/src/install/hardware_interface_testing:/home/student/ros2_ws/src/install/controller_interface:/home/student/ros2_ws/src/install/hardware_interface:/home/student/ros2_ws/src/install/ros2_control_test_assets:/home/student/ros2_ws/src/install/ros2_control_cmake:/home/student/ros2_ws/src/install/controller_manager_msgs:${AMENT_PREFIX_PATH} CMAKE_PREFIX_PATH=/home/student/ros2_ws/src/install/controller_manager:/home/student/ros2_ws/src/install/hardware_interface_testing:/home/student/ros2_ws/src/install/controller_interface:/home/student/ros2_ws/src/install/hardware_interface:/home/student/ros2_ws/src/install/ros2_control_test_assets:/home/student/ros2_ws/src/install/ros2_control_cmake:/home/student/ros2_ws/src/install/controller_manager_msgs:/opt/ros/humble LD_LIBRARY_PATH=/home/student/ros2_ws/src/install/controller_manager/lib:/home/student/ros2_ws/src/install/hardware_interface_testing/lib:/home/student/ros2_ws/src/install/controller_interface/lib:/home/student/ros2_ws/src/install/hardware_interface/lib:/home/student/ros2_ws/src/install/controller_manager_msgs/lib:${LD_LIBRARY_PATH} PYTHONPATH=/home/student/ros2_ws/src/install/controller_manager/local/lib/python3.10/dist-packages:/home/student/ros2_ws/src/install/controller_manager_msgs/local/lib/python3.10/dist-packages:${PYTHONPATH} /usr/bin/cmake /home/student/ros2_ws/src/ros2_controllers/gps_sensor_broadcaster -DCMAKE_INSTALL_PREFIX=/home/student/ros2_ws/src/install/gps_sensor_broadcaster
[2.289s] -- The CXX compiler identification is GNU 11.4.0
[2.289s] -- Detecting CXX compiler ABI info
[2.289s] -- Detecting CXX compiler ABI info - done
[2.289s] -- Check for working CXX compiler: /usr/bin/c++ - skipped
[2.289s] -- Detecting CXX compile features
[2.289s] -- Detecting CXX compile features - done
[2.289s] -- Found ros2_control_cmake: 0.2.1 (/home/student/ros2_ws/src/install/ros2_control_cmake/share/ros2_control_cmake/cmake)
[2.289s] -- Compiler warnings enabled for GNU
[2.289s] -- Detected GCC Version: 11.4.0 (Major: 11, Minor: 4)
[2.289s] -- Found ament_cmake: 1.3.12 (/opt/ros/humble/share/ament_cmake/cmake)
[2.290s] -- Found Python3: /usr/bin/python3 (found version "3.10.12") found components: Interpreter 
[2.290s] -- Found controller_interface: 2.51.0 (/home/student/ros2_ws/src/install/controller_interface/share/controller_interface/cmake)
[2.290s] -- Found rosidl_generator_c: 3.1.7 (/opt/ros/humble/share/rosidl_generator_c/cmake)
[2.290s] -- Found rosidl_adapter: 3.1.7 (/opt/ros/humble/share/rosidl_adapter/cmake)
[2.290s] -- Found rosidl_generator_cpp: 3.1.7 (/opt/ros/humble/share/rosidl_generator_cpp/cmake)
[2.290s] -- Using all available rosidl_typesupport_c: rosidl_typesupport_fastrtps_c;rosidl_typesupport_introspection_c
[2.290s] -- Using all available rosidl_typesupport_cpp: rosidl_typesupport_fastrtps_cpp;rosidl_typesupport_introspection_cpp
[2.290s] -- Found rmw_implementation_cmake: 6.1.2 (/opt/ros/humble/share/rmw_implementation_cmake/cmake)
[2.290s] -- Found rmw_fastrtps_cpp: 6.2.8 (/opt/ros/humble/share/rmw_fastrtps_cpp/cmake)
[2.290s] -- Found TinyXML2 via Config file: TinyXML2_DIR-NOTFOUND
[2.290s] -- Found OpenSSL: /usr/lib/x86_64-linux-gnu/libcrypto.so (found version "3.0.2")  
[2.291s] -- Found TinyXML2 via Config file: TinyXML2_DIR-NOTFOUND
[2.291s] -- Found FastRTPS: /opt/ros/humble/include  
[2.291s] -- Found TinyXML2 via Config file: TinyXML2_DIR-NOTFOUND
[2.291s] -- Found TinyXML2 via Config file: TinyXML2_DIR-NOTFOUND
[2.291s] -- Using RMW implementation 'rmw_fastrtps_cpp' as default
[2.291s] -- Looking for C++ include pthread.h
[2.291s] -- Looking for C++ include pthread.h - found
[2.291s] -- Performing Test CMAKE_HAVE_LIBC_PTHREAD
[2.291s] -- Performing Test CMAKE_HAVE_LIBC_PTHREAD - Success
[2.291s] -- Found Threads: TRUE  
[2.292s] -- Found generate_parameter_library: 0.5.0 (/opt/ros/humble/share/generate_parameter_library/cmake)
[2.292s] -- Found parameter_traits: 0.5.0 (/opt/ros/humble/share/parameter_traits/cmake)
[2.293s] -- Found realtime_tools: 2.14.0 (/opt/ros/humble/share/realtime_tools/cmake)
[2.293s] -- Found ament_cmake_gmock: 1.3.12 (/opt/ros/humble/share/ament_cmake_gmock/cmake)
[2.293s] -- Found controller_manager: 2.51.0 (/home/student/ros2_ws/src/install/controller_manager/share/controller_manager/cmake)
[2.293s] -- Found ros2_control_test_assets: 2.51.0 (/home/student/ros2_ws/src/install/ros2_control_test_assets/share/ros2_control_test_assets/cmake)
[2.293s] -- Found gmock sources under '/opt/ros/humble/src/gmock_vendor': C++ tests using 'Google Mock' will be built
[2.293s] -- The C compiler identification is GNU 11.4.0
[2.293s] -- Detecting C compiler ABI info
[2.293s] -- Detecting C compiler ABI info - done
[2.293s] -- Check for working C compiler: /usr/bin/cc - skipped
[2.293s] -- Detecting C compile features
[2.293s] -- Detecting C compile features - done
[2.293s] -- Found ament_cmake_gtest: 1.3.12 (/opt/ros/humble/share/ament_cmake_gtest/cmake)
[2.294s] -- Found gtest sources under '/opt/ros/humble/src/gtest_vendor': C++ tests using 'Google Test' will be built
[2.294s] -- Configuring done
[2.294s] -- Generating done
[2.294s] [31mCMake Error at CMakeLists.txt:33 (add_library):
[2.294s]   Target "gps_sensor_broadcaster" links to target
[2.294s]   "controller_interface::controller_interface" but the target was not found.
[2.294s]   Perhaps a find_package() call is missing for an IMPORTED target, or an
[2.294s]   ALIAS target is missing?
[2.294s] 
[2.294s] [0m
[2.294s] [31mCMake Error at CMakeLists.txt:33 (add_library):
[2.294s]   Target "gps_sensor_broadcaster" links to target
[2.295s]   "hardware_interface::hardware_interface" but the target was not found.
[2.295s]   Perhaps a find_package() call is missing for an IMPORTED target, or an
[2.295s]   ALIAS target is missing?
[2.295s] 
[2.295s] [0m
[2.295s] [31mCMake Error at /opt/ros/humble/share/ament_cmake_gmock/cmake/ament_add_gmock.cmake:69 (add_executable):
[2.295s]   Target "test_load_gps_sensor_broadcaster" links to target
[2.295s]   "controller_interface::controller_interface" but the target was not found.
[2.295s]   Perhaps a find_package() call is missing for an IMPORTED target, or an
[2.296s]   ALIAS target is missing?
[2.296s] Call Stack (most recent call first):
[2.296s]   /opt/ros/humble/share/ament_cmake_gmock/cmake/ament_add_gmock.cmake:52 (_ament_add_gmock)
[2.296s]   CMakeLists.txt:63 (ament_add_gmock)
[2.296s] 
[2.296s] [0m
[2.297s] [31mCMake Error at /opt/ros/humble/share/ament_cmake_gmock/cmake/ament_add_gmock.cmake:69 (add_executable):
[2.297s]   Target "test_load_gps_sensor_broadcaster" links to target
[2.297s]   "hardware_interface::hardware_interface" but the target was not found.
[2.297s]   Perhaps a find_package() call is missing for an IMPORTED target, or an
[2.297s]   ALIAS target is missing?
[2.297s] Call Stack (most recent call first):
[2.297s]   /opt/ros/humble/share/ament_cmake_gmock/cmake/ament_add_gmock.cmake:52 (_ament_add_gmock)
[2.297s]   CMakeLists.txt:63 (ament_add_gmock)
[2.297s] 
[2.297s] [0m
[2.297s] [31mCMake Error at /opt/ros/humble/share/ament_cmake_gmock/cmake/ament_add_gmock.cmake:69 (add_executable):
[2.297s]   Target "test_load_gps_sensor_broadcaster" links to target
[2.298s]   "controller_manager::controller_manager" but the target was not found.
[2.298s]   Perhaps a find_package() call is missing for an IMPORTED target, or an
[2.298s]   ALIAS target is missing?
[2.298s] Call Stack (most recent call first):
[2.298s]   /opt/ros/humble/share/ament_cmake_gmock/cmake/ament_add_gmock.cmake:52 (_ament_add_gmock)
[2.298s]   CMakeLists.txt:63 (ament_add_gmock)
[2.298s] 
[2.298s] [0m
[2.298s] [31mCMake Error at /opt/ros/humble/share/ament_cmake_gmock/cmake/ament_add_gmock.cmake:69 (add_executable):
[2.298s]   Target "test_load_gps_sensor_broadcaster" links to target
[2.298s]   "ros2_control_test_assets::ros2_control_test_assets" but the target was not
[2.298s]   found.  Perhaps a find_package() call is missing for an IMPORTED target, or
[2.299s]   an ALIAS target is missing?
[2.299s] Call Stack (most recent call first):
[2.299s]   /opt/ros/humble/share/ament_cmake_gmock/cmake/ament_add_gmock.cmake:52 (_ament_add_gmock)
[2.299s]   CMakeLists.txt:63 (ament_add_gmock)
[2.299s] 
[2.299s] [0m
[2.299s] [31mCMake Error at /opt/ros/humble/share/ament_cmake_gmock/cmake/ament_add_gmock.cmake:69 (add_executable):
[2.299s]   Target "test_gps_sensor_broadcaster" links to target
[2.299s]   "controller_interface::controller_interface" but the target was not found.
[2.299s]   Perhaps a find_package() call is missing for an IMPORTED target, or an
[2.301s]   ALIAS target is missing?
[2.301s] Call Stack (most recent call first):
[2.301s]   /opt/ros/humble/share/ament_cmake_gmock/cmake/ament_add_gmock.cmake:52 (_ament_add_gmock)
[2.301s]   CMakeLists.txt:73 (ament_add_gmock)
[2.301s] 
[2.301s] [0m
[2.301s] [31mCMake Error at /opt/ros/humble/share/ament_cmake_gmock/cmake/ament_add_gmock.cmake:69 (add_executable):
[2.301s]   Target "test_gps_sensor_broadcaster" links to target
[2.301s]   "hardware_interface::hardware_interface" but the target was not found.
[2.302s]   Perhaps a find_package() call is missing for an IMPORTED target, or an
[2.302s]   ALIAS target is missing?
[2.302s] Call Stack (most recent call first):
[2.302s]   /opt/ros/humble/share/ament_cmake_gmock/cmake/ament_add_gmock.cmake:52 (_ament_add_gmock)
[2.302s]   CMakeLists.txt:73 (ament_add_gmock)
[2.302s] 
[2.302s] [0m
[2.302s] [31mCMake Error at /opt/ros/humble/share/ament_cmake_gmock/cmake/ament_add_gmock.cmake:69 (add_executable):
[2.302s]   Target "test_gps_sensor_broadcaster" links to target
[2.302s]   "ros2_control_test_assets::ros2_control_test_assets" but the target was not
[2.302s]   found.  Perhaps a find_package() call is missing for an IMPORTED target, or
[2.303s]   an ALIAS target is missing?
[2.303s] Call Stack (most recent call first):
[2.303s]   /opt/ros/humble/share/ament_cmake_gmock/cmake/ament_add_gmock.cmake:52 (_ament_add_gmock)
[2.303s]   CMakeLists.txt:73 (ament_add_gmock)
[2.303s] 
[2.303s] [0m
[2.303s] [0mCMake Generate step failed.  Build files cannot be regenerated correctly.[0m
[2.328s] Invoked command in '/home/student/ros2_ws/src/build/gps_sensor_broadcaster' returned '1': AMENT_PREFIX_PATH=/home/student/ros2_ws/src/install/controller_manager:/home/student/ros2_ws/src/install/hardware_interface_testing:/home/student/ros2_ws/src/install/controller_interface:/home/student/ros2_ws/src/install/hardware_interface:/home/student/ros2_ws/src/install/ros2_control_test_assets:/home/student/ros2_ws/src/install/ros2_control_cmake:/home/student/ros2_ws/src/install/controller_manager_msgs:${AMENT_PREFIX_PATH} CMAKE_PREFIX_PATH=/home/student/ros2_ws/src/install/controller_manager:/home/student/ros2_ws/src/install/hardware_interface_testing:/home/student/ros2_ws/src/install/controller_interface:/home/student/ros2_ws/src/install/hardware_interface:/home/student/ros2_ws/src/install/ros2_control_test_assets:/home/student/ros2_ws/src/install/ros2_control_cmake:/home/student/ros2_ws/src/install/controller_manager_msgs:/opt/ros/humble LD_LIBRARY_PATH=/home/student/ros2_ws/src/install/controller_manager/lib:/home/student/ros2_ws/src/install/hardware_interface_testing/lib:/home/student/ros2_ws/src/install/controller_interface/lib:/home/student/ros2_ws/src/install/hardware_interface/lib:/home/student/ros2_ws/src/install/controller_manager_msgs/lib:${LD_LIBRARY_PATH} PYTHONPATH=/home/student/ros2_ws/src/install/controller_manager/local/lib/python3.10/dist-packages:/home/student/ros2_ws/src/install/controller_manager_msgs/local/lib/python3.10/dist-packages:${PYTHONPATH} /usr/bin/cmake /home/student/ros2_ws/src/ros2_controllers/gps_sensor_broadcaster -DCMAKE_INSTALL_PREFIX=/home/student/ros2_ws/src/install/gps_sensor_broadcaster
