[2.052s] Invoking command in '/home/student/ros2_ws/src/my_bot_description': PYTHONPATH=/home/student/ros2_ws/build/my_bot_description/prefix_override:/usr/lib/python3/dist-packages/colcon_core/task/python/colcon_distutils_commands:/home/student/ros2_ws/install/my_bot_description/lib/python3.10/site-packages:${PYTHONPATH} /usr/bin/python3 -W ignore:setup.py install is deprecated -W ignore:easy_install command is deprecated setup.py egg_info --egg-base ../../build/my_bot_description build --build-base /home/student/ros2_ws/build/my_bot_description/build install --record /home/student/ros2_ws/build/my_bot_description/install.log --single-version-externally-managed install_data
[2.607s] running egg_info
[2.613s] writing ../../build/my_bot_description/my_bot_description.egg-info/PKG-INFO
[2.613s] writing dependency_links to ../../build/my_bot_description/my_bot_description.egg-info/dependency_links.txt
[2.613s] writing entry points to ../../build/my_bot_description/my_bot_description.egg-info/entry_points.txt
[2.613s] writing requirements to ../../build/my_bot_description/my_bot_description.egg-info/requires.txt
[2.613s] writing top-level names to ../../build/my_bot_description/my_bot_description.egg-info/top_level.txt
[2.613s] reading manifest file '../../build/my_bot_description/my_bot_description.egg-info/SOURCES.txt'
[2.613s] writing manifest file '../../build/my_bot_description/my_bot_description.egg-info/SOURCES.txt'
[2.621s] running build
[2.621s] running build_py
[2.621s] running install
[2.621s] running install_lib
[2.621s] running install_data
[2.621s] running install_egg_info
[2.621s] removing '/home/student/ros2_ws/install/my_bot_description/lib/python3.10/site-packages/my_bot_description-0.0.0-py3.10.egg-info' (and everything under it)
[2.621s] Copying ../../build/my_bot_description/my_bot_description.egg-info to /home/student/ros2_ws/install/my_bot_description/lib/python3.10/site-packages/my_bot_description-0.0.0-py3.10.egg-info
[2.622s] running install_scripts
[2.657s] writing list of installed files to '/home/student/ros2_ws/build/my_bot_description/install.log'
[2.701s] Invoked command in '/home/student/ros2_ws/src/my_bot_description' returned '0': PYTHONPATH=/home/student/ros2_ws/build/my_bot_description/prefix_override:/usr/lib/python3/dist-packages/colcon_core/task/python/colcon_distutils_commands:/home/student/ros2_ws/install/my_bot_description/lib/python3.10/site-packages:${PYTHONPATH} /usr/bin/python3 -W ignore:setup.py install is deprecated -W ignore:easy_install command is deprecated setup.py egg_info --egg-base ../../build/my_bot_description build --build-base /home/student/ros2_ws/build/my_bot_description/build install --record /home/student/ros2_ws/build/my_bot_description/install.log --single-version-externally-managed install_data
