[1.424s] Invoking command in '/home/student/UR_Robot_ws/build/ur10_control': PYTHONPATH=/home/student/UR_Robot_ws/build/ur10_control/prefix_override:/usr/lib/python3/dist-packages/colcon_core/task/python/colcon_distutils_commands:/home/student/UR_Robot_ws/install/ur10_control/lib/python3.10/site-packages:${PYTHONPATH} /usr/bin/python3 -W ignore:setup.py install is deprecated -W ignore:easy_install command is deprecated setup.py develop --uninstall --editable --build-directory /home/student/UR_Robot_ws/build/ur10_control/build
[1.763s] running develop
[2.012s] Removing /home/student/UR_Robot_ws/install/ur10_control/lib/python3.10/site-packages/ur10-control.egg-link (link to .)
[2.050s] Invoked command in '/home/student/UR_Robot_ws/build/ur10_control' returned '0': PYTHONPATH=/home/student/UR_Robot_ws/build/ur10_control/prefix_override:/usr/lib/python3/dist-packages/colcon_core/task/python/colcon_distutils_commands:/home/student/UR_Robot_ws/install/ur10_control/lib/python3.10/site-packages:${PYTHONPATH} /usr/bin/python3 -W ignore:setup.py install is deprecated -W ignore:easy_install command is deprecated setup.py develop --uninstall --editable --build-directory /home/student/UR_Robot_ws/build/ur10_control/build
[2.052s] Invoking command in '/home/student/UR_Robot_ws/src/ur10_control': PYTHONPATH=/home/student/UR_Robot_ws/build/ur10_control/prefix_override:/usr/lib/python3/dist-packages/colcon_core/task/python/colcon_distutils_commands:/home/student/UR_Robot_ws/install/ur10_control/lib/python3.10/site-packages:${PYTHONPATH} /usr/bin/python3 -W ignore:setup.py install is deprecated -W ignore:easy_install command is deprecated setup.py egg_info --egg-base ../../build/ur10_control build --build-base /home/student/UR_Robot_ws/build/ur10_control/build install --record /home/student/UR_Robot_ws/build/ur10_control/install.log --single-version-externally-managed install_data --force
[2.315s] running egg_info
[2.316s] writing ../../build/ur10_control/ur10_control.egg-info/PKG-INFO
[2.316s] writing dependency_links to ../../build/ur10_control/ur10_control.egg-info/dependency_links.txt
[2.316s] writing entry points to ../../build/ur10_control/ur10_control.egg-info/entry_points.txt
[2.316s] writing requirements to ../../build/ur10_control/ur10_control.egg-info/requires.txt
[2.316s] writing top-level names to ../../build/ur10_control/ur10_control.egg-info/top_level.txt
[2.319s] reading manifest file '../../build/ur10_control/ur10_control.egg-info/SOURCES.txt'
[2.322s] writing manifest file '../../build/ur10_control/ur10_control.egg-info/SOURCES.txt'
[2.322s] running build
[2.322s] running build_py
[2.322s] creating /home/student/UR_Robot_ws/build/ur10_control/build
[2.322s] creating /home/student/UR_Robot_ws/build/ur10_control/build/lib
[2.322s] creating /home/student/UR_Robot_ws/build/ur10_control/build/lib/ur10_control
[2.323s] copying ur10_control/ur10_commander_IK.py -> /home/student/UR_Robot_ws/build/ur10_control/build/lib/ur10_control
[2.323s] copying ur10_control/__init__.py -> /home/student/UR_Robot_ws/build/ur10_control/build/lib/ur10_control
[2.323s] copying ur10_control/ur10_commander_K.py -> /home/student/UR_Robot_ws/build/ur10_control/build/lib/ur10_control
[2.323s] running install
[2.323s] running install_lib
[2.324s] creating /home/student/UR_Robot_ws/install/ur10_control/lib/python3.10/site-packages/ur10_control
[2.324s] copying /home/student/UR_Robot_ws/build/ur10_control/build/lib/ur10_control/ur10_commander_IK.py -> /home/student/UR_Robot_ws/install/ur10_control/lib/python3.10/site-packages/ur10_control
[2.324s] copying /home/student/UR_Robot_ws/build/ur10_control/build/lib/ur10_control/__init__.py -> /home/student/UR_Robot_ws/install/ur10_control/lib/python3.10/site-packages/ur10_control
[2.324s] copying /home/student/UR_Robot_ws/build/ur10_control/build/lib/ur10_control/ur10_commander_K.py -> /home/student/UR_Robot_ws/install/ur10_control/lib/python3.10/site-packages/ur10_control
[2.325s] byte-compiling /home/student/UR_Robot_ws/install/ur10_control/lib/python3.10/site-packages/ur10_control/ur10_commander_IK.py to ur10_commander_IK.cpython-310.pyc
[2.325s] byte-compiling /home/student/UR_Robot_ws/install/ur10_control/lib/python3.10/site-packages/ur10_control/__init__.py to __init__.cpython-310.pyc
[2.325s] byte-compiling /home/student/UR_Robot_ws/install/ur10_control/lib/python3.10/site-packages/ur10_control/ur10_commander_K.py to ur10_commander_K.cpython-310.pyc
[2.326s] running install_data
[2.326s] copying resource/ur10_control -> /home/student/UR_Robot_ws/install/ur10_control/share/ament_index/resource_index/packages
[2.326s] copying package.xml -> /home/student/UR_Robot_ws/install/ur10_control/share/ur10_control
[2.327s] running install_egg_info
[2.329s] Copying ../../build/ur10_control/ur10_control.egg-info to /home/student/UR_Robot_ws/install/ur10_control/lib/python3.10/site-packages/ur10_control-0.0.0-py3.10.egg-info
[2.329s] running install_scripts
[2.350s] Installing ur10_commander_IK script to /home/student/UR_Robot_ws/install/ur10_control/lib/ur10_control
[2.350s] Installing ur10_commander_K script to /home/student/UR_Robot_ws/install/ur10_control/lib/ur10_control
[2.350s] writing list of installed files to '/home/student/UR_Robot_ws/build/ur10_control/install.log'
[2.378s] Invoked command in '/home/student/UR_Robot_ws/src/ur10_control' returned '0': PYTHONPATH=/home/student/UR_Robot_ws/build/ur10_control/prefix_override:/usr/lib/python3/dist-packages/colcon_core/task/python/colcon_distutils_commands:/home/student/UR_Robot_ws/install/ur10_control/lib/python3.10/site-packages:${PYTHONPATH} /usr/bin/python3 -W ignore:setup.py install is deprecated -W ignore:easy_install command is deprecated setup.py egg_info --egg-base ../../build/ur10_control build --build-base /home/student/UR_Robot_ws/build/ur10_control/build install --record /home/student/UR_Robot_ws/build/ur10_control/install.log --single-version-externally-managed install_data --force
