[0.514s] Invoking command in '/home/student/ros2_ws/build/hardware_interface': CMAKE_PREFIX_PATH=/home/student/ros2_ws/install/ros2_control_test_assets:/home/student/ros2_ws/install/ur_description:/home/student/ros2_ws/install/transmission_interface:/home/student/ros2_ws/install/hardware_interface_testing:/home/student/ros2_ws/install/controller_manager:/home/student/ros2_ws/install/ros2_control_cmake:/home/student/ros2_ws/install/joint_limits:/home/student/ros2_ws/install/controller_interface:/home/student/ros2_ws/install/hardware_interface:/home/student/ros2_ws/install/controller_manager_msgs:/home/student/ros2_ws/src/install/ur_description:/home/student/ros2_ws/src/install/transmission_interface:/home/student/ros2_ws/src/install/hardware_interface_testing:/home/student/ros2_ws/src/install/controller_manager:/home/student/ros2_ws/src/install/ros2_control_test_assets:/home/student/ros2_ws/src/install/ros2_control_cmake:/home/student/ros2_ws/src/install/joint_limits:/home/student/ros2_ws/src/install/irb4400_description:/home/student/ros2_ws/src/install/controller_interface:/home/student/ros2_ws/src/install/hardware_interface:/home/student/ros2_ws/src/install/controller_manager_msgs:/home/student/ros2_ws/install/rqt_joint_trajectory_controller:/home/student/ros2_ws/install/ros2_controllers_test_nodes:/home/student/ros2_ws/install/opcua_ros_client:/home/student/ros2_ws/install/my_py_pkg:/home/student/ros2_ws/install/my_bot_description:/home/student/ros2_ws/install/modbus_interface:/home/student/ros2_ws/src/install/rqt_joint_trajectory_controller:/home/student/ros2_ws/src/install/ros2_controllers_test_nodes:/home/student/ros2_ws/src/install/opcua_ros_client:/home/student/ros2_ws/src/install/my_py_pkg:/home/student/ros2_ws/src/install/my_bot_description:/home/student/ros2_ws/src/install/modbus_interface:/opt/ros/humble /usr/bin/cmake /home/student/ros2_ws/src/ros2_control/hardware_interface -DCMAKE_INSTALL_PREFIX=/home/student/ros2_ws/install/hardware_interface
[0.601s] -- The C compiler identification is GNU 11.4.0
[0.723s] -- The CXX compiler identification is GNU 11.4.0
[0.738s] -- Detecting C compiler ABI info
[0.840s] -- Detecting C compiler ABI info - done
[0.854s] -- Check for working C compiler: /usr/bin/cc - skipped
[0.854s] -- Detecting C compile features
[0.855s] -- Detecting C compile features - done
[0.859s] -- Detecting CXX compiler ABI info
[1.015s] -- Detecting CXX compiler ABI info - done
[1.034s] -- Check for working CXX compiler: /usr/bin/c++ - skipped
[1.034s] -- Detecting CXX compile features
[1.035s] -- Detecting CXX compile features - done
[1.042s] -- Found ament_cmake: 1.3.12 (/opt/ros/humble/share/ament_cmake/cmake)
[1.361s] -- Found Python3: /usr/bin/python3 (found version "3.10.12") found components: Interpreter 
[1.576s] -- Found control_msgs: 4.8.0 (/opt/ros/humble/share/control_msgs/cmake)
[1.656s] -- Found rosidl_generator_c: 3.1.7 (/opt/ros/humble/share/rosidl_generator_c/cmake)
[1.668s] -- Found rosidl_adapter: 3.1.7 (/opt/ros/humble/share/rosidl_adapter/cmake)
[1.680s] -- Found rosidl_generator_cpp: 3.1.7 (/opt/ros/humble/share/rosidl_generator_cpp/cmake)
[1.699s] -- Using all available rosidl_typesupport_c: rosidl_typesupport_fastrtps_c;rosidl_typesupport_introspection_c
[1.731s] -- Using all available rosidl_typesupport_cpp: rosidl_typesupport_fastrtps_cpp;rosidl_typesupport_introspection_cpp
[1.922s] -- Found lifecycle_msgs: 1.2.2 (/opt/ros/humble/share/lifecycle_msgs/cmake)
[1.936s] -- Found pluginlib: 5.1.0 (/opt/ros/humble/share/pluginlib/cmake)
[1.975s] -- Found rclcpp_lifecycle: 16.0.14 (/opt/ros/humble/share/rclcpp_lifecycle/cmake)
[2.041s] -- Found rmw_implementation_cmake: 6.1.2 (/opt/ros/humble/share/rmw_implementation_cmake/cmake)
[2.048s] -- Found rmw_fastrtps_cpp: 6.2.8 (/opt/ros/humble/share/rmw_fastrtps_cpp/cmake)
[2.085s] -- Found TinyXML2 via Config file: TinyXML2_DIR-NOTFOUND
[2.154s] -- Found OpenSSL: /usr/lib/x86_64-linux-gnu/libcrypto.so (found version "3.0.2")  
[2.159s] -- Found TinyXML2 via Config file: TinyXML2_DIR-NOTFOUND
[2.181s] -- Found FastRTPS: /opt/ros/humble/include  
[2.186s] -- Found TinyXML2 via Config file: TinyXML2_DIR-NOTFOUND
[2.198s] -- Found TinyXML2 via Config file: TinyXML2_DIR-NOTFOUND
[2.216s] -- Using RMW implementation 'rmw_fastrtps_cpp' as default
[2.238s] -- Looking for pthread.h
[2.340s] -- Looking for pthread.h - found
[2.340s] -- Performing Test CMAKE_HAVE_LIBC_PTHREAD
[2.443s] -- Performing Test CMAKE_HAVE_LIBC_PTHREAD - Success
[2.445s] -- Found Threads: TRUE  
[2.530s] -- Found TinyXML2 via Config file: TinyXML2_DIR-NOTFOUND
[2.552s] -- Found ament_cmake_gmock: 1.3.12 (/opt/ros/humble/share/ament_cmake_gmock/cmake)
[2.553s] -- Found ros2_control_test_assets: 2.51.0 (/home/student/ros2_ws/install/ros2_control_test_assets/share/ros2_control_test_assets/cmake)
[2.560s] -- Found gmock sources under '/opt/ros/humble/src/gmock_vendor': C++ tests using 'Google Mock' will be built
[2.573s] -- Found ament_cmake_gtest: 1.3.12 (/opt/ros/humble/share/ament_cmake_gtest/cmake)
[2.575s] -- Found gtest sources under '/opt/ros/humble/src/gtest_vendor': C++ tests using 'Google Test' will be built
[2.697s] -- Configuring done
[2.778s] -- Generating done
[2.812s] -- Build files have been written to: /home/student/ros2_ws/build/hardware_interface
[2.830s] Invoked command in '/home/student/ros2_ws/build/hardware_interface' returned '0': CMAKE_PREFIX_PATH=/home/student/ros2_ws/install/ros2_control_test_assets:/home/student/ros2_ws/install/ur_description:/home/student/ros2_ws/install/transmission_interface:/home/student/ros2_ws/install/hardware_interface_testing:/home/student/ros2_ws/install/controller_manager:/home/student/ros2_ws/install/ros2_control_cmake:/home/student/ros2_ws/install/joint_limits:/home/student/ros2_ws/install/controller_interface:/home/student/ros2_ws/install/hardware_interface:/home/student/ros2_ws/install/controller_manager_msgs:/home/student/ros2_ws/src/install/ur_description:/home/student/ros2_ws/src/install/transmission_interface:/home/student/ros2_ws/src/install/hardware_interface_testing:/home/student/ros2_ws/src/install/controller_manager:/home/student/ros2_ws/src/install/ros2_control_test_assets:/home/student/ros2_ws/src/install/ros2_control_cmake:/home/student/ros2_ws/src/install/joint_limits:/home/student/ros2_ws/src/install/irb4400_description:/home/student/ros2_ws/src/install/controller_interface:/home/student/ros2_ws/src/install/hardware_interface:/home/student/ros2_ws/src/install/controller_manager_msgs:/home/student/ros2_ws/install/rqt_joint_trajectory_controller:/home/student/ros2_ws/install/ros2_controllers_test_nodes:/home/student/ros2_ws/install/opcua_ros_client:/home/student/ros2_ws/install/my_py_pkg:/home/student/ros2_ws/install/my_bot_description:/home/student/ros2_ws/install/modbus_interface:/home/student/ros2_ws/src/install/rqt_joint_trajectory_controller:/home/student/ros2_ws/src/install/ros2_controllers_test_nodes:/home/student/ros2_ws/src/install/opcua_ros_client:/home/student/ros2_ws/src/install/my_py_pkg:/home/student/ros2_ws/src/install/my_bot_description:/home/student/ros2_ws/src/install/modbus_interface:/opt/ros/humble /usr/bin/cmake /home/student/ros2_ws/src/ros2_control/hardware_interface -DCMAKE_INSTALL_PREFIX=/home/student/ros2_ws/install/hardware_interface
[2.832s] Invoking command in '/home/student/ros2_ws/build/hardware_interface': CMAKE_PREFIX_PATH=/home/student/ros2_ws/install/ros2_control_test_assets:/home/student/ros2_ws/install/ur_description:/home/student/ros2_ws/install/transmission_interface:/home/student/ros2_ws/install/hardware_interface_testing:/home/student/ros2_ws/install/controller_manager:/home/student/ros2_ws/install/ros2_control_cmake:/home/student/ros2_ws/install/joint_limits:/home/student/ros2_ws/install/controller_interface:/home/student/ros2_ws/install/hardware_interface:/home/student/ros2_ws/install/controller_manager_msgs:/home/student/ros2_ws/src/install/ur_description:/home/student/ros2_ws/src/install/transmission_interface:/home/student/ros2_ws/src/install/hardware_interface_testing:/home/student/ros2_ws/src/install/controller_manager:/home/student/ros2_ws/src/install/ros2_control_test_assets:/home/student/ros2_ws/src/install/ros2_control_cmake:/home/student/ros2_ws/src/install/joint_limits:/home/student/ros2_ws/src/install/irb4400_description:/home/student/ros2_ws/src/install/controller_interface:/home/student/ros2_ws/src/install/hardware_interface:/home/student/ros2_ws/src/install/controller_manager_msgs:/home/student/ros2_ws/install/rqt_joint_trajectory_controller:/home/student/ros2_ws/install/ros2_controllers_test_nodes:/home/student/ros2_ws/install/opcua_ros_client:/home/student/ros2_ws/install/my_py_pkg:/home/student/ros2_ws/install/my_bot_description:/home/student/ros2_ws/install/modbus_interface:/home/student/ros2_ws/src/install/rqt_joint_trajectory_controller:/home/student/ros2_ws/src/install/ros2_controllers_test_nodes:/home/student/ros2_ws/src/install/opcua_ros_client:/home/student/ros2_ws/src/install/my_py_pkg:/home/student/ros2_ws/src/install/my_bot_description:/home/student/ros2_ws/src/install/modbus_interface:/opt/ros/humble /usr/bin/cmake --build /home/student/ros2_ws/build/hardware_interface -- -j8 -l8
[2.904s] [  8%] [32mBuilding CXX object gmock/CMakeFiles/gmock_main.dir/src/gmock_main.cc.o[0m
[2.904s] [  8%] [34m[1mGenerating hardware_interface/version.h[0m
[2.904s] [  8%] [32mBuilding CXX object gmock/CMakeFiles/gmock.dir/opt/ros/humble/src/gtest_vendor/src/gtest-all.cc.o[0m
[2.905s] [ 11%] [32mBuilding CXX object gmock/CMakeFiles/gmock.dir/src/gmock-all.cc.o[0m
[2.931s] [ 11%] Built target ament_generate_version_header__hardware_interface
[2.985s] [ 14%] [32mBuilding CXX object CMakeFiles/hardware_interface.dir/src/actuator.cpp.o[0m
[2.989s] [ 17%] [32mBuilding CXX object CMakeFiles/hardware_interface.dir/src/sensor.cpp.o[0m
[2.989s] [ 22%] [32mBuilding CXX object CMakeFiles/hardware_interface.dir/src/resource_manager.cpp.o[0m
[2.992s] [ 20%] [32mBuilding CXX object CMakeFiles/hardware_interface.dir/src/component_parser.cpp.o[0m
[2.993s] [ 25%] [32mBuilding CXX object CMakeFiles/hardware_interface.dir/src/system.cpp.o[0m
[5.266s] [ 28%] [32mBuilding CXX object CMakeFiles/hardware_interface.dir/src/lexical_casts.cpp.o[0m
[7.331s] [ 31%] [32m[1mLinking CXX static library libgmock_main.a[0m
[7.486s] [ 31%] Built target gmock_main
[11.112s] [ 34%] [32m[1mLinking CXX static library libgmock.a[0m
[11.214s] [ 34%] Built target gmock
[11.260s] [ 37%] [32mBuilding CXX object CMakeFiles/test_macros.dir/test/test_macros.cpp.o[0m
[14.988s] [ 40%] [32m[1mLinking CXX executable test_macros[0m
[15.168s] [ 40%] Built target test_macros
[15.280s] [ 42%] [32m[1mLinking CXX shared library libhardware_interface.so[0m
[15.552s] [ 42%] Built target hardware_interface
[15.584s] [ 48%] [32mBuilding CXX object CMakeFiles/test_inst_hardwares.dir/test/test_inst_hardwares.cpp.o[0m
[15.584s] [ 48%] [32mBuilding CXX object CMakeFiles/mock_components.dir/src/mock_components/generic_system.cpp.o[0m
[15.585s] [ 51%] [32mBuilding CXX object CMakeFiles/test_joint_handle.dir/test/test_handle.cpp.o[0m
[15.585s] [ 54%] [32mBuilding CXX object CMakeFiles/fake_components.dir/src/mock_components/generic_system.cpp.o[0m
[15.586s] [ 57%] [32mBuilding CXX object CMakeFiles/test_component_parser.dir/test/test_component_parser.cpp.o[0m
[15.596s] [ 60%] [32mBuilding CXX object CMakeFiles/test_hardware_components.dir/test/test_hardware_components/test_single_joint_actuator.cpp.o[0m
[15.596s] [ 62%] [32mBuilding CXX object CMakeFiles/test_generic_system.dir/test/mock_components/test_generic_system.cpp.o[0m
[15.598s] [ 65%] [32mBuilding CXX object CMakeFiles/test_component_interfaces.dir/test/test_component_interfaces.cpp.o[0m
[18.053s] [ 68%] [32mBuilding CXX object CMakeFiles/test_hardware_components.dir/test/test_hardware_components/test_force_torque_sensor.cpp.o[0m
[18.630s] [ 71%] [32m[1mLinking CXX shared library libmock_components.so[0m
[18.662s] [ 74%] [32m[1mLinking CXX executable test_inst_hardwares[0m
[19.194s] [ 74%] Built target test_inst_hardwares
[19.221s] [ 77%] [32mBuilding CXX object CMakeFiles/test_hardware_components.dir/test/test_hardware_components/test_two_joint_system.cpp.o[0m
[19.272s] [ 80%] [32m[1mLinking CXX executable test_joint_handle[0m
[19.288s] [ 80%] Built target mock_components
[19.317s] [ 82%] [32mBuilding CXX object CMakeFiles/fake_components.dir/src/mock_components/fake_generic_system.cpp.o[0m
[19.574s] [ 85%] [32mBuilding CXX object CMakeFiles/test_hardware_components.dir/test/test_hardware_components/test_system_with_command_modes.cpp.o[0m
[19.798s] [ 85%] Built target test_joint_handle
[21.455s] [ 88%] [32m[1mLinking CXX executable test_generic_system[0m
[21.630s] [ 91%] [32m[1mLinking CXX executable test_component_interfaces[0m
[21.853s] [ 94%] [32m[1mLinking CXX shared library libfake_components.so[0m
[21.904s] [ 97%] [32m[1mLinking CXX executable test_component_parser[0m
[22.094s] [ 97%] Built target test_generic_system
[22.286s] [ 97%] Built target fake_components
[22.290s] [ 97%] Built target test_component_interfaces
[22.291s] [100%] [32m[1mLinking CXX shared library libtest_hardware_components.so[0m
[22.485s] [100%] Built target test_component_parser
[22.486s] [100%] Built target test_hardware_components
[22.583s] Invoked command in '/home/student/ros2_ws/build/hardware_interface' returned '0': CMAKE_PREFIX_PATH=/home/student/ros2_ws/install/ros2_control_test_assets:/home/student/ros2_ws/install/ur_description:/home/student/ros2_ws/install/transmission_interface:/home/student/ros2_ws/install/hardware_interface_testing:/home/student/ros2_ws/install/controller_manager:/home/student/ros2_ws/install/ros2_control_cmake:/home/student/ros2_ws/install/joint_limits:/home/student/ros2_ws/install/controller_interface:/home/student/ros2_ws/install/hardware_interface:/home/student/ros2_ws/install/controller_manager_msgs:/home/student/ros2_ws/src/install/ur_description:/home/student/ros2_ws/src/install/transmission_interface:/home/student/ros2_ws/src/install/hardware_interface_testing:/home/student/ros2_ws/src/install/controller_manager:/home/student/ros2_ws/src/install/ros2_control_test_assets:/home/student/ros2_ws/src/install/ros2_control_cmake:/home/student/ros2_ws/src/install/joint_limits:/home/student/ros2_ws/src/install/irb4400_description:/home/student/ros2_ws/src/install/controller_interface:/home/student/ros2_ws/src/install/hardware_interface:/home/student/ros2_ws/src/install/controller_manager_msgs:/home/student/ros2_ws/install/rqt_joint_trajectory_controller:/home/student/ros2_ws/install/ros2_controllers_test_nodes:/home/student/ros2_ws/install/opcua_ros_client:/home/student/ros2_ws/install/my_py_pkg:/home/student/ros2_ws/install/my_bot_description:/home/student/ros2_ws/install/modbus_interface:/home/student/ros2_ws/src/install/rqt_joint_trajectory_controller:/home/student/ros2_ws/src/install/ros2_controllers_test_nodes:/home/student/ros2_ws/src/install/opcua_ros_client:/home/student/ros2_ws/src/install/my_py_pkg:/home/student/ros2_ws/src/install/my_bot_description:/home/student/ros2_ws/src/install/modbus_interface:/opt/ros/humble /usr/bin/cmake --build /home/student/ros2_ws/build/hardware_interface -- -j8 -l8
[22.585s] Invoking command in '/home/student/ros2_ws/build/hardware_interface': CMAKE_PREFIX_PATH=/home/student/ros2_ws/install/ros2_control_test_assets:/home/student/ros2_ws/install/ur_description:/home/student/ros2_ws/install/transmission_interface:/home/student/ros2_ws/install/hardware_interface_testing:/home/student/ros2_ws/install/controller_manager:/home/student/ros2_ws/install/ros2_control_cmake:/home/student/ros2_ws/install/joint_limits:/home/student/ros2_ws/install/controller_interface:/home/student/ros2_ws/install/hardware_interface:/home/student/ros2_ws/install/controller_manager_msgs:/home/student/ros2_ws/src/install/ur_description:/home/student/ros2_ws/src/install/transmission_interface:/home/student/ros2_ws/src/install/hardware_interface_testing:/home/student/ros2_ws/src/install/controller_manager:/home/student/ros2_ws/src/install/ros2_control_test_assets:/home/student/ros2_ws/src/install/ros2_control_cmake:/home/student/ros2_ws/src/install/joint_limits:/home/student/ros2_ws/src/install/irb4400_description:/home/student/ros2_ws/src/install/controller_interface:/home/student/ros2_ws/src/install/hardware_interface:/home/student/ros2_ws/src/install/controller_manager_msgs:/home/student/ros2_ws/install/rqt_joint_trajectory_controller:/home/student/ros2_ws/install/ros2_controllers_test_nodes:/home/student/ros2_ws/install/opcua_ros_client:/home/student/ros2_ws/install/my_py_pkg:/home/student/ros2_ws/install/my_bot_description:/home/student/ros2_ws/install/modbus_interface:/home/student/ros2_ws/src/install/rqt_joint_trajectory_controller:/home/student/ros2_ws/src/install/ros2_controllers_test_nodes:/home/student/ros2_ws/src/install/opcua_ros_client:/home/student/ros2_ws/src/install/my_py_pkg:/home/student/ros2_ws/src/install/my_bot_description:/home/student/ros2_ws/src/install/modbus_interface:/opt/ros/humble /usr/bin/cmake --install /home/student/ros2_ws/build/hardware_interface
[22.593s] -- Install configuration: ""
[22.593s] -- Installing: /home/student/ros2_ws/install/hardware_interface/share/hardware_interface/mock_components_plugin_description.xml
[22.593s] -- Installing: /home/student/ros2_ws/install/hardware_interface/share/hardware_interface/fake_components_plugin_description.xml
[22.593s] -- Installing: /home/student/ros2_ws/install/hardware_interface/include
[22.593s] -- Installing: /home/student/ros2_ws/install/hardware_interface/include/mock_components
[22.593s] -- Installing: /home/student/ros2_ws/install/hardware_interface/include/mock_components/generic_system.hpp
[22.594s] -- Installing: /home/student/ros2_ws/install/hardware_interface/include/mock_components/visibility_control.h
[22.594s] -- Installing: /home/student/ros2_ws/install/hardware_interface/include/fake_components
[22.594s] -- Installing: /home/student/ros2_ws/install/hardware_interface/include/fake_components/generic_system.hpp
[22.594s] -- Installing: /home/student/ros2_ws/install/hardware_interface/include/fake_components/visibility_control.h
[22.594s] -- Installing: /home/student/ros2_ws/install/hardware_interface/include/hardware_interface
[22.594s] -- Installing: /home/student/ros2_ws/install/hardware_interface/include/hardware_interface/hardware_component_info.hpp
[22.594s] -- Installing: /home/student/ros2_ws/install/hardware_interface/include/hardware_interface/component_parser.hpp
[22.594s] -- Installing: /home/student/ros2_ws/install/hardware_interface/include/hardware_interface/system_interface.hpp
[22.594s] -- Installing: /home/student/ros2_ws/install/hardware_interface/include/hardware_interface/actuator.hpp
[22.595s] -- Installing: /home/student/ros2_ws/install/hardware_interface/include/hardware_interface/hardware_info.hpp
[22.595s] -- Installing: /home/student/ros2_ws/install/hardware_interface/include/hardware_interface/sensor_interface.hpp
[22.595s] -- Installing: /home/student/ros2_ws/install/hardware_interface/include/hardware_interface/actuator_interface.hpp
[22.595s] -- Installing: /home/student/ros2_ws/install/hardware_interface/include/hardware_interface/types
[22.595s] -- Installing: /home/student/ros2_ws/install/hardware_interface/include/hardware_interface/types/hardware_interface_return_values.hpp
[22.595s] -- Installing: /home/student/ros2_ws/install/hardware_interface/include/hardware_interface/types/hardware_interface_type_values.hpp
[22.595s] -- Installing: /home/student/ros2_ws/install/hardware_interface/include/hardware_interface/types/lifecycle_state_names.hpp
[22.595s] -- Installing: /home/student/ros2_ws/install/hardware_interface/include/hardware_interface/resource_manager.hpp
[22.595s] -- Installing: /home/student/ros2_ws/install/hardware_interface/include/hardware_interface/loaned_state_interface.hpp
[22.595s] -- Installing: /home/student/ros2_ws/install/hardware_interface/include/hardware_interface/visibility_control.h
[22.595s] -- Installing: /home/student/ros2_ws/install/hardware_interface/include/hardware_interface/handle.hpp
[22.595s] -- Installing: /home/student/ros2_ws/install/hardware_interface/include/hardware_interface/macros.hpp
[22.596s] -- Installing: /home/student/ros2_ws/install/hardware_interface/include/hardware_interface/system.hpp
[22.596s] -- Installing: /home/student/ros2_ws/install/hardware_interface/include/hardware_interface/loaned_command_interface.hpp
[22.596s] -- Installing: /home/student/ros2_ws/install/hardware_interface/include/hardware_interface/lexical_casts.hpp
[22.596s] -- Installing: /home/student/ros2_ws/install/hardware_interface/include/hardware_interface/controller_info.hpp
[22.596s] -- Installing: /home/student/ros2_ws/install/hardware_interface/include/hardware_interface/sensor.hpp
[22.596s] -- Installing: /home/student/ros2_ws/install/hardware_interface/lib/libfake_components.so
[22.597s] -- Set runtime path of "/home/student/ros2_ws/install/hardware_interface/lib/libfake_components.so" to ""
[22.597s] -- Installing: /home/student/ros2_ws/install/hardware_interface/lib/libmock_components.so
[22.598s] -- Set runtime path of "/home/student/ros2_ws/install/hardware_interface/lib/libmock_components.so" to ""
[22.598s] -- Installing: /home/student/ros2_ws/install/hardware_interface/lib/libhardware_interface.so
[22.601s] -- Set runtime path of "/home/student/ros2_ws/install/hardware_interface/lib/libhardware_interface.so" to ""
[22.601s] -- Installing: /home/student/ros2_ws/install/hardware_interface/lib/libtest_hardware_components.so
[22.602s] -- Set runtime path of "/home/student/ros2_ws/install/hardware_interface/lib/libtest_hardware_components.so" to ""
[22.602s] -- Installing: /home/student/ros2_ws/install/hardware_interface/share/hardware_interface/test/test_hardware_components/test_hardware_components.xml
[22.602s] -- Installing: /home/student/ros2_ws/install/hardware_interface/share/hardware_interface/environment/library_path.sh
[22.602s] -- Installing: /home/student/ros2_ws/install/hardware_interface/share/hardware_interface/environment/library_path.dsv
[22.603s] -- Installing: /home/student/ros2_ws/install/hardware_interface/share/ament_index/resource_index/package_run_dependencies/hardware_interface
[22.603s] -- Installing: /home/student/ros2_ws/install/hardware_interface/share/ament_index/resource_index/parent_prefix_path/hardware_interface
[22.603s] -- Installing: /home/student/ros2_ws/install/hardware_interface/share/hardware_interface/environment/ament_prefix_path.sh
[22.603s] -- Installing: /home/student/ros2_ws/install/hardware_interface/share/hardware_interface/environment/ament_prefix_path.dsv
[22.603s] -- Installing: /home/student/ros2_ws/install/hardware_interface/share/hardware_interface/environment/path.sh
[22.603s] -- Installing: /home/student/ros2_ws/install/hardware_interface/share/hardware_interface/environment/path.dsv
[22.603s] -- Installing: /home/student/ros2_ws/install/hardware_interface/share/hardware_interface/local_setup.bash
[22.603s] -- Installing: /home/student/ros2_ws/install/hardware_interface/share/hardware_interface/local_setup.sh
[22.604s] -- Installing: /home/student/ros2_ws/install/hardware_interface/share/hardware_interface/local_setup.zsh
[22.604s] -- Installing: /home/student/ros2_ws/install/hardware_interface/share/hardware_interface/local_setup.dsv
[22.604s] -- Installing: /home/student/ros2_ws/install/hardware_interface/share/hardware_interface/package.dsv
[22.604s] -- Installing: /home/student/ros2_ws/install/hardware_interface/share/ament_index/resource_index/packages/hardware_interface
[22.604s] -- Installing: /home/student/ros2_ws/install/hardware_interface/share/ament_index/resource_index/hardware_interface__pluginlib__plugin/hardware_interface
[22.604s] -- Installing: /home/student/ros2_ws/install/hardware_interface/share/hardware_interface/cmake/ament_cmake_export_include_directories-extras.cmake
[22.604s] -- Installing: /home/student/ros2_ws/install/hardware_interface/share/hardware_interface/cmake/ament_cmake_export_libraries-extras.cmake
[22.605s] -- Installing: /home/student/ros2_ws/install/hardware_interface/share/hardware_interface/cmake/ament_cmake_export_dependencies-extras.cmake
[22.605s] -- Installing: /home/student/ros2_ws/install/hardware_interface/share/hardware_interface/cmake/hardware_interfaceConfig.cmake
[22.605s] -- Installing: /home/student/ros2_ws/install/hardware_interface/share/hardware_interface/cmake/hardware_interfaceConfig-version.cmake
[22.605s] -- Installing: /home/student/ros2_ws/install/hardware_interface/share/hardware_interface/package.xml
[22.605s] -- Installing: /home/student/ros2_ws/install/hardware_interface/include/hardware_interface/hardware_interface/version.h
[22.607s] Invoked command in '/home/student/ros2_ws/build/hardware_interface' returned '0': CMAKE_PREFIX_PATH=/home/student/ros2_ws/install/ros2_control_test_assets:/home/student/ros2_ws/install/ur_description:/home/student/ros2_ws/install/transmission_interface:/home/student/ros2_ws/install/hardware_interface_testing:/home/student/ros2_ws/install/controller_manager:/home/student/ros2_ws/install/ros2_control_cmake:/home/student/ros2_ws/install/joint_limits:/home/student/ros2_ws/install/controller_interface:/home/student/ros2_ws/install/hardware_interface:/home/student/ros2_ws/install/controller_manager_msgs:/home/student/ros2_ws/src/install/ur_description:/home/student/ros2_ws/src/install/transmission_interface:/home/student/ros2_ws/src/install/hardware_interface_testing:/home/student/ros2_ws/src/install/controller_manager:/home/student/ros2_ws/src/install/ros2_control_test_assets:/home/student/ros2_ws/src/install/ros2_control_cmake:/home/student/ros2_ws/src/install/joint_limits:/home/student/ros2_ws/src/install/irb4400_description:/home/student/ros2_ws/src/install/controller_interface:/home/student/ros2_ws/src/install/hardware_interface:/home/student/ros2_ws/src/install/controller_manager_msgs:/home/student/ros2_ws/install/rqt_joint_trajectory_controller:/home/student/ros2_ws/install/ros2_controllers_test_nodes:/home/student/ros2_ws/install/opcua_ros_client:/home/student/ros2_ws/install/my_py_pkg:/home/student/ros2_ws/install/my_bot_description:/home/student/ros2_ws/install/modbus_interface:/home/student/ros2_ws/src/install/rqt_joint_trajectory_controller:/home/student/ros2_ws/src/install/ros2_controllers_test_nodes:/home/student/ros2_ws/src/install/opcua_ros_client:/home/student/ros2_ws/src/install/my_py_pkg:/home/student/ros2_ws/src/install/my_bot_description:/home/student/ros2_ws/src/install/modbus_interface:/opt/ros/humble /usr/bin/cmake --install /home/student/ros2_ws/build/hardware_interface
