[0.049s] Invoking command in '/home/student/ros2_ws/build/joint_limits': CMAKE_PREFIX_PATH=${CMAKE_PREFIX_PATH}:/home/student/ros2_ws/install/rqt_joint_trajectory_controller:/home/student/ros2_ws/install/ros2_controllers_test_nodes:/home/student/ros2_ws/install/opcua_ros_client:/home/student/ros2_ws/install/my_py_pkg:/home/student/ros2_ws/install/my_bot_description:/home/student/ros2_ws/install/modbus_interface:/home/student/ros2_ws/src/install/rqt_joint_trajectory_controller:/home/student/ros2_ws/src/install/ros2_controllers_test_nodes:/home/student/ros2_ws/src/install/opcua_ros_client:/home/student/ros2_ws/src/install/my_py_pkg:/home/student/ros2_ws/src/install/my_bot_description:/home/student/ros2_ws/src/install/modbus_interface:/opt/ros/humble /usr/bin/cmake --build /home/student/ros2_ws/build/joint_limits -- -j8 -l8
[0.908s] [ 11%] Built target ament_generate_version_header__joint_limits
[0.908s] [ 33%] Built target gtest
[0.908s] [ 55%] Built target gtest_main
[0.908s] [ 77%] Built target joint_limits_urdf_test
[0.908s] [100%] Built target joint_limits_rosparam_test
[1.179s] Invoked command in '/home/student/ros2_ws/build/joint_limits' returned '0': CMAKE_PREFIX_PATH=${CMAKE_PREFIX_PATH}:/home/student/ros2_ws/install/rqt_joint_trajectory_controller:/home/student/ros2_ws/install/ros2_controllers_test_nodes:/home/student/ros2_ws/install/opcua_ros_client:/home/student/ros2_ws/install/my_py_pkg:/home/student/ros2_ws/install/my_bot_description:/home/student/ros2_ws/install/modbus_interface:/home/student/ros2_ws/src/install/rqt_joint_trajectory_controller:/home/student/ros2_ws/src/install/ros2_controllers_test_nodes:/home/student/ros2_ws/src/install/opcua_ros_client:/home/student/ros2_ws/src/install/my_py_pkg:/home/student/ros2_ws/src/install/my_bot_description:/home/student/ros2_ws/src/install/modbus_interface:/opt/ros/humble /usr/bin/cmake --build /home/student/ros2_ws/build/joint_limits -- -j8 -l8
[1.181s] Invoking command in '/home/student/ros2_ws/build/joint_limits': CMAKE_PREFIX_PATH=${CMAKE_PREFIX_PATH}:/home/student/ros2_ws/install/rqt_joint_trajectory_controller:/home/student/ros2_ws/install/ros2_controllers_test_nodes:/home/student/ros2_ws/install/opcua_ros_client:/home/student/ros2_ws/install/my_py_pkg:/home/student/ros2_ws/install/my_bot_description:/home/student/ros2_ws/install/modbus_interface:/home/student/ros2_ws/src/install/rqt_joint_trajectory_controller:/home/student/ros2_ws/src/install/ros2_controllers_test_nodes:/home/student/ros2_ws/src/install/opcua_ros_client:/home/student/ros2_ws/src/install/my_py_pkg:/home/student/ros2_ws/src/install/my_bot_description:/home/student/ros2_ws/src/install/modbus_interface:/opt/ros/humble /usr/bin/cmake --install /home/student/ros2_ws/build/joint_limits
[1.222s] -- Install configuration: ""
[1.222s] -- Up-to-date: /home/student/ros2_ws/install/joint_limits/include
[1.222s] -- Up-to-date: /home/student/ros2_ws/install/joint_limits/include/joint_limits
[1.222s] -- Up-to-date: /home/student/ros2_ws/install/joint_limits/include/joint_limits/joint_limits_urdf.hpp
[1.223s] -- Up-to-date: /home/student/ros2_ws/install/joint_limits/include/joint_limits/joint_limits_rosparam.hpp
[1.223s] -- Up-to-date: /home/student/ros2_ws/install/joint_limits/include/joint_limits/joint_limits.hpp
[1.223s] -- Up-to-date: /home/student/ros2_ws/install/joint_limits/lib/joint_limits/joint_limits_rosparam_test
[1.223s] -- Up-to-date: /home/student/ros2_ws/install/joint_limits/share/joint_limits/test/joint_limits_rosparam.yaml
[1.223s] -- Up-to-date: /home/student/ros2_ws/install/joint_limits/include/joint_limits
[1.223s] -- Up-to-date: /home/student/ros2_ws/install/joint_limits/include/joint_limits/joint_limits
[1.223s] -- Up-to-date: /home/student/ros2_ws/install/joint_limits/include/joint_limits/joint_limits/joint_limits_urdf.hpp
[1.223s] -- Up-to-date: /home/student/ros2_ws/install/joint_limits/include/joint_limits/joint_limits/joint_limits_rosparam.hpp
[1.223s] -- Up-to-date: /home/student/ros2_ws/install/joint_limits/include/joint_limits/joint_limits/joint_limits.hpp
[1.223s] -- Up-to-date: /home/student/ros2_ws/install/joint_limits/share/joint_limits/environment/library_path.sh
[1.224s] -- Up-to-date: /home/student/ros2_ws/install/joint_limits/share/joint_limits/environment/library_path.dsv
[1.224s] -- Up-to-date: /home/student/ros2_ws/install/joint_limits/share/ament_index/resource_index/package_run_dependencies/joint_limits
[1.224s] -- Up-to-date: /home/student/ros2_ws/install/joint_limits/share/ament_index/resource_index/parent_prefix_path/joint_limits
[1.224s] -- Up-to-date: /home/student/ros2_ws/install/joint_limits/share/joint_limits/environment/ament_prefix_path.sh
[1.224s] -- Up-to-date: /home/student/ros2_ws/install/joint_limits/share/joint_limits/environment/ament_prefix_path.dsv
[1.224s] -- Up-to-date: /home/student/ros2_ws/install/joint_limits/share/joint_limits/environment/path.sh
[1.224s] -- Up-to-date: /home/student/ros2_ws/install/joint_limits/share/joint_limits/environment/path.dsv
[1.224s] -- Up-to-date: /home/student/ros2_ws/install/joint_limits/share/joint_limits/local_setup.bash
[1.224s] -- Up-to-date: /home/student/ros2_ws/install/joint_limits/share/joint_limits/local_setup.sh
[1.225s] -- Up-to-date: /home/student/ros2_ws/install/joint_limits/share/joint_limits/local_setup.zsh
[1.225s] -- Up-to-date: /home/student/ros2_ws/install/joint_limits/share/joint_limits/local_setup.dsv
[1.225s] -- Installing: /home/student/ros2_ws/install/joint_limits/share/joint_limits/package.dsv
[1.225s] -- Up-to-date: /home/student/ros2_ws/install/joint_limits/share/ament_index/resource_index/packages/joint_limits
[1.225s] -- Up-to-date: /home/student/ros2_ws/install/joint_limits/share/joint_limits/cmake/export_joint_limitsExport.cmake
[1.225s] -- Up-to-date: /home/student/ros2_ws/install/joint_limits/share/joint_limits/cmake/ament_cmake_export_targets-extras.cmake
[1.225s] -- Up-to-date: /home/student/ros2_ws/install/joint_limits/share/joint_limits/cmake/ament_cmake_export_dependencies-extras.cmake
[1.225s] -- Up-to-date: /home/student/ros2_ws/install/joint_limits/share/joint_limits/cmake/ament_cmake_export_include_directories-extras.cmake
[1.225s] -- Up-to-date: /home/student/ros2_ws/install/joint_limits/share/joint_limits/cmake/joint_limitsConfig.cmake
[1.226s] -- Up-to-date: /home/student/ros2_ws/install/joint_limits/share/joint_limits/cmake/joint_limitsConfig-version.cmake
[1.226s] -- Up-to-date: /home/student/ros2_ws/install/joint_limits/share/joint_limits/package.xml
[1.226s] -- Up-to-date: /home/student/ros2_ws/install/joint_limits/include/joint_limits/joint_limits/version.h
[1.311s] Invoked command in '/home/student/ros2_ws/build/joint_limits' returned '0': CMAKE_PREFIX_PATH=${CMAKE_PREFIX_PATH}:/home/student/ros2_ws/install/rqt_joint_trajectory_controller:/home/student/ros2_ws/install/ros2_controllers_test_nodes:/home/student/ros2_ws/install/opcua_ros_client:/home/student/ros2_ws/install/my_py_pkg:/home/student/ros2_ws/install/my_bot_description:/home/student/ros2_ws/install/modbus_interface:/home/student/ros2_ws/src/install/rqt_joint_trajectory_controller:/home/student/ros2_ws/src/install/ros2_controllers_test_nodes:/home/student/ros2_ws/src/install/opcua_ros_client:/home/student/ros2_ws/src/install/my_py_pkg:/home/student/ros2_ws/src/install/my_bot_description:/home/student/ros2_ws/src/install/modbus_interface:/opt/ros/humble /usr/bin/cmake --install /home/student/ros2_ws/build/joint_limits
