[0.015s] Invoking command in '/home/student/ros2_ws/src/build/controller_manager': AMENT_PREFIX_PATH=/home/student/ros2_ws/src/install/hardware_interface_testing:/home/student/ros2_ws/src/install/controller_interface:/home/student/ros2_ws/src/install/hardware_interface:/home/student/ros2_ws/src/install/ros2_control_test_assets:/home/student/ros2_ws/src/install/controller_manager_msgs:${AMENT_PREFIX_PATH} CMAKE_PREFIX_PATH=/home/student/ros2_ws/src/install/hardware_interface_testing:/home/student/ros2_ws/src/install/controller_interface:/home/student/ros2_ws/src/install/hardware_interface:/home/student/ros2_ws/src/install/ros2_control_test_assets:/home/student/ros2_ws/src/install/controller_manager_msgs:/opt/ros/humble LD_LIBRARY_PATH=/home/student/ros2_ws/src/install/hardware_interface_testing/lib:/home/student/ros2_ws/src/install/controller_interface/lib:/home/student/ros2_ws/src/install/hardware_interface/lib:/home/student/ros2_ws/src/install/controller_manager_msgs/lib:${LD_LIBRARY_PATH} PYTHONPATH=/home/student/ros2_ws/src/install/controller_manager_msgs/local/lib/python3.10/dist-packages:${PYTHONPATH} /usr/bin/cmake /home/student/ros2_ws/src/ros2_control/controller_manager -DCMAKE_INSTALL_PREFIX=/home/student/ros2_ws/src/install/controller_manager
[0.067s] -- The C compiler identification is GNU 11.4.0
[0.120s] -- The CXX compiler identification is GNU 11.4.0
[0.127s] -- Detecting C compiler ABI info
[0.194s] -- Detecting C compiler ABI info - done
[0.206s] -- Check for working C compiler: /usr/bin/cc - skipped
[0.206s] -- Detecting C compile features
[0.207s] -- Detecting C compile features - done
[0.211s] -- Detecting CXX compiler ABI info
[0.295s] -- Detecting CXX compiler ABI info - done
[0.306s] -- Check for working CXX compiler: /usr/bin/c++ - skipped
[0.306s] -- Detecting CXX compile features
[0.306s] -- Detecting CXX compile features - done
[0.309s] -- Found ament_cmake: 1.3.12 (/opt/ros/humble/share/ament_cmake/cmake)
[0.448s] -- Found Python3: /usr/bin/python3 (found version "3.10.12") found components: Interpreter 
[0.540s] -- Found ament_index_cpp: 1.4.0 (/opt/ros/humble/share/ament_index_cpp/cmake)
[0.541s] -- Found controller_interface: 2.51.0 (/home/student/ros2_ws/src/install/controller_interface/share/controller_interface/cmake)
[0.584s] -- Found rosidl_generator_c: 3.1.7 (/opt/ros/humble/share/rosidl_generator_c/cmake)
[0.589s] -- Found rosidl_adapter: 3.1.7 (/opt/ros/humble/share/rosidl_adapter/cmake)
[0.598s] -- Found rosidl_generator_cpp: 3.1.7 (/opt/ros/humble/share/rosidl_generator_cpp/cmake)
[0.609s] -- Using all available rosidl_typesupport_c: rosidl_typesupport_fastrtps_c;rosidl_typesupport_introspection_c
[0.625s] -- Using all available rosidl_typesupport_cpp: rosidl_typesupport_fastrtps_cpp;rosidl_typesupport_introspection_cpp
[0.822s] -- Found rmw_implementation_cmake: 6.1.2 (/opt/ros/humble/share/rmw_implementation_cmake/cmake)
[0.825s] -- Found rmw_fastrtps_cpp: 6.2.8 (/opt/ros/humble/share/rmw_fastrtps_cpp/cmake)
[0.850s] -- Found TinyXML2 via Config file: TinyXML2_DIR-NOTFOUND
[0.898s] -- Found OpenSSL: /usr/lib/x86_64-linux-gnu/libcrypto.so (found version "3.0.2")  
[0.901s] -- Found TinyXML2 via Config file: TinyXML2_DIR-NOTFOUND
[0.914s] -- Found FastRTPS: /opt/ros/humble/include  
[0.917s] -- Found TinyXML2 via Config file: TinyXML2_DIR-NOTFOUND
[0.925s] -- Found TinyXML2 via Config file: TinyXML2_DIR-NOTFOUND
[0.933s] -- Using RMW implementation 'rmw_fastrtps_cpp' as default
[0.942s] -- Looking for pthread.h
[1.036s] -- Looking for pthread.h - found
[1.036s] -- Performing Test CMAKE_HAVE_LIBC_PTHREAD
[1.129s] -- Performing Test CMAKE_HAVE_LIBC_PTHREAD - Success
[1.130s] -- Found Threads: TRUE  
[1.178s] -- Found controller_manager_msgs: 2.51.0 (/home/student/ros2_ws/src/install/controller_manager_msgs/share/controller_manager_msgs/cmake)
[1.205s] -- Found realtime_tools: 2.14.0 (/opt/ros/humble/share/realtime_tools/cmake)
[1.243s] -- Found ament_cmake_gmock: 1.3.12 (/opt/ros/humble/share/ament_cmake_gmock/cmake)
[1.243s] -- Found ros2_control_test_assets: 2.51.0 (/home/student/ros2_ws/src/install/ros2_control_test_assets/share/ros2_control_test_assets/cmake)
[1.247s] -- Found gmock sources under '/opt/ros/humble/src/gmock_vendor': C++ tests using 'Google Mock' will be built
[1.252s] -- Found ament_cmake_gtest: 1.3.12 (/opt/ros/humble/share/ament_cmake_gtest/cmake)
[1.253s] -- Found gtest sources under '/opt/ros/humble/src/gtest_vendor': C++ tests using 'Google Test' will be built
[1.263s] -- Found ament_cmake_pytest: 1.3.12 (/opt/ros/humble/share/ament_cmake_pytest/cmake)
[1.676s] -- Configuring done
[2.052s] -- Generating done
[2.091s] -- Build files have been written to: /home/student/ros2_ws/src/build/controller_manager
[2.107s] Invoked command in '/home/student/ros2_ws/src/build/controller_manager' returned '0': AMENT_PREFIX_PATH=/home/student/ros2_ws/src/install/hardware_interface_testing:/home/student/ros2_ws/src/install/controller_interface:/home/student/ros2_ws/src/install/hardware_interface:/home/student/ros2_ws/src/install/ros2_control_test_assets:/home/student/ros2_ws/src/install/controller_manager_msgs:${AMENT_PREFIX_PATH} CMAKE_PREFIX_PATH=/home/student/ros2_ws/src/install/hardware_interface_testing:/home/student/ros2_ws/src/install/controller_interface:/home/student/ros2_ws/src/install/hardware_interface:/home/student/ros2_ws/src/install/ros2_control_test_assets:/home/student/ros2_ws/src/install/controller_manager_msgs:/opt/ros/humble LD_LIBRARY_PATH=/home/student/ros2_ws/src/install/hardware_interface_testing/lib:/home/student/ros2_ws/src/install/controller_interface/lib:/home/student/ros2_ws/src/install/hardware_interface/lib:/home/student/ros2_ws/src/install/controller_manager_msgs/lib:${LD_LIBRARY_PATH} PYTHONPATH=/home/student/ros2_ws/src/install/controller_manager_msgs/local/lib/python3.10/dist-packages:${PYTHONPATH} /usr/bin/cmake /home/student/ros2_ws/src/ros2_control/controller_manager -DCMAKE_INSTALL_PREFIX=/home/student/ros2_ws/src/install/controller_manager
[2.108s] Invoking command in '/home/student/ros2_ws/src/build/controller_manager': AMENT_PREFIX_PATH=/home/student/ros2_ws/src/install/hardware_interface_testing:/home/student/ros2_ws/src/install/controller_interface:/home/student/ros2_ws/src/install/hardware_interface:/home/student/ros2_ws/src/install/ros2_control_test_assets:/home/student/ros2_ws/src/install/controller_manager_msgs:${AMENT_PREFIX_PATH} CMAKE_PREFIX_PATH=/home/student/ros2_ws/src/install/hardware_interface_testing:/home/student/ros2_ws/src/install/controller_interface:/home/student/ros2_ws/src/install/hardware_interface:/home/student/ros2_ws/src/install/ros2_control_test_assets:/home/student/ros2_ws/src/install/controller_manager_msgs:/opt/ros/humble LD_LIBRARY_PATH=/home/student/ros2_ws/src/install/hardware_interface_testing/lib:/home/student/ros2_ws/src/install/controller_interface/lib:/home/student/ros2_ws/src/install/hardware_interface/lib:/home/student/ros2_ws/src/install/controller_manager_msgs/lib:${LD_LIBRARY_PATH} PYTHONPATH=/home/student/ros2_ws/src/install/controller_manager_msgs/local/lib/python3.10/dist-packages:${PYTHONPATH} /usr/bin/cmake --build /home/student/ros2_ws/src/build/controller_manager -- -j8 -l8
[2.158s] [  2%] [34m[1mGenerating controller_manager/version.h[0m
[2.162s] [  5%] [32mBuilding CXX object gmock/CMakeFiles/gmock.dir/src/gmock-all.cc.o[0m
[2.162s] [  7%] [32mBuilding CXX object gmock/CMakeFiles/gmock.dir/opt/ros/humble/src/gtest_vendor/src/gtest-all.cc.o[0m
[2.163s] [ 10%] [32mBuilding CXX object gmock/CMakeFiles/gmock_main.dir/src/gmock_main.cc.o[0m
[2.171s] [ 10%] Built target ament_cmake_python_copy_controller_manager_setup
[2.175s] [ 10%] Built target ament_cmake_python_copy_controller_manager
[2.176s] [ 10%] Built target ament_generate_version_header__controller_manager
[2.206s] [ 13%] [32mBuilding CXX object CMakeFiles/controller_manager.dir/src/controller_manager.cpp.o[0m
[2.512s] running install_scripts
[2.521s] /usr/lib/python3/dist-packages/setuptools/command/install.py:34: SetuptoolsDeprecationWarning: setup.py install is deprecated. Use build and pip and other standards-based tools.
[2.522s]   warnings.warn(
[2.554s] running egg_info
[2.555s] creating controller_manager.egg-info
[2.555s] writing controller_manager.egg-info/PKG-INFO
[2.556s] writing dependency_links to controller_manager.egg-info/dependency_links.txt
[2.556s] writing entry points to controller_manager.egg-info/entry_points.txt
[2.556s] writing top-level names to controller_manager.egg-info/top_level.txt
[2.556s] writing manifest file 'controller_manager.egg-info/SOURCES.txt'
[2.559s] reading manifest file 'controller_manager.egg-info/SOURCES.txt'
[2.560s] writing manifest file 'controller_manager.egg-info/SOURCES.txt'
[2.562s] Installing hardware_spawner script to scripts
[2.562s] Installing spawner script to scripts
[2.562s] Installing unspawner script to scripts
[2.591s] running egg_info
[2.593s] writing controller_manager.egg-info/PKG-INFO
[2.593s] writing dependency_links to controller_manager.egg-info/dependency_links.txt
[2.593s] writing entry points to controller_manager.egg-info/entry_points.txt
[2.594s] writing top-level names to controller_manager.egg-info/top_level.txt
[2.598s] reading manifest file 'controller_manager.egg-info/SOURCES.txt'
[2.599s] writing manifest file 'controller_manager.egg-info/SOURCES.txt'
[2.613s] [ 13%] Built target ament_cmake_python_build_controller_manager_scripts
[2.644s] [ 13%] Built target ament_cmake_python_build_controller_manager_egg
[3.914s] [ 15%] [32m[1mLinking CXX static library libgmock_main.a[0m
[3.958s] [ 15%] Built target gmock_main
[5.285s] [ 18%] [32m[1mLinking CXX static library libgmock.a[0m
[5.346s] [ 18%] Built target gmock
[18.947s] [ 21%] [32m[1mLinking CXX shared library libcontroller_manager.so[0m
[20.270s] [ 21%] Built target controller_manager
[20.299s] [ 23%] [32mBuilding CXX object CMakeFiles/test_controller.dir/test/test_controller/test_controller.cpp.o[0m
[20.299s] [ 26%] [32mBuilding CXX object CMakeFiles/test_controller_failed_init.dir/test/test_controller_failed_init/test_controller_failed_init.cpp.o[0m
[20.299s] [ 31%] [32mBuilding CXX object CMakeFiles/test_controller_manager_urdf_passing.dir/test/test_controller_manager_urdf_passing.cpp.o[0m
[20.299s] [ 31%] [32mBuilding CXX object CMakeFiles/test_chainable_controller.dir/test/test_chainable_controller/test_chainable_controller.cpp.o[0m
[20.300s] [ 34%] [32mBuilding CXX object CMakeFiles/ros2_control_node.dir/src/ros2_control_node.cpp.o[0m
[20.300s] [ 36%] [32mBuilding CXX object CMakeFiles/test_hardware_spawner.dir/test/test_hardware_spawner.cpp.o[0m
[20.303s] [ 39%] [32mBuilding CXX object CMakeFiles/test_controller_with_interfaces.dir/test/test_controller_with_interfaces/test_controller_with_interfaces.cpp.o[0m
[25.579s] [ 42%] [32m[1mLinking CXX shared library libtest_controller.so[0m
[25.907s] [ 42%] Built target test_controller
[25.957s] [ 44%] [32mBuilding CXX object CMakeFiles/test_controller_manager.dir/test/test_controller_manager.cpp.o[0m
[25.972s] [ 47%] [32mBuilding CXX object CMakeFiles/test_controller_manager_with_namespace.cpp.dir/test/test_controller_manager_with_namespace.cpp.o[0m
[26.608s] [ 50%] [32m[1mLinking CXX shared library libtest_controller_failed_init.so[0m
[26.685s] [ 52%] [32m[1mLinking CXX shared library libtest_controller_with_interfaces.so[0m
[26.888s] [ 52%] Built target test_controller_failed_init
[26.949s] [ 55%] [32mBuilding CXX object CMakeFiles/test_spawner_unspawner.dir/test/test_spawner_unspawner.cpp.o[0m
[27.049s] [ 55%] Built target test_controller_with_interfaces
[27.111s] [ 57%] [32mBuilding CXX object CMakeFiles/test_hardware_management_srvs.dir/test/test_hardware_management_srvs.cpp.o[0m
[27.186s] [ 60%] [32m[1mLinking CXX executable ros2_control_node[0m
[28.908s] [ 60%] Built target ros2_control_node
[28.966s] [ 63%] [32mBuilding CXX object CMakeFiles/test_load_controller.dir/test/test_load_controller.cpp.o[0m
[30.511s] [ 65%] [32m[1mLinking CXX executable test_controller_manager_urdf_passing[0m
[32.726s] [ 65%] Built target test_controller_manager_urdf_passing
[32.781s] [ 68%] [32mBuilding CXX object CMakeFiles/test_release_interfaces.dir/test/test_release_interfaces.cpp.o[0m
[33.002s] [ 71%] [32m[1mLinking CXX executable test_hardware_spawner[0m
[35.288s] [ 73%] [32m[1mLinking CXX shared library libtest_chainable_controller.so[0m
[35.818s] [ 73%] Built target test_hardware_spawner
[36.603s] [ 76%] [32m[1mLinking CXX executable test_controller_manager_with_namespace.cpp[0m
[36.691s] [ 76%] Built target test_chainable_controller
[36.745s] [ 78%] [32mBuilding CXX object CMakeFiles/test_controllers_chaining_with_controller_manager.dir/test/test_controllers_chaining_with_controller_manager.cpp.o[0m
[36.761s] [ 81%] [32mBuilding CXX object CMakeFiles/test_controller_manager_srvs.dir/test/test_controller_manager_srvs.cpp.o[0m
[39.015s] [ 81%] Built target test_controller_manager_with_namespace.cpp
[39.570s] [ 84%] [32m[1mLinking CXX executable test_controller_manager[0m
[41.231s] [ 86%] [32m[1mLinking CXX executable test_hardware_management_srvs[0m
[41.534s] [ 86%] Built target test_controller_manager
[41.643s] [ 89%] [32m[1mLinking CXX executable test_spawner_unspawner[0m
[41.785s] [ 92%] [32m[1mLinking CXX executable test_load_controller[0m
[43.648s] [ 92%] Built target test_spawner_unspawner
[43.806s] [ 92%] Built target test_hardware_management_srvs
[44.195s] [ 94%] [32m[1mLinking CXX executable test_release_interfaces[0m
[44.215s] [ 94%] Built target test_load_controller
[45.388s] [ 94%] Built target test_release_interfaces
[47.016s] [ 97%] [32m[1mLinking CXX executable test_controllers_chaining_with_controller_manager[0m
[48.250s] [ 97%] Built target test_controllers_chaining_with_controller_manager
[50.411s] [100%] [32m[1mLinking CXX executable test_controller_manager_srvs[0m
[51.755s] [100%] Built target test_controller_manager_srvs
[51.766s] Invoked command in '/home/student/ros2_ws/src/build/controller_manager' returned '0': AMENT_PREFIX_PATH=/home/student/ros2_ws/src/install/hardware_interface_testing:/home/student/ros2_ws/src/install/controller_interface:/home/student/ros2_ws/src/install/hardware_interface:/home/student/ros2_ws/src/install/ros2_control_test_assets:/home/student/ros2_ws/src/install/controller_manager_msgs:${AMENT_PREFIX_PATH} CMAKE_PREFIX_PATH=/home/student/ros2_ws/src/install/hardware_interface_testing:/home/student/ros2_ws/src/install/controller_interface:/home/student/ros2_ws/src/install/hardware_interface:/home/student/ros2_ws/src/install/ros2_control_test_assets:/home/student/ros2_ws/src/install/controller_manager_msgs:/opt/ros/humble LD_LIBRARY_PATH=/home/student/ros2_ws/src/install/hardware_interface_testing/lib:/home/student/ros2_ws/src/install/controller_interface/lib:/home/student/ros2_ws/src/install/hardware_interface/lib:/home/student/ros2_ws/src/install/controller_manager_msgs/lib:${LD_LIBRARY_PATH} PYTHONPATH=/home/student/ros2_ws/src/install/controller_manager_msgs/local/lib/python3.10/dist-packages:${PYTHONPATH} /usr/bin/cmake --build /home/student/ros2_ws/src/build/controller_manager -- -j8 -l8
[51.767s] Invoking command in '/home/student/ros2_ws/src/build/controller_manager': AMENT_PREFIX_PATH=/home/student/ros2_ws/src/install/hardware_interface_testing:/home/student/ros2_ws/src/install/controller_interface:/home/student/ros2_ws/src/install/hardware_interface:/home/student/ros2_ws/src/install/ros2_control_test_assets:/home/student/ros2_ws/src/install/controller_manager_msgs:${AMENT_PREFIX_PATH} CMAKE_PREFIX_PATH=/home/student/ros2_ws/src/install/hardware_interface_testing:/home/student/ros2_ws/src/install/controller_interface:/home/student/ros2_ws/src/install/hardware_interface:/home/student/ros2_ws/src/install/ros2_control_test_assets:/home/student/ros2_ws/src/install/controller_manager_msgs:/opt/ros/humble LD_LIBRARY_PATH=/home/student/ros2_ws/src/install/hardware_interface_testing/lib:/home/student/ros2_ws/src/install/controller_interface/lib:/home/student/ros2_ws/src/install/hardware_interface/lib:/home/student/ros2_ws/src/install/controller_manager_msgs/lib:${LD_LIBRARY_PATH} PYTHONPATH=/home/student/ros2_ws/src/install/controller_manager_msgs/local/lib/python3.10/dist-packages:${PYTHONPATH} /usr/bin/cmake --install /home/student/ros2_ws/src/build/controller_manager
[51.774s] -- Install configuration: ""
[51.774s] -- Installing: /home/student/ros2_ws/src/install/controller_manager/lib/libcontroller_manager.so
[51.787s] -- Set runtime path of "/home/student/ros2_ws/src/install/controller_manager/lib/libcontroller_manager.so" to ""
[51.787s] -- Installing: /home/student/ros2_ws/src/install/controller_manager/lib/controller_manager/ros2_control_node
[51.787s] -- Set runtime path of "/home/student/ros2_ws/src/install/controller_manager/lib/controller_manager/ros2_control_node" to ""
[51.787s] -- Installing: /home/student/ros2_ws/src/install/controller_manager/include
[51.787s] -- Installing: /home/student/ros2_ws/src/install/controller_manager/include/controller_manager
[51.788s] -- Installing: /home/student/ros2_ws/src/install/controller_manager/include/controller_manager/visibility_control.h
[51.788s] -- Installing: /home/student/ros2_ws/src/install/controller_manager/include/controller_manager/controller_manager.hpp
[51.788s] -- Installing: /home/student/ros2_ws/src/install/controller_manager/include/controller_manager/controller_spec.hpp
[51.788s] -- Installing: /home/student/ros2_ws/src/install/controller_manager/share/controller_manager/test/test_controller/test_controller.xml
[51.788s] -- Installing: /home/student/ros2_ws/src/install/controller_manager/lib/libtest_controller.so
[51.789s] -- Set runtime path of "/home/student/ros2_ws/src/install/controller_manager/lib/libtest_controller.so" to ""
[51.789s] -- Installing: /home/student/ros2_ws/src/install/controller_manager/share/controller_manager/test/test_controller_failed_init/test_controller_failed_init.xml
[51.789s] -- Installing: /home/student/ros2_ws/src/install/controller_manager/lib/libtest_controller_failed_init.so
[51.789s] -- Set runtime path of "/home/student/ros2_ws/src/install/controller_manager/lib/libtest_controller_failed_init.so" to ""
[51.789s] -- Installing: /home/student/ros2_ws/src/install/controller_manager/share/controller_manager/test/test_chainable_controller/test_chainable_controller.xml
[51.790s] -- Installing: /home/student/ros2_ws/src/install/controller_manager/lib/libtest_chainable_controller.so
[51.794s] -- Set runtime path of "/home/student/ros2_ws/src/install/controller_manager/lib/libtest_chainable_controller.so" to ""
[51.795s] -- Installing: /home/student/ros2_ws/src/install/controller_manager/share/controller_manager/test/test_controller_with_interfaces/test_controller_with_interfaces.xml
[51.795s] -- Installing: /home/student/ros2_ws/src/install/controller_manager/lib/libtest_controller_with_interfaces.so
[51.795s] -- Set runtime path of "/home/student/ros2_ws/src/install/controller_manager/lib/libtest_controller_with_interfaces.so" to ""
[51.796s] -- Installing: /home/student/ros2_ws/src/install/controller_manager/test/test_controller_spawner_with_type.yaml
[51.796s] -- Installing: /home/student/ros2_ws/src/install/controller_manager/test/test_controller_spawner_with_basic_controllers.yaml
[51.796s] -- Installing: /home/student/ros2_ws/src/install/controller_manager/test/test_controller_overriding_parameters.yaml
[51.796s] -- Installing: /home/student/ros2_ws/src/install/controller_manager/test/test_controller_spawner_wildcard_entries.yaml
[51.796s] -- Installing: /home/student/ros2_ws/src/install/controller_manager/test/test_controller_spawner_with_interfaces.yaml
[51.797s] -- Installing: /home/student/ros2_ws/src/install/controller_manager/test/test_ros2_control_node.yaml
[51.797s] -- Installing: /home/student/ros2_ws/src/install/controller_manager/share/controller_manager/environment/pythonpath.sh
[51.797s] -- Installing: /home/student/ros2_ws/src/install/controller_manager/share/controller_manager/environment/pythonpath.dsv
[51.797s] -- Installing: /home/student/ros2_ws/src/install/controller_manager/local/lib/python3.10/dist-packages/controller_manager-2.51.0-py3.10.egg-info
[51.797s] -- Installing: /home/student/ros2_ws/src/install/controller_manager/local/lib/python3.10/dist-packages/controller_manager-2.51.0-py3.10.egg-info/top_level.txt
[51.797s] -- Installing: /home/student/ros2_ws/src/install/controller_manager/local/lib/python3.10/dist-packages/controller_manager-2.51.0-py3.10.egg-info/PKG-INFO
[51.798s] -- Installing: /home/student/ros2_ws/src/install/controller_manager/local/lib/python3.10/dist-packages/controller_manager-2.51.0-py3.10.egg-info/entry_points.txt
[51.798s] -- Installing: /home/student/ros2_ws/src/install/controller_manager/local/lib/python3.10/dist-packages/controller_manager-2.51.0-py3.10.egg-info/dependency_links.txt
[51.798s] -- Installing: /home/student/ros2_ws/src/install/controller_manager/local/lib/python3.10/dist-packages/controller_manager-2.51.0-py3.10.egg-info/SOURCES.txt
[51.798s] -- Up-to-date: /home/student/ros2_ws/src/install/controller_manager/lib/controller_manager/
[51.798s] -- Installing: /home/student/ros2_ws/src/install/controller_manager/lib/controller_manager//hardware_spawner
[51.798s] -- Installing: /home/student/ros2_ws/src/install/controller_manager/lib/controller_manager//unspawner
[51.798s] -- Installing: /home/student/ros2_ws/src/install/controller_manager/lib/controller_manager//spawner
[51.798s] -- Installing: /home/student/ros2_ws/src/install/controller_manager/local/lib/python3.10/dist-packages/controller_manager
[51.798s] -- Installing: /home/student/ros2_ws/src/install/controller_manager/local/lib/python3.10/dist-packages/controller_manager/launch_utils.py
[51.798s] -- Installing: /home/student/ros2_ws/src/install/controller_manager/local/lib/python3.10/dist-packages/controller_manager/test_utils.py
[51.798s] -- Installing: /home/student/ros2_ws/src/install/controller_manager/local/lib/python3.10/dist-packages/controller_manager/hardware_spawner.py
[51.799s] -- Installing: /home/student/ros2_ws/src/install/controller_manager/local/lib/python3.10/dist-packages/controller_manager/spawner.py
[51.799s] -- Installing: /home/student/ros2_ws/src/install/controller_manager/local/lib/python3.10/dist-packages/controller_manager/unspawner.py
[51.799s] -- Installing: /home/student/ros2_ws/src/install/controller_manager/local/lib/python3.10/dist-packages/controller_manager/controller_manager_services.py
[51.799s] -- Installing: /home/student/ros2_ws/src/install/controller_manager/local/lib/python3.10/dist-packages/controller_manager/__init__.py
[51.834s] Listing '/home/student/ros2_ws/src/install/controller_manager/local/lib/python3.10/dist-packages/controller_manager'...
[51.834s] Compiling '/home/student/ros2_ws/src/install/controller_manager/local/lib/python3.10/dist-packages/controller_manager/__init__.py'...
[51.834s] Compiling '/home/student/ros2_ws/src/install/controller_manager/local/lib/python3.10/dist-packages/controller_manager/controller_manager_services.py'...
[51.834s] Compiling '/home/student/ros2_ws/src/install/controller_manager/local/lib/python3.10/dist-packages/controller_manager/hardware_spawner.py'...
[51.834s] Compiling '/home/student/ros2_ws/src/install/controller_manager/local/lib/python3.10/dist-packages/controller_manager/launch_utils.py'...
[51.834s] Compiling '/home/student/ros2_ws/src/install/controller_manager/local/lib/python3.10/dist-packages/controller_manager/spawner.py'...
[51.834s] Compiling '/home/student/ros2_ws/src/install/controller_manager/local/lib/python3.10/dist-packages/controller_manager/test_utils.py'...
[51.834s] Compiling '/home/student/ros2_ws/src/install/controller_manager/local/lib/python3.10/dist-packages/controller_manager/unspawner.py'...
[51.838s] -- Installing: /home/student/ros2_ws/src/install/controller_manager/share/controller_manager/environment/library_path.sh
[51.838s] -- Installing: /home/student/ros2_ws/src/install/controller_manager/share/controller_manager/environment/library_path.dsv
[51.839s] -- Installing: /home/student/ros2_ws/src/install/controller_manager/share/ament_index/resource_index/package_run_dependencies/controller_manager
[51.839s] -- Installing: /home/student/ros2_ws/src/install/controller_manager/share/ament_index/resource_index/parent_prefix_path/controller_manager
[51.839s] -- Installing: /home/student/ros2_ws/src/install/controller_manager/share/controller_manager/environment/ament_prefix_path.sh
[51.839s] -- Installing: /home/student/ros2_ws/src/install/controller_manager/share/controller_manager/environment/ament_prefix_path.dsv
[51.839s] -- Installing: /home/student/ros2_ws/src/install/controller_manager/share/controller_manager/environment/path.sh
[51.839s] -- Installing: /home/student/ros2_ws/src/install/controller_manager/share/controller_manager/environment/path.dsv
[51.839s] -- Installing: /home/student/ros2_ws/src/install/controller_manager/share/controller_manager/local_setup.bash
[51.840s] -- Installing: /home/student/ros2_ws/src/install/controller_manager/share/controller_manager/local_setup.sh
[51.840s] -- Installing: /home/student/ros2_ws/src/install/controller_manager/share/controller_manager/local_setup.zsh
[51.840s] -- Installing: /home/student/ros2_ws/src/install/controller_manager/share/controller_manager/local_setup.dsv
[51.840s] -- Installing: /home/student/ros2_ws/src/install/controller_manager/share/controller_manager/package.dsv
[51.840s] -- Installing: /home/student/ros2_ws/src/install/controller_manager/share/ament_index/resource_index/packages/controller_manager
[51.840s] -- Installing: /home/student/ros2_ws/src/install/controller_manager/share/ament_index/resource_index/controller_interface__pluginlib__plugin/controller_manager
[51.840s] -- Installing: /home/student/ros2_ws/src/install/controller_manager/share/controller_manager/cmake/ament_cmake_export_libraries-extras.cmake
[51.841s] -- Installing: /home/student/ros2_ws/src/install/controller_manager/share/controller_manager/cmake/ament_cmake_export_include_directories-extras.cmake
[51.841s] -- Installing: /home/student/ros2_ws/src/install/controller_manager/share/controller_manager/cmake/ament_cmake_export_dependencies-extras.cmake
[51.841s] -- Installing: /home/student/ros2_ws/src/install/controller_manager/share/controller_manager/cmake/controller_managerConfig.cmake
[51.841s] -- Installing: /home/student/ros2_ws/src/install/controller_manager/share/controller_manager/cmake/controller_managerConfig-version.cmake
[51.841s] -- Installing: /home/student/ros2_ws/src/install/controller_manager/share/controller_manager/package.xml
[51.841s] -- Installing: /home/student/ros2_ws/src/install/controller_manager/include/controller_manager/controller_manager/version.h
[51.845s] Invoked command in '/home/student/ros2_ws/src/build/controller_manager' returned '0': AMENT_PREFIX_PATH=/home/student/ros2_ws/src/install/hardware_interface_testing:/home/student/ros2_ws/src/install/controller_interface:/home/student/ros2_ws/src/install/hardware_interface:/home/student/ros2_ws/src/install/ros2_control_test_assets:/home/student/ros2_ws/src/install/controller_manager_msgs:${AMENT_PREFIX_PATH} CMAKE_PREFIX_PATH=/home/student/ros2_ws/src/install/hardware_interface_testing:/home/student/ros2_ws/src/install/controller_interface:/home/student/ros2_ws/src/install/hardware_interface:/home/student/ros2_ws/src/install/ros2_control_test_assets:/home/student/ros2_ws/src/install/controller_manager_msgs:/opt/ros/humble LD_LIBRARY_PATH=/home/student/ros2_ws/src/install/hardware_interface_testing/lib:/home/student/ros2_ws/src/install/controller_interface/lib:/home/student/ros2_ws/src/install/hardware_interface/lib:/home/student/ros2_ws/src/install/controller_manager_msgs/lib:${LD_LIBRARY_PATH} PYTHONPATH=/home/student/ros2_ws/src/install/controller_manager_msgs/local/lib/python3.10/dist-packages:${PYTHONPATH} /usr/bin/cmake --install /home/student/ros2_ws/src/build/controller_manager
