[1.555s] Invoking command in '/home/student/ros2_ws/src/my_py_pkg': PYTHONPATH=/home/student/ros2_ws/src/build/my_py_pkg/prefix_override:/usr/lib/python3/dist-packages/colcon_core/task/python/colcon_distutils_commands:/home/student/ros2_ws/src/install/my_py_pkg/lib/python3.10/site-packages:${PYTHONPATH} /usr/bin/python3 -W ignore:setup.py install is deprecated -W ignore:easy_install command is deprecated setup.py egg_info --egg-base ../build/my_py_pkg build --build-base /home/student/ros2_ws/src/build/my_py_pkg/build install --record /home/student/ros2_ws/src/build/my_py_pkg/install.log --single-version-externally-managed install_data
[1.989s] running egg_info
[1.990s] creating ../build/my_py_pkg/my_py_pkg.egg-info
[1.990s] writing ../build/my_py_pkg/my_py_pkg.egg-info/PKG-INFO
[1.992s] writing dependency_links to ../build/my_py_pkg/my_py_pkg.egg-info/dependency_links.txt
[1.992s] writing entry points to ../build/my_py_pkg/my_py_pkg.egg-info/entry_points.txt
[1.992s] writing requirements to ../build/my_py_pkg/my_py_pkg.egg-info/requires.txt
[1.992s] writing top-level names to ../build/my_py_pkg/my_py_pkg.egg-info/top_level.txt
[1.993s] writing manifest file '../build/my_py_pkg/my_py_pkg.egg-info/SOURCES.txt'
[1.999s] reading manifest file '../build/my_py_pkg/my_py_pkg.egg-info/SOURCES.txt'
[2.000s] writing manifest file '../build/my_py_pkg/my_py_pkg.egg-info/SOURCES.txt'
[2.004s] running build
[2.004s] running build_py
[2.004s] creating /home/student/ros2_ws/src/build/my_py_pkg/build
[2.010s] creating /home/student/ros2_ws/src/build/my_py_pkg/build/lib
[2.010s] creating /home/student/ros2_ws/src/build/my_py_pkg/build/lib/my_py_pkg
[2.010s] copying my_py_pkg/hello_node.py -> /home/student/ros2_ws/src/build/my_py_pkg/build/lib/my_py_pkg
[2.010s] copying my_py_pkg/__init__.py -> /home/student/ros2_ws/src/build/my_py_pkg/build/lib/my_py_pkg
[2.010s] running install
[2.010s] running install_lib
[2.011s] creating /home/student/ros2_ws/src/install/my_py_pkg/lib/python3.10/site-packages/my_py_pkg
[2.011s] copying /home/student/ros2_ws/src/build/my_py_pkg/build/lib/my_py_pkg/hello_node.py -> /home/student/ros2_ws/src/install/my_py_pkg/lib/python3.10/site-packages/my_py_pkg
[2.011s] copying /home/student/ros2_ws/src/build/my_py_pkg/build/lib/my_py_pkg/__init__.py -> /home/student/ros2_ws/src/install/my_py_pkg/lib/python3.10/site-packages/my_py_pkg
[2.011s] byte-compiling /home/student/ros2_ws/src/install/my_py_pkg/lib/python3.10/site-packages/my_py_pkg/hello_node.py to hello_node.cpython-310.pyc
[2.012s] byte-compiling /home/student/ros2_ws/src/install/my_py_pkg/lib/python3.10/site-packages/my_py_pkg/__init__.py to __init__.cpython-310.pyc
[2.012s] running install_data
[2.012s] creating /home/student/ros2_ws/src/install/my_py_pkg/share/ament_index
[2.012s] creating /home/student/ros2_ws/src/install/my_py_pkg/share/ament_index/resource_index
[2.012s] creating /home/student/ros2_ws/src/install/my_py_pkg/share/ament_index/resource_index/packages
[2.012s] copying resource/my_py_pkg -> /home/student/ros2_ws/src/install/my_py_pkg/share/ament_index/resource_index/packages
[2.012s] copying package.xml -> /home/student/ros2_ws/src/install/my_py_pkg/share/my_py_pkg
[2.012s] running install_egg_info
[2.014s] Copying ../build/my_py_pkg/my_py_pkg.egg-info to /home/student/ros2_ws/src/install/my_py_pkg/lib/python3.10/site-packages/my_py_pkg-0.0.0-py3.10.egg-info
[2.014s] running install_scripts
[2.044s] Installing hello_node script to /home/student/ros2_ws/src/install/my_py_pkg/lib/my_py_pkg
[2.044s] writing list of installed files to '/home/student/ros2_ws/src/build/my_py_pkg/install.log'
[2.094s] Invoked command in '/home/student/ros2_ws/src/my_py_pkg' returned '0': PYTHONPATH=/home/student/ros2_ws/src/build/my_py_pkg/prefix_override:/usr/lib/python3/dist-packages/colcon_core/task/python/colcon_distutils_commands:/home/student/ros2_ws/src/install/my_py_pkg/lib/python3.10/site-packages:${PYTHONPATH} /usr/bin/python3 -W ignore:setup.py install is deprecated -W ignore:easy_install command is deprecated setup.py egg_info --egg-base ../build/my_py_pkg build --build-base /home/student/ros2_ws/src/build/my_py_pkg/build install --record /home/student/ros2_ws/src/build/my_py_pkg/install.log --single-version-externally-managed install_data
