[0.039s] Invoking command in '/home/student/ros2_ws/src/build/diff_drive_controller': AMENT_PREFIX_PATH=/home/student/ros2_ws/src/install/controller_manager:/home/student/ros2_ws/src/install/hardware_interface_testing:/home/student/ros2_ws/src/install/controller_interface:/home/student/ros2_ws/src/install/hardware_interface:/home/student/ros2_ws/src/install/ros2_control_test_assets:/home/student/ros2_ws/src/install/ros2_control_cmake:/home/student/ros2_ws/src/install/controller_manager_msgs:${AMENT_PREFIX_PATH} CMAKE_PREFIX_PATH=/home/student/ros2_ws/src/install/controller_manager:/home/student/ros2_ws/src/install/hardware_interface_testing:/home/student/ros2_ws/src/install/controller_interface:/home/student/ros2_ws/src/install/hardware_interface:/home/student/ros2_ws/src/install/ros2_control_test_assets:/home/student/ros2_ws/src/install/ros2_control_cmake:/home/student/ros2_ws/src/install/controller_manager_msgs:/opt/ros/humble LD_LIBRARY_PATH=/home/student/ros2_ws/src/install/controller_manager/lib:/home/student/ros2_ws/src/install/hardware_interface_testing/lib:/home/student/ros2_ws/src/install/controller_interface/lib:/home/student/ros2_ws/src/install/hardware_interface/lib:/home/student/ros2_ws/src/install/controller_manager_msgs/lib:${LD_LIBRARY_PATH} PYTHONPATH=/home/student/ros2_ws/src/install/controller_manager/local/lib/python3.10/dist-packages:/home/student/ros2_ws/src/install/controller_manager_msgs/local/lib/python3.10/dist-packages:${PYTHONPATH} /usr/bin/cmake /home/student/ros2_ws/src/ros2_controllers/diff_drive_controller -DCMAKE_INSTALL_PREFIX=/home/student/ros2_ws/src/install/diff_drive_controller
[0.125s] -- The C compiler identification is GNU 11.4.0
[0.210s] -- The CXX compiler identification is GNU 11.4.0
[0.219s] -- Detecting C compiler ABI info
[0.320s] -- Detecting C compiler ABI info - done
[0.334s] -- Check for working C compiler: /usr/bin/cc - skipped
[0.334s] -- Detecting C compile features
[0.335s] -- Detecting C compile features - done
[0.339s] -- Detecting CXX compiler ABI info
[0.483s] -- Detecting CXX compiler ABI info - done
[0.496s] -- Check for working CXX compiler: /usr/bin/c++ - skipped
[0.497s] -- Detecting CXX compile features
[0.498s] -- Detecting CXX compile features - done
[0.500s] -- Found ros2_control_cmake: 0.2.1 (/home/student/ros2_ws/src/install/ros2_control_cmake/share/ros2_control_cmake/cmake)
[0.500s] -- Compiler warnings enabled for GNU
[0.500s] -- Detected GCC Version: 11.4.0 (Major: 11, Minor: 4)
[0.506s] -- Found ament_cmake: 1.3.12 (/opt/ros/humble/share/ament_cmake/cmake)
[0.790s] -- Found Python3: /usr/bin/python3 (found version "3.10.12") found components: Interpreter 
[0.981s] -- Found control_toolbox: 3.6.1 (/opt/ros/humble/share/control_toolbox/cmake)
[1.074s] -- Found rosidl_generator_c: 3.1.7 (/opt/ros/humble/share/rosidl_generator_c/cmake)
[1.085s] -- Found rosidl_adapter: 3.1.7 (/opt/ros/humble/share/rosidl_adapter/cmake)
[1.101s] -- Found rosidl_generator_cpp: 3.1.7 (/opt/ros/humble/share/rosidl_generator_cpp/cmake)
[1.124s] -- Using all available rosidl_typesupport_c: rosidl_typesupport_fastrtps_c;rosidl_typesupport_introspection_c
[1.153s] -- Using all available rosidl_typesupport_cpp: rosidl_typesupport_fastrtps_cpp;rosidl_typesupport_introspection_cpp
[1.233s] -- Found rmw_implementation_cmake: 6.1.2 (/opt/ros/humble/share/rmw_implementation_cmake/cmake)
[1.241s] -- Found rmw_fastrtps_cpp: 6.2.8 (/opt/ros/humble/share/rmw_fastrtps_cpp/cmake)
[1.367s] -- Found OpenSSL: /usr/lib/x86_64-linux-gnu/libcrypto.so (found version "3.0.2")  
[1.415s] -- Found FastRTPS: /opt/ros/humble/include  
[1.483s] -- Using RMW implementation 'rmw_fastrtps_cpp' as default
[1.497s] -- Looking for pthread.h
[1.656s] -- Looking for pthread.h - found
[1.656s] -- Performing Test CMAKE_HAVE_LIBC_PTHREAD
[1.821s] -- Performing Test CMAKE_HAVE_LIBC_PTHREAD - Success
[1.823s] -- Found Threads: TRUE  
[2.285s] -- Found controller_interface: 2.51.0 (/home/student/ros2_ws/src/install/controller_interface/share/controller_interface/cmake)
[2.298s] -- Found nav_msgs: 4.9.0 (/opt/ros/humble/share/nav_msgs/cmake)
[2.345s] -- Found tf2: 0.25.15 (/opt/ros/humble/share/tf2/cmake)
[2.345s] -- Found tf2_msgs: 0.25.15 (/opt/ros/humble/share/tf2_msgs/cmake)
[2.370s] -- Found ament_cmake_gmock: 1.3.12 (/opt/ros/humble/share/ament_cmake_gmock/cmake)
[2.371s] -- Found controller_manager: 2.51.0 (/home/student/ros2_ws/src/install/controller_manager/share/controller_manager/cmake)
[2.408s] -- Found ros2_control_test_assets: 2.51.0 (/home/student/ros2_ws/src/install/ros2_control_test_assets/share/ros2_control_test_assets/cmake)
[2.412s] -- Found gmock sources under '/opt/ros/humble/src/gmock_vendor': C++ tests using 'Google Mock' will be built
[2.420s] -- Found ament_cmake_gtest: 1.3.12 (/opt/ros/humble/share/ament_cmake_gtest/cmake)
[2.421s] -- Found gtest sources under '/opt/ros/humble/src/gtest_vendor': C++ tests using 'Google Test' will be built
[2.520s] -- Configuring done
[2.532s] [31mCMake Error at CMakeLists.txt:39 (add_library):
[2.532s]   Target "diff_drive_controller" links to target
[2.532s]   "controller_interface::controller_interface" but the target was not found.
[2.532s]   Perhaps a find_package() call is missing for an IMPORTED target, or an
[2.532s]   ALIAS target is missing?
[2.533s] 
[2.533s] [0m
[2.533s] [31mCMake Error at CMakeLists.txt:39 (add_library):
[2.533s]   Target "diff_drive_controller" links to target
[2.533s]   "hardware_interface::hardware_interface" but the target was not found.
[2.533s]   Perhaps a find_package() call is missing for an IMPORTED target, or an
[2.533s]   ALIAS target is missing?
[2.533s] 
[2.533s] [0m
[2.533s] [31mCMake Error at /opt/ros/humble/share/ament_cmake_gmock/cmake/ament_add_gmock.cmake:69 (add_executable):
[2.533s]   Target "test_diff_drive_controller" links to target
[2.533s]   "controller_interface::controller_interface" but the target was not found.
[2.533s]   Perhaps a find_package() call is missing for an IMPORTED target, or an
[2.533s]   ALIAS target is missing?
[2.533s] Call Stack (most recent call first):
[2.533s]   /opt/ros/humble/share/ament_cmake_gmock/cmake/ament_add_gmock.cmake:52 (_ament_add_gmock)
[2.534s]   CMakeLists.txt:71 (ament_add_gmock)
[2.534s] 
[2.534s] [0m
[2.534s] [31mCMake Error at /opt/ros/humble/share/ament_cmake_gmock/cmake/ament_add_gmock.cmake:69 (add_executable):
[2.534s]   Target "test_diff_drive_controller" links to target
[2.534s]   "hardware_interface::hardware_interface" but the target was not found.
[2.534s]   Perhaps a find_package() call is missing for an IMPORTED target, or an
[2.534s]   ALIAS target is missing?
[2.534s] Call Stack (most recent call first):
[2.534s]   /opt/ros/humble/share/ament_cmake_gmock/cmake/ament_add_gmock.cmake:52 (_ament_add_gmock)
[2.534s]   CMakeLists.txt:71 (ament_add_gmock)
[2.534s] 
[2.534s] [0m
[2.534s] [31mCMake Error at /opt/ros/humble/share/ament_cmake_gmock/cmake/ament_add_gmock.cmake:69 (add_executable):
[2.534s]   Target "test_load_diff_drive_controller" links to target
[2.534s]   "controller_manager::controller_manager" but the target was not found.
[2.534s]   Perhaps a find_package() call is missing for an IMPORTED target, or an
[2.534s]   ALIAS target is missing?
[2.534s] Call Stack (most recent call first):
[2.534s]   /opt/ros/humble/share/ament_cmake_gmock/cmake/ament_add_gmock.cmake:52 (_ament_add_gmock)
[2.534s]   CMakeLists.txt:79 (ament_add_gmock)
[2.534s] 
[2.535s] [0m
[2.535s] [31mCMake Error at /opt/ros/humble/share/ament_cmake_gmock/cmake/ament_add_gmock.cmake:69 (add_executable):
[2.535s]   Target "test_load_diff_drive_controller" links to target
[2.535s]   "ros2_control_test_assets::ros2_control_test_assets" but the target was not
[2.535s]   found.  Perhaps a find_package() call is missing for an IMPORTED target, or
[2.535s]   an ALIAS target is missing?
[2.535s] Call Stack (most recent call first):
[2.535s]   /opt/ros/humble/share/ament_cmake_gmock/cmake/ament_add_gmock.cmake:52 (_ament_add_gmock)
[2.535s]   CMakeLists.txt:79 (ament_add_gmock)
[2.535s] 
[2.535s] [0m
[2.561s] -- Generating done
[2.563s] [0mCMake Generate step failed.  Build files cannot be regenerated correctly.[0m
