[0.022s] Invoking command in '/home/student/UR_Robot_ws/build/ur_robot_driver': AMENT_PREFIX_PATH=/home/student/UR_Robot_ws/install/ur_controllers:/home/student/UR_Robot_ws/install/ur_description:/home/student/UR_Robot_ws/install/ur_dashboard_msgs:${AMENT_PREFIX_PATH} CMAKE_PREFIX_PATH=/home/student/UR_Robot_ws/install/ur_controllers:/home/student/UR_Robot_ws/install/ur_description:/home/student/UR_Robot_ws/install/ur_dashboard_msgs:/home/student/ws_moveit2/install/pilz_industrial_motion_planner_testutils:/home/student/ws_moveit2/install/moveit_runtime:/home/student/ws_moveit2/install/moveit2_tutorials:/home/student/ws_moveit2/install/moveit:/home/student/ws_moveit2/install/moveit_planners:/home/student/ws_moveit2/install/pilz_industrial_motion_planner:/home/student/ws_moveit2/install/moveit_visual_tools:/home/student/ws_moveit2/install/moveit_task_constructor_visualization:/home/student/ws_moveit2/install/moveit_task_constructor_demo:/home/student/ws_moveit2/install/moveit_task_constructor_capabilities:/home/student/ws_moveit2/install/moveit_task_constructor_core:/home/student/ws_moveit2/install/moveit_ros_control_interface:/home/student/ws_moveit2/install/moveit_plugins:/home/student/ws_moveit2/install/moveit_simple_controller_manager:/home/student/ws_moveit2/install/moveit_setup_assistant:/home/student/ws_moveit2/install/moveit_setup_srdf_plugins:/home/student/ws_moveit2/install/moveit_setup_core_plugins:/home/student/ws_moveit2/install/moveit_setup_controllers:/home/student/ws_moveit2/install/moveit_setup_app_plugins:/home/student/ws_moveit2/install/moveit_setup_framework:/home/student/ws_moveit2/install/moveit_servo:/home/student/ws_moveit2/install/moveit_ros:/home/student/ws_moveit2/install/moveit_ros_visualization:/home/student/ws_moveit2/install/moveit_hybrid_planning:/home/student/ws_moveit2/install/moveit_ros_planning_interface:/home/student/ws_moveit2/install/moveit_ros_benchmarks:/home/student/ws_moveit2/install/moveit_ros_warehouse:/home/student/ws_moveit2/install/moveit_ros_robot_interaction:/home/student/ws_moveit2/install/moveit_ros_perception:/home/student/ws_moveit2/install/moveit_resources_prbt_pg70_support:/home/student/ws_moveit2/install/moveit_resources_prbt_moveit_config:/home/student/ws_moveit2/install/moveit_ros_move_group:/home/student/ws_moveit2/install/moveit_planners_ompl:/home/student/ws_moveit2/install/moveit_ros_planning:/home/student/ws_moveit2/install/moveit_ros_occupancy_map_monitor:/home/student/ws_moveit2/install/moveit_resources_prbt_ikfast_manipulator_plugin:/home/student/ws_moveit2/install/moveit_planners_chomp:/home/student/ws_moveit2/install/moveit_kinematics:/home/student/ws_moveit2/install/moveit_chomp_optimizer_adapter:/home/student/ws_moveit2/install/chomp_motion_planner:/home/student/ws_moveit2/install/moveit_core:/home/student/ws_moveit2/install/srdfdom:/home/student/ws_moveit2/install/rviz_marker_tools:/home/student/ws_moveit2/install/rosparam_shortcuts:/home/student/ws_moveit2/install/moveit_task_constructor_msgs:/home/student/ws_moveit2/install/moveit_resources_prbt_support:/home/student/ws_moveit2/install/moveit_resources:/home/student/ws_moveit2/install/moveit_resources_pr2_description:/home/student/ws_moveit2/install/moveit_resources_panda_moveit_config:/home/student/ws_moveit2/install/moveit_resources_panda_description:/home/student/ws_moveit2/install/moveit_resources_fanuc_moveit_config:/home/student/ws_moveit2/install/moveit_resources_fanuc_description:/home/student/ws_moveit2/install/moveit_common:/home/student/ws_moveit2/install/moveit_configs_utils:/home/student/ws_moveit2/install/launch_param_builder:/opt/ros/humble LD_LIBRARY_PATH=/home/student/UR_Robot_ws/install/ur_controllers/lib:/home/student/UR_Robot_ws/install/ur_dashboard_msgs/lib:${LD_LIBRARY_PATH} PYTHONPATH=/home/student/UR_Robot_ws/install/ur_dashboard_msgs/local/lib/python3.10/dist-packages:${PYTHONPATH} /usr/bin/cmake /home/student/UR_Robot_ws/src/ur_robot_driver -DCMAKE_INSTALL_PREFIX=/home/student/UR_Robot_ws/install/ur_robot_driver
[0.045s] [0mur_robot_driver: You did not request a specific build type: selecting 'RelWithDebInfo'.[0m
[0.045s] -- Found ament_cmake: 1.3.12 (/opt/ros/humble/share/ament_cmake/cmake)
[0.168s] -- Override CMake install command with custom implementation using symlinks instead of copying resources
[0.175s] -- Found controller_manager: 2.51.0 (/home/student/ros2_ws/install/controller_manager/share/controller_manager/cmake)
[0.207s] -- Found rosidl_generator_c: 3.1.7 (/opt/ros/humble/share/rosidl_generator_c/cmake)
[0.209s] -- Found rosidl_adapter: 3.1.7 (/opt/ros/humble/share/rosidl_adapter/cmake)
[0.215s] -- Found rosidl_generator_cpp: 3.1.7 (/opt/ros/humble/share/rosidl_generator_cpp/cmake)
[0.226s] -- Using all available rosidl_typesupport_c: rosidl_typesupport_fastrtps_c;rosidl_typesupport_introspection_c
[0.240s] -- Using all available rosidl_typesupport_cpp: rosidl_typesupport_fastrtps_cpp;rosidl_typesupport_introspection_cpp
[0.421s] -- Found rmw_implementation_cmake: 6.1.2 (/opt/ros/humble/share/rmw_implementation_cmake/cmake)
[0.424s] -- Found rmw_fastrtps_cpp: 6.2.8 (/opt/ros/humble/share/rmw_fastrtps_cpp/cmake)
[0.442s] -- Found TinyXML2 via Config file: TinyXML2_DIR-NOTFOUND
[0.452s] -- Found TinyXML2 via Config file: TinyXML2_DIR-NOTFOUND
[0.468s] -- Found TinyXML2 via Config file: TinyXML2_DIR-NOTFOUND
[0.477s] -- Found TinyXML2 via Config file: TinyXML2_DIR-NOTFOUND
[0.490s] -- Using RMW implementation 'rmw_fastrtps_cpp' as default
[0.567s] -- Found rclpy: 3.3.17 (/opt/ros/humble/share/rclpy/cmake)
[0.567s] -- Found std_srvs: 4.9.0 (/opt/ros/humble/share/std_srvs/cmake)
[0.576s] -- Found tf2_geometry_msgs: 0.25.16 (/opt/ros/humble/share/tf2_geometry_msgs/cmake)
[0.579s] -- Found eigen3_cmake_module: 0.1.1 (/opt/ros/humble/share/eigen3_cmake_module/cmake)
[0.580s] -- Ensuring Eigen3 include directory is part of orocos-kdl CMake target
[0.632s] -- Found ur_dashboard_msgs: 2.8.1 (/home/student/UR_Robot_ws/install/ur_dashboard_msgs/share/ur_dashboard_msgs/cmake)
[0.647s] -- Found ur_msgs: 2.3.0 (/opt/ros/humble/share/ur_msgs/cmake)
[1.122s] -- Found ur_controllers: 2.8.1 (/home/student/UR_Robot_ws/install/ur_controllers/share/ur_controllers/cmake)
[1.210s] -- Found ur_description: 2.6.0 (/home/student/UR_Robot_ws/install/ur_description/share/ur_description/cmake)
[1.210s] -- Found launch_testing_ament_cmake: 1.0.10 (/opt/ros/humble/share/launch_testing_ament_cmake/cmake)
[1.211s] -- Found python_cmake_module: 0.10.0 (/opt/ros/humble/share/python_cmake_module/cmake)
[1.233s] -- Using PYTHON_EXECUTABLE: /usr/bin/python3
[1.233s] -- Using PYTHON_INCLUDE_DIRS: /usr/include/python3.10
[1.233s] -- Using PYTHON_LIBRARIES: /usr/lib/x86_64-linux-gnu/libpython3.10.so
[1.235s] -- Configuring done
[1.430s] -- Generating done
[1.450s] -- Build files have been written to: /home/student/UR_Robot_ws/build/ur_robot_driver
[1.460s] Invoked command in '/home/student/UR_Robot_ws/build/ur_robot_driver' returned '0': AMENT_PREFIX_PATH=/home/student/UR_Robot_ws/install/ur_controllers:/home/student/UR_Robot_ws/install/ur_description:/home/student/UR_Robot_ws/install/ur_dashboard_msgs:${AMENT_PREFIX_PATH} CMAKE_PREFIX_PATH=/home/student/UR_Robot_ws/install/ur_controllers:/home/student/UR_Robot_ws/install/ur_description:/home/student/UR_Robot_ws/install/ur_dashboard_msgs:/home/student/ws_moveit2/install/pilz_industrial_motion_planner_testutils:/home/student/ws_moveit2/install/moveit_runtime:/home/student/ws_moveit2/install/moveit2_tutorials:/home/student/ws_moveit2/install/moveit:/home/student/ws_moveit2/install/moveit_planners:/home/student/ws_moveit2/install/pilz_industrial_motion_planner:/home/student/ws_moveit2/install/moveit_visual_tools:/home/student/ws_moveit2/install/moveit_task_constructor_visualization:/home/student/ws_moveit2/install/moveit_task_constructor_demo:/home/student/ws_moveit2/install/moveit_task_constructor_capabilities:/home/student/ws_moveit2/install/moveit_task_constructor_core:/home/student/ws_moveit2/install/moveit_ros_control_interface:/home/student/ws_moveit2/install/moveit_plugins:/home/student/ws_moveit2/install/moveit_simple_controller_manager:/home/student/ws_moveit2/install/moveit_setup_assistant:/home/student/ws_moveit2/install/moveit_setup_srdf_plugins:/home/student/ws_moveit2/install/moveit_setup_core_plugins:/home/student/ws_moveit2/install/moveit_setup_controllers:/home/student/ws_moveit2/install/moveit_setup_app_plugins:/home/student/ws_moveit2/install/moveit_setup_framework:/home/student/ws_moveit2/install/moveit_servo:/home/student/ws_moveit2/install/moveit_ros:/home/student/ws_moveit2/install/moveit_ros_visualization:/home/student/ws_moveit2/install/moveit_hybrid_planning:/home/student/ws_moveit2/install/moveit_ros_planning_interface:/home/student/ws_moveit2/install/moveit_ros_benchmarks:/home/student/ws_moveit2/install/moveit_ros_warehouse:/home/student/ws_moveit2/install/moveit_ros_robot_interaction:/home/student/ws_moveit2/install/moveit_ros_perception:/home/student/ws_moveit2/install/moveit_resources_prbt_pg70_support:/home/student/ws_moveit2/install/moveit_resources_prbt_moveit_config:/home/student/ws_moveit2/install/moveit_ros_move_group:/home/student/ws_moveit2/install/moveit_planners_ompl:/home/student/ws_moveit2/install/moveit_ros_planning:/home/student/ws_moveit2/install/moveit_ros_occupancy_map_monitor:/home/student/ws_moveit2/install/moveit_resources_prbt_ikfast_manipulator_plugin:/home/student/ws_moveit2/install/moveit_planners_chomp:/home/student/ws_moveit2/install/moveit_kinematics:/home/student/ws_moveit2/install/moveit_chomp_optimizer_adapter:/home/student/ws_moveit2/install/chomp_motion_planner:/home/student/ws_moveit2/install/moveit_core:/home/student/ws_moveit2/install/srdfdom:/home/student/ws_moveit2/install/rviz_marker_tools:/home/student/ws_moveit2/install/rosparam_shortcuts:/home/student/ws_moveit2/install/moveit_task_constructor_msgs:/home/student/ws_moveit2/install/moveit_resources_prbt_support:/home/student/ws_moveit2/install/moveit_resources:/home/student/ws_moveit2/install/moveit_resources_pr2_description:/home/student/ws_moveit2/install/moveit_resources_panda_moveit_config:/home/student/ws_moveit2/install/moveit_resources_panda_description:/home/student/ws_moveit2/install/moveit_resources_fanuc_moveit_config:/home/student/ws_moveit2/install/moveit_resources_fanuc_description:/home/student/ws_moveit2/install/moveit_common:/home/student/ws_moveit2/install/moveit_configs_utils:/home/student/ws_moveit2/install/launch_param_builder:/opt/ros/humble LD_LIBRARY_PATH=/home/student/UR_Robot_ws/install/ur_controllers/lib:/home/student/UR_Robot_ws/install/ur_dashboard_msgs/lib:${LD_LIBRARY_PATH} PYTHONPATH=/home/student/UR_Robot_ws/install/ur_dashboard_msgs/local/lib/python3.10/dist-packages:${PYTHONPATH} /usr/bin/cmake /home/student/UR_Robot_ws/src/ur_robot_driver -DCMAKE_INSTALL_PREFIX=/home/student/UR_Robot_ws/install/ur_robot_driver
[1.461s] Invoking command in '/home/student/UR_Robot_ws/build/ur_robot_driver': AMENT_PREFIX_PATH=/home/student/UR_Robot_ws/install/ur_controllers:/home/student/UR_Robot_ws/install/ur_description:/home/student/UR_Robot_ws/install/ur_dashboard_msgs:${AMENT_PREFIX_PATH} CMAKE_PREFIX_PATH=/home/student/UR_Robot_ws/install/ur_controllers:/home/student/UR_Robot_ws/install/ur_description:/home/student/UR_Robot_ws/install/ur_dashboard_msgs:/home/student/ws_moveit2/install/pilz_industrial_motion_planner_testutils:/home/student/ws_moveit2/install/moveit_runtime:/home/student/ws_moveit2/install/moveit2_tutorials:/home/student/ws_moveit2/install/moveit:/home/student/ws_moveit2/install/moveit_planners:/home/student/ws_moveit2/install/pilz_industrial_motion_planner:/home/student/ws_moveit2/install/moveit_visual_tools:/home/student/ws_moveit2/install/moveit_task_constructor_visualization:/home/student/ws_moveit2/install/moveit_task_constructor_demo:/home/student/ws_moveit2/install/moveit_task_constructor_capabilities:/home/student/ws_moveit2/install/moveit_task_constructor_core:/home/student/ws_moveit2/install/moveit_ros_control_interface:/home/student/ws_moveit2/install/moveit_plugins:/home/student/ws_moveit2/install/moveit_simple_controller_manager:/home/student/ws_moveit2/install/moveit_setup_assistant:/home/student/ws_moveit2/install/moveit_setup_srdf_plugins:/home/student/ws_moveit2/install/moveit_setup_core_plugins:/home/student/ws_moveit2/install/moveit_setup_controllers:/home/student/ws_moveit2/install/moveit_setup_app_plugins:/home/student/ws_moveit2/install/moveit_setup_framework:/home/student/ws_moveit2/install/moveit_servo:/home/student/ws_moveit2/install/moveit_ros:/home/student/ws_moveit2/install/moveit_ros_visualization:/home/student/ws_moveit2/install/moveit_hybrid_planning:/home/student/ws_moveit2/install/moveit_ros_planning_interface:/home/student/ws_moveit2/install/moveit_ros_benchmarks:/home/student/ws_moveit2/install/moveit_ros_warehouse:/home/student/ws_moveit2/install/moveit_ros_robot_interaction:/home/student/ws_moveit2/install/moveit_ros_perception:/home/student/ws_moveit2/install/moveit_resources_prbt_pg70_support:/home/student/ws_moveit2/install/moveit_resources_prbt_moveit_config:/home/student/ws_moveit2/install/moveit_ros_move_group:/home/student/ws_moveit2/install/moveit_planners_ompl:/home/student/ws_moveit2/install/moveit_ros_planning:/home/student/ws_moveit2/install/moveit_ros_occupancy_map_monitor:/home/student/ws_moveit2/install/moveit_resources_prbt_ikfast_manipulator_plugin:/home/student/ws_moveit2/install/moveit_planners_chomp:/home/student/ws_moveit2/install/moveit_kinematics:/home/student/ws_moveit2/install/moveit_chomp_optimizer_adapter:/home/student/ws_moveit2/install/chomp_motion_planner:/home/student/ws_moveit2/install/moveit_core:/home/student/ws_moveit2/install/srdfdom:/home/student/ws_moveit2/install/rviz_marker_tools:/home/student/ws_moveit2/install/rosparam_shortcuts:/home/student/ws_moveit2/install/moveit_task_constructor_msgs:/home/student/ws_moveit2/install/moveit_resources_prbt_support:/home/student/ws_moveit2/install/moveit_resources:/home/student/ws_moveit2/install/moveit_resources_pr2_description:/home/student/ws_moveit2/install/moveit_resources_panda_moveit_config:/home/student/ws_moveit2/install/moveit_resources_panda_description:/home/student/ws_moveit2/install/moveit_resources_fanuc_moveit_config:/home/student/ws_moveit2/install/moveit_resources_fanuc_description:/home/student/ws_moveit2/install/moveit_common:/home/student/ws_moveit2/install/moveit_configs_utils:/home/student/ws_moveit2/install/launch_param_builder:/opt/ros/humble LD_LIBRARY_PATH=/home/student/UR_Robot_ws/install/ur_controllers/lib:/home/student/UR_Robot_ws/install/ur_dashboard_msgs/lib:${LD_LIBRARY_PATH} PYTHONPATH=/home/student/UR_Robot_ws/install/ur_dashboard_msgs/local/lib/python3.10/dist-packages:${PYTHONPATH} /usr/bin/cmake --build /home/student/UR_Robot_ws/build/ur_robot_driver -- -j8 -l8
[1.528s] [35m[1mConsolidate compiler generated dependencies of target urscript_interface[0m
[1.529s] [35m[1mConsolidate compiler generated dependencies of target ur_ros2_control_node[0m
[1.531s] [35m[1mConsolidate compiler generated dependencies of target robot_state_helper[0m
[1.531s] [35m[1mConsolidate compiler generated dependencies of target controller_stopper_node[0m
[1.533s] [35m[1mConsolidate compiler generated dependencies of target ur_robot_driver_plugin[0m
[1.534s] [35m[1mConsolidate compiler generated dependencies of target dashboard_client[0m
[1.565s] [  5%] [32mBuilding CXX object CMakeFiles/urscript_interface.dir/src/urscript_interface.cpp.o[0m
[1.567s] [ 10%] [32mBuilding CXX object CMakeFiles/controller_stopper_node.dir/src/controller_stopper.cpp.o[0m
[1.567s] [ 15%] [32mBuilding CXX object CMakeFiles/ur_ros2_control_node.dir/src/ur_ros2_control_node.cpp.o[0m
[1.572s] [ 15%] Built target ament_cmake_python_symlink_ur_robot_driver
[1.575s] [ 20%] [32mBuilding CXX object CMakeFiles/controller_stopper_node.dir/src/controller_stopper_node.cpp.o[0m
[1.578s] [ 25%] [32mBuilding CXX object CMakeFiles/robot_state_helper.dir/src/robot_state_helper.cpp.o[0m
[1.588s] [ 30%] [32mBuilding CXX object CMakeFiles/ur_robot_driver_plugin.dir/src/dashboard_client_ros.cpp.o[0m
[1.591s] [ 35%] [32mBuilding CXX object CMakeFiles/dashboard_client.dir/src/dashboard_client_ros.cpp.o[0m
[1.983s] running egg_info
[1.984s] writing ur_robot_driver.egg-info/PKG-INFO
[1.988s] writing dependency_links to ur_robot_driver.egg-info/dependency_links.txt
[1.988s] writing top-level names to ur_robot_driver.egg-info/top_level.txt
[1.988s] reading manifest file 'ur_robot_driver.egg-info/SOURCES.txt'
[1.989s] writing manifest file 'ur_robot_driver.egg-info/SOURCES.txt'
[2.030s] [ 35%] Built target ament_cmake_python_build_ur_robot_driver_egg
[2.048s] [ 40%] [32mBuilding CXX object CMakeFiles/ur_robot_driver_plugin.dir/src/hardware_interface.cpp.o[0m
[9.824s] [ 45%] [32mBuilding CXX object CMakeFiles/ur_robot_driver_plugin.dir/src/urcl_log_handler.cpp.o[0m
[11.484s] [ 50%] [32mBuilding CXX object CMakeFiles/dashboard_client.dir/src/dashboard_client_node.cpp.o[0m
[11.831s] [ 55%] [32m[1mLinking CXX executable ur_ros2_control_node[0m
[13.617s] [ 55%] Built target ur_ros2_control_node
[13.636s] [ 60%] [32mBuilding CXX object CMakeFiles/robot_state_helper.dir/src/robot_state_helper_node.cpp.o[0m
[21.724s] [ 65%] [32mBuilding CXX object CMakeFiles/robot_state_helper.dir/src/urcl_log_handler.cpp.o[0m
[22.574s] [ 70%] [32mBuilding CXX object CMakeFiles/ur_robot_driver_plugin.dir/src/robot_state_helper.cpp.o[0m
[23.392s] [ 75%] [32mBuilding CXX object CMakeFiles/dashboard_client.dir/src/urcl_log_handler.cpp.o[0m
[25.935s] [ 80%] [32m[1mLinking CXX executable urscript_interface[0m
[26.513s] [ 80%] Built target urscript_interface
[31.722s] [ 85%] [32m[1mLinking CXX executable controller_stopper_node[0m
[32.322s] [ 85%] Built target controller_stopper_node
[38.011s] [ 90%] [32m[1mLinking CXX executable dashboard_client[0m
[38.449s] [ 90%] Built target dashboard_client
[41.630s] [ 95%] [32m[1mLinking CXX executable robot_state_helper[0m
[42.190s] [ 95%] Built target robot_state_helper
[51.588s] [100%] [32m[1mLinking CXX shared library libur_robot_driver_plugin.so[0m
[52.336s] [100%] Built target ur_robot_driver_plugin
[52.351s] Invoked command in '/home/student/UR_Robot_ws/build/ur_robot_driver' returned '0': AMENT_PREFIX_PATH=/home/student/UR_Robot_ws/install/ur_controllers:/home/student/UR_Robot_ws/install/ur_description:/home/student/UR_Robot_ws/install/ur_dashboard_msgs:${AMENT_PREFIX_PATH} CMAKE_PREFIX_PATH=/home/student/UR_Robot_ws/install/ur_controllers:/home/student/UR_Robot_ws/install/ur_description:/home/student/UR_Robot_ws/install/ur_dashboard_msgs:/home/student/ws_moveit2/install/pilz_industrial_motion_planner_testutils:/home/student/ws_moveit2/install/moveit_runtime:/home/student/ws_moveit2/install/moveit2_tutorials:/home/student/ws_moveit2/install/moveit:/home/student/ws_moveit2/install/moveit_planners:/home/student/ws_moveit2/install/pilz_industrial_motion_planner:/home/student/ws_moveit2/install/moveit_visual_tools:/home/student/ws_moveit2/install/moveit_task_constructor_visualization:/home/student/ws_moveit2/install/moveit_task_constructor_demo:/home/student/ws_moveit2/install/moveit_task_constructor_capabilities:/home/student/ws_moveit2/install/moveit_task_constructor_core:/home/student/ws_moveit2/install/moveit_ros_control_interface:/home/student/ws_moveit2/install/moveit_plugins:/home/student/ws_moveit2/install/moveit_simple_controller_manager:/home/student/ws_moveit2/install/moveit_setup_assistant:/home/student/ws_moveit2/install/moveit_setup_srdf_plugins:/home/student/ws_moveit2/install/moveit_setup_core_plugins:/home/student/ws_moveit2/install/moveit_setup_controllers:/home/student/ws_moveit2/install/moveit_setup_app_plugins:/home/student/ws_moveit2/install/moveit_setup_framework:/home/student/ws_moveit2/install/moveit_servo:/home/student/ws_moveit2/install/moveit_ros:/home/student/ws_moveit2/install/moveit_ros_visualization:/home/student/ws_moveit2/install/moveit_hybrid_planning:/home/student/ws_moveit2/install/moveit_ros_planning_interface:/home/student/ws_moveit2/install/moveit_ros_benchmarks:/home/student/ws_moveit2/install/moveit_ros_warehouse:/home/student/ws_moveit2/install/moveit_ros_robot_interaction:/home/student/ws_moveit2/install/moveit_ros_perception:/home/student/ws_moveit2/install/moveit_resources_prbt_pg70_support:/home/student/ws_moveit2/install/moveit_resources_prbt_moveit_config:/home/student/ws_moveit2/install/moveit_ros_move_group:/home/student/ws_moveit2/install/moveit_planners_ompl:/home/student/ws_moveit2/install/moveit_ros_planning:/home/student/ws_moveit2/install/moveit_ros_occupancy_map_monitor:/home/student/ws_moveit2/install/moveit_resources_prbt_ikfast_manipulator_plugin:/home/student/ws_moveit2/install/moveit_planners_chomp:/home/student/ws_moveit2/install/moveit_kinematics:/home/student/ws_moveit2/install/moveit_chomp_optimizer_adapter:/home/student/ws_moveit2/install/chomp_motion_planner:/home/student/ws_moveit2/install/moveit_core:/home/student/ws_moveit2/install/srdfdom:/home/student/ws_moveit2/install/rviz_marker_tools:/home/student/ws_moveit2/install/rosparam_shortcuts:/home/student/ws_moveit2/install/moveit_task_constructor_msgs:/home/student/ws_moveit2/install/moveit_resources_prbt_support:/home/student/ws_moveit2/install/moveit_resources:/home/student/ws_moveit2/install/moveit_resources_pr2_description:/home/student/ws_moveit2/install/moveit_resources_panda_moveit_config:/home/student/ws_moveit2/install/moveit_resources_panda_description:/home/student/ws_moveit2/install/moveit_resources_fanuc_moveit_config:/home/student/ws_moveit2/install/moveit_resources_fanuc_description:/home/student/ws_moveit2/install/moveit_common:/home/student/ws_moveit2/install/moveit_configs_utils:/home/student/ws_moveit2/install/launch_param_builder:/opt/ros/humble LD_LIBRARY_PATH=/home/student/UR_Robot_ws/install/ur_controllers/lib:/home/student/UR_Robot_ws/install/ur_dashboard_msgs/lib:${LD_LIBRARY_PATH} PYTHONPATH=/home/student/UR_Robot_ws/install/ur_dashboard_msgs/local/lib/python3.10/dist-packages:${PYTHONPATH} /usr/bin/cmake --build /home/student/UR_Robot_ws/build/ur_robot_driver -- -j8 -l8
[52.353s] Invoking command in '/home/student/UR_Robot_ws/build/ur_robot_driver': AMENT_PREFIX_PATH=/home/student/UR_Robot_ws/install/ur_controllers:/home/student/UR_Robot_ws/install/ur_description:/home/student/UR_Robot_ws/install/ur_dashboard_msgs:${AMENT_PREFIX_PATH} CMAKE_PREFIX_PATH=/home/student/UR_Robot_ws/install/ur_controllers:/home/student/UR_Robot_ws/install/ur_description:/home/student/UR_Robot_ws/install/ur_dashboard_msgs:/home/student/ws_moveit2/install/pilz_industrial_motion_planner_testutils:/home/student/ws_moveit2/install/moveit_runtime:/home/student/ws_moveit2/install/moveit2_tutorials:/home/student/ws_moveit2/install/moveit:/home/student/ws_moveit2/install/moveit_planners:/home/student/ws_moveit2/install/pilz_industrial_motion_planner:/home/student/ws_moveit2/install/moveit_visual_tools:/home/student/ws_moveit2/install/moveit_task_constructor_visualization:/home/student/ws_moveit2/install/moveit_task_constructor_demo:/home/student/ws_moveit2/install/moveit_task_constructor_capabilities:/home/student/ws_moveit2/install/moveit_task_constructor_core:/home/student/ws_moveit2/install/moveit_ros_control_interface:/home/student/ws_moveit2/install/moveit_plugins:/home/student/ws_moveit2/install/moveit_simple_controller_manager:/home/student/ws_moveit2/install/moveit_setup_assistant:/home/student/ws_moveit2/install/moveit_setup_srdf_plugins:/home/student/ws_moveit2/install/moveit_setup_core_plugins:/home/student/ws_moveit2/install/moveit_setup_controllers:/home/student/ws_moveit2/install/moveit_setup_app_plugins:/home/student/ws_moveit2/install/moveit_setup_framework:/home/student/ws_moveit2/install/moveit_servo:/home/student/ws_moveit2/install/moveit_ros:/home/student/ws_moveit2/install/moveit_ros_visualization:/home/student/ws_moveit2/install/moveit_hybrid_planning:/home/student/ws_moveit2/install/moveit_ros_planning_interface:/home/student/ws_moveit2/install/moveit_ros_benchmarks:/home/student/ws_moveit2/install/moveit_ros_warehouse:/home/student/ws_moveit2/install/moveit_ros_robot_interaction:/home/student/ws_moveit2/install/moveit_ros_perception:/home/student/ws_moveit2/install/moveit_resources_prbt_pg70_support:/home/student/ws_moveit2/install/moveit_resources_prbt_moveit_config:/home/student/ws_moveit2/install/moveit_ros_move_group:/home/student/ws_moveit2/install/moveit_planners_ompl:/home/student/ws_moveit2/install/moveit_ros_planning:/home/student/ws_moveit2/install/moveit_ros_occupancy_map_monitor:/home/student/ws_moveit2/install/moveit_resources_prbt_ikfast_manipulator_plugin:/home/student/ws_moveit2/install/moveit_planners_chomp:/home/student/ws_moveit2/install/moveit_kinematics:/home/student/ws_moveit2/install/moveit_chomp_optimizer_adapter:/home/student/ws_moveit2/install/chomp_motion_planner:/home/student/ws_moveit2/install/moveit_core:/home/student/ws_moveit2/install/srdfdom:/home/student/ws_moveit2/install/rviz_marker_tools:/home/student/ws_moveit2/install/rosparam_shortcuts:/home/student/ws_moveit2/install/moveit_task_constructor_msgs:/home/student/ws_moveit2/install/moveit_resources_prbt_support:/home/student/ws_moveit2/install/moveit_resources:/home/student/ws_moveit2/install/moveit_resources_pr2_description:/home/student/ws_moveit2/install/moveit_resources_panda_moveit_config:/home/student/ws_moveit2/install/moveit_resources_panda_description:/home/student/ws_moveit2/install/moveit_resources_fanuc_moveit_config:/home/student/ws_moveit2/install/moveit_resources_fanuc_description:/home/student/ws_moveit2/install/moveit_common:/home/student/ws_moveit2/install/moveit_configs_utils:/home/student/ws_moveit2/install/launch_param_builder:/opt/ros/humble LD_LIBRARY_PATH=/home/student/UR_Robot_ws/install/ur_controllers/lib:/home/student/UR_Robot_ws/install/ur_dashboard_msgs/lib:${LD_LIBRARY_PATH} PYTHONPATH=/home/student/UR_Robot_ws/install/ur_dashboard_msgs/local/lib/python3.10/dist-packages:${PYTHONPATH} /usr/bin/cmake --install /home/student/UR_Robot_ws/build/ur_robot_driver
[52.363s] -- Install configuration: "RelWithDebInfo"
[52.364s] -- Execute custom install script
[52.364s] -- Up-to-date symlink: /home/student/UR_Robot_ws/install/ur_robot_driver/share/ur_robot_driver//hardware_interface_plugin.xml
[52.365s] -- Up-to-date symlink: /home/student/UR_Robot_ws/install/ur_robot_driver/lib/ur_robot_driver/dashboard_client
[52.365s] -- Up-to-date symlink: /home/student/UR_Robot_ws/install/ur_robot_driver/lib/ur_robot_driver/ur_ros2_control_node
[52.365s] -- Up-to-date symlink: /home/student/UR_Robot_ws/install/ur_robot_driver/lib/ur_robot_driver/controller_stopper_node
[52.365s] -- Up-to-date symlink: /home/student/UR_Robot_ws/install/ur_robot_driver/lib/ur_robot_driver/urscript_interface
[52.366s] -- Up-to-date symlink: /home/student/UR_Robot_ws/install/ur_robot_driver/lib/ur_robot_driver/robot_state_helper
[52.366s] -- Up-to-date symlink: /home/student/UR_Robot_ws/install/ur_robot_driver/lib/libur_robot_driver_plugin.so
[52.367s] -- Up-to-date symlink: /home/student/UR_Robot_ws/install/ur_robot_driver/include/ur_robot_driver/controller_stopper.hpp
[52.367s] -- Up-to-date symlink: /home/student/UR_Robot_ws/install/ur_robot_driver/include/ur_robot_driver/dashboard_client_ros.hpp
[52.367s] -- Up-to-date symlink: /home/student/UR_Robot_ws/install/ur_robot_driver/include/ur_robot_driver/hardware_interface.hpp
[52.368s] -- Up-to-date symlink: /home/student/UR_Robot_ws/install/ur_robot_driver/include/ur_robot_driver/robot_state_helper.hpp
[52.368s] -- Up-to-date symlink: /home/student/UR_Robot_ws/install/ur_robot_driver/include/ur_robot_driver/urcl_log_handler.hpp
[52.368s] -- Up-to-date symlink: /home/student/UR_Robot_ws/install/ur_robot_driver/share/ur_robot_driver/environment/library_path.sh
[52.368s] -- Up-to-date symlink: /home/student/UR_Robot_ws/install/ur_robot_driver/share/ur_robot_driver/environment/library_path.dsv
[52.369s] -- Up-to-date symlink: /home/student/UR_Robot_ws/install/ur_robot_driver/include/ur_robot_driver/controller_stopper.hpp
[52.369s] -- Up-to-date symlink: /home/student/UR_Robot_ws/install/ur_robot_driver/include/ur_robot_driver/dashboard_client_ros.hpp
[52.369s] -- Up-to-date symlink: /home/student/UR_Robot_ws/install/ur_robot_driver/include/ur_robot_driver/hardware_interface.hpp
[52.369s] -- Up-to-date symlink: /home/student/UR_Robot_ws/install/ur_robot_driver/include/ur_robot_driver/robot_state_helper.hpp
[52.369s] -- Up-to-date symlink: /home/student/UR_Robot_ws/install/ur_robot_driver/include/ur_robot_driver/urcl_log_handler.hpp
[52.370s] -- Up-to-date symlink: /home/student/UR_Robot_ws/install/ur_robot_driver/share/ur_robot_driver/environment/pythonpath.sh
[52.370s] -- Up-to-date symlink: /home/student/UR_Robot_ws/install/ur_robot_driver/share/ur_robot_driver/environment/pythonpath.dsv
[52.370s] -- Up-to-date symlink: /home/student/UR_Robot_ws/install/ur_robot_driver/local/lib/python3.10/dist-packages/ur_robot_driver-2.8.1-py3.10.egg-info/PKG-INFO
[52.371s] -- Up-to-date symlink: /home/student/UR_Robot_ws/install/ur_robot_driver/local/lib/python3.10/dist-packages/ur_robot_driver-2.8.1-py3.10.egg-info/SOURCES.txt
[52.371s] -- Up-to-date symlink: /home/student/UR_Robot_ws/install/ur_robot_driver/local/lib/python3.10/dist-packages/ur_robot_driver-2.8.1-py3.10.egg-info/dependency_links.txt
[52.371s] -- Up-to-date symlink: /home/student/UR_Robot_ws/install/ur_robot_driver/local/lib/python3.10/dist-packages/ur_robot_driver-2.8.1-py3.10.egg-info/top_level.txt
[52.371s] -- Up-to-date symlink: /home/student/UR_Robot_ws/install/ur_robot_driver/local/lib/python3.10/dist-packages/ur_robot_driver/__init__.py
[52.372s] -- Up-to-date symlink: /home/student/UR_Robot_ws/install/ur_robot_driver/lib/ur_robot_driver/tool_communication.py
[52.372s] -- Up-to-date symlink: /home/student/UR_Robot_ws/install/ur_robot_driver/lib/ur_robot_driver/example_move.py
[52.372s] -- Up-to-date symlink: /home/student/UR_Robot_ws/install/ur_robot_driver/lib/ur_robot_driver/start_ursim.sh
[52.372s] -- Up-to-date symlink: /home/student/UR_Robot_ws/install/ur_robot_driver/lib/ur_robot_driver/examples.py
[52.372s] -- Up-to-date symlink: /home/student/UR_Robot_ws/install/ur_robot_driver/lib/ur_robot_driver/force_mode.py
[52.373s] -- Up-to-date symlink: /home/student/UR_Robot_ws/install/ur_robot_driver/bin/wait_dashboard_server.sh
[52.373s] -- Up-to-date symlink: /home/student/UR_Robot_ws/install/ur_robot_driver/lib/ur_robot_driver/start_ursim.sh
[52.374s] -- Up-to-date symlink: /home/student/UR_Robot_ws/install/ur_robot_driver/share/ur_robot_driver/config/test_goal_publishers_config.yaml
[52.374s] -- Up-to-date symlink: /home/student/UR_Robot_ws/install/ur_robot_driver/share/ur_robot_driver/config/test_velocity_goal_publishers_config.yaml
[52.374s] -- Up-to-date symlink: /home/student/UR_Robot_ws/install/ur_robot_driver/share/ur_robot_driver/config/ur10_update_rate.yaml
[52.374s] -- Up-to-date symlink: /home/student/UR_Robot_ws/install/ur_robot_driver/share/ur_robot_driver/config/ur10e_update_rate.yaml
[52.374s] -- Up-to-date symlink: /home/student/UR_Robot_ws/install/ur_robot_driver/share/ur_robot_driver/config/ur15_update_rate.yaml
[52.374s] -- Up-to-date symlink: /home/student/UR_Robot_ws/install/ur_robot_driver/share/ur_robot_driver/config/ur16e_update_rate.yaml
[52.375s] -- Up-to-date symlink: /home/student/UR_Robot_ws/install/ur_robot_driver/share/ur_robot_driver/config/ur20_update_rate.yaml
[52.375s] -- Up-to-date symlink: /home/student/UR_Robot_ws/install/ur_robot_driver/share/ur_robot_driver/config/ur30_update_rate.yaml
[52.375s] -- Up-to-date symlink: /home/student/UR_Robot_ws/install/ur_robot_driver/share/ur_robot_driver/config/ur3_update_rate.yaml
[52.375s] -- Up-to-date symlink: /home/student/UR_Robot_ws/install/ur_robot_driver/share/ur_robot_driver/config/ur3e_update_rate.yaml
[52.375s] -- Up-to-date symlink: /home/student/UR_Robot_ws/install/ur_robot_driver/share/ur_robot_driver/config/ur5_update_rate.yaml
[52.375s] -- Up-to-date symlink: /home/student/UR_Robot_ws/install/ur_robot_driver/share/ur_robot_driver/config/ur5e_update_rate.yaml
[52.376s] -- Up-to-date symlink: /home/student/UR_Robot_ws/install/ur_robot_driver/share/ur_robot_driver/config/ur_controllers.yaml
[52.376s] -- Up-to-date symlink: /home/student/UR_Robot_ws/install/ur_robot_driver/share/ur_robot_driver/launch/test_forward_velocity_controller.launch.py
[52.376s] -- Up-to-date symlink: /home/student/UR_Robot_ws/install/ur_robot_driver/share/ur_robot_driver/launch/test_joint_trajectory_controller.launch.py
[52.377s] -- Up-to-date symlink: /home/student/UR_Robot_ws/install/ur_robot_driver/share/ur_robot_driver/launch/test_scaled_joint_trajectory_controller.launch.py
[52.377s] -- Up-to-date symlink: /home/student/UR_Robot_ws/install/ur_robot_driver/share/ur_robot_driver/launch/ur10.launch.py
[52.377s] -- Up-to-date symlink: /home/student/UR_Robot_ws/install/ur_robot_driver/share/ur_robot_driver/launch/ur10e.launch.py
[52.377s] -- Up-to-date symlink: /home/student/UR_Robot_ws/install/ur_robot_driver/share/ur_robot_driver/launch/ur12e.launch.py
[52.377s] -- Up-to-date symlink: /home/student/UR_Robot_ws/install/ur_robot_driver/share/ur_robot_driver/launch/ur15.launch.py
[52.377s] -- Up-to-date symlink: /home/student/UR_Robot_ws/install/ur_robot_driver/share/ur_robot_driver/launch/ur16e.launch.py
[52.378s] -- Up-to-date symlink: /home/student/UR_Robot_ws/install/ur_robot_driver/share/ur_robot_driver/launch/ur20.launch.py
[52.378s] -- Up-to-date symlink: /home/student/UR_Robot_ws/install/ur_robot_driver/share/ur_robot_driver/launch/ur3.launch.py
[52.378s] -- Up-to-date symlink: /home/student/UR_Robot_ws/install/ur_robot_driver/share/ur_robot_driver/launch/ur30.launch.py
[52.378s] -- Up-to-date symlink: /home/student/UR_Robot_ws/install/ur_robot_driver/share/ur_robot_driver/launch/ur3e.launch.py
[52.378s] -- Up-to-date symlink: /home/student/UR_Robot_ws/install/ur_robot_driver/share/ur_robot_driver/launch/ur5.launch.py
[52.379s] -- Up-to-date symlink: /home/student/UR_Robot_ws/install/ur_robot_driver/share/ur_robot_driver/launch/ur5e.launch.py
[52.379s] -- Up-to-date symlink: /home/student/UR_Robot_ws/install/ur_robot_driver/share/ur_robot_driver/launch/ur7e.launch.py
[52.379s] -- Up-to-date symlink: /home/student/UR_Robot_ws/install/ur_robot_driver/share/ur_robot_driver/launch/ur_control.launch.py
[52.379s] -- Up-to-date symlink: /home/student/UR_Robot_ws/install/ur_robot_driver/share/ur_robot_driver/launch/ur_dashboard_client.launch.py
[52.380s] -- Up-to-date symlink: /home/student/UR_Robot_ws/install/ur_robot_driver/share/ament_index/resource_index/package_run_dependencies/ur_robot_driver
[52.380s] -- Up-to-date symlink: /home/student/UR_Robot_ws/install/ur_robot_driver/share/ament_index/resource_index/parent_prefix_path/ur_robot_driver
[52.380s] -- Up-to-date symlink: /home/student/UR_Robot_ws/install/ur_robot_driver/share/ur_robot_driver/environment/ament_prefix_path.sh
[52.381s] -- Up-to-date symlink: /home/student/UR_Robot_ws/install/ur_robot_driver/share/ur_robot_driver/environment/ament_prefix_path.dsv
[52.381s] -- Up-to-date symlink: /home/student/UR_Robot_ws/install/ur_robot_driver/share/ur_robot_driver/environment/path.sh
[52.381s] -- Up-to-date symlink: /home/student/UR_Robot_ws/install/ur_robot_driver/share/ur_robot_driver/environment/path.dsv
[52.381s] -- Up-to-date symlink: /home/student/UR_Robot_ws/install/ur_robot_driver/share/ur_robot_driver/local_setup.bash
[52.382s] -- Up-to-date symlink: /home/student/UR_Robot_ws/install/ur_robot_driver/share/ur_robot_driver/local_setup.sh
[52.382s] -- Up-to-date symlink: /home/student/UR_Robot_ws/install/ur_robot_driver/share/ur_robot_driver/local_setup.zsh
[52.382s] -- Up-to-date symlink: /home/student/UR_Robot_ws/install/ur_robot_driver/share/ur_robot_driver/local_setup.dsv
[52.382s] -- Symlinking: /home/student/UR_Robot_ws/install/ur_robot_driver/share/ur_robot_driver/package.dsv
[52.394s] -- Up-to-date symlink: /home/student/UR_Robot_ws/install/ur_robot_driver/share/ament_index/resource_index/packages/ur_robot_driver
[52.394s] -- Up-to-date symlink: /home/student/UR_Robot_ws/install/ur_robot_driver/share/ament_index/resource_index/hardware_interface__pluginlib__plugin/ur_robot_driver
[52.394s] -- Up-to-date symlink: /home/student/UR_Robot_ws/install/ur_robot_driver/share/ur_robot_driver/cmake/ament_cmake_export_include_directories-extras.cmake
[52.394s] -- Up-to-date symlink: /home/student/UR_Robot_ws/install/ur_robot_driver/share/ur_robot_driver/cmake/ament_cmake_export_libraries-extras.cmake
[52.395s] -- Up-to-date symlink: /home/student/UR_Robot_ws/install/ur_robot_driver/share/ur_robot_driver/cmake/ament_cmake_export_dependencies-extras.cmake
[52.395s] -- Up-to-date symlink: /home/student/UR_Robot_ws/install/ur_robot_driver/share/ur_robot_driver/cmake/ur_robot_driverConfig.cmake
[52.395s] -- Up-to-date symlink: /home/student/UR_Robot_ws/install/ur_robot_driver/share/ur_robot_driver/cmake/ur_robot_driverConfig-version.cmake
[52.395s] -- Up-to-date symlink: /home/student/UR_Robot_ws/install/ur_robot_driver/share/ur_robot_driver/package.xml
[52.395s] -- Up-to-date: /home/student/UR_Robot_ws/install/ur_robot_driver/share/ur_robot_driver/resources
[52.395s] -- Up-to-date: /home/student/UR_Robot_ws/install/ur_robot_driver/share/ur_robot_driver/resources/rtde_input_recipe.txt
[52.396s] -- Up-to-date: /home/student/UR_Robot_ws/install/ur_robot_driver/share/ur_robot_driver/resources/rtde_output_recipe.txt
[52.396s] -- Up-to-date: /home/student/UR_Robot_ws/install/ur_robot_driver/share/ur_robot_driver/resources/rs485-1.0.urcap
[52.396s] -- Up-to-date: /home/student/UR_Robot_ws/install/ur_robot_driver/share/ur_robot_driver/resources/ros_control.urscript
[52.396s] -- Up-to-date: /home/student/UR_Robot_ws/install/ur_robot_driver/share/ur_robot_driver/resources/externalcontrol-1.0.5.urcap
[52.427s] Listing '/home/student/UR_Robot_ws/install/ur_robot_driver/local/lib/python3.10/dist-packages/ur_robot_driver'...
[52.433s] Invoked command in '/home/student/UR_Robot_ws/build/ur_robot_driver' returned '0': AMENT_PREFIX_PATH=/home/student/UR_Robot_ws/install/ur_controllers:/home/student/UR_Robot_ws/install/ur_description:/home/student/UR_Robot_ws/install/ur_dashboard_msgs:${AMENT_PREFIX_PATH} CMAKE_PREFIX_PATH=/home/student/UR_Robot_ws/install/ur_controllers:/home/student/UR_Robot_ws/install/ur_description:/home/student/UR_Robot_ws/install/ur_dashboard_msgs:/home/student/ws_moveit2/install/pilz_industrial_motion_planner_testutils:/home/student/ws_moveit2/install/moveit_runtime:/home/student/ws_moveit2/install/moveit2_tutorials:/home/student/ws_moveit2/install/moveit:/home/student/ws_moveit2/install/moveit_planners:/home/student/ws_moveit2/install/pilz_industrial_motion_planner:/home/student/ws_moveit2/install/moveit_visual_tools:/home/student/ws_moveit2/install/moveit_task_constructor_visualization:/home/student/ws_moveit2/install/moveit_task_constructor_demo:/home/student/ws_moveit2/install/moveit_task_constructor_capabilities:/home/student/ws_moveit2/install/moveit_task_constructor_core:/home/student/ws_moveit2/install/moveit_ros_control_interface:/home/student/ws_moveit2/install/moveit_plugins:/home/student/ws_moveit2/install/moveit_simple_controller_manager:/home/student/ws_moveit2/install/moveit_setup_assistant:/home/student/ws_moveit2/install/moveit_setup_srdf_plugins:/home/student/ws_moveit2/install/moveit_setup_core_plugins:/home/student/ws_moveit2/install/moveit_setup_controllers:/home/student/ws_moveit2/install/moveit_setup_app_plugins:/home/student/ws_moveit2/install/moveit_setup_framework:/home/student/ws_moveit2/install/moveit_servo:/home/student/ws_moveit2/install/moveit_ros:/home/student/ws_moveit2/install/moveit_ros_visualization:/home/student/ws_moveit2/install/moveit_hybrid_planning:/home/student/ws_moveit2/install/moveit_ros_planning_interface:/home/student/ws_moveit2/install/moveit_ros_benchmarks:/home/student/ws_moveit2/install/moveit_ros_warehouse:/home/student/ws_moveit2/install/moveit_ros_robot_interaction:/home/student/ws_moveit2/install/moveit_ros_perception:/home/student/ws_moveit2/install/moveit_resources_prbt_pg70_support:/home/student/ws_moveit2/install/moveit_resources_prbt_moveit_config:/home/student/ws_moveit2/install/moveit_ros_move_group:/home/student/ws_moveit2/install/moveit_planners_ompl:/home/student/ws_moveit2/install/moveit_ros_planning:/home/student/ws_moveit2/install/moveit_ros_occupancy_map_monitor:/home/student/ws_moveit2/install/moveit_resources_prbt_ikfast_manipulator_plugin:/home/student/ws_moveit2/install/moveit_planners_chomp:/home/student/ws_moveit2/install/moveit_kinematics:/home/student/ws_moveit2/install/moveit_chomp_optimizer_adapter:/home/student/ws_moveit2/install/chomp_motion_planner:/home/student/ws_moveit2/install/moveit_core:/home/student/ws_moveit2/install/srdfdom:/home/student/ws_moveit2/install/rviz_marker_tools:/home/student/ws_moveit2/install/rosparam_shortcuts:/home/student/ws_moveit2/install/moveit_task_constructor_msgs:/home/student/ws_moveit2/install/moveit_resources_prbt_support:/home/student/ws_moveit2/install/moveit_resources:/home/student/ws_moveit2/install/moveit_resources_pr2_description:/home/student/ws_moveit2/install/moveit_resources_panda_moveit_config:/home/student/ws_moveit2/install/moveit_resources_panda_description:/home/student/ws_moveit2/install/moveit_resources_fanuc_moveit_config:/home/student/ws_moveit2/install/moveit_resources_fanuc_description:/home/student/ws_moveit2/install/moveit_common:/home/student/ws_moveit2/install/moveit_configs_utils:/home/student/ws_moveit2/install/launch_param_builder:/opt/ros/humble LD_LIBRARY_PATH=/home/student/UR_Robot_ws/install/ur_controllers/lib:/home/student/UR_Robot_ws/install/ur_dashboard_msgs/lib:${LD_LIBRARY_PATH} PYTHONPATH=/home/student/UR_Robot_ws/install/ur_dashboard_msgs/local/lib/python3.10/dist-packages:${PYTHONPATH} /usr/bin/cmake --install /home/student/UR_Robot_ws/build/ur_robot_driver
