[0.035s] Invoking command in '/home/student/ros2_ws/src/build/gpio_controllers': AMENT_PREFIX_PATH=/home/student/ros2_ws/src/install/controller_manager:/home/student/ros2_ws/src/install/hardware_interface_testing:/home/student/ros2_ws/src/install/controller_interface:/home/student/ros2_ws/src/install/hardware_interface:/home/student/ros2_ws/src/install/ros2_control_test_assets:/home/student/ros2_ws/src/install/ros2_control_cmake:/home/student/ros2_ws/src/install/controller_manager_msgs:${AMENT_PREFIX_PATH} CMAKE_PREFIX_PATH=/home/student/ros2_ws/src/install/controller_manager:/home/student/ros2_ws/src/install/hardware_interface_testing:/home/student/ros2_ws/src/install/controller_interface:/home/student/ros2_ws/src/install/hardware_interface:/home/student/ros2_ws/src/install/ros2_control_test_assets:/home/student/ros2_ws/src/install/ros2_control_cmake:/home/student/ros2_ws/src/install/controller_manager_msgs:/opt/ros/humble LD_LIBRARY_PATH=/home/student/ros2_ws/src/install/controller_manager/lib:/home/student/ros2_ws/src/install/hardware_interface_testing/lib:/home/student/ros2_ws/src/install/controller_interface/lib:/home/student/ros2_ws/src/install/hardware_interface/lib:/home/student/ros2_ws/src/install/controller_manager_msgs/lib:${LD_LIBRARY_PATH} PYTHONPATH=/home/student/ros2_ws/src/install/controller_manager/local/lib/python3.10/dist-packages:/home/student/ros2_ws/src/install/controller_manager_msgs/local/lib/python3.10/dist-packages:${PYTHONPATH} /usr/bin/cmake /home/student/ros2_ws/src/ros2_controllers/gpio_controllers -DCMAKE_INSTALL_PREFIX=/home/student/ros2_ws/src/install/gpio_controllers
[0.117s] -- The C compiler identification is GNU 11.4.0
[0.212s] -- The CXX compiler identification is GNU 11.4.0
[0.227s] -- Detecting C compiler ABI info
[0.337s] -- Detecting C compiler ABI info - done
[0.364s] -- Check for working C compiler: /usr/bin/cc - skipped
[0.364s] -- Detecting C compile features
[0.364s] -- Detecting C compile features - done
[0.365s] -- Detecting CXX compiler ABI info
[0.484s] -- Detecting CXX compiler ABI info - done
[0.497s] -- Check for working CXX compiler: /usr/bin/c++ - skipped
[0.498s] -- Detecting CXX compile features
[0.501s] -- Detecting CXX compile features - done
[0.503s] -- Found ros2_control_cmake: 0.2.1 (/home/student/ros2_ws/src/install/ros2_control_cmake/share/ros2_control_cmake/cmake)
[0.503s] -- Compiler warnings enabled for GNU
[0.503s] -- Detected GCC Version: 11.4.0 (Major: 11, Minor: 4)
[0.508s] -- Found ament_cmake: 1.3.12 (/opt/ros/humble/share/ament_cmake/cmake)
[0.753s] -- Found Python3: /usr/bin/python3 (found version "3.10.12") found components: Interpreter 
[0.912s] -- Found controller_interface: 2.51.0 (/home/student/ros2_ws/src/install/controller_interface/share/controller_interface/cmake)
[0.987s] -- Found rosidl_generator_c: 3.1.7 (/opt/ros/humble/share/rosidl_generator_c/cmake)
[0.997s] -- Found rosidl_adapter: 3.1.7 (/opt/ros/humble/share/rosidl_adapter/cmake)
[1.012s] -- Found rosidl_generator_cpp: 3.1.7 (/opt/ros/humble/share/rosidl_generator_cpp/cmake)
[1.035s] -- Using all available rosidl_typesupport_c: rosidl_typesupport_fastrtps_c;rosidl_typesupport_introspection_c
[1.067s] -- Using all available rosidl_typesupport_cpp: rosidl_typesupport_fastrtps_cpp;rosidl_typesupport_introspection_cpp
[1.453s] -- Found rmw_implementation_cmake: 6.1.2 (/opt/ros/humble/share/rmw_implementation_cmake/cmake)
[1.460s] -- Found rmw_fastrtps_cpp: 6.2.8 (/opt/ros/humble/share/rmw_fastrtps_cpp/cmake)
[1.508s] -- Found TinyXML2 via Config file: TinyXML2_DIR-NOTFOUND
[1.590s] -- Found OpenSSL: /usr/lib/x86_64-linux-gnu/libcrypto.so (found version "3.0.2")  
[1.595s] -- Found TinyXML2 via Config file: TinyXML2_DIR-NOTFOUND
[1.618s] -- Found FastRTPS: /opt/ros/humble/include  
[1.625s] -- Found TinyXML2 via Config file: TinyXML2_DIR-NOTFOUND
[1.636s] -- Found TinyXML2 via Config file: TinyXML2_DIR-NOTFOUND
[1.655s] -- Using RMW implementation 'rmw_fastrtps_cpp' as default
[1.670s] -- Looking for pthread.h
[1.785s] -- Looking for pthread.h - found
[1.785s] -- Performing Test CMAKE_HAVE_LIBC_PTHREAD
[1.897s] -- Performing Test CMAKE_HAVE_LIBC_PTHREAD - Success
[1.899s] -- Found Threads: TRUE  
[1.998s] -- Found realtime_tools: 2.14.0 (/opt/ros/humble/share/realtime_tools/cmake)
[2.024s] -- Found generate_parameter_library: 0.5.0 (/opt/ros/humble/share/generate_parameter_library/cmake)
[2.031s] -- Found parameter_traits: 0.5.0 (/opt/ros/humble/share/parameter_traits/cmake)
[2.059s] -- Found ament_cmake_gmock: 1.3.12 (/opt/ros/humble/share/ament_cmake_gmock/cmake)
[2.060s] -- Found controller_manager: 2.51.0 (/home/student/ros2_ws/src/install/controller_manager/share/controller_manager/cmake)
[2.101s] -- Found ros2_control_test_assets: 2.51.0 (/home/student/ros2_ws/src/install/ros2_control_test_assets/share/ros2_control_test_assets/cmake)
[2.105s] -- Found gmock sources under '/opt/ros/humble/src/gmock_vendor': C++ tests using 'Google Mock' will be built
[2.113s] -- Found ament_cmake_gtest: 1.3.12 (/opt/ros/humble/share/ament_cmake_gtest/cmake)
[2.114s] -- Found gtest sources under '/opt/ros/humble/src/gtest_vendor': C++ tests using 'Google Test' will be built
[2.220s] -- Configuring done
[2.231s] [31mCMake Error at CMakeLists.txt:23 (add_library):
[2.231s]   Target "gpio_controllers" links to target
[2.231s]   "controller_interface::controller_interface" but the target was not found.
[2.233s]   Perhaps a find_package() call is missing for an IMPORTED target, or an
[2.233s]   ALIAS target is missing?
[2.233s] 
[2.234s] [0m
[2.234s] [31mCMake Error at CMakeLists.txt:23 (add_library):
[2.234s]   Target "gpio_controllers" links to target
[2.234s]   "hardware_interface::hardware_interface" but the target was not found.
[2.234s]   Perhaps a find_package() call is missing for an IMPORTED target, or an
[2.234s]   ALIAS target is missing?
[2.234s] 
[2.234s] [0m
[2.234s] [31mCMake Error at /opt/ros/humble/share/ament_cmake_gmock/cmake/ament_add_gmock.cmake:69 (add_executable):
[2.234s]   Target "test_load_gpio_command_controller" links to target
[2.235s]   "controller_manager::controller_manager" but the target was not found.
[2.235s]   Perhaps a find_package() call is missing for an IMPORTED target, or an
[2.235s]   ALIAS target is missing?
[2.235s] Call Stack (most recent call first):
[2.235s]   /opt/ros/humble/share/ament_cmake_gmock/cmake/ament_add_gmock.cmake:52 (_ament_add_gmock)
[2.235s]   CMakeLists.txt:60 (ament_add_gmock)
[2.235s] 
[2.235s] [0m
[2.235s] [31mCMake Error at /opt/ros/humble/share/ament_cmake_gmock/cmake/ament_add_gmock.cmake:69 (add_executable):
[2.235s]   Target "test_load_gpio_command_controller" links to target
[2.235s]   "hardware_interface::hardware_interface" but the target was not found.
[2.236s]   Perhaps a find_package() call is missing for an IMPORTED target, or an
[2.236s]   ALIAS target is missing?
[2.236s] Call Stack (most recent call first):
[2.236s]   /opt/ros/humble/share/ament_cmake_gmock/cmake/ament_add_gmock.cmake:52 (_ament_add_gmock)
[2.236s]   CMakeLists.txt:60 (ament_add_gmock)
[2.236s] 
[2.236s] [0m
[2.236s] [31mCMake Error at /opt/ros/humble/share/ament_cmake_gmock/cmake/ament_add_gmock.cmake:69 (add_executable):
[2.236s]   Target "test_load_gpio_command_controller" links to target
[2.237s]   "ros2_control_test_assets::ros2_control_test_assets" but the target was not
[2.237s]   found.  Perhaps a find_package() call is missing for an IMPORTED target, or
[2.237s]   an ALIAS target is missing?
[2.237s] Call Stack (most recent call first):
[2.237s]   /opt/ros/humble/share/ament_cmake_gmock/cmake/ament_add_gmock.cmake:52 (_ament_add_gmock)
[2.237s]   CMakeLists.txt:60 (ament_add_gmock)
[2.237s] 
[2.237s] [0m
[2.238s] [31mCMake Error at /opt/ros/humble/share/ament_cmake_gmock/cmake/ament_add_gmock.cmake:69 (add_executable):
[2.238s]   Target "test_gpio_command_controller" links to target
[2.238s]   "controller_interface::controller_interface" but the target was not found.
[2.238s]   Perhaps a find_package() call is missing for an IMPORTED target, or an
[2.238s]   ALIAS target is missing?
[2.238s] Call Stack (most recent call first):
[2.238s]   /opt/ros/humble/share/ament_cmake_gmock/cmake/ament_add_gmock.cmake:52 (_ament_add_gmock)
[2.238s]   CMakeLists.txt:72 (ament_add_gmock)
[2.238s] 
[2.238s] [0m
[2.239s] [31mCMake Error at /opt/ros/humble/share/ament_cmake_gmock/cmake/ament_add_gmock.cmake:69 (add_executable):
[2.239s]   Target "test_gpio_command_controller" links to target
[2.239s]   "hardware_interface::hardware_interface" but the target was not found.
[2.239s]   Perhaps a find_package() call is missing for an IMPORTED target, or an
[2.239s]   ALIAS target is missing?
[2.239s] Call Stack (most recent call first):
[2.239s]   /opt/ros/humble/share/ament_cmake_gmock/cmake/ament_add_gmock.cmake:52 (_ament_add_gmock)
[2.239s]   CMakeLists.txt:72 (ament_add_gmock)
[2.239s] 
[2.240s] [0m
[2.240s] [31mCMake Error at /opt/ros/humble/share/ament_cmake_gmock/cmake/ament_add_gmock.cmake:69 (add_executable):
[2.240s]   Target "test_gpio_command_controller" links to target
[2.240s]   "ros2_control_test_assets::ros2_control_test_assets" but the target was not
[2.240s]   found.  Perhaps a find_package() call is missing for an IMPORTED target, or
[2.240s]   an ALIAS target is missing?
[2.240s] Call Stack (most recent call first):
[2.240s]   /opt/ros/humble/share/ament_cmake_gmock/cmake/ament_add_gmock.cmake:52 (_ament_add_gmock)
[2.240s]   CMakeLists.txt:72 (ament_add_gmock)
[2.240s] 
[2.241s] [0m
[2.262s] -- Generating done
[2.271s] [0mCMake Generate step failed.  Build files cannot be regenerated correctly.[0m
[2.292s] Invoked command in '/home/student/ros2_ws/src/build/gpio_controllers' returned '1': AMENT_PREFIX_PATH=/home/student/ros2_ws/src/install/controller_manager:/home/student/ros2_ws/src/install/hardware_interface_testing:/home/student/ros2_ws/src/install/controller_interface:/home/student/ros2_ws/src/install/hardware_interface:/home/student/ros2_ws/src/install/ros2_control_test_assets:/home/student/ros2_ws/src/install/ros2_control_cmake:/home/student/ros2_ws/src/install/controller_manager_msgs:${AMENT_PREFIX_PATH} CMAKE_PREFIX_PATH=/home/student/ros2_ws/src/install/controller_manager:/home/student/ros2_ws/src/install/hardware_interface_testing:/home/student/ros2_ws/src/install/controller_interface:/home/student/ros2_ws/src/install/hardware_interface:/home/student/ros2_ws/src/install/ros2_control_test_assets:/home/student/ros2_ws/src/install/ros2_control_cmake:/home/student/ros2_ws/src/install/controller_manager_msgs:/opt/ros/humble LD_LIBRARY_PATH=/home/student/ros2_ws/src/install/controller_manager/lib:/home/student/ros2_ws/src/install/hardware_interface_testing/lib:/home/student/ros2_ws/src/install/controller_interface/lib:/home/student/ros2_ws/src/install/hardware_interface/lib:/home/student/ros2_ws/src/install/controller_manager_msgs/lib:${LD_LIBRARY_PATH} PYTHONPATH=/home/student/ros2_ws/src/install/controller_manager/local/lib/python3.10/dist-packages:/home/student/ros2_ws/src/install/controller_manager_msgs/local/lib/python3.10/dist-packages:${PYTHONPATH} /usr/bin/cmake /home/student/ros2_ws/src/ros2_controllers/gpio_controllers -DCMAKE_INSTALL_PREFIX=/home/student/ros2_ws/src/install/gpio_controllers
