[0.045s] Invoking command in '/home/student/ros2_ws/build/gpio_controllers': CMAKE_PREFIX_PATH=/home/student/ros2_ws/install/controller_manager:/home/student/ros2_ws/install/hardware_interface_testing:/home/student/ros2_ws/install/controller_interface:/home/student/ros2_ws/install/hardware_interface:/home/student/ros2_ws/install/ros2_control_test_assets:/home/student/ros2_ws/install/ros2_control_cmake:/home/student/ros2_ws/install/controller_manager_msgs:/home/student/ros2_ws/install/ur_description:/home/student/ros2_ws/install/transmission_interface:/home/student/ros2_ws/install/joint_limits:/home/student/ros2_ws/src/install/ur_description:/home/student/ros2_ws/src/install/transmission_interface:/home/student/ros2_ws/src/install/hardware_interface_testing:/home/student/ros2_ws/src/install/controller_manager:/home/student/ros2_ws/src/install/ros2_control_test_assets:/home/student/ros2_ws/src/install/ros2_control_cmake:/home/student/ros2_ws/src/install/joint_limits:/home/student/ros2_ws/src/install/irb4400_description:/home/student/ros2_ws/src/install/controller_interface:/home/student/ros2_ws/src/install/hardware_interface:/home/student/ros2_ws/src/install/controller_manager_msgs:/home/student/ros2_ws/install/rqt_joint_trajectory_controller:/home/student/ros2_ws/install/ros2_controllers_test_nodes:/home/student/ros2_ws/install/opcua_ros_client:/home/student/ros2_ws/install/my_py_pkg:/home/student/ros2_ws/install/my_bot_description:/home/student/ros2_ws/install/modbus_interface:/home/student/ros2_ws/src/install/rqt_joint_trajectory_controller:/home/student/ros2_ws/src/install/ros2_controllers_test_nodes:/home/student/ros2_ws/src/install/opcua_ros_client:/home/student/ros2_ws/src/install/my_py_pkg:/home/student/ros2_ws/src/install/my_bot_description:/home/student/ros2_ws/src/install/modbus_interface:/opt/ros/humble LD_LIBRARY_PATH=/home/student/ros2_ws/install/controller_manager/lib:/home/student/ros2_ws/install/hardware_interface_testing/lib:/home/student/ros2_ws/install/controller_interface/lib:/home/student/ros2_ws/install/hardware_interface/lib:/home/student/ros2_ws/install/controller_manager_msgs/lib:/home/student/ros2_ws/install/transmission_interface/lib:/home/student/ros2_ws/install/joint_limits/lib:/home/student/ros2_ws/src/install/transmission_interface/lib:/home/student/ros2_ws/src/install/hardware_interface_testing/lib:/home/student/ros2_ws/src/install/controller_manager/lib:/home/student/ros2_ws/src/install/joint_limits/lib:/home/student/ros2_ws/src/install/controller_interface/lib:/home/student/ros2_ws/src/install/hardware_interface/lib:/home/student/ros2_ws/src/install/controller_manager_msgs/lib:/usr/lib/x86_64-linux-gnu/gazebo-11/plugins:/opt/ros/humble/opt/rviz_ogre_vendor/lib:/opt/ros/humble/lib/x86_64-linux-gnu:/opt/ros/humble/lib /usr/bin/cmake /home/student/ros2_ws/src/ros2_controllers/gpio_controllers -DCMAKE_INSTALL_PREFIX=/home/student/ros2_ws/install/gpio_controllers
[0.136s] -- The C compiler identification is GNU 11.4.0
[0.228s] -- The CXX compiler identification is GNU 11.4.0
[0.238s] -- Detecting C compiler ABI info
[0.347s] -- Detecting C compiler ABI info - done
[0.367s] -- Check for working C compiler: /usr/bin/cc - skipped
[0.369s] -- Detecting C compile features
[0.369s] -- Detecting C compile features - done
[0.373s] -- Detecting CXX compiler ABI info
[0.506s] -- Detecting CXX compiler ABI info - done
[0.521s] -- Check for working CXX compiler: /usr/bin/c++ - skipped
[0.525s] -- Detecting CXX compile features
[0.525s] -- Detecting CXX compile features - done
[0.525s] -- Found ros2_control_cmake: 0.2.1 (/home/student/ros2_ws/install/ros2_control_cmake/share/ros2_control_cmake/cmake)
[0.525s] -- Compiler warnings enabled for GNU
[0.525s] -- Detected GCC Version: 11.4.0 (Major: 11, Minor: 4)
[0.532s] -- Found ament_cmake: 1.3.12 (/opt/ros/humble/share/ament_cmake/cmake)
[0.843s] -- Found Python3: /usr/bin/python3 (found version "3.10.12") found components: Interpreter 
[1.073s] -- Found controller_interface: 2.51.0 (/home/student/ros2_ws/install/controller_interface/share/controller_interface/cmake)
[1.204s] -- Found rosidl_generator_c: 3.1.7 (/opt/ros/humble/share/rosidl_generator_c/cmake)
[1.228s] -- Found rosidl_adapter: 3.1.7 (/opt/ros/humble/share/rosidl_adapter/cmake)
[1.253s] -- Found rosidl_generator_cpp: 3.1.7 (/opt/ros/humble/share/rosidl_generator_cpp/cmake)
[1.290s] -- Using all available rosidl_typesupport_c: rosidl_typesupport_fastrtps_c;rosidl_typesupport_introspection_c
[1.335s] -- Using all available rosidl_typesupport_cpp: rosidl_typesupport_fastrtps_cpp;rosidl_typesupport_introspection_cpp
[1.812s] -- Found rmw_implementation_cmake: 6.1.2 (/opt/ros/humble/share/rmw_implementation_cmake/cmake)
[1.823s] -- Found rmw_fastrtps_cpp: 6.2.8 (/opt/ros/humble/share/rmw_fastrtps_cpp/cmake)
[1.898s] -- Found TinyXML2 via Config file: TinyXML2_DIR-NOTFOUND
[2.013s] -- Found OpenSSL: /usr/lib/x86_64-linux-gnu/libcrypto.so (found version "3.0.2")  
[2.018s] -- Found TinyXML2 via Config file: TinyXML2_DIR-NOTFOUND
[2.049s] -- Found FastRTPS: /opt/ros/humble/include  
[2.055s] -- Found TinyXML2 via Config file: TinyXML2_DIR-NOTFOUND
[2.071s] -- Found TinyXML2 via Config file: TinyXML2_DIR-NOTFOUND
[2.088s] -- Using RMW implementation 'rmw_fastrtps_cpp' as default
[2.120s] -- Looking for pthread.h
[2.242s] -- Looking for pthread.h - found
[2.242s] -- Performing Test CMAKE_HAVE_LIBC_PTHREAD
[2.361s] -- Performing Test CMAKE_HAVE_LIBC_PTHREAD - Success
[2.363s] -- Found Threads: TRUE  
[2.476s] -- Found realtime_tools: 2.14.0 (/opt/ros/humble/share/realtime_tools/cmake)
[2.529s] -- Found generate_parameter_library: 0.5.0 (/opt/ros/humble/share/generate_parameter_library/cmake)
[2.535s] -- Found parameter_traits: 0.5.0 (/opt/ros/humble/share/parameter_traits/cmake)
[2.588s] -- Found ament_cmake_gmock: 1.3.12 (/opt/ros/humble/share/ament_cmake_gmock/cmake)
[2.589s] -- Found controller_manager: 2.51.0 (/home/student/ros2_ws/install/controller_manager/share/controller_manager/cmake)
[2.639s] -- Found ros2_control_test_assets: 2.51.0 (/home/student/ros2_ws/install/ros2_control_test_assets/share/ros2_control_test_assets/cmake)
[2.649s] -- Found gmock sources under '/opt/ros/humble/src/gmock_vendor': C++ tests using 'Google Mock' will be built
[2.667s] -- Found ament_cmake_gtest: 1.3.12 (/opt/ros/humble/share/ament_cmake_gtest/cmake)
[2.667s] -- Found gtest sources under '/opt/ros/humble/src/gtest_vendor': C++ tests using 'Google Test' will be built
[2.795s] -- Configuring done
[2.808s] [31mCMake Error at CMakeLists.txt:23 (add_library):
[2.808s]   Target "gpio_controllers" links to target
[2.808s]   "controller_interface::controller_interface" but the target was not found.
[2.809s]   Perhaps a find_package() call is missing for an IMPORTED target, or an
[2.809s]   ALIAS target is missing?
[2.809s] 
[2.809s] [0m
[2.809s] [31mCMake Error at CMakeLists.txt:23 (add_library):
[2.809s]   Target "gpio_controllers" links to target
[2.809s]   "hardware_interface::hardware_interface" but the target was not found.
[2.809s]   Perhaps a find_package() call is missing for an IMPORTED target, or an
[2.809s]   ALIAS target is missing?
[2.810s] 
[2.810s] [0m
[2.810s] [31mCMake Error at /opt/ros/humble/share/ament_cmake_gmock/cmake/ament_add_gmock.cmake:69 (add_executable):
[2.810s]   Target "test_load_gpio_command_controller" links to target
[2.810s]   "controller_manager::controller_manager" but the target was not found.
[2.810s]   Perhaps a find_package() call is missing for an IMPORTED target, or an
[2.810s]   ALIAS target is missing?
[2.810s] Call Stack (most recent call first):
[2.810s]   /opt/ros/humble/share/ament_cmake_gmock/cmake/ament_add_gmock.cmake:52 (_ament_add_gmock)
[2.811s]   CMakeLists.txt:60 (ament_add_gmock)
[2.811s] 
[2.811s] [0m
[2.811s] [31mCMake Error at /opt/ros/humble/share/ament_cmake_gmock/cmake/ament_add_gmock.cmake:69 (add_executable):
[2.811s]   Target "test_load_gpio_command_controller" links to target
[2.811s]   "hardware_interface::hardware_interface" but the target was not found.
[2.811s]   Perhaps a find_package() call is missing for an IMPORTED target, or an
[2.811s]   ALIAS target is missing?
[2.811s] Call Stack (most recent call first):
[2.811s]   /opt/ros/humble/share/ament_cmake_gmock/cmake/ament_add_gmock.cmake:52 (_ament_add_gmock)
[2.811s]   CMakeLists.txt:60 (ament_add_gmock)
[2.812s] 
[2.812s] [0m
[2.812s] [31mCMake Error at /opt/ros/humble/share/ament_cmake_gmock/cmake/ament_add_gmock.cmake:69 (add_executable):
[2.812s]   Target "test_load_gpio_command_controller" links to target
[2.812s]   "ros2_control_test_assets::ros2_control_test_assets" but the target was not
[2.812s]   found.  Perhaps a find_package() call is missing for an IMPORTED target, or
[2.812s]   an ALIAS target is missing?
[2.812s] Call Stack (most recent call first):
[2.812s]   /opt/ros/humble/share/ament_cmake_gmock/cmake/ament_add_gmock.cmake:52 (_ament_add_gmock)
[2.813s]   CMakeLists.txt:60 (ament_add_gmock)
[2.813s] 
[2.813s] [0m
[2.813s] [31mCMake Error at /opt/ros/humble/share/ament_cmake_gmock/cmake/ament_add_gmock.cmake:69 (add_executable):
[2.813s]   Target "test_gpio_command_controller" links to target
[2.820s]   "controller_interface::controller_interface" but the target was not found.
[2.820s]   Perhaps a find_package() call is missing for an IMPORTED target, or an
[2.820s]   ALIAS target is missing?
[2.820s] Call Stack (most recent call first):
[2.820s]   /opt/ros/humble/share/ament_cmake_gmock/cmake/ament_add_gmock.cmake:52 (_ament_add_gmock)
[2.820s]   CMakeLists.txt:72 (ament_add_gmock)
[2.820s] 
[2.821s] [0m
[2.821s] [31mCMake Error at /opt/ros/humble/share/ament_cmake_gmock/cmake/ament_add_gmock.cmake:69 (add_executable):
[2.821s]   Target "test_gpio_command_controller" links to target
[2.821s]   "hardware_interface::hardware_interface" but the target was not found.
[2.821s]   Perhaps a find_package() call is missing for an IMPORTED target, or an
[2.821s]   ALIAS target is missing?
[2.821s] Call Stack (most recent call first):
[2.821s]   /opt/ros/humble/share/ament_cmake_gmock/cmake/ament_add_gmock.cmake:52 (_ament_add_gmock)
[2.821s]   CMakeLists.txt:72 (ament_add_gmock)
[2.822s] 
[2.822s] [0m
[2.822s] [31mCMake Error at /opt/ros/humble/share/ament_cmake_gmock/cmake/ament_add_gmock.cmake:69 (add_executable):
[2.822s]   Target "test_gpio_command_controller" links to target
[2.822s]   "ros2_control_test_assets::ros2_control_test_assets" but the target was not
[2.822s]   found.  Perhaps a find_package() call is missing for an IMPORTED target, or
[2.822s]   an ALIAS target is missing?
[2.822s] Call Stack (most recent call first):
[2.822s]   /opt/ros/humble/share/ament_cmake_gmock/cmake/ament_add_gmock.cmake:52 (_ament_add_gmock)
[2.822s]   CMakeLists.txt:72 (ament_add_gmock)
[2.823s] 
[2.823s] [0m
[2.842s] -- Generating done
[2.842s] [0mCMake Generate step failed.  Build files cannot be regenerated correctly.[0m
