[0.036s] Invoking command in '/home/student/ros2_ws/src/build/hardware_interface': AMENT_PREFIX_PATH=/home/student/ros2_ws/src/install/ros2_control_test_assets:${AMENT_PREFIX_PATH} CMAKE_PREFIX_PATH=/home/student/ros2_ws/src/install/ros2_control_test_assets:/opt/ros/humble /usr/bin/cmake --build /home/student/ros2_ws/src/build/hardware_interface -- -j8 -l8
[0.133s] -- Found ament_cmake: 1.3.12 (/opt/ros/humble/share/ament_cmake/cmake)
[0.399s] -- Found control_msgs: 4.8.0 (/opt/ros/humble/share/control_msgs/cmake)
[0.445s] -- Found rosidl_generator_c: 3.1.7 (/opt/ros/humble/share/rosidl_generator_c/cmake)
[0.450s] -- Found rosidl_adapter: 3.1.7 (/opt/ros/humble/share/rosidl_adapter/cmake)
[0.460s] -- Found rosidl_generator_cpp: 3.1.7 (/opt/ros/humble/share/rosidl_generator_cpp/cmake)
[0.476s] -- Using all available rosidl_typesupport_c: rosidl_typesupport_fastrtps_c;rosidl_typesupport_introspection_c
[0.499s] -- Using all available rosidl_typesupport_cpp: rosidl_typesupport_fastrtps_cpp;rosidl_typesupport_introspection_cpp
[0.844s] -- Found lifecycle_msgs: 1.2.2 (/opt/ros/humble/share/lifecycle_msgs/cmake)
[0.855s] -- Found pluginlib: 5.1.0 (/opt/ros/humble/share/pluginlib/cmake)
[0.876s] -- Found rclcpp_lifecycle: 16.0.14 (/opt/ros/humble/share/rclcpp_lifecycle/cmake)
[0.918s] -- Found rmw_implementation_cmake: 6.1.2 (/opt/ros/humble/share/rmw_implementation_cmake/cmake)
[0.921s] -- Found rmw_fastrtps_cpp: 6.2.8 (/opt/ros/humble/share/rmw_fastrtps_cpp/cmake)
[0.950s] -- Found TinyXML2 via Config file: TinyXML2_DIR-NOTFOUND
[0.962s] -- Found TinyXML2 via Config file: TinyXML2_DIR-NOTFOUND
[0.984s] -- Found TinyXML2 via Config file: TinyXML2_DIR-NOTFOUND
[0.995s] -- Found TinyXML2 via Config file: TinyXML2_DIR-NOTFOUND
[1.010s] -- Using RMW implementation 'rmw_fastrtps_cpp' as default
[1.081s] -- Found TinyXML2 via Config file: TinyXML2_DIR-NOTFOUND
[1.086s] -- Found ament_cmake_gmock: 1.3.12 (/opt/ros/humble/share/ament_cmake_gmock/cmake)
[1.093s] -- Found ros2_control_test_assets: 2.51.0 (/home/student/ros2_ws/src/install/ros2_control_test_assets/share/ros2_control_test_assets/cmake)
[1.097s] -- Found gmock sources under '/opt/ros/humble/src/gmock_vendor': C++ tests using 'Google Mock' will be built
[1.106s] -- Found ament_cmake_gtest: 1.3.12 (/opt/ros/humble/share/ament_cmake_gtest/cmake)
[1.106s] -- Found gtest sources under '/opt/ros/humble/src/gtest_vendor': C++ tests using 'Google Test' will be built
[1.349s] -- Configuring done
[1.534s] -- Generating done
[1.571s] -- Build files have been written to: /home/student/ros2_ws/src/build/hardware_interface
[1.611s] [35m[1mConsolidate compiler generated dependencies of target gmock_main[0m
[1.611s] [35m[1mConsolidate compiler generated dependencies of target gmock[0m
[1.628s] [  2%] Built target ament_generate_version_header__hardware_interface
[1.639s] [  5%] [32mBuilding CXX object gmock/CMakeFiles/gmock.dir/src/gmock-all.cc.o[0m
[1.640s] [  8%] [32mBuilding CXX object gmock/CMakeFiles/gmock.dir/opt/ros/humble/src/gtest_vendor/src/gtest-all.cc.o[0m
[1.647s] [ 11%] [32mBuilding CXX object gmock/CMakeFiles/gmock_main.dir/src/gmock_main.cc.o[0m
[1.654s] [35m[1mConsolidate compiler generated dependencies of target hardware_interface[0m
[1.716s] [ 17%] [32mBuilding CXX object CMakeFiles/hardware_interface.dir/src/actuator.cpp.o[0m
[1.716s] [ 17%] [32mBuilding CXX object CMakeFiles/hardware_interface.dir/src/resource_manager.cpp.o[0m
[1.720s] [ 20%] [32mBuilding CXX object CMakeFiles/hardware_interface.dir/src/component_parser.cpp.o[0m
[1.725s] [ 25%] [32mBuilding CXX object CMakeFiles/hardware_interface.dir/src/system.cpp.o[0m
[1.725s] [ 25%] [32mBuilding CXX object CMakeFiles/hardware_interface.dir/src/sensor.cpp.o[0m
[3.704s] [ 28%] [32mBuilding CXX object CMakeFiles/hardware_interface.dir/src/lexical_casts.cpp.o[0m
[5.892s] [ 31%] [32m[1mLinking CXX static library libgmock_main.a[0m
[5.979s] [ 31%] Built target gmock_main
[11.337s] [ 34%] [32m[1mLinking CXX static library libgmock.a[0m
[11.509s] [ 34%] Built target gmock
[11.570s] [ 37%] [32mBuilding CXX object CMakeFiles/test_macros.dir/test/test_macros.cpp.o[0m
[13.950s] [ 40%] [32m[1mLinking CXX shared library libhardware_interface.so[0m
[14.838s] [ 40%] Built target hardware_interface
[14.902s] [ 42%] [32mBuilding CXX object CMakeFiles/mock_components.dir/src/mock_components/generic_system.cpp.o[0m
[14.907s] [ 45%] [32mBuilding CXX object CMakeFiles/test_joint_handle.dir/test/test_handle.cpp.o[0m
[14.914s] [ 48%] [32mBuilding CXX object CMakeFiles/fake_components.dir/src/mock_components/generic_system.cpp.o[0m
[14.927s] [ 51%] [32mBuilding CXX object CMakeFiles/test_inst_hardwares.dir/test/test_inst_hardwares.cpp.o[0m
[14.928s] [ 54%] [32mBuilding CXX object CMakeFiles/test_component_interfaces.dir/test/test_component_interfaces.cpp.o[0m
[14.928s] [ 57%] [32mBuilding CXX object CMakeFiles/test_hardware_components.dir/test/test_hardware_components/test_single_joint_actuator.cpp.o[0m
[14.973s] [ 60%] [32mBuilding CXX object CMakeFiles/test_component_parser.dir/test/test_component_parser.cpp.o[0m
[15.617s] [ 62%] [32m[1mLinking CXX executable test_macros[0m
[15.914s] [ 62%] Built target test_macros
[15.925s] [ 65%] [32mBuilding CXX object CMakeFiles/test_hardware_components.dir/test/test_hardware_components/test_force_torque_sensor.cpp.o[0m
[18.161s] [ 68%] [32m[1mLinking CXX executable test_inst_hardwares[0m
[18.577s] [ 71%] [32mBuilding CXX object CMakeFiles/test_generic_system.dir/test/mock_components/test_generic_system.cpp.o[0m
[18.729s] [ 71%] Built target test_inst_hardwares
[18.759s] [ 74%] [32mBuilding CXX object CMakeFiles/fake_components.dir/src/mock_components/fake_generic_system.cpp.o[0m
[18.829s] [ 77%] [32m[1mLinking CXX executable test_joint_handle[0m
[18.885s] [ 80%] [32mBuilding CXX object CMakeFiles/test_hardware_components.dir/test/test_hardware_components/test_two_joint_system.cpp.o[0m
[19.004s] [ 82%] [32mBuilding CXX object CMakeFiles/test_hardware_components.dir/test/test_hardware_components/test_system_with_command_modes.cpp.o[0m
[19.316s] [ 85%] [32m[1mLinking CXX shared library libmock_components.so[0m
[19.655s] [ 85%] Built target test_joint_handle
[19.802s] [ 85%] Built target mock_components
[20.693s] [ 88%] [32m[1mLinking CXX shared library libfake_components.so[0m
[20.827s] [ 91%] [32m[1mLinking CXX executable test_component_interfaces[0m
[21.066s] [ 91%] Built target fake_components
[21.373s] [ 94%] [32m[1mLinking CXX shared library libtest_hardware_components.so[0m
[21.400s] [ 94%] Built target test_component_interfaces
[21.645s] [ 94%] Built target test_hardware_components
[21.791s] [ 97%] [32m[1mLinking CXX executable test_component_parser[0m
[22.152s] [ 97%] Built target test_component_parser
[22.691s] [100%] [32m[1mLinking CXX executable test_generic_system[0m
[23.009s] [100%] Built target test_generic_system
[23.020s] Invoked command in '/home/student/ros2_ws/src/build/hardware_interface' returned '0': AMENT_PREFIX_PATH=/home/student/ros2_ws/src/install/ros2_control_test_assets:${AMENT_PREFIX_PATH} CMAKE_PREFIX_PATH=/home/student/ros2_ws/src/install/ros2_control_test_assets:/opt/ros/humble /usr/bin/cmake --build /home/student/ros2_ws/src/build/hardware_interface -- -j8 -l8
[23.022s] Invoking command in '/home/student/ros2_ws/src/build/hardware_interface': AMENT_PREFIX_PATH=/home/student/ros2_ws/src/install/ros2_control_test_assets:${AMENT_PREFIX_PATH} CMAKE_PREFIX_PATH=/home/student/ros2_ws/src/install/ros2_control_test_assets:/opt/ros/humble /usr/bin/cmake --install /home/student/ros2_ws/src/build/hardware_interface
[23.029s] -- Install configuration: ""
[23.029s] -- Installing: /home/student/ros2_ws/src/install/hardware_interface/share/hardware_interface/mock_components_plugin_description.xml
[23.030s] -- Installing: /home/student/ros2_ws/src/install/hardware_interface/share/hardware_interface/fake_components_plugin_description.xml
[23.030s] -- Installing: /home/student/ros2_ws/src/install/hardware_interface/include
[23.030s] -- Installing: /home/student/ros2_ws/src/install/hardware_interface/include/mock_components
[23.030s] -- Installing: /home/student/ros2_ws/src/install/hardware_interface/include/mock_components/generic_system.hpp
[23.030s] -- Installing: /home/student/ros2_ws/src/install/hardware_interface/include/mock_components/visibility_control.h
[23.031s] -- Installing: /home/student/ros2_ws/src/install/hardware_interface/include/fake_components
[23.031s] -- Installing: /home/student/ros2_ws/src/install/hardware_interface/include/fake_components/generic_system.hpp
[23.031s] -- Installing: /home/student/ros2_ws/src/install/hardware_interface/include/fake_components/visibility_control.h
[23.031s] -- Installing: /home/student/ros2_ws/src/install/hardware_interface/include/hardware_interface
[23.031s] -- Installing: /home/student/ros2_ws/src/install/hardware_interface/include/hardware_interface/hardware_component_info.hpp
[23.031s] -- Installing: /home/student/ros2_ws/src/install/hardware_interface/include/hardware_interface/component_parser.hpp
[23.032s] -- Installing: /home/student/ros2_ws/src/install/hardware_interface/include/hardware_interface/system_interface.hpp
[23.032s] -- Installing: /home/student/ros2_ws/src/install/hardware_interface/include/hardware_interface/actuator.hpp
[23.032s] -- Installing: /home/student/ros2_ws/src/install/hardware_interface/include/hardware_interface/hardware_info.hpp
[23.032s] -- Installing: /home/student/ros2_ws/src/install/hardware_interface/include/hardware_interface/sensor_interface.hpp
[23.032s] -- Installing: /home/student/ros2_ws/src/install/hardware_interface/include/hardware_interface/actuator_interface.hpp
[23.032s] -- Installing: /home/student/ros2_ws/src/install/hardware_interface/include/hardware_interface/types
[23.032s] -- Installing: /home/student/ros2_ws/src/install/hardware_interface/include/hardware_interface/types/hardware_interface_return_values.hpp
[23.033s] -- Installing: /home/student/ros2_ws/src/install/hardware_interface/include/hardware_interface/types/hardware_interface_type_values.hpp
[23.033s] -- Installing: /home/student/ros2_ws/src/install/hardware_interface/include/hardware_interface/types/lifecycle_state_names.hpp
[23.033s] -- Installing: /home/student/ros2_ws/src/install/hardware_interface/include/hardware_interface/resource_manager.hpp
[23.033s] -- Installing: /home/student/ros2_ws/src/install/hardware_interface/include/hardware_interface/loaned_state_interface.hpp
[23.033s] -- Installing: /home/student/ros2_ws/src/install/hardware_interface/include/hardware_interface/visibility_control.h
[23.033s] -- Installing: /home/student/ros2_ws/src/install/hardware_interface/include/hardware_interface/handle.hpp
[23.033s] -- Installing: /home/student/ros2_ws/src/install/hardware_interface/include/hardware_interface/macros.hpp
[23.034s] -- Installing: /home/student/ros2_ws/src/install/hardware_interface/include/hardware_interface/system.hpp
[23.034s] -- Installing: /home/student/ros2_ws/src/install/hardware_interface/include/hardware_interface/loaned_command_interface.hpp
[23.034s] -- Installing: /home/student/ros2_ws/src/install/hardware_interface/include/hardware_interface/lexical_casts.hpp
[23.034s] -- Installing: /home/student/ros2_ws/src/install/hardware_interface/include/hardware_interface/controller_info.hpp
[23.034s] -- Installing: /home/student/ros2_ws/src/install/hardware_interface/include/hardware_interface/sensor.hpp
[23.034s] -- Installing: /home/student/ros2_ws/src/install/hardware_interface/lib/libfake_components.so
[23.035s] -- Set runtime path of "/home/student/ros2_ws/src/install/hardware_interface/lib/libfake_components.so" to ""
[23.035s] -- Installing: /home/student/ros2_ws/src/install/hardware_interface/lib/libmock_components.so
[23.036s] -- Set runtime path of "/home/student/ros2_ws/src/install/hardware_interface/lib/libmock_components.so" to ""
[23.036s] -- Installing: /home/student/ros2_ws/src/install/hardware_interface/lib/libhardware_interface.so
[23.040s] -- Set runtime path of "/home/student/ros2_ws/src/install/hardware_interface/lib/libhardware_interface.so" to ""
[23.040s] -- Installing: /home/student/ros2_ws/src/install/hardware_interface/lib/libtest_hardware_components.so
[23.041s] -- Set runtime path of "/home/student/ros2_ws/src/install/hardware_interface/lib/libtest_hardware_components.so" to ""
[23.041s] -- Installing: /home/student/ros2_ws/src/install/hardware_interface/share/hardware_interface/test/test_hardware_components/test_hardware_components.xml
[23.041s] -- Installing: /home/student/ros2_ws/src/install/hardware_interface/share/hardware_interface/environment/library_path.sh
[23.041s] -- Installing: /home/student/ros2_ws/src/install/hardware_interface/share/hardware_interface/environment/library_path.dsv
[23.041s] -- Installing: /home/student/ros2_ws/src/install/hardware_interface/share/ament_index/resource_index/package_run_dependencies/hardware_interface
[23.042s] -- Installing: /home/student/ros2_ws/src/install/hardware_interface/share/ament_index/resource_index/parent_prefix_path/hardware_interface
[23.042s] -- Installing: /home/student/ros2_ws/src/install/hardware_interface/share/hardware_interface/environment/ament_prefix_path.sh
[23.042s] -- Installing: /home/student/ros2_ws/src/install/hardware_interface/share/hardware_interface/environment/ament_prefix_path.dsv
[23.042s] -- Installing: /home/student/ros2_ws/src/install/hardware_interface/share/hardware_interface/environment/path.sh
[23.043s] -- Installing: /home/student/ros2_ws/src/install/hardware_interface/share/hardware_interface/environment/path.dsv
[23.043s] -- Installing: /home/student/ros2_ws/src/install/hardware_interface/share/hardware_interface/local_setup.bash
[23.043s] -- Installing: /home/student/ros2_ws/src/install/hardware_interface/share/hardware_interface/local_setup.sh
[23.043s] -- Installing: /home/student/ros2_ws/src/install/hardware_interface/share/hardware_interface/local_setup.zsh
[23.043s] -- Installing: /home/student/ros2_ws/src/install/hardware_interface/share/hardware_interface/local_setup.dsv
[23.043s] -- Installing: /home/student/ros2_ws/src/install/hardware_interface/share/hardware_interface/package.dsv
[23.044s] -- Installing: /home/student/ros2_ws/src/install/hardware_interface/share/ament_index/resource_index/packages/hardware_interface
[23.044s] -- Installing: /home/student/ros2_ws/src/install/hardware_interface/share/ament_index/resource_index/hardware_interface__pluginlib__plugin/hardware_interface
[23.044s] -- Installing: /home/student/ros2_ws/src/install/hardware_interface/share/hardware_interface/cmake/ament_cmake_export_include_directories-extras.cmake
[23.044s] -- Installing: /home/student/ros2_ws/src/install/hardware_interface/share/hardware_interface/cmake/ament_cmake_export_libraries-extras.cmake
[23.045s] -- Installing: /home/student/ros2_ws/src/install/hardware_interface/share/hardware_interface/cmake/ament_cmake_export_dependencies-extras.cmake
[23.045s] -- Installing: /home/student/ros2_ws/src/install/hardware_interface/share/hardware_interface/cmake/hardware_interfaceConfig.cmake
[23.045s] -- Installing: /home/student/ros2_ws/src/install/hardware_interface/share/hardware_interface/cmake/hardware_interfaceConfig-version.cmake
[23.045s] -- Installing: /home/student/ros2_ws/src/install/hardware_interface/share/hardware_interface/package.xml
[23.045s] -- Installing: /home/student/ros2_ws/src/install/hardware_interface/include/hardware_interface/hardware_interface/version.h
[23.048s] Invoked command in '/home/student/ros2_ws/src/build/hardware_interface' returned '0': AMENT_PREFIX_PATH=/home/student/ros2_ws/src/install/ros2_control_test_assets:${AMENT_PREFIX_PATH} CMAKE_PREFIX_PATH=/home/student/ros2_ws/src/install/ros2_control_test_assets:/opt/ros/humble /usr/bin/cmake --install /home/student/ros2_ws/src/build/hardware_interface
