[0.058s] Invoking command in '/home/student/UR_Robot_ws/build/ur_dashboard_msgs': CMAKE_PREFIX_PATH=${CMAKE_PREFIX_PATH}:/home/student/UR_Robot_ws/install/ur10_moveit_control:/home/student/UR_Robot_ws/install/ur10_control:/home/student/UR_Robot_ws/install/mon_package_moveit:/home/student/ws_moveit2/install/moveit_configs_utils:/home/student/ws_moveit2/install/launch_param_builder:/opt/ros/humble /usr/bin/cmake /home/student/UR_Robot_ws/src/ur_dashboard_msgs -DAMENT_CMAKE_SYMLINK_INSTALL=1 -DCMAKE_INSTALL_PREFIX=/home/student/UR_Robot_ws/install/ur_dashboard_msgs
[0.674s] -- Found ament_cmake: 1.3.12 (/opt/ros/humble/share/ament_cmake/cmake)
[0.674s] -- Override CMake install command with custom implementation using symlinks instead of copying resources
[0.675s] -- Found rosidl_default_generators: 1.2.0 (/opt/ros/humble/share/rosidl_default_generators/cmake)
[0.675s] -- Using all available rosidl_typesupport_c: rosidl_typesupport_fastrtps_c;rosidl_typesupport_introspection_c
[0.676s] -- Found rosidl_adapter: 3.1.7 (/opt/ros/humble/share/rosidl_adapter/cmake)
[0.676s] -- Using all available rosidl_typesupport_cpp: rosidl_typesupport_fastrtps_cpp;rosidl_typesupport_introspection_cpp
[0.676s] -- Found action_msgs: 1.2.2 (/opt/ros/humble/share/action_msgs/cmake)
[0.785s] -- Found ament_cmake_ros: 0.10.0 (/opt/ros/humble/share/ament_cmake_ros/cmake)
[1.037s] -- Using all available rosidl_typesupport_c: rosidl_typesupport_fastrtps_c;rosidl_typesupport_introspection_c
[1.418s] -- Using all available rosidl_typesupport_cpp: rosidl_typesupport_fastrtps_cpp;rosidl_typesupport_introspection_cpp
[1.458s] -- Found python_cmake_module: 0.10.0 (/opt/ros/humble/share/python_cmake_module/cmake)
[1.488s] -- Using PYTHON_EXECUTABLE: /usr/bin/python3
[1.488s] -- Using PYTHON_INCLUDE_DIRS: /usr/include/python3.10
[1.488s] -- Using PYTHON_LIBRARIES: /usr/lib/x86_64-linux-gnu/libpython3.10.so
[1.617s] -- Configuring done
[1.693s] -- Generating done
[1.710s] -- Build files have been written to: /home/student/UR_Robot_ws/build/ur_dashboard_msgs
[1.718s] Invoked command in '/home/student/UR_Robot_ws/build/ur_dashboard_msgs' returned '0': CMAKE_PREFIX_PATH=${CMAKE_PREFIX_PATH}:/home/student/UR_Robot_ws/install/ur10_moveit_control:/home/student/UR_Robot_ws/install/ur10_control:/home/student/UR_Robot_ws/install/mon_package_moveit:/home/student/ws_moveit2/install/moveit_configs_utils:/home/student/ws_moveit2/install/launch_param_builder:/opt/ros/humble /usr/bin/cmake /home/student/UR_Robot_ws/src/ur_dashboard_msgs -DAMENT_CMAKE_SYMLINK_INSTALL=1 -DCMAKE_INSTALL_PREFIX=/home/student/UR_Robot_ws/install/ur_dashboard_msgs
[1.720s] Invoking command in '/home/student/UR_Robot_ws/build/ur_dashboard_msgs': CMAKE_PREFIX_PATH=${CMAKE_PREFIX_PATH}:/home/student/UR_Robot_ws/install/ur10_moveit_control:/home/student/UR_Robot_ws/install/ur10_control:/home/student/UR_Robot_ws/install/mon_package_moveit:/home/student/ws_moveit2/install/moveit_configs_utils:/home/student/ws_moveit2/install/launch_param_builder:/opt/ros/humble /usr/bin/cmake --build /home/student/UR_Robot_ws/build/ur_dashboard_msgs -- -j8 -l8
[1.814s] [35m[1mConsolidate compiler generated dependencies of target ur_dashboard_msgs__rosidl_generator_c[0m
[1.835s] [  0%] Built target ur_dashboard_msgs__cpp
[1.844s] [ 12%] Built target ur_dashboard_msgs__rosidl_generator_c
[1.862s] [ 12%] Built target ament_cmake_python_symlink_ur_dashboard_msgs
[1.891s] [35m[1mConsolidate compiler generated dependencies of target ur_dashboard_msgs__rosidl_typesupport_fastrtps_c[0m
[1.891s] [35m[1mConsolidate compiler generated dependencies of target ur_dashboard_msgs__rosidl_typesupport_fastrtps_cpp[0m
[1.891s] [35m[1mConsolidate compiler generated dependencies of target ur_dashboard_msgs__rosidl_typesupport_introspection_cpp[0m
[1.894s] [35m[1mConsolidate compiler generated dependencies of target ur_dashboard_msgs__rosidl_typesupport_c[0m
[1.894s] [35m[1mConsolidate compiler generated dependencies of target ur_dashboard_msgs__rosidl_typesupport_cpp[0m
[1.894s] [35m[1mConsolidate compiler generated dependencies of target ur_dashboard_msgs__rosidl_typesupport_introspection_c[0m
[1.951s] [ 24%] Built target ur_dashboard_msgs__rosidl_typesupport_c
[1.966s] [ 36%] Built target ur_dashboard_msgs__rosidl_typesupport_fastrtps_c
[1.968s] [ 58%] Built target ur_dashboard_msgs__rosidl_typesupport_introspection_c
[1.968s] [ 60%] Built target ur_dashboard_msgs__rosidl_typesupport_fastrtps_cpp
[1.973s] [ 72%] Built target ur_dashboard_msgs__rosidl_typesupport_introspection_cpp
[1.976s] [ 84%] Built target ur_dashboard_msgs__rosidl_typesupport_cpp
[2.021s] [ 84%] Built target ur_dashboard_msgs
[2.066s] [ 85%] Built target ur_dashboard_msgs__py
[2.086s] [35m[1mConsolidate compiler generated dependencies of target ur_dashboard_msgs__rosidl_generator_py[0m
[2.123s] [ 96%] Built target ur_dashboard_msgs__rosidl_generator_py
[2.152s] [35m[1mConsolidate compiler generated dependencies of target ur_dashboard_msgs__rosidl_typesupport_fastrtps_c__pyext[0m
[2.160s] [35m[1mConsolidate compiler generated dependencies of target ur_dashboard_msgs__rosidl_typesupport_c__pyext[0m
[2.167s] [35m[1mConsolidate compiler generated dependencies of target ur_dashboard_msgs__rosidl_typesupport_introspection_c__pyext[0m
[2.190s] [ 97%] Built target ur_dashboard_msgs__rosidl_typesupport_fastrtps_c__pyext
[2.198s] [ 98%] Built target ur_dashboard_msgs__rosidl_typesupport_c__pyext
[2.207s] [100%] Built target ur_dashboard_msgs__rosidl_typesupport_introspection_c__pyext
[2.345s] running egg_info
[2.346s] writing ur_dashboard_msgs.egg-info/PKG-INFO
[2.346s] writing dependency_links to ur_dashboard_msgs.egg-info/dependency_links.txt
[2.347s] writing top-level names to ur_dashboard_msgs.egg-info/top_level.txt
[2.349s] reading manifest file 'ur_dashboard_msgs.egg-info/SOURCES.txt'
[2.350s] writing manifest file 'ur_dashboard_msgs.egg-info/SOURCES.txt'
[2.380s] [100%] Built target ament_cmake_python_build_ur_dashboard_msgs_egg
[2.396s] Invoked command in '/home/student/UR_Robot_ws/build/ur_dashboard_msgs' returned '0': CMAKE_PREFIX_PATH=${CMAKE_PREFIX_PATH}:/home/student/UR_Robot_ws/install/ur10_moveit_control:/home/student/UR_Robot_ws/install/ur10_control:/home/student/UR_Robot_ws/install/mon_package_moveit:/home/student/ws_moveit2/install/moveit_configs_utils:/home/student/ws_moveit2/install/launch_param_builder:/opt/ros/humble /usr/bin/cmake --build /home/student/UR_Robot_ws/build/ur_dashboard_msgs -- -j8 -l8
[2.398s] Invoking command in '/home/student/UR_Robot_ws/build/ur_dashboard_msgs': CMAKE_PREFIX_PATH=${CMAKE_PREFIX_PATH}:/home/student/UR_Robot_ws/install/ur10_moveit_control:/home/student/UR_Robot_ws/install/ur10_control:/home/student/UR_Robot_ws/install/mon_package_moveit:/home/student/ws_moveit2/install/moveit_configs_utils:/home/student/ws_moveit2/install/launch_param_builder:/opt/ros/humble /usr/bin/cmake --install /home/student/UR_Robot_ws/build/ur_dashboard_msgs
[2.410s] -- Install configuration: ""
[2.411s] -- Execute custom install script
[2.411s] -- Up-to-date symlink: /home/student/UR_Robot_ws/install/ur_dashboard_msgs/share/ament_index/resource_index/rosidl_interfaces/ur_dashboard_msgs
[2.413s] -- Up-to-date symlink: /home/student/UR_Robot_ws/install/ur_dashboard_msgs/include/ur_dashboard_msgs/ur_dashboard_msgs/action/detail/set_mode__functions.h
[2.413s] -- Up-to-date symlink: /home/student/UR_Robot_ws/install/ur_dashboard_msgs/include/ur_dashboard_msgs/ur_dashboard_msgs/action/detail/set_mode__struct.h
[2.413s] -- Up-to-date symlink: /home/student/UR_Robot_ws/install/ur_dashboard_msgs/include/ur_dashboard_msgs/ur_dashboard_msgs/action/detail/set_mode__type_support.h
[2.413s] -- Up-to-date symlink: /home/student/UR_Robot_ws/install/ur_dashboard_msgs/include/ur_dashboard_msgs/ur_dashboard_msgs/action/set_mode.h
[2.413s] -- Up-to-date symlink: /home/student/UR_Robot_ws/install/ur_dashboard_msgs/include/ur_dashboard_msgs/ur_dashboard_msgs/msg/detail/program_state__functions.h
[2.414s] -- Up-to-date symlink: /home/student/UR_Robot_ws/install/ur_dashboard_msgs/include/ur_dashboard_msgs/ur_dashboard_msgs/msg/detail/program_state__struct.h
[2.414s] -- Up-to-date symlink: /home/student/UR_Robot_ws/install/ur_dashboard_msgs/include/ur_dashboard_msgs/ur_dashboard_msgs/msg/detail/program_state__type_support.h
[2.414s] -- Up-to-date symlink: /home/student/UR_Robot_ws/install/ur_dashboard_msgs/include/ur_dashboard_msgs/ur_dashboard_msgs/msg/detail/robot_mode__functions.h
[2.414s] -- Up-to-date symlink: /home/student/UR_Robot_ws/install/ur_dashboard_msgs/include/ur_dashboard_msgs/ur_dashboard_msgs/msg/detail/robot_mode__struct.h
[2.414s] -- Up-to-date symlink: /home/student/UR_Robot_ws/install/ur_dashboard_msgs/include/ur_dashboard_msgs/ur_dashboard_msgs/msg/detail/robot_mode__type_support.h
[2.414s] -- Up-to-date symlink: /home/student/UR_Robot_ws/install/ur_dashboard_msgs/include/ur_dashboard_msgs/ur_dashboard_msgs/msg/detail/safety_mode__functions.h
[2.415s] -- Up-to-date symlink: /home/student/UR_Robot_ws/install/ur_dashboard_msgs/include/ur_dashboard_msgs/ur_dashboard_msgs/msg/detail/safety_mode__struct.h
[2.415s] -- Up-to-date symlink: /home/student/UR_Robot_ws/install/ur_dashboard_msgs/include/ur_dashboard_msgs/ur_dashboard_msgs/msg/detail/safety_mode__type_support.h
[2.415s] -- Up-to-date symlink: /home/student/UR_Robot_ws/install/ur_dashboard_msgs/include/ur_dashboard_msgs/ur_dashboard_msgs/msg/program_state.h
[2.415s] -- Up-to-date symlink: /home/student/UR_Robot_ws/install/ur_dashboard_msgs/include/ur_dashboard_msgs/ur_dashboard_msgs/msg/robot_mode.h
[2.415s] -- Up-to-date symlink: /home/student/UR_Robot_ws/install/ur_dashboard_msgs/include/ur_dashboard_msgs/ur_dashboard_msgs/msg/rosidl_generator_c__visibility_control.h
[2.415s] -- Up-to-date symlink: /home/student/UR_Robot_ws/install/ur_dashboard_msgs/include/ur_dashboard_msgs/ur_dashboard_msgs/msg/safety_mode.h
[2.416s] -- Up-to-date symlink: /home/student/UR_Robot_ws/install/ur_dashboard_msgs/include/ur_dashboard_msgs/ur_dashboard_msgs/srv/add_to_log.h
[2.416s] -- Up-to-date symlink: /home/student/UR_Robot_ws/install/ur_dashboard_msgs/include/ur_dashboard_msgs/ur_dashboard_msgs/srv/detail/add_to_log__functions.h
[2.416s] -- Up-to-date symlink: /home/student/UR_Robot_ws/install/ur_dashboard_msgs/include/ur_dashboard_msgs/ur_dashboard_msgs/srv/detail/add_to_log__struct.h
[2.416s] -- Up-to-date symlink: /home/student/UR_Robot_ws/install/ur_dashboard_msgs/include/ur_dashboard_msgs/ur_dashboard_msgs/srv/detail/add_to_log__type_support.h
[2.416s] -- Up-to-date symlink: /home/student/UR_Robot_ws/install/ur_dashboard_msgs/include/ur_dashboard_msgs/ur_dashboard_msgs/srv/detail/get_loaded_program__functions.h
[2.417s] -- Up-to-date symlink: /home/student/UR_Robot_ws/install/ur_dashboard_msgs/include/ur_dashboard_msgs/ur_dashboard_msgs/srv/detail/get_loaded_program__struct.h
[2.417s] -- Up-to-date symlink: /home/student/UR_Robot_ws/install/ur_dashboard_msgs/include/ur_dashboard_msgs/ur_dashboard_msgs/srv/detail/get_loaded_program__type_support.h
[2.417s] -- Up-to-date symlink: /home/student/UR_Robot_ws/install/ur_dashboard_msgs/include/ur_dashboard_msgs/ur_dashboard_msgs/srv/detail/get_program_state__functions.h
[2.417s] -- Up-to-date symlink: /home/student/UR_Robot_ws/install/ur_dashboard_msgs/include/ur_dashboard_msgs/ur_dashboard_msgs/srv/detail/get_program_state__struct.h
[2.417s] -- Up-to-date symlink: /home/student/UR_Robot_ws/install/ur_dashboard_msgs/include/ur_dashboard_msgs/ur_dashboard_msgs/srv/detail/get_program_state__type_support.h
[2.417s] -- Up-to-date symlink: /home/student/UR_Robot_ws/install/ur_dashboard_msgs/include/ur_dashboard_msgs/ur_dashboard_msgs/srv/detail/get_robot_mode__functions.h
[2.418s] -- Up-to-date symlink: /home/student/UR_Robot_ws/install/ur_dashboard_msgs/include/ur_dashboard_msgs/ur_dashboard_msgs/srv/detail/get_robot_mode__struct.h
[2.418s] -- Up-to-date symlink: /home/student/UR_Robot_ws/install/ur_dashboard_msgs/include/ur_dashboard_msgs/ur_dashboard_msgs/srv/detail/get_robot_mode__type_support.h
[2.418s] -- Up-to-date symlink: /home/student/UR_Robot_ws/install/ur_dashboard_msgs/include/ur_dashboard_msgs/ur_dashboard_msgs/srv/detail/get_safety_mode__functions.h
[2.418s] -- Up-to-date symlink: /home/student/UR_Robot_ws/install/ur_dashboard_msgs/include/ur_dashboard_msgs/ur_dashboard_msgs/srv/detail/get_safety_mode__struct.h
[2.418s] -- Up-to-date symlink: /home/student/UR_Robot_ws/install/ur_dashboard_msgs/include/ur_dashboard_msgs/ur_dashboard_msgs/srv/detail/get_safety_mode__type_support.h
[2.418s] -- Up-to-date symlink: /home/student/UR_Robot_ws/install/ur_dashboard_msgs/include/ur_dashboard_msgs/ur_dashboard_msgs/srv/detail/is_in_remote_control__functions.h
[2.419s] -- Up-to-date symlink: /home/student/UR_Robot_ws/install/ur_dashboard_msgs/include/ur_dashboard_msgs/ur_dashboard_msgs/srv/detail/is_in_remote_control__struct.h
[2.419s] -- Up-to-date symlink: /home/student/UR_Robot_ws/install/ur_dashboard_msgs/include/ur_dashboard_msgs/ur_dashboard_msgs/srv/detail/is_in_remote_control__type_support.h
[2.419s] -- Up-to-date symlink: /home/student/UR_Robot_ws/install/ur_dashboard_msgs/include/ur_dashboard_msgs/ur_dashboard_msgs/srv/detail/is_program_running__functions.h
[2.419s] -- Up-to-date symlink: /home/student/UR_Robot_ws/install/ur_dashboard_msgs/include/ur_dashboard_msgs/ur_dashboard_msgs/srv/detail/is_program_running__struct.h
[2.419s] -- Up-to-date symlink: /home/student/UR_Robot_ws/install/ur_dashboard_msgs/include/ur_dashboard_msgs/ur_dashboard_msgs/srv/detail/is_program_running__type_support.h
[2.419s] -- Up-to-date symlink: /home/student/UR_Robot_ws/install/ur_dashboard_msgs/include/ur_dashboard_msgs/ur_dashboard_msgs/srv/detail/is_program_saved__functions.h
[2.419s] -- Up-to-date symlink: /home/student/UR_Robot_ws/install/ur_dashboard_msgs/include/ur_dashboard_msgs/ur_dashboard_msgs/srv/detail/is_program_saved__struct.h
[2.420s] -- Up-to-date symlink: /home/student/UR_Robot_ws/install/ur_dashboard_msgs/include/ur_dashboard_msgs/ur_dashboard_msgs/srv/detail/is_program_saved__type_support.h
[2.420s] -- Up-to-date symlink: /home/student/UR_Robot_ws/install/ur_dashboard_msgs/include/ur_dashboard_msgs/ur_dashboard_msgs/srv/detail/load__functions.h
[2.420s] -- Up-to-date symlink: /home/student/UR_Robot_ws/install/ur_dashboard_msgs/include/ur_dashboard_msgs/ur_dashboard_msgs/srv/detail/load__struct.h
[2.420s] -- Up-to-date symlink: /home/student/UR_Robot_ws/install/ur_dashboard_msgs/include/ur_dashboard_msgs/ur_dashboard_msgs/srv/detail/load__type_support.h
[2.420s] -- Up-to-date symlink: /home/student/UR_Robot_ws/install/ur_dashboard_msgs/include/ur_dashboard_msgs/ur_dashboard_msgs/srv/detail/popup__functions.h
[2.420s] -- Up-to-date symlink: /home/student/UR_Robot_ws/install/ur_dashboard_msgs/include/ur_dashboard_msgs/ur_dashboard_msgs/srv/detail/popup__struct.h
[2.421s] -- Up-to-date symlink: /home/student/UR_Robot_ws/install/ur_dashboard_msgs/include/ur_dashboard_msgs/ur_dashboard_msgs/srv/detail/popup__type_support.h
[2.421s] -- Up-to-date symlink: /home/student/UR_Robot_ws/install/ur_dashboard_msgs/include/ur_dashboard_msgs/ur_dashboard_msgs/srv/detail/raw_request__functions.h
[2.421s] -- Up-to-date symlink: /home/student/UR_Robot_ws/install/ur_dashboard_msgs/include/ur_dashboard_msgs/ur_dashboard_msgs/srv/detail/raw_request__struct.h
[2.421s] -- Up-to-date symlink: /home/student/UR_Robot_ws/install/ur_dashboard_msgs/include/ur_dashboard_msgs/ur_dashboard_msgs/srv/detail/raw_request__type_support.h
[2.421s] -- Up-to-date symlink: /home/student/UR_Robot_ws/install/ur_dashboard_msgs/include/ur_dashboard_msgs/ur_dashboard_msgs/srv/get_loaded_program.h
[2.421s] -- Up-to-date symlink: /home/student/UR_Robot_ws/install/ur_dashboard_msgs/include/ur_dashboard_msgs/ur_dashboard_msgs/srv/get_program_state.h
[2.422s] -- Up-to-date symlink: /home/student/UR_Robot_ws/install/ur_dashboard_msgs/include/ur_dashboard_msgs/ur_dashboard_msgs/srv/get_robot_mode.h
[2.422s] -- Up-to-date symlink: /home/student/UR_Robot_ws/install/ur_dashboard_msgs/include/ur_dashboard_msgs/ur_dashboard_msgs/srv/get_safety_mode.h
[2.422s] -- Up-to-date symlink: /home/student/UR_Robot_ws/install/ur_dashboard_msgs/include/ur_dashboard_msgs/ur_dashboard_msgs/srv/is_in_remote_control.h
[2.422s] -- Up-to-date symlink: /home/student/UR_Robot_ws/install/ur_dashboard_msgs/include/ur_dashboard_msgs/ur_dashboard_msgs/srv/is_program_running.h
[2.422s] -- Up-to-date symlink: /home/student/UR_Robot_ws/install/ur_dashboard_msgs/include/ur_dashboard_msgs/ur_dashboard_msgs/srv/is_program_saved.h
[2.422s] -- Up-to-date symlink: /home/student/UR_Robot_ws/install/ur_dashboard_msgs/include/ur_dashboard_msgs/ur_dashboard_msgs/srv/load.h
[2.423s] -- Up-to-date symlink: /home/student/UR_Robot_ws/install/ur_dashboard_msgs/include/ur_dashboard_msgs/ur_dashboard_msgs/srv/popup.h
[2.423s] -- Up-to-date symlink: /home/student/UR_Robot_ws/install/ur_dashboard_msgs/include/ur_dashboard_msgs/ur_dashboard_msgs/srv/raw_request.h
[2.423s] -- Up-to-date symlink: /home/student/UR_Robot_ws/install/ur_dashboard_msgs/share/ur_dashboard_msgs/environment/library_path.sh
[2.423s] -- Up-to-date symlink: /home/student/UR_Robot_ws/install/ur_dashboard_msgs/share/ur_dashboard_msgs/environment/library_path.dsv
[2.425s] -- Up-to-date symlink: /home/student/UR_Robot_ws/install/ur_dashboard_msgs/include/ur_dashboard_msgs/ur_dashboard_msgs/action/detail/set_mode__rosidl_typesupport_fastrtps_c.h
[2.425s] -- Up-to-date symlink: /home/student/UR_Robot_ws/install/ur_dashboard_msgs/include/ur_dashboard_msgs/ur_dashboard_msgs/msg/detail/program_state__rosidl_typesupport_fastrtps_c.h
[2.425s] -- Up-to-date symlink: /home/student/UR_Robot_ws/install/ur_dashboard_msgs/include/ur_dashboard_msgs/ur_dashboard_msgs/msg/detail/robot_mode__rosidl_typesupport_fastrtps_c.h
[2.425s] -- Up-to-date symlink: /home/student/UR_Robot_ws/install/ur_dashboard_msgs/include/ur_dashboard_msgs/ur_dashboard_msgs/msg/detail/safety_mode__rosidl_typesupport_fastrtps_c.h
[2.425s] -- Up-to-date symlink: /home/student/UR_Robot_ws/install/ur_dashboard_msgs/include/ur_dashboard_msgs/ur_dashboard_msgs/msg/rosidl_typesupport_fastrtps_c__visibility_control.h
[2.426s] -- Up-to-date symlink: /home/student/UR_Robot_ws/install/ur_dashboard_msgs/include/ur_dashboard_msgs/ur_dashboard_msgs/srv/detail/add_to_log__rosidl_typesupport_fastrtps_c.h
[2.426s] -- Up-to-date symlink: /home/student/UR_Robot_ws/install/ur_dashboard_msgs/include/ur_dashboard_msgs/ur_dashboard_msgs/srv/detail/get_loaded_program__rosidl_typesupport_fastrtps_c.h
[2.426s] -- Up-to-date symlink: /home/student/UR_Robot_ws/install/ur_dashboard_msgs/include/ur_dashboard_msgs/ur_dashboard_msgs/srv/detail/get_program_state__rosidl_typesupport_fastrtps_c.h
[2.426s] -- Up-to-date symlink: /home/student/UR_Robot_ws/install/ur_dashboard_msgs/include/ur_dashboard_msgs/ur_dashboard_msgs/srv/detail/get_robot_mode__rosidl_typesupport_fastrtps_c.h
[2.426s] -- Up-to-date symlink: /home/student/UR_Robot_ws/install/ur_dashboard_msgs/include/ur_dashboard_msgs/ur_dashboard_msgs/srv/detail/get_safety_mode__rosidl_typesupport_fastrtps_c.h
[2.427s] -- Up-to-date symlink: /home/student/UR_Robot_ws/install/ur_dashboard_msgs/include/ur_dashboard_msgs/ur_dashboard_msgs/srv/detail/is_in_remote_control__rosidl_typesupport_fastrtps_c.h
[2.427s] -- Up-to-date symlink: /home/student/UR_Robot_ws/install/ur_dashboard_msgs/include/ur_dashboard_msgs/ur_dashboard_msgs/srv/detail/is_program_running__rosidl_typesupport_fastrtps_c.h
[2.427s] -- Up-to-date symlink: /home/student/UR_Robot_ws/install/ur_dashboard_msgs/include/ur_dashboard_msgs/ur_dashboard_msgs/srv/detail/is_program_saved__rosidl_typesupport_fastrtps_c.h
[2.427s] -- Up-to-date symlink: /home/student/UR_Robot_ws/install/ur_dashboard_msgs/include/ur_dashboard_msgs/ur_dashboard_msgs/srv/detail/load__rosidl_typesupport_fastrtps_c.h
[2.427s] -- Up-to-date symlink: /home/student/UR_Robot_ws/install/ur_dashboard_msgs/include/ur_dashboard_msgs/ur_dashboard_msgs/srv/detail/popup__rosidl_typesupport_fastrtps_c.h
[2.428s] -- Up-to-date symlink: /home/student/UR_Robot_ws/install/ur_dashboard_msgs/include/ur_dashboard_msgs/ur_dashboard_msgs/srv/detail/raw_request__rosidl_typesupport_fastrtps_c.h
[2.429s] -- Up-to-date symlink: /home/student/UR_Robot_ws/install/ur_dashboard_msgs/include/ur_dashboard_msgs/ur_dashboard_msgs/action/detail/set_mode__rosidl_typesupport_introspection_c.h
[2.429s] -- Up-to-date symlink: /home/student/UR_Robot_ws/install/ur_dashboard_msgs/include/ur_dashboard_msgs/ur_dashboard_msgs/msg/detail/program_state__rosidl_typesupport_introspection_c.h
[2.429s] -- Up-to-date symlink: /home/student/UR_Robot_ws/install/ur_dashboard_msgs/include/ur_dashboard_msgs/ur_dashboard_msgs/msg/detail/robot_mode__rosidl_typesupport_introspection_c.h
[2.429s] -- Up-to-date symlink: /home/student/UR_Robot_ws/install/ur_dashboard_msgs/include/ur_dashboard_msgs/ur_dashboard_msgs/msg/detail/safety_mode__rosidl_typesupport_introspection_c.h
[2.429s] -- Up-to-date symlink: /home/student/UR_Robot_ws/install/ur_dashboard_msgs/include/ur_dashboard_msgs/ur_dashboard_msgs/msg/rosidl_typesupport_introspection_c__visibility_control.h
[2.430s] -- Up-to-date symlink: /home/student/UR_Robot_ws/install/ur_dashboard_msgs/include/ur_dashboard_msgs/ur_dashboard_msgs/srv/detail/add_to_log__rosidl_typesupport_introspection_c.h
[2.430s] -- Up-to-date symlink: /home/student/UR_Robot_ws/install/ur_dashboard_msgs/include/ur_dashboard_msgs/ur_dashboard_msgs/srv/detail/get_loaded_program__rosidl_typesupport_introspection_c.h
[2.430s] -- Up-to-date symlink: /home/student/UR_Robot_ws/install/ur_dashboard_msgs/include/ur_dashboard_msgs/ur_dashboard_msgs/srv/detail/get_program_state__rosidl_typesupport_introspection_c.h
[2.430s] -- Up-to-date symlink: /home/student/UR_Robot_ws/install/ur_dashboard_msgs/include/ur_dashboard_msgs/ur_dashboard_msgs/srv/detail/get_robot_mode__rosidl_typesupport_introspection_c.h
[2.431s] -- Up-to-date symlink: /home/student/UR_Robot_ws/install/ur_dashboard_msgs/include/ur_dashboard_msgs/ur_dashboard_msgs/srv/detail/get_safety_mode__rosidl_typesupport_introspection_c.h
[2.431s] -- Up-to-date symlink: /home/student/UR_Robot_ws/install/ur_dashboard_msgs/include/ur_dashboard_msgs/ur_dashboard_msgs/srv/detail/is_in_remote_control__rosidl_typesupport_introspection_c.h
[2.431s] -- Up-to-date symlink: /home/student/UR_Robot_ws/install/ur_dashboard_msgs/include/ur_dashboard_msgs/ur_dashboard_msgs/srv/detail/is_program_running__rosidl_typesupport_introspection_c.h
[2.431s] -- Up-to-date symlink: /home/student/UR_Robot_ws/install/ur_dashboard_msgs/include/ur_dashboard_msgs/ur_dashboard_msgs/srv/detail/is_program_saved__rosidl_typesupport_introspection_c.h
[2.431s] -- Up-to-date symlink: /home/student/UR_Robot_ws/install/ur_dashboard_msgs/include/ur_dashboard_msgs/ur_dashboard_msgs/srv/detail/load__rosidl_typesupport_introspection_c.h
[2.431s] -- Up-to-date symlink: /home/student/UR_Robot_ws/install/ur_dashboard_msgs/include/ur_dashboard_msgs/ur_dashboard_msgs/srv/detail/popup__rosidl_typesupport_introspection_c.h
[2.432s] -- Up-to-date symlink: /home/student/UR_Robot_ws/install/ur_dashboard_msgs/include/ur_dashboard_msgs/ur_dashboard_msgs/srv/detail/raw_request__rosidl_typesupport_introspection_c.h
[2.433s] -- Up-to-date symlink: /home/student/UR_Robot_ws/install/ur_dashboard_msgs/include/ur_dashboard_msgs/ur_dashboard_msgs/action/detail/set_mode__builder.hpp
[2.433s] -- Up-to-date symlink: /home/student/UR_Robot_ws/install/ur_dashboard_msgs/include/ur_dashboard_msgs/ur_dashboard_msgs/action/detail/set_mode__struct.hpp
[2.433s] -- Up-to-date symlink: /home/student/UR_Robot_ws/install/ur_dashboard_msgs/include/ur_dashboard_msgs/ur_dashboard_msgs/action/detail/set_mode__traits.hpp
[2.433s] -- Up-to-date symlink: /home/student/UR_Robot_ws/install/ur_dashboard_msgs/include/ur_dashboard_msgs/ur_dashboard_msgs/action/detail/set_mode__type_support.hpp
[2.433s] -- Up-to-date symlink: /home/student/UR_Robot_ws/install/ur_dashboard_msgs/include/ur_dashboard_msgs/ur_dashboard_msgs/action/set_mode.hpp
[2.434s] -- Up-to-date symlink: /home/student/UR_Robot_ws/install/ur_dashboard_msgs/include/ur_dashboard_msgs/ur_dashboard_msgs/msg/detail/program_state__builder.hpp
[2.434s] -- Up-to-date symlink: /home/student/UR_Robot_ws/install/ur_dashboard_msgs/include/ur_dashboard_msgs/ur_dashboard_msgs/msg/detail/program_state__struct.hpp
[2.434s] -- Up-to-date symlink: /home/student/UR_Robot_ws/install/ur_dashboard_msgs/include/ur_dashboard_msgs/ur_dashboard_msgs/msg/detail/program_state__traits.hpp
[2.434s] -- Up-to-date symlink: /home/student/UR_Robot_ws/install/ur_dashboard_msgs/include/ur_dashboard_msgs/ur_dashboard_msgs/msg/detail/program_state__type_support.hpp
[2.434s] -- Up-to-date symlink: /home/student/UR_Robot_ws/install/ur_dashboard_msgs/include/ur_dashboard_msgs/ur_dashboard_msgs/msg/detail/robot_mode__builder.hpp
[2.434s] -- Up-to-date symlink: /home/student/UR_Robot_ws/install/ur_dashboard_msgs/include/ur_dashboard_msgs/ur_dashboard_msgs/msg/detail/robot_mode__struct.hpp
[2.435s] -- Up-to-date symlink: /home/student/UR_Robot_ws/install/ur_dashboard_msgs/include/ur_dashboard_msgs/ur_dashboard_msgs/msg/detail/robot_mode__traits.hpp
[2.435s] -- Up-to-date symlink: /home/student/UR_Robot_ws/install/ur_dashboard_msgs/include/ur_dashboard_msgs/ur_dashboard_msgs/msg/detail/robot_mode__type_support.hpp
[2.435s] -- Up-to-date symlink: /home/student/UR_Robot_ws/install/ur_dashboard_msgs/include/ur_dashboard_msgs/ur_dashboard_msgs/msg/detail/safety_mode__builder.hpp
[2.435s] -- Up-to-date symlink: /home/student/UR_Robot_ws/install/ur_dashboard_msgs/include/ur_dashboard_msgs/ur_dashboard_msgs/msg/detail/safety_mode__struct.hpp
[2.435s] -- Up-to-date symlink: /home/student/UR_Robot_ws/install/ur_dashboard_msgs/include/ur_dashboard_msgs/ur_dashboard_msgs/msg/detail/safety_mode__traits.hpp
[2.435s] -- Up-to-date symlink: /home/student/UR_Robot_ws/install/ur_dashboard_msgs/include/ur_dashboard_msgs/ur_dashboard_msgs/msg/detail/safety_mode__type_support.hpp
[2.435s] -- Up-to-date symlink: /home/student/UR_Robot_ws/install/ur_dashboard_msgs/include/ur_dashboard_msgs/ur_dashboard_msgs/msg/program_state.hpp
[2.436s] -- Up-to-date symlink: /home/student/UR_Robot_ws/install/ur_dashboard_msgs/include/ur_dashboard_msgs/ur_dashboard_msgs/msg/robot_mode.hpp
[2.436s] -- Up-to-date symlink: /home/student/UR_Robot_ws/install/ur_dashboard_msgs/include/ur_dashboard_msgs/ur_dashboard_msgs/msg/rosidl_generator_cpp__visibility_control.hpp
[2.436s] -- Up-to-date symlink: /home/student/UR_Robot_ws/install/ur_dashboard_msgs/include/ur_dashboard_msgs/ur_dashboard_msgs/msg/safety_mode.hpp
[2.436s] -- Up-to-date symlink: /home/student/UR_Robot_ws/install/ur_dashboard_msgs/include/ur_dashboard_msgs/ur_dashboard_msgs/srv/add_to_log.hpp
[2.436s] -- Up-to-date symlink: /home/student/UR_Robot_ws/install/ur_dashboard_msgs/include/ur_dashboard_msgs/ur_dashboard_msgs/srv/detail/add_to_log__builder.hpp
[2.436s] -- Up-to-date symlink: /home/student/UR_Robot_ws/install/ur_dashboard_msgs/include/ur_dashboard_msgs/ur_dashboard_msgs/srv/detail/add_to_log__struct.hpp
[2.436s] -- Up-to-date symlink: /home/student/UR_Robot_ws/install/ur_dashboard_msgs/include/ur_dashboard_msgs/ur_dashboard_msgs/srv/detail/add_to_log__traits.hpp
[2.437s] -- Up-to-date symlink: /home/student/UR_Robot_ws/install/ur_dashboard_msgs/include/ur_dashboard_msgs/ur_dashboard_msgs/srv/detail/add_to_log__type_support.hpp
[2.437s] -- Up-to-date symlink: /home/student/UR_Robot_ws/install/ur_dashboard_msgs/include/ur_dashboard_msgs/ur_dashboard_msgs/srv/detail/get_loaded_program__builder.hpp
[2.437s] -- Up-to-date symlink: /home/student/UR_Robot_ws/install/ur_dashboard_msgs/include/ur_dashboard_msgs/ur_dashboard_msgs/srv/detail/get_loaded_program__struct.hpp
[2.437s] -- Up-to-date symlink: /home/student/UR_Robot_ws/install/ur_dashboard_msgs/include/ur_dashboard_msgs/ur_dashboard_msgs/srv/detail/get_loaded_program__traits.hpp
[2.437s] -- Up-to-date symlink: /home/student/UR_Robot_ws/install/ur_dashboard_msgs/include/ur_dashboard_msgs/ur_dashboard_msgs/srv/detail/get_loaded_program__type_support.hpp
[2.437s] -- Up-to-date symlink: /home/student/UR_Robot_ws/install/ur_dashboard_msgs/include/ur_dashboard_msgs/ur_dashboard_msgs/srv/detail/get_program_state__builder.hpp
[2.438s] -- Up-to-date symlink: /home/student/UR_Robot_ws/install/ur_dashboard_msgs/include/ur_dashboard_msgs/ur_dashboard_msgs/srv/detail/get_program_state__struct.hpp
[2.438s] -- Up-to-date symlink: /home/student/UR_Robot_ws/install/ur_dashboard_msgs/include/ur_dashboard_msgs/ur_dashboard_msgs/srv/detail/get_program_state__traits.hpp
[2.438s] -- Up-to-date symlink: /home/student/UR_Robot_ws/install/ur_dashboard_msgs/include/ur_dashboard_msgs/ur_dashboard_msgs/srv/detail/get_program_state__type_support.hpp
[2.438s] -- Up-to-date symlink: /home/student/UR_Robot_ws/install/ur_dashboard_msgs/include/ur_dashboard_msgs/ur_dashboard_msgs/srv/detail/get_robot_mode__builder.hpp
[2.438s] -- Up-to-date symlink: /home/student/UR_Robot_ws/install/ur_dashboard_msgs/include/ur_dashboard_msgs/ur_dashboard_msgs/srv/detail/get_robot_mode__struct.hpp
[2.438s] -- Up-to-date symlink: /home/student/UR_Robot_ws/install/ur_dashboard_msgs/include/ur_dashboard_msgs/ur_dashboard_msgs/srv/detail/get_robot_mode__traits.hpp
[2.439s] -- Up-to-date symlink: /home/student/UR_Robot_ws/install/ur_dashboard_msgs/include/ur_dashboard_msgs/ur_dashboard_msgs/srv/detail/get_robot_mode__type_support.hpp
[2.439s] -- Up-to-date symlink: /home/student/UR_Robot_ws/install/ur_dashboard_msgs/include/ur_dashboard_msgs/ur_dashboard_msgs/srv/detail/get_safety_mode__builder.hpp
[2.439s] -- Up-to-date symlink: /home/student/UR_Robot_ws/install/ur_dashboard_msgs/include/ur_dashboard_msgs/ur_dashboard_msgs/srv/detail/get_safety_mode__struct.hpp
[2.440s] -- Up-to-date symlink: /home/student/UR_Robot_ws/install/ur_dashboard_msgs/include/ur_dashboard_msgs/ur_dashboard_msgs/srv/detail/get_safety_mode__traits.hpp
[2.440s] -- Up-to-date symlink: /home/student/UR_Robot_ws/install/ur_dashboard_msgs/include/ur_dashboard_msgs/ur_dashboard_msgs/srv/detail/get_safety_mode__type_support.hpp
[2.440s] -- Up-to-date symlink: /home/student/UR_Robot_ws/install/ur_dashboard_msgs/include/ur_dashboard_msgs/ur_dashboard_msgs/srv/detail/is_in_remote_control__builder.hpp
[2.440s] -- Up-to-date symlink: /home/student/UR_Robot_ws/install/ur_dashboard_msgs/include/ur_dashboard_msgs/ur_dashboard_msgs/srv/detail/is_in_remote_control__struct.hpp
[2.440s] -- Up-to-date symlink: /home/student/UR_Robot_ws/install/ur_dashboard_msgs/include/ur_dashboard_msgs/ur_dashboard_msgs/srv/detail/is_in_remote_control__traits.hpp
[2.440s] -- Up-to-date symlink: /home/student/UR_Robot_ws/install/ur_dashboard_msgs/include/ur_dashboard_msgs/ur_dashboard_msgs/srv/detail/is_in_remote_control__type_support.hpp
[2.441s] -- Up-to-date symlink: /home/student/UR_Robot_ws/install/ur_dashboard_msgs/include/ur_dashboard_msgs/ur_dashboard_msgs/srv/detail/is_program_running__builder.hpp
[2.441s] -- Up-to-date symlink: /home/student/UR_Robot_ws/install/ur_dashboard_msgs/include/ur_dashboard_msgs/ur_dashboard_msgs/srv/detail/is_program_running__struct.hpp
[2.441s] -- Up-to-date symlink: /home/student/UR_Robot_ws/install/ur_dashboard_msgs/include/ur_dashboard_msgs/ur_dashboard_msgs/srv/detail/is_program_running__traits.hpp
[2.441s] -- Up-to-date symlink: /home/student/UR_Robot_ws/install/ur_dashboard_msgs/include/ur_dashboard_msgs/ur_dashboard_msgs/srv/detail/is_program_running__type_support.hpp
[2.442s] -- Up-to-date symlink: /home/student/UR_Robot_ws/install/ur_dashboard_msgs/include/ur_dashboard_msgs/ur_dashboard_msgs/srv/detail/is_program_saved__builder.hpp
[2.442s] -- Up-to-date symlink: /home/student/UR_Robot_ws/install/ur_dashboard_msgs/include/ur_dashboard_msgs/ur_dashboard_msgs/srv/detail/is_program_saved__struct.hpp
[2.444s] -- Up-to-date symlink: /home/student/UR_Robot_ws/install/ur_dashboard_msgs/include/ur_dashboard_msgs/ur_dashboard_msgs/srv/detail/is_program_saved__traits.hpp
[2.444s] -- Up-to-date symlink: /home/student/UR_Robot_ws/install/ur_dashboard_msgs/include/ur_dashboard_msgs/ur_dashboard_msgs/srv/detail/is_program_saved__type_support.hpp
[2.444s] -- Up-to-date symlink: /home/student/UR_Robot_ws/install/ur_dashboard_msgs/include/ur_dashboard_msgs/ur_dashboard_msgs/srv/detail/load__builder.hpp
[2.444s] -- Up-to-date symlink: /home/student/UR_Robot_ws/install/ur_dashboard_msgs/include/ur_dashboard_msgs/ur_dashboard_msgs/srv/detail/load__struct.hpp
[2.445s] -- Up-to-date symlink: /home/student/UR_Robot_ws/install/ur_dashboard_msgs/include/ur_dashboard_msgs/ur_dashboard_msgs/srv/detail/load__traits.hpp
[2.445s] -- Up-to-date symlink: /home/student/UR_Robot_ws/install/ur_dashboard_msgs/include/ur_dashboard_msgs/ur_dashboard_msgs/srv/detail/load__type_support.hpp
[2.445s] -- Up-to-date symlink: /home/student/UR_Robot_ws/install/ur_dashboard_msgs/include/ur_dashboard_msgs/ur_dashboard_msgs/srv/detail/popup__builder.hpp
[2.445s] -- Up-to-date symlink: /home/student/UR_Robot_ws/install/ur_dashboard_msgs/include/ur_dashboard_msgs/ur_dashboard_msgs/srv/detail/popup__struct.hpp
[2.445s] -- Up-to-date symlink: /home/student/UR_Robot_ws/install/ur_dashboard_msgs/include/ur_dashboard_msgs/ur_dashboard_msgs/srv/detail/popup__traits.hpp
[2.445s] -- Up-to-date symlink: /home/student/UR_Robot_ws/install/ur_dashboard_msgs/include/ur_dashboard_msgs/ur_dashboard_msgs/srv/detail/popup__type_support.hpp
[2.445s] -- Up-to-date symlink: /home/student/UR_Robot_ws/install/ur_dashboard_msgs/include/ur_dashboard_msgs/ur_dashboard_msgs/srv/detail/raw_request__builder.hpp
[2.445s] -- Up-to-date symlink: /home/student/UR_Robot_ws/install/ur_dashboard_msgs/include/ur_dashboard_msgs/ur_dashboard_msgs/srv/detail/raw_request__struct.hpp
[2.445s] -- Up-to-date symlink: /home/student/UR_Robot_ws/install/ur_dashboard_msgs/include/ur_dashboard_msgs/ur_dashboard_msgs/srv/detail/raw_request__traits.hpp
[2.445s] -- Up-to-date symlink: /home/student/UR_Robot_ws/install/ur_dashboard_msgs/include/ur_dashboard_msgs/ur_dashboard_msgs/srv/detail/raw_request__type_support.hpp
[2.446s] -- Up-to-date symlink: /home/student/UR_Robot_ws/install/ur_dashboard_msgs/include/ur_dashboard_msgs/ur_dashboard_msgs/srv/get_loaded_program.hpp
[2.446s] -- Up-to-date symlink: /home/student/UR_Robot_ws/install/ur_dashboard_msgs/include/ur_dashboard_msgs/ur_dashboard_msgs/srv/get_program_state.hpp
[2.446s] -- Up-to-date symlink: /home/student/UR_Robot_ws/install/ur_dashboard_msgs/include/ur_dashboard_msgs/ur_dashboard_msgs/srv/get_robot_mode.hpp
[2.446s] -- Up-to-date symlink: /home/student/UR_Robot_ws/install/ur_dashboard_msgs/include/ur_dashboard_msgs/ur_dashboard_msgs/srv/get_safety_mode.hpp
[2.446s] -- Up-to-date symlink: /home/student/UR_Robot_ws/install/ur_dashboard_msgs/include/ur_dashboard_msgs/ur_dashboard_msgs/srv/is_in_remote_control.hpp
[2.446s] -- Up-to-date symlink: /home/student/UR_Robot_ws/install/ur_dashboard_msgs/include/ur_dashboard_msgs/ur_dashboard_msgs/srv/is_program_running.hpp
[2.446s] -- Up-to-date symlink: /home/student/UR_Robot_ws/install/ur_dashboard_msgs/include/ur_dashboard_msgs/ur_dashboard_msgs/srv/is_program_saved.hpp
[2.446s] -- Up-to-date symlink: /home/student/UR_Robot_ws/install/ur_dashboard_msgs/include/ur_dashboard_msgs/ur_dashboard_msgs/srv/load.hpp
[2.447s] -- Up-to-date symlink: /home/student/UR_Robot_ws/install/ur_dashboard_msgs/include/ur_dashboard_msgs/ur_dashboard_msgs/srv/popup.hpp
[2.447s] -- Up-to-date symlink: /home/student/UR_Robot_ws/install/ur_dashboard_msgs/include/ur_dashboard_msgs/ur_dashboard_msgs/srv/raw_request.hpp
[2.447s] -- Up-to-date symlink: /home/student/UR_Robot_ws/install/ur_dashboard_msgs/include/ur_dashboard_msgs/ur_dashboard_msgs/action/detail/set_mode__rosidl_typesupport_fastrtps_cpp.hpp
[2.447s] -- Up-to-date symlink: /home/student/UR_Robot_ws/install/ur_dashboard_msgs/include/ur_dashboard_msgs/ur_dashboard_msgs/msg/detail/program_state__rosidl_typesupport_fastrtps_cpp.hpp
[2.447s] -- Up-to-date symlink: /home/student/UR_Robot_ws/install/ur_dashboard_msgs/include/ur_dashboard_msgs/ur_dashboard_msgs/msg/detail/robot_mode__rosidl_typesupport_fastrtps_cpp.hpp
[2.448s] -- Up-to-date symlink: /home/student/UR_Robot_ws/install/ur_dashboard_msgs/include/ur_dashboard_msgs/ur_dashboard_msgs/msg/detail/safety_mode__rosidl_typesupport_fastrtps_cpp.hpp
[2.448s] -- Up-to-date symlink: /home/student/UR_Robot_ws/install/ur_dashboard_msgs/include/ur_dashboard_msgs/ur_dashboard_msgs/msg/rosidl_typesupport_fastrtps_cpp__visibility_control.h
[2.448s] -- Up-to-date symlink: /home/student/UR_Robot_ws/install/ur_dashboard_msgs/include/ur_dashboard_msgs/ur_dashboard_msgs/srv/detail/add_to_log__rosidl_typesupport_fastrtps_cpp.hpp
[2.448s] -- Up-to-date symlink: /home/student/UR_Robot_ws/install/ur_dashboard_msgs/include/ur_dashboard_msgs/ur_dashboard_msgs/srv/detail/get_loaded_program__rosidl_typesupport_fastrtps_cpp.hpp
[2.448s] -- Up-to-date symlink: /home/student/UR_Robot_ws/install/ur_dashboard_msgs/include/ur_dashboard_msgs/ur_dashboard_msgs/srv/detail/get_program_state__rosidl_typesupport_fastrtps_cpp.hpp
[2.448s] -- Up-to-date symlink: /home/student/UR_Robot_ws/install/ur_dashboard_msgs/include/ur_dashboard_msgs/ur_dashboard_msgs/srv/detail/get_robot_mode__rosidl_typesupport_fastrtps_cpp.hpp
[2.449s] -- Up-to-date symlink: /home/student/UR_Robot_ws/install/ur_dashboard_msgs/include/ur_dashboard_msgs/ur_dashboard_msgs/srv/detail/get_safety_mode__rosidl_typesupport_fastrtps_cpp.hpp
[2.449s] -- Up-to-date symlink: /home/student/UR_Robot_ws/install/ur_dashboard_msgs/include/ur_dashboard_msgs/ur_dashboard_msgs/srv/detail/is_in_remote_control__rosidl_typesupport_fastrtps_cpp.hpp
[2.449s] -- Up-to-date symlink: /home/student/UR_Robot_ws/install/ur_dashboard_msgs/include/ur_dashboard_msgs/ur_dashboard_msgs/srv/detail/is_program_running__rosidl_typesupport_fastrtps_cpp.hpp
[2.449s] -- Up-to-date symlink: /home/student/UR_Robot_ws/install/ur_dashboard_msgs/include/ur_dashboard_msgs/ur_dashboard_msgs/srv/detail/is_program_saved__rosidl_typesupport_fastrtps_cpp.hpp
[2.449s] -- Up-to-date symlink: /home/student/UR_Robot_ws/install/ur_dashboard_msgs/include/ur_dashboard_msgs/ur_dashboard_msgs/srv/detail/load__rosidl_typesupport_fastrtps_cpp.hpp
[2.450s] -- Up-to-date symlink: /home/student/UR_Robot_ws/install/ur_dashboard_msgs/include/ur_dashboard_msgs/ur_dashboard_msgs/srv/detail/popup__rosidl_typesupport_fastrtps_cpp.hpp
[2.450s] -- Up-to-date symlink: /home/student/UR_Robot_ws/install/ur_dashboard_msgs/include/ur_dashboard_msgs/ur_dashboard_msgs/srv/detail/raw_request__rosidl_typesupport_fastrtps_cpp.hpp
[2.450s] -- Up-to-date symlink: /home/student/UR_Robot_ws/install/ur_dashboard_msgs/include/ur_dashboard_msgs/ur_dashboard_msgs/action/detail/set_mode__rosidl_typesupport_introspection_cpp.hpp
[2.451s] -- Up-to-date symlink: /home/student/UR_Robot_ws/install/ur_dashboard_msgs/include/ur_dashboard_msgs/ur_dashboard_msgs/msg/detail/program_state__rosidl_typesupport_introspection_cpp.hpp
[2.451s] -- Up-to-date symlink: /home/student/UR_Robot_ws/install/ur_dashboard_msgs/include/ur_dashboard_msgs/ur_dashboard_msgs/msg/detail/robot_mode__rosidl_typesupport_introspection_cpp.hpp
[2.451s] -- Up-to-date symlink: /home/student/UR_Robot_ws/install/ur_dashboard_msgs/include/ur_dashboard_msgs/ur_dashboard_msgs/msg/detail/safety_mode__rosidl_typesupport_introspection_cpp.hpp
[2.451s] -- Up-to-date symlink: /home/student/UR_Robot_ws/install/ur_dashboard_msgs/include/ur_dashboard_msgs/ur_dashboard_msgs/srv/detail/add_to_log__rosidl_typesupport_introspection_cpp.hpp
[2.451s] -- Up-to-date symlink: /home/student/UR_Robot_ws/install/ur_dashboard_msgs/include/ur_dashboard_msgs/ur_dashboard_msgs/srv/detail/get_loaded_program__rosidl_typesupport_introspection_cpp.hpp
[2.451s] -- Up-to-date symlink: /home/student/UR_Robot_ws/install/ur_dashboard_msgs/include/ur_dashboard_msgs/ur_dashboard_msgs/srv/detail/get_program_state__rosidl_typesupport_introspection_cpp.hpp
[2.451s] -- Up-to-date symlink: /home/student/UR_Robot_ws/install/ur_dashboard_msgs/include/ur_dashboard_msgs/ur_dashboard_msgs/srv/detail/get_robot_mode__rosidl_typesupport_introspection_cpp.hpp
[2.452s] -- Up-to-date symlink: /home/student/UR_Robot_ws/install/ur_dashboard_msgs/include/ur_dashboard_msgs/ur_dashboard_msgs/srv/detail/get_safety_mode__rosidl_typesupport_introspection_cpp.hpp
[2.452s] -- Up-to-date symlink: /home/student/UR_Robot_ws/install/ur_dashboard_msgs/include/ur_dashboard_msgs/ur_dashboard_msgs/srv/detail/is_in_remote_control__rosidl_typesupport_introspection_cpp.hpp
[2.452s] -- Up-to-date symlink: /home/student/UR_Robot_ws/install/ur_dashboard_msgs/include/ur_dashboard_msgs/ur_dashboard_msgs/srv/detail/is_program_running__rosidl_typesupport_introspection_cpp.hpp
[2.452s] -- Up-to-date symlink: /home/student/UR_Robot_ws/install/ur_dashboard_msgs/include/ur_dashboard_msgs/ur_dashboard_msgs/srv/detail/is_program_saved__rosidl_typesupport_introspection_cpp.hpp
[2.452s] -- Up-to-date symlink: /home/student/UR_Robot_ws/install/ur_dashboard_msgs/include/ur_dashboard_msgs/ur_dashboard_msgs/srv/detail/load__rosidl_typesupport_introspection_cpp.hpp
[2.452s] -- Up-to-date symlink: /home/student/UR_Robot_ws/install/ur_dashboard_msgs/include/ur_dashboard_msgs/ur_dashboard_msgs/srv/detail/popup__rosidl_typesupport_introspection_cpp.hpp
[2.453s] -- Up-to-date symlink: /home/student/UR_Robot_ws/install/ur_dashboard_msgs/include/ur_dashboard_msgs/ur_dashboard_msgs/srv/detail/raw_request__rosidl_typesupport_introspection_cpp.hpp
[2.453s] -- Up-to-date symlink: /home/student/UR_Robot_ws/install/ur_dashboard_msgs/share/ur_dashboard_msgs/environment/pythonpath.sh
[2.453s] -- Up-to-date symlink: /home/student/UR_Robot_ws/install/ur_dashboard_msgs/share/ur_dashboard_msgs/environment/pythonpath.dsv
[2.453s] -- Up-to-date symlink: /home/student/UR_Robot_ws/install/ur_dashboard_msgs/local/lib/python3.10/dist-packages/ur_dashboard_msgs-2.8.1-py3.10.egg-info/PKG-INFO
[2.453s] -- Up-to-date symlink: /home/student/UR_Robot_ws/install/ur_dashboard_msgs/local/lib/python3.10/dist-packages/ur_dashboard_msgs-2.8.1-py3.10.egg-info/SOURCES.txt
[2.453s] -- Up-to-date symlink: /home/student/UR_Robot_ws/install/ur_dashboard_msgs/local/lib/python3.10/dist-packages/ur_dashboard_msgs-2.8.1-py3.10.egg-info/dependency_links.txt
[2.454s] -- Up-to-date symlink: /home/student/UR_Robot_ws/install/ur_dashboard_msgs/local/lib/python3.10/dist-packages/ur_dashboard_msgs-2.8.1-py3.10.egg-info/top_level.txt
[2.456s] -- Up-to-date symlink: /home/student/UR_Robot_ws/install/ur_dashboard_msgs/local/lib/python3.10/dist-packages/ur_dashboard_msgs/__init__.py
[2.456s] -- Up-to-date symlink: /home/student/UR_Robot_ws/install/ur_dashboard_msgs/local/lib/python3.10/dist-packages/ur_dashboard_msgs/_ur_dashboard_msgs_s.ep.rosidl_typesupport_c.c
[2.456s] -- Up-to-date symlink: /home/student/UR_Robot_ws/install/ur_dashboard_msgs/local/lib/python3.10/dist-packages/ur_dashboard_msgs/_ur_dashboard_msgs_s.ep.rosidl_typesupport_fastrtps_c.c
[2.456s] -- Up-to-date symlink: /home/student/UR_Robot_ws/install/ur_dashboard_msgs/local/lib/python3.10/dist-packages/ur_dashboard_msgs/_ur_dashboard_msgs_s.ep.rosidl_typesupport_introspection_c.c
[2.456s] -- Up-to-date symlink: /home/student/UR_Robot_ws/install/ur_dashboard_msgs/local/lib/python3.10/dist-packages/ur_dashboard_msgs/action/__init__.py
[2.456s] -- Up-to-date symlink: /home/student/UR_Robot_ws/install/ur_dashboard_msgs/local/lib/python3.10/dist-packages/ur_dashboard_msgs/action/_set_mode.py
[2.457s] -- Up-to-date symlink: /home/student/UR_Robot_ws/install/ur_dashboard_msgs/local/lib/python3.10/dist-packages/ur_dashboard_msgs/action/_set_mode_s.c
[2.457s] -- Up-to-date symlink: /home/student/UR_Robot_ws/install/ur_dashboard_msgs/local/lib/python3.10/dist-packages/ur_dashboard_msgs/libur_dashboard_msgs__rosidl_generator_py.so
[2.457s] -- Up-to-date symlink: /home/student/UR_Robot_ws/install/ur_dashboard_msgs/local/lib/python3.10/dist-packages/ur_dashboard_msgs/msg/__init__.py
[2.457s] -- Up-to-date symlink: /home/student/UR_Robot_ws/install/ur_dashboard_msgs/local/lib/python3.10/dist-packages/ur_dashboard_msgs/msg/_program_state.py
[2.457s] -- Up-to-date symlink: /home/student/UR_Robot_ws/install/ur_dashboard_msgs/local/lib/python3.10/dist-packages/ur_dashboard_msgs/msg/_program_state_s.c
[2.457s] -- Up-to-date symlink: /home/student/UR_Robot_ws/install/ur_dashboard_msgs/local/lib/python3.10/dist-packages/ur_dashboard_msgs/msg/_robot_mode.py
[2.457s] -- Up-to-date symlink: /home/student/UR_Robot_ws/install/ur_dashboard_msgs/local/lib/python3.10/dist-packages/ur_dashboard_msgs/msg/_robot_mode_s.c
[2.457s] -- Up-to-date symlink: /home/student/UR_Robot_ws/install/ur_dashboard_msgs/local/lib/python3.10/dist-packages/ur_dashboard_msgs/msg/_safety_mode.py
[2.458s] -- Up-to-date symlink: /home/student/UR_Robot_ws/install/ur_dashboard_msgs/local/lib/python3.10/dist-packages/ur_dashboard_msgs/msg/_safety_mode_s.c
[2.458s] -- Up-to-date symlink: /home/student/UR_Robot_ws/install/ur_dashboard_msgs/local/lib/python3.10/dist-packages/ur_dashboard_msgs/srv/__init__.py
[2.458s] -- Up-to-date symlink: /home/student/UR_Robot_ws/install/ur_dashboard_msgs/local/lib/python3.10/dist-packages/ur_dashboard_msgs/srv/_add_to_log.py
[2.458s] -- Up-to-date symlink: /home/student/UR_Robot_ws/install/ur_dashboard_msgs/local/lib/python3.10/dist-packages/ur_dashboard_msgs/srv/_add_to_log_s.c
[2.459s] -- Up-to-date symlink: /home/student/UR_Robot_ws/install/ur_dashboard_msgs/local/lib/python3.10/dist-packages/ur_dashboard_msgs/srv/_get_loaded_program.py
[2.459s] -- Up-to-date symlink: /home/student/UR_Robot_ws/install/ur_dashboard_msgs/local/lib/python3.10/dist-packages/ur_dashboard_msgs/srv/_get_loaded_program_s.c
[2.459s] -- Up-to-date symlink: /home/student/UR_Robot_ws/install/ur_dashboard_msgs/local/lib/python3.10/dist-packages/ur_dashboard_msgs/srv/_get_program_state.py
[2.459s] -- Up-to-date symlink: /home/student/UR_Robot_ws/install/ur_dashboard_msgs/local/lib/python3.10/dist-packages/ur_dashboard_msgs/srv/_get_program_state_s.c
[2.459s] -- Up-to-date symlink: /home/student/UR_Robot_ws/install/ur_dashboard_msgs/local/lib/python3.10/dist-packages/ur_dashboard_msgs/srv/_get_robot_mode.py
[2.459s] -- Up-to-date symlink: /home/student/UR_Robot_ws/install/ur_dashboard_msgs/local/lib/python3.10/dist-packages/ur_dashboard_msgs/srv/_get_robot_mode_s.c
[2.459s] -- Up-to-date symlink: /home/student/UR_Robot_ws/install/ur_dashboard_msgs/local/lib/python3.10/dist-packages/ur_dashboard_msgs/srv/_get_safety_mode.py
[2.460s] -- Up-to-date symlink: /home/student/UR_Robot_ws/install/ur_dashboard_msgs/local/lib/python3.10/dist-packages/ur_dashboard_msgs/srv/_get_safety_mode_s.c
[2.460s] -- Up-to-date symlink: /home/student/UR_Robot_ws/install/ur_dashboard_msgs/local/lib/python3.10/dist-packages/ur_dashboard_msgs/srv/_is_in_remote_control.py
[2.460s] -- Up-to-date symlink: /home/student/UR_Robot_ws/install/ur_dashboard_msgs/local/lib/python3.10/dist-packages/ur_dashboard_msgs/srv/_is_in_remote_control_s.c
[2.460s] -- Up-to-date symlink: /home/student/UR_Robot_ws/install/ur_dashboard_msgs/local/lib/python3.10/dist-packages/ur_dashboard_msgs/srv/_is_program_running.py
[2.460s] -- Up-to-date symlink: /home/student/UR_Robot_ws/install/ur_dashboard_msgs/local/lib/python3.10/dist-packages/ur_dashboard_msgs/srv/_is_program_running_s.c
[2.460s] -- Up-to-date symlink: /home/student/UR_Robot_ws/install/ur_dashboard_msgs/local/lib/python3.10/dist-packages/ur_dashboard_msgs/srv/_is_program_saved.py
[2.461s] -- Up-to-date symlink: /home/student/UR_Robot_ws/install/ur_dashboard_msgs/local/lib/python3.10/dist-packages/ur_dashboard_msgs/srv/_is_program_saved_s.c
[2.461s] -- Up-to-date symlink: /home/student/UR_Robot_ws/install/ur_dashboard_msgs/local/lib/python3.10/dist-packages/ur_dashboard_msgs/srv/_load.py
[2.461s] -- Up-to-date symlink: /home/student/UR_Robot_ws/install/ur_dashboard_msgs/local/lib/python3.10/dist-packages/ur_dashboard_msgs/srv/_load_s.c
[2.461s] -- Up-to-date symlink: /home/student/UR_Robot_ws/install/ur_dashboard_msgs/local/lib/python3.10/dist-packages/ur_dashboard_msgs/srv/_popup.py
[2.461s] -- Up-to-date symlink: /home/student/UR_Robot_ws/install/ur_dashboard_msgs/local/lib/python3.10/dist-packages/ur_dashboard_msgs/srv/_popup_s.c
[2.462s] -- Up-to-date symlink: /home/student/UR_Robot_ws/install/ur_dashboard_msgs/local/lib/python3.10/dist-packages/ur_dashboard_msgs/srv/_raw_request.py
[2.462s] -- Up-to-date symlink: /home/student/UR_Robot_ws/install/ur_dashboard_msgs/local/lib/python3.10/dist-packages/ur_dashboard_msgs/srv/_raw_request_s.c
[2.462s] -- Up-to-date symlink: /home/student/UR_Robot_ws/install/ur_dashboard_msgs/local/lib/python3.10/dist-packages/ur_dashboard_msgs/ur_dashboard_msgs_s__rosidl_typesupport_c.cpython-310-x86_64-linux-gnu.so
[2.462s] -- Up-to-date symlink: /home/student/UR_Robot_ws/install/ur_dashboard_msgs/local/lib/python3.10/dist-packages/ur_dashboard_msgs/ur_dashboard_msgs_s__rosidl_typesupport_fastrtps_c.cpython-310-x86_64-linux-gnu.so
[2.463s] -- Up-to-date symlink: /home/student/UR_Robot_ws/install/ur_dashboard_msgs/local/lib/python3.10/dist-packages/ur_dashboard_msgs/ur_dashboard_msgs_s__rosidl_typesupport_introspection_c.cpython-310-x86_64-linux-gnu.so
[2.463s] -- Up-to-date symlink: /home/student/UR_Robot_ws/install/ur_dashboard_msgs/local/lib/python3.10/dist-packages/ur_dashboard_msgs/ur_dashboard_msgs_s__rosidl_typesupport_fastrtps_c.cpython-310-x86_64-linux-gnu.so
[2.463s] -- Up-to-date symlink: /home/student/UR_Robot_ws/install/ur_dashboard_msgs/local/lib/python3.10/dist-packages/ur_dashboard_msgs/ur_dashboard_msgs_s__rosidl_typesupport_introspection_c.cpython-310-x86_64-linux-gnu.so
[2.463s] -- Up-to-date symlink: /home/student/UR_Robot_ws/install/ur_dashboard_msgs/local/lib/python3.10/dist-packages/ur_dashboard_msgs/ur_dashboard_msgs_s__rosidl_typesupport_c.cpython-310-x86_64-linux-gnu.so
[2.463s] -- Up-to-date symlink: /home/student/UR_Robot_ws/install/ur_dashboard_msgs/share/ur_dashboard_msgs/msg/ProgramState.idl
[2.464s] -- Up-to-date symlink: /home/student/UR_Robot_ws/install/ur_dashboard_msgs/share/ur_dashboard_msgs/msg/RobotMode.idl
[2.464s] -- Up-to-date symlink: /home/student/UR_Robot_ws/install/ur_dashboard_msgs/share/ur_dashboard_msgs/msg/SafetyMode.idl
[2.464s] -- Up-to-date symlink: /home/student/UR_Robot_ws/install/ur_dashboard_msgs/share/ur_dashboard_msgs/srv/AddToLog.idl
[2.464s] -- Up-to-date symlink: /home/student/UR_Robot_ws/install/ur_dashboard_msgs/share/ur_dashboard_msgs/srv/GetLoadedProgram.idl
[2.465s] -- Up-to-date symlink: /home/student/UR_Robot_ws/install/ur_dashboard_msgs/share/ur_dashboard_msgs/srv/GetProgramState.idl
[2.465s] -- Up-to-date symlink: /home/student/UR_Robot_ws/install/ur_dashboard_msgs/share/ur_dashboard_msgs/srv/GetRobotMode.idl
[2.465s] -- Up-to-date symlink: /home/student/UR_Robot_ws/install/ur_dashboard_msgs/share/ur_dashboard_msgs/srv/GetSafetyMode.idl
[2.467s] -- Up-to-date symlink: /home/student/UR_Robot_ws/install/ur_dashboard_msgs/share/ur_dashboard_msgs/srv/IsProgramRunning.idl
[2.467s] -- Up-to-date symlink: /home/student/UR_Robot_ws/install/ur_dashboard_msgs/share/ur_dashboard_msgs/srv/IsProgramSaved.idl
[2.467s] -- Up-to-date symlink: /home/student/UR_Robot_ws/install/ur_dashboard_msgs/share/ur_dashboard_msgs/srv/Load.idl
[2.467s] -- Up-to-date symlink: /home/student/UR_Robot_ws/install/ur_dashboard_msgs/share/ur_dashboard_msgs/srv/Popup.idl
[2.467s] -- Up-to-date symlink: /home/student/UR_Robot_ws/install/ur_dashboard_msgs/share/ur_dashboard_msgs/srv/RawRequest.idl
[2.467s] -- Up-to-date symlink: /home/student/UR_Robot_ws/install/ur_dashboard_msgs/share/ur_dashboard_msgs/srv/IsInRemoteControl.idl
[2.467s] -- Up-to-date symlink: /home/student/UR_Robot_ws/install/ur_dashboard_msgs/share/ur_dashboard_msgs/action/SetMode.idl
[2.467s] -- Up-to-date symlink: /home/student/UR_Robot_ws/install/ur_dashboard_msgs/share/ur_dashboard_msgs/msg/ProgramState.msg
[2.467s] -- Up-to-date symlink: /home/student/UR_Robot_ws/install/ur_dashboard_msgs/share/ur_dashboard_msgs/msg/RobotMode.msg
[2.468s] -- Up-to-date symlink: /home/student/UR_Robot_ws/install/ur_dashboard_msgs/share/ur_dashboard_msgs/msg/SafetyMode.msg
[2.468s] -- Up-to-date symlink: /home/student/UR_Robot_ws/install/ur_dashboard_msgs/share/ur_dashboard_msgs/srv/AddToLog.srv
[2.468s] -- Up-to-date symlink: /home/student/UR_Robot_ws/install/ur_dashboard_msgs/share/ur_dashboard_msgs/srv/AddToLog_Request.msg
[2.468s] -- Up-to-date symlink: /home/student/UR_Robot_ws/install/ur_dashboard_msgs/share/ur_dashboard_msgs/srv/AddToLog_Response.msg
[2.468s] -- Up-to-date symlink: /home/student/UR_Robot_ws/install/ur_dashboard_msgs/share/ur_dashboard_msgs/srv/GetLoadedProgram.srv
[2.468s] -- Up-to-date symlink: /home/student/UR_Robot_ws/install/ur_dashboard_msgs/share/ur_dashboard_msgs/srv/GetLoadedProgram_Request.msg
[2.469s] -- Up-to-date symlink: /home/student/UR_Robot_ws/install/ur_dashboard_msgs/share/ur_dashboard_msgs/srv/GetLoadedProgram_Response.msg
[2.469s] -- Up-to-date symlink: /home/student/UR_Robot_ws/install/ur_dashboard_msgs/share/ur_dashboard_msgs/srv/GetProgramState.srv
[2.469s] -- Up-to-date symlink: /home/student/UR_Robot_ws/install/ur_dashboard_msgs/share/ur_dashboard_msgs/srv/GetProgramState_Request.msg
[2.469s] -- Up-to-date symlink: /home/student/UR_Robot_ws/install/ur_dashboard_msgs/share/ur_dashboard_msgs/srv/GetProgramState_Response.msg
[2.469s] -- Up-to-date symlink: /home/student/UR_Robot_ws/install/ur_dashboard_msgs/share/ur_dashboard_msgs/srv/GetRobotMode.srv
[2.469s] -- Up-to-date symlink: /home/student/UR_Robot_ws/install/ur_dashboard_msgs/share/ur_dashboard_msgs/srv/GetRobotMode_Request.msg
[2.469s] -- Up-to-date symlink: /home/student/UR_Robot_ws/install/ur_dashboard_msgs/share/ur_dashboard_msgs/srv/GetRobotMode_Response.msg
[2.469s] -- Up-to-date symlink: /home/student/UR_Robot_ws/install/ur_dashboard_msgs/share/ur_dashboard_msgs/srv/GetSafetyMode.srv
[2.470s] -- Up-to-date symlink: /home/student/UR_Robot_ws/install/ur_dashboard_msgs/share/ur_dashboard_msgs/srv/GetSafetyMode_Request.msg
[2.470s] -- Up-to-date symlink: /home/student/UR_Robot_ws/install/ur_dashboard_msgs/share/ur_dashboard_msgs/srv/GetSafetyMode_Response.msg
[2.470s] -- Up-to-date symlink: /home/student/UR_Robot_ws/install/ur_dashboard_msgs/share/ur_dashboard_msgs/srv/IsProgramRunning.srv
[2.470s] -- Up-to-date symlink: /home/student/UR_Robot_ws/install/ur_dashboard_msgs/share/ur_dashboard_msgs/srv/IsProgramRunning_Request.msg
[2.470s] -- Up-to-date symlink: /home/student/UR_Robot_ws/install/ur_dashboard_msgs/share/ur_dashboard_msgs/srv/IsProgramRunning_Response.msg
[2.470s] -- Up-to-date symlink: /home/student/UR_Robot_ws/install/ur_dashboard_msgs/share/ur_dashboard_msgs/srv/IsProgramSaved.srv
[2.470s] -- Up-to-date symlink: /home/student/UR_Robot_ws/install/ur_dashboard_msgs/share/ur_dashboard_msgs/srv/IsProgramSaved_Request.msg
[2.470s] -- Up-to-date symlink: /home/student/UR_Robot_ws/install/ur_dashboard_msgs/share/ur_dashboard_msgs/srv/IsProgramSaved_Response.msg
[2.471s] -- Up-to-date symlink: /home/student/UR_Robot_ws/install/ur_dashboard_msgs/share/ur_dashboard_msgs/srv/Load.srv
[2.471s] -- Up-to-date symlink: /home/student/UR_Robot_ws/install/ur_dashboard_msgs/share/ur_dashboard_msgs/srv/Load_Request.msg
[2.471s] -- Up-to-date symlink: /home/student/UR_Robot_ws/install/ur_dashboard_msgs/share/ur_dashboard_msgs/srv/Load_Response.msg
[2.471s] -- Up-to-date symlink: /home/student/UR_Robot_ws/install/ur_dashboard_msgs/share/ur_dashboard_msgs/srv/Popup.srv
[2.471s] -- Up-to-date symlink: /home/student/UR_Robot_ws/install/ur_dashboard_msgs/share/ur_dashboard_msgs/srv/Popup_Request.msg
[2.471s] -- Up-to-date symlink: /home/student/UR_Robot_ws/install/ur_dashboard_msgs/share/ur_dashboard_msgs/srv/Popup_Response.msg
[2.471s] -- Up-to-date symlink: /home/student/UR_Robot_ws/install/ur_dashboard_msgs/share/ur_dashboard_msgs/srv/RawRequest.srv
[2.471s] -- Up-to-date symlink: /home/student/UR_Robot_ws/install/ur_dashboard_msgs/share/ur_dashboard_msgs/srv/RawRequest_Request.msg
[2.472s] -- Up-to-date symlink: /home/student/UR_Robot_ws/install/ur_dashboard_msgs/share/ur_dashboard_msgs/srv/RawRequest_Response.msg
[2.472s] -- Up-to-date symlink: /home/student/UR_Robot_ws/install/ur_dashboard_msgs/share/ur_dashboard_msgs/srv/IsInRemoteControl.srv
[2.472s] -- Up-to-date symlink: /home/student/UR_Robot_ws/install/ur_dashboard_msgs/share/ur_dashboard_msgs/srv/IsInRemoteControl_Request.msg
[2.472s] -- Up-to-date symlink: /home/student/UR_Robot_ws/install/ur_dashboard_msgs/share/ur_dashboard_msgs/srv/IsInRemoteControl_Response.msg
[2.472s] -- Up-to-date symlink: /home/student/UR_Robot_ws/install/ur_dashboard_msgs/share/ur_dashboard_msgs/action/SetMode.action
[2.472s] -- Up-to-date symlink: /home/student/UR_Robot_ws/install/ur_dashboard_msgs/share/ament_index/resource_index/package_run_dependencies/ur_dashboard_msgs
[2.472s] -- Up-to-date symlink: /home/student/UR_Robot_ws/install/ur_dashboard_msgs/share/ament_index/resource_index/parent_prefix_path/ur_dashboard_msgs
[2.473s] -- Up-to-date symlink: /home/student/UR_Robot_ws/install/ur_dashboard_msgs/share/ur_dashboard_msgs/environment/ament_prefix_path.sh
[2.473s] -- Up-to-date symlink: /home/student/UR_Robot_ws/install/ur_dashboard_msgs/share/ur_dashboard_msgs/environment/ament_prefix_path.dsv
[2.473s] -- Up-to-date symlink: /home/student/UR_Robot_ws/install/ur_dashboard_msgs/share/ur_dashboard_msgs/environment/path.sh
[2.473s] -- Up-to-date symlink: /home/student/UR_Robot_ws/install/ur_dashboard_msgs/share/ur_dashboard_msgs/environment/path.dsv
[2.473s] -- Up-to-date symlink: /home/student/UR_Robot_ws/install/ur_dashboard_msgs/share/ur_dashboard_msgs/local_setup.bash
[2.473s] -- Up-to-date symlink: /home/student/UR_Robot_ws/install/ur_dashboard_msgs/share/ur_dashboard_msgs/local_setup.sh
[2.473s] -- Up-to-date symlink: /home/student/UR_Robot_ws/install/ur_dashboard_msgs/share/ur_dashboard_msgs/local_setup.zsh
[2.474s] -- Up-to-date symlink: /home/student/UR_Robot_ws/install/ur_dashboard_msgs/share/ur_dashboard_msgs/local_setup.dsv
[2.474s] -- Symlinking: /home/student/UR_Robot_ws/install/ur_dashboard_msgs/share/ur_dashboard_msgs/package.dsv
[2.487s] -- Up-to-date symlink: /home/student/UR_Robot_ws/install/ur_dashboard_msgs/share/ament_index/resource_index/packages/ur_dashboard_msgs
[2.487s] -- Up-to-date symlink: /home/student/UR_Robot_ws/install/ur_dashboard_msgs/share/ur_dashboard_msgs/cmake/rosidl_cmake-extras.cmake
[2.487s] -- Up-to-date symlink: /home/student/UR_Robot_ws/install/ur_dashboard_msgs/share/ur_dashboard_msgs/cmake/ament_cmake_export_dependencies-extras.cmake
[2.487s] -- Up-to-date symlink: /home/student/UR_Robot_ws/install/ur_dashboard_msgs/share/ur_dashboard_msgs/cmake/ament_cmake_export_include_directories-extras.cmake
[2.488s] -- Up-to-date symlink: /home/student/UR_Robot_ws/install/ur_dashboard_msgs/share/ur_dashboard_msgs/cmake/ament_cmake_export_libraries-extras.cmake
[2.488s] -- Up-to-date symlink: /home/student/UR_Robot_ws/install/ur_dashboard_msgs/share/ur_dashboard_msgs/cmake/ament_cmake_export_targets-extras.cmake
[2.488s] -- Up-to-date symlink: /home/student/UR_Robot_ws/install/ur_dashboard_msgs/share/ur_dashboard_msgs/cmake/rosidl_cmake_export_typesupport_targets-extras.cmake
[2.488s] -- Up-to-date symlink: /home/student/UR_Robot_ws/install/ur_dashboard_msgs/share/ur_dashboard_msgs/cmake/rosidl_cmake_export_typesupport_libraries-extras.cmake
[2.488s] -- Up-to-date symlink: /home/student/UR_Robot_ws/install/ur_dashboard_msgs/share/ur_dashboard_msgs/cmake/ur_dashboard_msgsConfig.cmake
[2.488s] -- Up-to-date symlink: /home/student/UR_Robot_ws/install/ur_dashboard_msgs/share/ur_dashboard_msgs/cmake/ur_dashboard_msgsConfig-version.cmake
[2.489s] -- Up-to-date symlink: /home/student/UR_Robot_ws/install/ur_dashboard_msgs/share/ur_dashboard_msgs/package.xml
[2.489s] -- Up-to-date: /home/student/UR_Robot_ws/install/ur_dashboard_msgs/lib/libur_dashboard_msgs__rosidl_generator_c.so
[2.489s] -- Up-to-date: /home/student/UR_Robot_ws/install/ur_dashboard_msgs/lib/libur_dashboard_msgs__rosidl_typesupport_fastrtps_c.so
[2.489s] -- Up-to-date: /home/student/UR_Robot_ws/install/ur_dashboard_msgs/lib/libur_dashboard_msgs__rosidl_typesupport_introspection_c.so
[2.490s] -- Up-to-date: /home/student/UR_Robot_ws/install/ur_dashboard_msgs/lib/libur_dashboard_msgs__rosidl_typesupport_c.so
[2.490s] -- Up-to-date: /home/student/UR_Robot_ws/install/ur_dashboard_msgs/lib/libur_dashboard_msgs__rosidl_typesupport_fastrtps_cpp.so
[2.491s] -- Up-to-date: /home/student/UR_Robot_ws/install/ur_dashboard_msgs/lib/libur_dashboard_msgs__rosidl_typesupport_introspection_cpp.so
[2.491s] -- Up-to-date: /home/student/UR_Robot_ws/install/ur_dashboard_msgs/lib/libur_dashboard_msgs__rosidl_typesupport_cpp.so
[2.529s] Listing '/home/student/UR_Robot_ws/install/ur_dashboard_msgs/local/lib/python3.10/dist-packages/ur_dashboard_msgs'...
[2.529s] Compiling '/home/student/UR_Robot_ws/install/ur_dashboard_msgs/local/lib/python3.10/dist-packages/ur_dashboard_msgs/__init__.py'...
[2.529s] Listing '/home/student/UR_Robot_ws/install/ur_dashboard_msgs/local/lib/python3.10/dist-packages/ur_dashboard_msgs/action'...
[2.529s] Listing '/home/student/UR_Robot_ws/install/ur_dashboard_msgs/local/lib/python3.10/dist-packages/ur_dashboard_msgs/msg'...
[2.530s] Listing '/home/student/UR_Robot_ws/install/ur_dashboard_msgs/local/lib/python3.10/dist-packages/ur_dashboard_msgs/srv'...
[2.533s] -- Up-to-date: /home/student/UR_Robot_ws/install/ur_dashboard_msgs/lib/libur_dashboard_msgs__rosidl_generator_py.so
[2.534s] -- Up-to-date: /home/student/UR_Robot_ws/install/ur_dashboard_msgs/share/ur_dashboard_msgs/cmake/export_ur_dashboard_msgs__rosidl_generator_cExport.cmake
[2.534s] -- Up-to-date: /home/student/UR_Robot_ws/install/ur_dashboard_msgs/share/ur_dashboard_msgs/cmake/export_ur_dashboard_msgs__rosidl_generator_cExport-noconfig.cmake
[2.534s] -- Up-to-date: /home/student/UR_Robot_ws/install/ur_dashboard_msgs/share/ur_dashboard_msgs/cmake/export_ur_dashboard_msgs__rosidl_typesupport_fastrtps_cExport.cmake
[2.534s] -- Up-to-date: /home/student/UR_Robot_ws/install/ur_dashboard_msgs/share/ur_dashboard_msgs/cmake/export_ur_dashboard_msgs__rosidl_typesupport_fastrtps_cExport-noconfig.cmake
[2.534s] -- Up-to-date: /home/student/UR_Robot_ws/install/ur_dashboard_msgs/share/ur_dashboard_msgs/cmake/ur_dashboard_msgs__rosidl_typesupport_introspection_cExport.cmake
[2.534s] -- Up-to-date: /home/student/UR_Robot_ws/install/ur_dashboard_msgs/share/ur_dashboard_msgs/cmake/ur_dashboard_msgs__rosidl_typesupport_introspection_cExport-noconfig.cmake
[2.535s] -- Up-to-date: /home/student/UR_Robot_ws/install/ur_dashboard_msgs/share/ur_dashboard_msgs/cmake/ur_dashboard_msgs__rosidl_typesupport_cExport.cmake
[2.535s] -- Up-to-date: /home/student/UR_Robot_ws/install/ur_dashboard_msgs/share/ur_dashboard_msgs/cmake/ur_dashboard_msgs__rosidl_typesupport_cExport-noconfig.cmake
[2.535s] -- Up-to-date: /home/student/UR_Robot_ws/install/ur_dashboard_msgs/share/ur_dashboard_msgs/cmake/export_ur_dashboard_msgs__rosidl_generator_cppExport.cmake
[2.535s] -- Up-to-date: /home/student/UR_Robot_ws/install/ur_dashboard_msgs/share/ur_dashboard_msgs/cmake/export_ur_dashboard_msgs__rosidl_typesupport_fastrtps_cppExport.cmake
[2.535s] -- Up-to-date: /home/student/UR_Robot_ws/install/ur_dashboard_msgs/share/ur_dashboard_msgs/cmake/export_ur_dashboard_msgs__rosidl_typesupport_fastrtps_cppExport-noconfig.cmake
[2.535s] -- Up-to-date: /home/student/UR_Robot_ws/install/ur_dashboard_msgs/share/ur_dashboard_msgs/cmake/ur_dashboard_msgs__rosidl_typesupport_introspection_cppExport.cmake
[2.535s] -- Up-to-date: /home/student/UR_Robot_ws/install/ur_dashboard_msgs/share/ur_dashboard_msgs/cmake/ur_dashboard_msgs__rosidl_typesupport_introspection_cppExport-noconfig.cmake
[2.535s] -- Up-to-date: /home/student/UR_Robot_ws/install/ur_dashboard_msgs/share/ur_dashboard_msgs/cmake/ur_dashboard_msgs__rosidl_typesupport_cppExport.cmake
[2.536s] -- Up-to-date: /home/student/UR_Robot_ws/install/ur_dashboard_msgs/share/ur_dashboard_msgs/cmake/ur_dashboard_msgs__rosidl_typesupport_cppExport-noconfig.cmake
[2.536s] -- Up-to-date: /home/student/UR_Robot_ws/install/ur_dashboard_msgs/share/ur_dashboard_msgs/cmake/export_ur_dashboard_msgs__rosidl_generator_pyExport.cmake
[2.536s] -- Up-to-date: /home/student/UR_Robot_ws/install/ur_dashboard_msgs/share/ur_dashboard_msgs/cmake/export_ur_dashboard_msgs__rosidl_generator_pyExport-noconfig.cmake
[2.538s] Invoked command in '/home/student/UR_Robot_ws/build/ur_dashboard_msgs' returned '0': CMAKE_PREFIX_PATH=${CMAKE_PREFIX_PATH}:/home/student/UR_Robot_ws/install/ur10_moveit_control:/home/student/UR_Robot_ws/install/ur10_control:/home/student/UR_Robot_ws/install/mon_package_moveit:/home/student/ws_moveit2/install/moveit_configs_utils:/home/student/ws_moveit2/install/launch_param_builder:/opt/ros/humble /usr/bin/cmake --install /home/student/UR_Robot_ws/build/ur_dashboard_msgs
