[0.046s] Invoking command in '/home/student/ros2_ws/src/build/joint_limits': CMAKE_PREFIX_PATH=/opt/ros/humble /usr/bin/cmake --build /home/student/ros2_ws/src/build/joint_limits -- -j8 -l8
[1.211s] -- Found ament_cmake: 1.3.12 (/opt/ros/humble/share/ament_cmake/cmake)
[1.211s] -- Found rclcpp: 16.0.14 (/opt/ros/humble/share/rclcpp/cmake)
[1.211s] -- Found rosidl_generator_c: 3.1.7 (/opt/ros/humble/share/rosidl_generator_c/cmake)
[1.211s] -- Found rosidl_adapter: 3.1.7 (/opt/ros/humble/share/rosidl_adapter/cmake)
[1.211s] -- Found rosidl_generator_cpp: 3.1.7 (/opt/ros/humble/share/rosidl_generator_cpp/cmake)
[1.211s] -- Using all available rosidl_typesupport_c: rosidl_typesupport_fastrtps_c;rosidl_typesupport_introspection_c
[1.211s] -- Using all available rosidl_typesupport_cpp: rosidl_typesupport_fastrtps_cpp;rosidl_typesupport_introspection_cpp
[1.212s] -- Found rmw_implementation_cmake: 6.1.2 (/opt/ros/humble/share/rmw_implementation_cmake/cmake)
[1.212s] -- Found rmw_fastrtps_cpp: 6.2.8 (/opt/ros/humble/share/rmw_fastrtps_cpp/cmake)
[1.212s] -- Using RMW implementation 'rmw_fastrtps_cpp' as default
[1.212s] -- Found rclcpp_lifecycle: 16.0.14 (/opt/ros/humble/share/rclcpp_lifecycle/cmake)
[1.212s] -- Found urdf: 2.6.1 (/opt/ros/humble/share/urdf/cmake)
[1.212s] -- Found ament_cmake_gtest: 1.3.12 (/opt/ros/humble/share/ament_cmake_gtest/cmake)
[1.212s] -- Found launch_testing_ament_cmake: 1.0.10 (/opt/ros/humble/share/launch_testing_ament_cmake/cmake)
[1.212s] -- Found python_cmake_module: 0.10.0 (/opt/ros/humble/share/python_cmake_module/cmake)
[1.212s] -- Using PYTHON_EXECUTABLE: /usr/bin/python3
[1.212s] -- Using PYTHON_INCLUDE_DIRS: /usr/include/python3.10
[1.212s] -- Using PYTHON_LIBRARIES: /usr/lib/x86_64-linux-gnu/libpython3.10.so
[1.212s] -- Found gtest sources under '/opt/ros/humble/src/gtest_vendor': C++ tests using 'Google Test' will be built
[1.212s] -- Configuring done
[1.212s] -- Generating done
[1.213s] -- Build files have been written to: /home/student/ros2_ws/src/build/joint_limits
[1.213s] [35m[1mConsolidate compiler generated dependencies of target gtest[0m
[1.213s] [35m[1mConsolidate compiler generated dependencies of target gtest_main[0m
[1.213s] [ 11%] Built target ament_generate_version_header__joint_limits
[1.213s] [ 22%] [32mBuilding CXX object gtest/CMakeFiles/gtest_main.dir/src/gtest_main.cc.o[0m
[1.213s] [ 33%] [32mBuilding CXX object gtest/CMakeFiles/gtest.dir/src/gtest-all.cc.o[0m
[1.972s] [ 44%] [32m[1mLinking CXX static library libgtest_main.a[0m
[2.075s] [ 44%] Built target gtest_main
[7.778s] [ 55%] [32m[1mLinking CXX static library libgtest.a[0m
[7.904s] [ 55%] Built target gtest
[7.934s] [ 66%] [32mBuilding CXX object CMakeFiles/joint_limits_rosparam_test.dir/test/joint_limits_rosparam_test.cpp.o[0m
[7.951s] [ 77%] [32mBuilding CXX object CMakeFiles/joint_limits_urdf_test.dir/test/joint_limits_urdf_test.cpp.o[0m
[12.373s] [ 88%] [32m[1mLinking CXX executable joint_limits_urdf_test[0m
[13.010s] [ 88%] Built target joint_limits_urdf_test
[17.723s] [100%] [32m[1mLinking CXX executable joint_limits_rosparam_test[0m
[18.284s] [100%] Built target joint_limits_rosparam_test
[18.322s] Invoked command in '/home/student/ros2_ws/src/build/joint_limits' returned '0': CMAKE_PREFIX_PATH=/opt/ros/humble /usr/bin/cmake --build /home/student/ros2_ws/src/build/joint_limits -- -j8 -l8
[18.323s] Invoking command in '/home/student/ros2_ws/src/build/joint_limits': CMAKE_PREFIX_PATH=/opt/ros/humble /usr/bin/cmake --install /home/student/ros2_ws/src/build/joint_limits
[18.347s] -- Install configuration: ""
[18.347s] -- Installing: /home/student/ros2_ws/src/install/joint_limits/include
[18.347s] -- Installing: /home/student/ros2_ws/src/install/joint_limits/include/joint_limits
[18.347s] -- Installing: /home/student/ros2_ws/src/install/joint_limits/include/joint_limits/joint_limits_urdf.hpp
[18.347s] -- Installing: /home/student/ros2_ws/src/install/joint_limits/include/joint_limits/joint_limits_rosparam.hpp
[18.347s] -- Installing: /home/student/ros2_ws/src/install/joint_limits/include/joint_limits/joint_limits.hpp
[18.347s] -- Installing: /home/student/ros2_ws/src/install/joint_limits/lib/joint_limits/joint_limits_rosparam_test
[18.350s] -- Set runtime path of "/home/student/ros2_ws/src/install/joint_limits/lib/joint_limits/joint_limits_rosparam_test" to ""
[18.350s] -- Installing: /home/student/ros2_ws/src/install/joint_limits/share/joint_limits/test/joint_limits_rosparam.yaml
[18.355s] -- Up-to-date: /home/student/ros2_ws/src/install/joint_limits/include/joint_limits
[18.355s] -- Installing: /home/student/ros2_ws/src/install/joint_limits/include/joint_limits/joint_limits
[18.356s] -- Installing: /home/student/ros2_ws/src/install/joint_limits/include/joint_limits/joint_limits/joint_limits_urdf.hpp
[18.356s] -- Installing: /home/student/ros2_ws/src/install/joint_limits/include/joint_limits/joint_limits/joint_limits_rosparam.hpp
[18.356s] -- Installing: /home/student/ros2_ws/src/install/joint_limits/include/joint_limits/joint_limits/joint_limits.hpp
[18.356s] -- Installing: /home/student/ros2_ws/src/install/joint_limits/share/joint_limits/environment/library_path.sh
[18.356s] -- Installing: /home/student/ros2_ws/src/install/joint_limits/share/joint_limits/environment/library_path.dsv
[18.356s] -- Installing: /home/student/ros2_ws/src/install/joint_limits/share/ament_index/resource_index/package_run_dependencies/joint_limits
[18.356s] -- Installing: /home/student/ros2_ws/src/install/joint_limits/share/ament_index/resource_index/parent_prefix_path/joint_limits
[18.356s] -- Installing: /home/student/ros2_ws/src/install/joint_limits/share/joint_limits/environment/ament_prefix_path.sh
[18.356s] -- Installing: /home/student/ros2_ws/src/install/joint_limits/share/joint_limits/environment/ament_prefix_path.dsv
[18.356s] -- Installing: /home/student/ros2_ws/src/install/joint_limits/share/joint_limits/environment/path.sh
[18.357s] -- Installing: /home/student/ros2_ws/src/install/joint_limits/share/joint_limits/environment/path.dsv
[18.357s] -- Installing: /home/student/ros2_ws/src/install/joint_limits/share/joint_limits/local_setup.bash
[18.357s] -- Installing: /home/student/ros2_ws/src/install/joint_limits/share/joint_limits/local_setup.sh
[18.357s] -- Installing: /home/student/ros2_ws/src/install/joint_limits/share/joint_limits/local_setup.zsh
[18.357s] -- Installing: /home/student/ros2_ws/src/install/joint_limits/share/joint_limits/local_setup.dsv
[18.359s] -- Installing: /home/student/ros2_ws/src/install/joint_limits/share/joint_limits/package.dsv
[18.359s] -- Installing: /home/student/ros2_ws/src/install/joint_limits/share/ament_index/resource_index/packages/joint_limits
[18.359s] -- Installing: /home/student/ros2_ws/src/install/joint_limits/share/joint_limits/cmake/export_joint_limitsExport.cmake
[18.360s] -- Installing: /home/student/ros2_ws/src/install/joint_limits/share/joint_limits/cmake/ament_cmake_export_targets-extras.cmake
[18.364s] -- Installing: /home/student/ros2_ws/src/install/joint_limits/share/joint_limits/cmake/ament_cmake_export_dependencies-extras.cmake
[18.364s] -- Installing: /home/student/ros2_ws/src/install/joint_limits/share/joint_limits/cmake/ament_cmake_export_include_directories-extras.cmake
[18.365s] -- Installing: /home/student/ros2_ws/src/install/joint_limits/share/joint_limits/cmake/joint_limitsConfig.cmake
[18.365s] -- Installing: /home/student/ros2_ws/src/install/joint_limits/share/joint_limits/cmake/joint_limitsConfig-version.cmake
[18.365s] -- Installing: /home/student/ros2_ws/src/install/joint_limits/share/joint_limits/package.xml
[18.365s] -- Installing: /home/student/ros2_ws/src/install/joint_limits/include/joint_limits/joint_limits/version.h
[18.372s] Invoked command in '/home/student/ros2_ws/src/build/joint_limits' returned '0': CMAKE_PREFIX_PATH=/opt/ros/humble /usr/bin/cmake --install /home/student/ros2_ws/src/build/joint_limits
