[0.044s] Invoking command in '/home/student/ros2_ws/build/joint_limits': CMAKE_PREFIX_PATH=${CMAKE_PREFIX_PATH}:/home/student/ros2_ws/install/rqt_joint_trajectory_controller:/home/student/ros2_ws/install/ros2_controllers_test_nodes:/home/student/ros2_ws/install/opcua_ros_client:/home/student/ros2_ws/install/my_py_pkg:/home/student/ros2_ws/install/my_bot_description:/home/student/ros2_ws/install/modbus_interface:/home/student/ros2_ws/src/install/rqt_joint_trajectory_controller:/home/student/ros2_ws/src/install/ros2_controllers_test_nodes:/home/student/ros2_ws/src/install/opcua_ros_client:/home/student/ros2_ws/src/install/my_py_pkg:/home/student/ros2_ws/src/install/my_bot_description:/home/student/ros2_ws/src/install/modbus_interface:/opt/ros/humble /usr/bin/cmake /home/student/ros2_ws/src/ros2_control/joint_limits -DCMAKE_INSTALL_PREFIX=/home/student/ros2_ws/install/joint_limits
[1.181s] -- The C compiler identification is GNU 11.4.0
[1.181s] -- The CXX compiler identification is GNU 11.4.0
[1.181s] -- Detecting C compiler ABI info
[1.181s] -- Detecting C compiler ABI info - done
[1.181s] -- Check for working C compiler: /usr/bin/cc - skipped
[1.181s] -- Detecting C compile features
[1.181s] -- Detecting C compile features - done
[1.181s] -- Detecting CXX compiler ABI info
[1.181s] -- Detecting CXX compiler ABI info - done
[1.181s] -- Check for working CXX compiler: /usr/bin/c++ - skipped
[1.181s] -- Detecting CXX compile features
[1.181s] -- Detecting CXX compile features - done
[1.181s] -- Found ament_cmake: 1.3.12 (/opt/ros/humble/share/ament_cmake/cmake)
[1.181s] -- Found Python3: /usr/bin/python3 (found version "3.10.12") found components: Interpreter 
[1.182s] -- Found rclcpp: 16.0.14 (/opt/ros/humble/share/rclcpp/cmake)
[1.183s] -- Found rosidl_generator_c: 3.1.7 (/opt/ros/humble/share/rosidl_generator_c/cmake)
[1.183s] -- Found rosidl_adapter: 3.1.7 (/opt/ros/humble/share/rosidl_adapter/cmake)
[1.183s] -- Found rosidl_generator_cpp: 3.1.7 (/opt/ros/humble/share/rosidl_generator_cpp/cmake)
[1.184s] -- Using all available rosidl_typesupport_c: rosidl_typesupport_fastrtps_c;rosidl_typesupport_introspection_c
[1.184s] -- Using all available rosidl_typesupport_cpp: rosidl_typesupport_fastrtps_cpp;rosidl_typesupport_introspection_cpp
[1.185s] -- Found rmw_implementation_cmake: 6.1.2 (/opt/ros/humble/share/rmw_implementation_cmake/cmake)
[1.185s] -- Found rmw_fastrtps_cpp: 6.2.8 (/opt/ros/humble/share/rmw_fastrtps_cpp/cmake)
[1.186s] -- Found OpenSSL: /usr/lib/x86_64-linux-gnu/libcrypto.so (found version "3.0.2")  
[1.221s] -- Found FastRTPS: /opt/ros/humble/include  
[1.280s] -- Using RMW implementation 'rmw_fastrtps_cpp' as default
[1.294s] -- Looking for pthread.h
[1.372s] -- Looking for pthread.h - found
[1.373s] -- Performing Test CMAKE_HAVE_LIBC_PTHREAD
[1.449s] -- Performing Test CMAKE_HAVE_LIBC_PTHREAD - Success
[1.451s] -- Found Threads: TRUE  
[1.569s] -- Found rclcpp_lifecycle: 16.0.14 (/opt/ros/humble/share/rclcpp_lifecycle/cmake)
[1.638s] -- Found urdf: 2.6.1 (/opt/ros/humble/share/urdf/cmake)
[1.731s] -- Found ament_cmake_gtest: 1.3.12 (/opt/ros/humble/share/ament_cmake_gtest/cmake)
[1.738s] -- Found launch_testing_ament_cmake: 1.0.10 (/opt/ros/humble/share/launch_testing_ament_cmake/cmake)
[1.746s] -- Found python_cmake_module: 0.10.0 (/opt/ros/humble/share/python_cmake_module/cmake)
[1.782s] -- Found PythonInterp: /usr/bin/python3 (found suitable version "3.10.12", minimum required is "3.6") 
[1.792s] -- Found PythonLibs: /usr/lib/x86_64-linux-gnu/libpython3.10.so (found suitable version "3.10.12", minimum required is "3.5") 
[1.793s] -- Using PYTHON_EXECUTABLE: /usr/bin/python3
[1.793s] -- Using PYTHON_INCLUDE_DIRS: /usr/include/python3.10
[1.793s] -- Using PYTHON_LIBRARIES: /usr/lib/x86_64-linux-gnu/libpython3.10.so
[1.849s] -- Found PythonExtra: .so  
[1.850s] -- Found gtest sources under '/opt/ros/humble/src/gtest_vendor': C++ tests using 'Google Test' will be built
[1.998s] -- Configuring done
[2.024s] -- Generating done
[2.036s] -- Build files have been written to: /home/student/ros2_ws/build/joint_limits
[2.139s] Invoked command in '/home/student/ros2_ws/build/joint_limits' returned '0': CMAKE_PREFIX_PATH=${CMAKE_PREFIX_PATH}:/home/student/ros2_ws/install/rqt_joint_trajectory_controller:/home/student/ros2_ws/install/ros2_controllers_test_nodes:/home/student/ros2_ws/install/opcua_ros_client:/home/student/ros2_ws/install/my_py_pkg:/home/student/ros2_ws/install/my_bot_description:/home/student/ros2_ws/install/modbus_interface:/home/student/ros2_ws/src/install/rqt_joint_trajectory_controller:/home/student/ros2_ws/src/install/ros2_controllers_test_nodes:/home/student/ros2_ws/src/install/opcua_ros_client:/home/student/ros2_ws/src/install/my_py_pkg:/home/student/ros2_ws/src/install/my_bot_description:/home/student/ros2_ws/src/install/modbus_interface:/opt/ros/humble /usr/bin/cmake /home/student/ros2_ws/src/ros2_control/joint_limits -DCMAKE_INSTALL_PREFIX=/home/student/ros2_ws/install/joint_limits
[2.139s] Invoking command in '/home/student/ros2_ws/build/joint_limits': CMAKE_PREFIX_PATH=${CMAKE_PREFIX_PATH}:/home/student/ros2_ws/install/rqt_joint_trajectory_controller:/home/student/ros2_ws/install/ros2_controllers_test_nodes:/home/student/ros2_ws/install/opcua_ros_client:/home/student/ros2_ws/install/my_py_pkg:/home/student/ros2_ws/install/my_bot_description:/home/student/ros2_ws/install/modbus_interface:/home/student/ros2_ws/src/install/rqt_joint_trajectory_controller:/home/student/ros2_ws/src/install/ros2_controllers_test_nodes:/home/student/ros2_ws/src/install/opcua_ros_client:/home/student/ros2_ws/src/install/my_py_pkg:/home/student/ros2_ws/src/install/my_bot_description:/home/student/ros2_ws/src/install/modbus_interface:/opt/ros/humble /usr/bin/cmake --build /home/student/ros2_ws/build/joint_limits -- -j8 -l8
[2.702s] [ 11%] [32mBuilding CXX object gtest/CMakeFiles/gtest.dir/src/gtest-all.cc.o[0m
[2.702s] [ 22%] [32mBuilding CXX object gtest/CMakeFiles/gtest_main.dir/src/gtest_main.cc.o[0m
[2.702s] [ 33%] [34m[1mGenerating joint_limits/version.h[0m
[2.703s] [ 33%] Built target ament_generate_version_header__joint_limits
[3.171s] [ 44%] [32m[1mLinking CXX static library libgtest_main.a[0m
[3.217s] [ 44%] Built target gtest_main
[7.733s] [ 55%] [32m[1mLinking CXX static library libgtest.a[0m
[7.939s] [ 55%] Built target gtest
[8.010s] [ 66%] [32mBuilding CXX object CMakeFiles/joint_limits_rosparam_test.dir/test/joint_limits_rosparam_test.cpp.o[0m
[8.019s] [ 77%] [32mBuilding CXX object CMakeFiles/joint_limits_urdf_test.dir/test/joint_limits_urdf_test.cpp.o[0m
[11.891s] [ 88%] [32m[1mLinking CXX executable joint_limits_urdf_test[0m
[12.303s] [ 88%] Built target joint_limits_urdf_test
[16.640s] [100%] [32m[1mLinking CXX executable joint_limits_rosparam_test[0m
[16.851s] [100%] Built target joint_limits_rosparam_test
[16.862s] Invoked command in '/home/student/ros2_ws/build/joint_limits' returned '0': CMAKE_PREFIX_PATH=${CMAKE_PREFIX_PATH}:/home/student/ros2_ws/install/rqt_joint_trajectory_controller:/home/student/ros2_ws/install/ros2_controllers_test_nodes:/home/student/ros2_ws/install/opcua_ros_client:/home/student/ros2_ws/install/my_py_pkg:/home/student/ros2_ws/install/my_bot_description:/home/student/ros2_ws/install/modbus_interface:/home/student/ros2_ws/src/install/rqt_joint_trajectory_controller:/home/student/ros2_ws/src/install/ros2_controllers_test_nodes:/home/student/ros2_ws/src/install/opcua_ros_client:/home/student/ros2_ws/src/install/my_py_pkg:/home/student/ros2_ws/src/install/my_bot_description:/home/student/ros2_ws/src/install/modbus_interface:/opt/ros/humble /usr/bin/cmake --build /home/student/ros2_ws/build/joint_limits -- -j8 -l8
[16.864s] Invoking command in '/home/student/ros2_ws/build/joint_limits': CMAKE_PREFIX_PATH=${CMAKE_PREFIX_PATH}:/home/student/ros2_ws/install/rqt_joint_trajectory_controller:/home/student/ros2_ws/install/ros2_controllers_test_nodes:/home/student/ros2_ws/install/opcua_ros_client:/home/student/ros2_ws/install/my_py_pkg:/home/student/ros2_ws/install/my_bot_description:/home/student/ros2_ws/install/modbus_interface:/home/student/ros2_ws/src/install/rqt_joint_trajectory_controller:/home/student/ros2_ws/src/install/ros2_controllers_test_nodes:/home/student/ros2_ws/src/install/opcua_ros_client:/home/student/ros2_ws/src/install/my_py_pkg:/home/student/ros2_ws/src/install/my_bot_description:/home/student/ros2_ws/src/install/modbus_interface:/opt/ros/humble /usr/bin/cmake --install /home/student/ros2_ws/build/joint_limits
[16.872s] -- Install configuration: ""
[16.872s] -- Installing: /home/student/ros2_ws/install/joint_limits/include
[16.872s] -- Installing: /home/student/ros2_ws/install/joint_limits/include/joint_limits
[16.872s] -- Installing: /home/student/ros2_ws/install/joint_limits/include/joint_limits/joint_limits_urdf.hpp
[16.872s] -- Installing: /home/student/ros2_ws/install/joint_limits/include/joint_limits/joint_limits_rosparam.hpp
[16.872s] -- Installing: /home/student/ros2_ws/install/joint_limits/include/joint_limits/joint_limits.hpp
[16.873s] -- Installing: /home/student/ros2_ws/install/joint_limits/lib/joint_limits/joint_limits_rosparam_test
[16.874s] -- Set runtime path of "/home/student/ros2_ws/install/joint_limits/lib/joint_limits/joint_limits_rosparam_test" to ""
[16.874s] -- Installing: /home/student/ros2_ws/install/joint_limits/share/joint_limits/test/joint_limits_rosparam.yaml
[16.874s] -- Up-to-date: /home/student/ros2_ws/install/joint_limits/include/joint_limits
[16.874s] -- Installing: /home/student/ros2_ws/install/joint_limits/include/joint_limits/joint_limits
[16.875s] -- Installing: /home/student/ros2_ws/install/joint_limits/include/joint_limits/joint_limits/joint_limits_urdf.hpp
[16.875s] -- Installing: /home/student/ros2_ws/install/joint_limits/include/joint_limits/joint_limits/joint_limits_rosparam.hpp
[16.875s] -- Installing: /home/student/ros2_ws/install/joint_limits/include/joint_limits/joint_limits/joint_limits.hpp
[16.875s] -- Installing: /home/student/ros2_ws/install/joint_limits/share/joint_limits/environment/library_path.sh
[16.875s] -- Installing: /home/student/ros2_ws/install/joint_limits/share/joint_limits/environment/library_path.dsv
[16.875s] -- Installing: /home/student/ros2_ws/install/joint_limits/share/ament_index/resource_index/package_run_dependencies/joint_limits
[16.876s] -- Installing: /home/student/ros2_ws/install/joint_limits/share/ament_index/resource_index/parent_prefix_path/joint_limits
[16.876s] -- Installing: /home/student/ros2_ws/install/joint_limits/share/joint_limits/environment/ament_prefix_path.sh
[16.876s] -- Installing: /home/student/ros2_ws/install/joint_limits/share/joint_limits/environment/ament_prefix_path.dsv
[16.876s] -- Installing: /home/student/ros2_ws/install/joint_limits/share/joint_limits/environment/path.sh
[16.876s] -- Installing: /home/student/ros2_ws/install/joint_limits/share/joint_limits/environment/path.dsv
[16.877s] -- Installing: /home/student/ros2_ws/install/joint_limits/share/joint_limits/local_setup.bash
[16.877s] -- Installing: /home/student/ros2_ws/install/joint_limits/share/joint_limits/local_setup.sh
[16.877s] -- Installing: /home/student/ros2_ws/install/joint_limits/share/joint_limits/local_setup.zsh
[16.877s] -- Installing: /home/student/ros2_ws/install/joint_limits/share/joint_limits/local_setup.dsv
[16.877s] -- Installing: /home/student/ros2_ws/install/joint_limits/share/joint_limits/package.dsv
[16.877s] -- Installing: /home/student/ros2_ws/install/joint_limits/share/ament_index/resource_index/packages/joint_limits
[16.877s] -- Installing: /home/student/ros2_ws/install/joint_limits/share/joint_limits/cmake/export_joint_limitsExport.cmake
[16.878s] -- Installing: /home/student/ros2_ws/install/joint_limits/share/joint_limits/cmake/ament_cmake_export_targets-extras.cmake
[16.878s] -- Installing: /home/student/ros2_ws/install/joint_limits/share/joint_limits/cmake/ament_cmake_export_dependencies-extras.cmake
[16.878s] -- Installing: /home/student/ros2_ws/install/joint_limits/share/joint_limits/cmake/ament_cmake_export_include_directories-extras.cmake
[16.878s] -- Installing: /home/student/ros2_ws/install/joint_limits/share/joint_limits/cmake/joint_limitsConfig.cmake
[16.878s] -- Installing: /home/student/ros2_ws/install/joint_limits/share/joint_limits/cmake/joint_limitsConfig-version.cmake
[16.878s] -- Installing: /home/student/ros2_ws/install/joint_limits/share/joint_limits/package.xml
[16.878s] -- Installing: /home/student/ros2_ws/install/joint_limits/include/joint_limits/joint_limits/version.h
[16.880s] Invoked command in '/home/student/ros2_ws/build/joint_limits' returned '0': CMAKE_PREFIX_PATH=${CMAKE_PREFIX_PATH}:/home/student/ros2_ws/install/rqt_joint_trajectory_controller:/home/student/ros2_ws/install/ros2_controllers_test_nodes:/home/student/ros2_ws/install/opcua_ros_client:/home/student/ros2_ws/install/my_py_pkg:/home/student/ros2_ws/install/my_bot_description:/home/student/ros2_ws/install/modbus_interface:/home/student/ros2_ws/src/install/rqt_joint_trajectory_controller:/home/student/ros2_ws/src/install/ros2_controllers_test_nodes:/home/student/ros2_ws/src/install/opcua_ros_client:/home/student/ros2_ws/src/install/my_py_pkg:/home/student/ros2_ws/src/install/my_bot_description:/home/student/ros2_ws/src/install/modbus_interface:/opt/ros/humble /usr/bin/cmake --install /home/student/ros2_ws/build/joint_limits
