running egg_info
creating ../../build/opcua_ros_client/opcua_ros_client.egg-info
writing ../../build/opcua_ros_client/opcua_ros_client.egg-info/PKG-INFO
writing dependency_links to ../../build/opcua_ros_client/opcua_ros_client.egg-info/dependency_links.txt
writing entry points to ../../build/opcua_ros_client/opcua_ros_client.egg-info/entry_points.txt
writing requirements to ../../build/opcua_ros_client/opcua_ros_client.egg-info/requires.txt
writing top-level names to ../../build/opcua_ros_client/opcua_ros_client.egg-info/top_level.txt
writing manifest file '../../build/opcua_ros_client/opcua_ros_client.egg-info/SOURCES.txt'
reading manifest file '../../build/opcua_ros_client/opcua_ros_client.egg-info/SOURCES.txt'
writing manifest file '../../build/opcua_ros_client/opcua_ros_client.egg-info/SOURCES.txt'
running build
running build_py
creating /home/student/ros2_ws/build/opcua_ros_client/build
creating /home/student/ros2_ws/build/opcua_ros_client/build/lib
creating /home/student/ros2_ws/build/opcua_ros_client/build/lib/opcua_ros_client
copying opcua_ros_client/__init__.py -> /home/student/ros2_ws/build/opcua_ros_client/build/lib/opcua_ros_client
copying opcua_ros_client/opcua_client_node.py -> /home/student/ros2_ws/build/opcua_ros_client/build/lib/opcua_ros_client
running install
running install_lib
creating /home/student/ros2_ws/install/opcua_ros_client/lib/python3.10/site-packages/opcua_ros_client
copying /home/student/ros2_ws/build/opcua_ros_client/build/lib/opcua_ros_client/__init__.py -> /home/student/ros2_ws/install/opcua_ros_client/lib/python3.10/site-packages/opcua_ros_client
copying /home/student/ros2_ws/build/opcua_ros_client/build/lib/opcua_ros_client/opcua_client_node.py -> /home/student/ros2_ws/install/opcua_ros_client/lib/python3.10/site-packages/opcua_ros_client
byte-compiling /home/student/ros2_ws/install/opcua_ros_client/lib/python3.10/site-packages/opcua_ros_client/__init__.py to __init__.cpython-310.pyc
byte-compiling /home/student/ros2_ws/install/opcua_ros_client/lib/python3.10/site-packages/opcua_ros_client/opcua_client_node.py to opcua_client_node.cpython-310.pyc
running install_data
copying package.xml -> /home/student/ros2_ws/install/opcua_ros_client/share/opcua_ros_client
running install_egg_info
Copying ../../build/opcua_ros_client/opcua_ros_client.egg-info to /home/student/ros2_ws/install/opcua_ros_client/lib/python3.10/site-packages/opcua_ros_client-0.0.0-py3.10.egg-info
running install_scripts
Installing opcua_client_node script to /home/student/ros2_ws/install/opcua_ros_client/lib/opcua_ros_client
writing list of installed files to '/home/student/ros2_ws/build/opcua_ros_client/install.log'
