[0.008s] Invoking command in '/home/student/ros2_ws/src/build/modbus_interface': CMAKE_PREFIX_PATH=/opt/ros/humble /usr/bin/cmake /home/student/ros2_ws/src/modbus_interface -DCMAKE_INSTALL_PREFIX=/home/student/ros2_ws/src/install/modbus_interface
[0.054s] -- The C compiler identification is GNU 11.4.0
[0.105s] -- The CXX compiler identification is GNU 11.4.0
[0.111s] -- Detecting C compiler ABI info
[0.172s] -- Detecting C compiler ABI info - done
[0.179s] -- Check for working C compiler: /usr/bin/cc - skipped
[0.179s] -- Detecting C compile features
[0.180s] -- Detecting C compile features - done
[0.182s] -- Detecting CXX compiler ABI info
[0.253s] -- Detecting CXX compiler ABI info - done
[0.260s] -- Check for working CXX compiler: /usr/bin/c++ - skipped
[0.260s] -- Detecting CXX compile features
[0.260s] -- Detecting CXX compile features - done
[0.262s] -- Found ament_cmake: 1.3.11 (/opt/ros/humble/share/ament_cmake/cmake)
[0.387s] -- Found Python3: /usr/bin/python3 (found version "3.10.12") found components: Interpreter 
[0.460s] -- Found rclpy: 3.3.16 (/opt/ros/humble/share/rclpy/cmake)
[0.461s] -- Found std_msgs: 4.9.0 (/opt/ros/humble/share/std_msgs/cmake)
[0.489s] -- Found rosidl_generator_c: 3.1.6 (/opt/ros/humble/share/rosidl_generator_c/cmake)
[0.493s] -- Found rosidl_adapter: 3.1.6 (/opt/ros/humble/share/rosidl_adapter/cmake)
[0.500s] -- Found rosidl_generator_cpp: 3.1.6 (/opt/ros/humble/share/rosidl_generator_cpp/cmake)
[0.510s] -- Using all available rosidl_typesupport_c: rosidl_typesupport_fastrtps_c;rosidl_typesupport_introspection_c
[0.524s] -- Using all available rosidl_typesupport_cpp: rosidl_typesupport_fastrtps_cpp;rosidl_typesupport_introspection_cpp
[0.547s] -- Found rosidl_default_generators: 1.2.0 (/opt/ros/humble/share/rosidl_default_generators/cmake)
[0.715s] [31mCMake Error at /opt/ros/humble/share/rosidl_cmake/cmake/rosidl_generate_interfaces.cmake:229 (message):
[0.715s]   Packages installing interfaces must include
[0.715s]   '<member_of_group>rosidl_interface_packages</member_of_group>' in their
[0.716s]   package.xml
[0.716s] Call Stack (most recent call first):
[0.716s]   CMakeLists.txt:9 (rosidl_generate_interfaces)
[0.716s] 
[0.716s] [0m
[0.716s] -- Configuring incomplete, errors occurred!
[0.716s] See also "/home/student/ros2_ws/src/build/modbus_interface/CMakeFiles/CMakeOutput.log".
[0.721s] Invoked command in '/home/student/ros2_ws/src/build/modbus_interface' returned '1': CMAKE_PREFIX_PATH=/opt/ros/humble /usr/bin/cmake /home/student/ros2_ws/src/modbus_interface -DCMAKE_INSTALL_PREFIX=/home/student/ros2_ws/src/install/modbus_interface
