running egg_info
creating ../build/my_bot_description/my_bot_description.egg-info
writing ../build/my_bot_description/my_bot_description.egg-info/PKG-INFO
writing dependency_links to ../build/my_bot_description/my_bot_description.egg-info/dependency_links.txt
writing entry points to ../build/my_bot_description/my_bot_description.egg-info/entry_points.txt
writing requirements to ../build/my_bot_description/my_bot_description.egg-info/requires.txt
writing top-level names to ../build/my_bot_description/my_bot_description.egg-info/top_level.txt
writing manifest file '../build/my_bot_description/my_bot_description.egg-info/SOURCES.txt'
reading manifest file '../build/my_bot_description/my_bot_description.egg-info/SOURCES.txt'
writing manifest file '../build/my_bot_description/my_bot_description.egg-info/SOURCES.txt'
running build
running build_py
creating /home/student/ros2_ws/src/build/my_bot_description/build
creating /home/student/ros2_ws/src/build/my_bot_description/build/lib
creating /home/student/ros2_ws/src/build/my_bot_description/build/lib/my_bot_description
copying my_bot_description/__init__.py -> /home/student/ros2_ws/src/build/my_bot_description/build/lib/my_bot_description
running install
running install_lib
creating /home/student/ros2_ws/src/install/my_bot_description/lib/python3.10/site-packages/my_bot_description
copying /home/student/ros2_ws/src/build/my_bot_description/build/lib/my_bot_description/__init__.py -> /home/student/ros2_ws/src/install/my_bot_description/lib/python3.10/site-packages/my_bot_description
byte-compiling /home/student/ros2_ws/src/install/my_bot_description/lib/python3.10/site-packages/my_bot_description/__init__.py to __init__.cpython-310.pyc
running install_data
creating /home/student/ros2_ws/src/install/my_bot_description/share/ament_index
creating /home/student/ros2_ws/src/install/my_bot_description/share/ament_index/resource_index
creating /home/student/ros2_ws/src/install/my_bot_description/share/ament_index/resource_index/packages
copying resource/my_bot_description -> /home/student/ros2_ws/src/install/my_bot_description/share/ament_index/resource_index/packages
copying package.xml -> /home/student/ros2_ws/src/install/my_bot_description/share/my_bot_description
creating /home/student/ros2_ws/src/install/my_bot_description/share/my_bot_description/launch
copying my_bot_description/launch/display.launch.py -> /home/student/ros2_ws/src/install/my_bot_description/share/my_bot_description/launch
creating /home/student/ros2_ws/src/install/my_bot_description/share/my_bot_description/urdf
copying my_bot_description/urdf/my_bot.urdf.xacro -> /home/student/ros2_ws/src/install/my_bot_description/share/my_bot_description/urdf
running install_egg_info
Copying ../build/my_bot_description/my_bot_description.egg-info to /home/student/ros2_ws/src/install/my_bot_description/lib/python3.10/site-packages/my_bot_description-0.0.0-py3.10.egg-info
running install_scripts
writing list of installed files to '/home/student/ros2_ws/src/build/my_bot_description/install.log'
