[2.064s] Invoking command in '/home/student/ros2_ws/src/my_bot_description': PYTHONPATH=/home/student/ros2_ws/src/build/my_bot_description/prefix_override:/usr/lib/python3/dist-packages/colcon_core/task/python/colcon_distutils_commands:/home/student/ros2_ws/src/install/my_bot_description/lib/python3.10/site-packages:${PYTHONPATH} /usr/bin/python3 -W ignore:setup.py install is deprecated -W ignore:easy_install command is deprecated setup.py egg_info --egg-base ../build/my_bot_description build --build-base /home/student/ros2_ws/src/build/my_bot_description/build install --record /home/student/ros2_ws/src/build/my_bot_description/install.log --single-version-externally-managed install_data
[2.675s] running egg_info
[2.676s] creating ../build/my_bot_description/my_bot_description.egg-info
[2.676s] writing ../build/my_bot_description/my_bot_description.egg-info/PKG-INFO
[2.678s] writing dependency_links to ../build/my_bot_description/my_bot_description.egg-info/dependency_links.txt
[2.678s] writing entry points to ../build/my_bot_description/my_bot_description.egg-info/entry_points.txt
[2.678s] writing requirements to ../build/my_bot_description/my_bot_description.egg-info/requires.txt
[2.678s] writing top-level names to ../build/my_bot_description/my_bot_description.egg-info/top_level.txt
[2.678s] writing manifest file '../build/my_bot_description/my_bot_description.egg-info/SOURCES.txt'
[2.688s] reading manifest file '../build/my_bot_description/my_bot_description.egg-info/SOURCES.txt'
[2.688s] writing manifest file '../build/my_bot_description/my_bot_description.egg-info/SOURCES.txt'
[2.688s] running build
[2.688s] running build_py
[2.688s] creating /home/student/ros2_ws/src/build/my_bot_description/build
[2.688s] creating /home/student/ros2_ws/src/build/my_bot_description/build/lib
[2.689s] creating /home/student/ros2_ws/src/build/my_bot_description/build/lib/my_bot_description
[2.689s] copying my_bot_description/__init__.py -> /home/student/ros2_ws/src/build/my_bot_description/build/lib/my_bot_description
[2.689s] running install
[2.689s] running install_lib
[2.689s] creating /home/student/ros2_ws/src/install/my_bot_description/lib/python3.10/site-packages/my_bot_description
[2.689s] copying /home/student/ros2_ws/src/build/my_bot_description/build/lib/my_bot_description/__init__.py -> /home/student/ros2_ws/src/install/my_bot_description/lib/python3.10/site-packages/my_bot_description
[2.689s] byte-compiling /home/student/ros2_ws/src/install/my_bot_description/lib/python3.10/site-packages/my_bot_description/__init__.py to __init__.cpython-310.pyc
[2.689s] running install_data
[2.689s] creating /home/student/ros2_ws/src/install/my_bot_description/share/ament_index
[2.689s] creating /home/student/ros2_ws/src/install/my_bot_description/share/ament_index/resource_index
[2.690s] creating /home/student/ros2_ws/src/install/my_bot_description/share/ament_index/resource_index/packages
[2.690s] copying resource/my_bot_description -> /home/student/ros2_ws/src/install/my_bot_description/share/ament_index/resource_index/packages
[2.691s] copying package.xml -> /home/student/ros2_ws/src/install/my_bot_description/share/my_bot_description
[2.691s] creating /home/student/ros2_ws/src/install/my_bot_description/share/my_bot_description/launch
[2.691s] copying my_bot_description/launch/display.launch.py -> /home/student/ros2_ws/src/install/my_bot_description/share/my_bot_description/launch
[2.691s] creating /home/student/ros2_ws/src/install/my_bot_description/share/my_bot_description/urdf
[2.691s] copying my_bot_description/urdf/my_bot.urdf.xacro -> /home/student/ros2_ws/src/install/my_bot_description/share/my_bot_description/urdf
[2.692s] running install_egg_info
[2.696s] Copying ../build/my_bot_description/my_bot_description.egg-info to /home/student/ros2_ws/src/install/my_bot_description/lib/python3.10/site-packages/my_bot_description-0.0.0-py3.10.egg-info
[2.696s] running install_scripts
[2.752s] writing list of installed files to '/home/student/ros2_ws/src/build/my_bot_description/install.log'
[2.808s] Invoked command in '/home/student/ros2_ws/src/my_bot_description' returned '0': PYTHONPATH=/home/student/ros2_ws/src/build/my_bot_description/prefix_override:/usr/lib/python3/dist-packages/colcon_core/task/python/colcon_distutils_commands:/home/student/ros2_ws/src/install/my_bot_description/lib/python3.10/site-packages:${PYTHONPATH} /usr/bin/python3 -W ignore:setup.py install is deprecated -W ignore:easy_install command is deprecated setup.py egg_info --egg-base ../build/my_bot_description build --build-base /home/student/ros2_ws/src/build/my_bot_description/build install --record /home/student/ros2_ws/src/build/my_bot_description/install.log --single-version-externally-managed install_data
