[0.017s] Invoking command in '/home/student/UR_Robot_ws/build/ur': CMAKE_PREFIX_PATH=/home/student/UR_Robot_ws/install/ur_calibration:/home/student/UR_Robot_ws/install/ur_robot_driver:/home/student/UR_Robot_ws/install/ur_moveit_config:/home/student/UR_Robot_ws/install/ur_controllers:/home/student/UR_Robot_ws/install/ur_description:/home/student/UR_Robot_ws/install/ur_dashboard_msgs:/home/student/UR_Robot_ws/install/ur:/home/student/UR_Robot_ws/install/ur_bringup:/home/student/UR_Robot_ws/install/ur10_moveit_control:/home/student/UR_Robot_ws/install/ur10_control:/home/student/UR_Robot_ws/install/mon_package_moveit:/opt/ros/humble /usr/bin/cmake --build /home/student/UR_Robot_ws/build/ur -- -j8 -l8
[0.053s] Invoked command in '/home/student/UR_Robot_ws/build/ur' returned '0': CMAKE_PREFIX_PATH=/home/student/UR_Robot_ws/install/ur_calibration:/home/student/UR_Robot_ws/install/ur_robot_driver:/home/student/UR_Robot_ws/install/ur_moveit_config:/home/student/UR_Robot_ws/install/ur_controllers:/home/student/UR_Robot_ws/install/ur_description:/home/student/UR_Robot_ws/install/ur_dashboard_msgs:/home/student/UR_Robot_ws/install/ur:/home/student/UR_Robot_ws/install/ur_bringup:/home/student/UR_Robot_ws/install/ur10_moveit_control:/home/student/UR_Robot_ws/install/ur10_control:/home/student/UR_Robot_ws/install/mon_package_moveit:/opt/ros/humble /usr/bin/cmake --build /home/student/UR_Robot_ws/build/ur -- -j8 -l8
[0.055s] Invoking command in '/home/student/UR_Robot_ws/build/ur': CMAKE_PREFIX_PATH=/home/student/UR_Robot_ws/install/ur_calibration:/home/student/UR_Robot_ws/install/ur_robot_driver:/home/student/UR_Robot_ws/install/ur_moveit_config:/home/student/UR_Robot_ws/install/ur_controllers:/home/student/UR_Robot_ws/install/ur_description:/home/student/UR_Robot_ws/install/ur_dashboard_msgs:/home/student/UR_Robot_ws/install/ur:/home/student/UR_Robot_ws/install/ur_bringup:/home/student/UR_Robot_ws/install/ur10_moveit_control:/home/student/UR_Robot_ws/install/ur10_control:/home/student/UR_Robot_ws/install/mon_package_moveit:/opt/ros/humble /usr/bin/cmake --install /home/student/UR_Robot_ws/build/ur
[0.061s] -- Install configuration: ""
[0.062s] -- Execute custom install script
[0.062s] -- Up-to-date symlink: /home/student/UR_Robot_ws/install/ur/share/ament_index/resource_index/package_run_dependencies/ur
[0.062s] -- Up-to-date symlink: /home/student/UR_Robot_ws/install/ur/share/ament_index/resource_index/parent_prefix_path/ur
[0.063s] -- Up-to-date symlink: /home/student/UR_Robot_ws/install/ur/share/ur/environment/ament_prefix_path.sh
[0.063s] -- Up-to-date symlink: /home/student/UR_Robot_ws/install/ur/share/ur/environment/ament_prefix_path.dsv
[0.063s] -- Up-to-date symlink: /home/student/UR_Robot_ws/install/ur/share/ur/environment/path.sh
[0.063s] -- Up-to-date symlink: /home/student/UR_Robot_ws/install/ur/share/ur/environment/path.dsv
[0.064s] -- Up-to-date symlink: /home/student/UR_Robot_ws/install/ur/share/ur/local_setup.bash
[0.064s] -- Up-to-date symlink: /home/student/UR_Robot_ws/install/ur/share/ur/local_setup.sh
[0.064s] -- Up-to-date symlink: /home/student/UR_Robot_ws/install/ur/share/ur/local_setup.zsh
[0.064s] -- Up-to-date symlink: /home/student/UR_Robot_ws/install/ur/share/ur/local_setup.dsv
[0.064s] -- Symlinking: /home/student/UR_Robot_ws/install/ur/share/ur/package.dsv
[0.073s] -- Up-to-date symlink: /home/student/UR_Robot_ws/install/ur/share/ament_index/resource_index/packages/ur
[0.073s] -- Up-to-date symlink: /home/student/UR_Robot_ws/install/ur/share/ur/cmake/urConfig.cmake
[0.073s] -- Up-to-date symlink: /home/student/UR_Robot_ws/install/ur/share/ur/cmake/urConfig-version.cmake
[0.074s] -- Up-to-date symlink: /home/student/UR_Robot_ws/install/ur/share/ur/package.xml
[0.076s] Invoked command in '/home/student/UR_Robot_ws/build/ur' returned '0': CMAKE_PREFIX_PATH=/home/student/UR_Robot_ws/install/ur_calibration:/home/student/UR_Robot_ws/install/ur_robot_driver:/home/student/UR_Robot_ws/install/ur_moveit_config:/home/student/UR_Robot_ws/install/ur_controllers:/home/student/UR_Robot_ws/install/ur_description:/home/student/UR_Robot_ws/install/ur_dashboard_msgs:/home/student/UR_Robot_ws/install/ur:/home/student/UR_Robot_ws/install/ur_bringup:/home/student/UR_Robot_ws/install/ur10_moveit_control:/home/student/UR_Robot_ws/install/ur10_control:/home/student/UR_Robot_ws/install/mon_package_moveit:/opt/ros/humble /usr/bin/cmake --install /home/student/UR_Robot_ws/build/ur
