[1.653s] Invoking command in '/home/student/UR_Robot_ws/build/ur10_moveit_control': PYTHONPATH=/home/student/UR_Robot_ws/build/ur10_moveit_control/prefix_override:/usr/lib/python3/dist-packages/colcon_core/task/python/colcon_distutils_commands:/home/student/UR_Robot_ws/install/ur10_moveit_control/lib/python3.10/site-packages:${PYTHONPATH} /usr/bin/python3 -W ignore:setup.py install is deprecated -W ignore:easy_install command is deprecated setup.py develop --editable --build-directory /home/student/UR_Robot_ws/build/ur10_moveit_control/build --no-deps symlink_data
[2.113s] running develop
[2.391s] running egg_info
[2.391s] creating ur10_moveit_control.egg-info
[2.392s] writing ur10_moveit_control.egg-info/PKG-INFO
[2.392s] writing dependency_links to ur10_moveit_control.egg-info/dependency_links.txt
[2.392s] writing entry points to ur10_moveit_control.egg-info/entry_points.txt
[2.392s] writing requirements to ur10_moveit_control.egg-info/requires.txt
[2.392s] writing top-level names to ur10_moveit_control.egg-info/top_level.txt
[2.392s] writing manifest file 'ur10_moveit_control.egg-info/SOURCES.txt'
[2.394s] reading manifest file 'ur10_moveit_control.egg-info/SOURCES.txt'
[2.394s] writing manifest file 'ur10_moveit_control.egg-info/SOURCES.txt'
[2.396s] running build_ext
[2.396s] Creating /home/student/UR_Robot_ws/install/ur10_moveit_control/lib/python3.10/site-packages/ur10-moveit-control.egg-link (link to .)
[2.397s] Installing goto_pose_ik script to /home/student/UR_Robot_ws/install/ur10_moveit_control/lib/ur10_moveit_control
[2.397s] 
[2.398s] Installed /home/student/UR_Robot_ws/build/ur10_moveit_control
[2.398s] running symlink_data
[2.398s] creating /home/student/UR_Robot_ws/install/ur10_moveit_control/share/ament_index
[2.398s] creating /home/student/UR_Robot_ws/install/ur10_moveit_control/share/ament_index/resource_index
[2.398s] creating /home/student/UR_Robot_ws/install/ur10_moveit_control/share/ament_index/resource_index/packages
[2.398s] symbolically linking /home/student/UR_Robot_ws/build/ur10_moveit_control/resource/ur10_moveit_control -> /home/student/UR_Robot_ws/install/ur10_moveit_control/share/ament_index/resource_index/packages
[2.398s] symbolically linking /home/student/UR_Robot_ws/build/ur10_moveit_control/package.xml -> /home/student/UR_Robot_ws/install/ur10_moveit_control/share/ur10_moveit_control
[2.427s] Invoked command in '/home/student/UR_Robot_ws/build/ur10_moveit_control' returned '0': PYTHONPATH=/home/student/UR_Robot_ws/build/ur10_moveit_control/prefix_override:/usr/lib/python3/dist-packages/colcon_core/task/python/colcon_distutils_commands:/home/student/UR_Robot_ws/install/ur10_moveit_control/lib/python3.10/site-packages:${PYTHONPATH} /usr/bin/python3 -W ignore:setup.py install is deprecated -W ignore:easy_install command is deprecated setup.py develop --editable --build-directory /home/student/UR_Robot_ws/build/ur10_moveit_control/build --no-deps symlink_data
