[0.018s] Invoking command in '/home/student/ros2_ws/src/build/controller_interface': AMENT_PREFIX_PATH=/home/student/ros2_ws/src/install/hardware_interface:/home/student/ros2_ws/src/install/ros2_control_test_assets:${AMENT_PREFIX_PATH} CMAKE_PREFIX_PATH=/home/student/ros2_ws/src/install/hardware_interface:/home/student/ros2_ws/src/install/ros2_control_test_assets:/opt/ros/humble LD_LIBRARY_PATH=/home/student/ros2_ws/src/install/hardware_interface/lib:${LD_LIBRARY_PATH} /usr/bin/cmake /home/student/ros2_ws/src/ros2_control/controller_interface -DCMAKE_INSTALL_PREFIX=/home/student/ros2_ws/src/install/controller_interface
[0.087s] -- The C compiler identification is GNU 11.4.0
[0.139s] -- The CXX compiler identification is GNU 11.4.0
[0.145s] -- Detecting C compiler ABI info
[0.226s] -- Detecting C compiler ABI info - done
[0.239s] -- Check for working C compiler: /usr/bin/cc - skipped
[0.239s] -- Detecting C compile features
[0.239s] -- Detecting C compile features - done
[0.244s] -- Detecting CXX compiler ABI info
[0.324s] -- Detecting CXX compiler ABI info - done
[0.337s] -- Check for working CXX compiler: /usr/bin/c++ - skipped
[0.337s] -- Detecting CXX compile features
[0.338s] -- Detecting CXX compile features - done
[0.341s] -- Found ament_cmake: 1.3.12 (/opt/ros/humble/share/ament_cmake/cmake)
[0.500s] -- Found Python3: /usr/bin/python3 (found version "3.10.12") found components: Interpreter 
[0.606s] -- Found hardware_interface: 2.51.0 (/home/student/ros2_ws/src/install/hardware_interface/share/hardware_interface/cmake)
[0.663s] -- Found rosidl_generator_c: 3.1.7 (/opt/ros/humble/share/rosidl_generator_c/cmake)
[0.671s] -- Found rosidl_adapter: 3.1.7 (/opt/ros/humble/share/rosidl_adapter/cmake)
[0.683s] -- Found rosidl_generator_cpp: 3.1.7 (/opt/ros/humble/share/rosidl_generator_cpp/cmake)
[0.701s] -- Using all available rosidl_typesupport_c: rosidl_typesupport_fastrtps_c;rosidl_typesupport_introspection_c
[0.725s] -- Using all available rosidl_typesupport_cpp: rosidl_typesupport_fastrtps_cpp;rosidl_typesupport_introspection_cpp
[0.927s] -- Found rmw_implementation_cmake: 6.1.2 (/opt/ros/humble/share/rmw_implementation_cmake/cmake)
[0.930s] -- Found rmw_fastrtps_cpp: 6.2.8 (/opt/ros/humble/share/rmw_fastrtps_cpp/cmake)
[0.954s] -- Found TinyXML2 via Config file: TinyXML2_DIR-NOTFOUND
[1.008s] -- Found OpenSSL: /usr/lib/x86_64-linux-gnu/libcrypto.so (found version "3.0.2")  
[1.012s] -- Found TinyXML2 via Config file: TinyXML2_DIR-NOTFOUND
[1.029s] -- Found FastRTPS: /opt/ros/humble/include  
[1.032s] -- Found TinyXML2 via Config file: TinyXML2_DIR-NOTFOUND
[1.040s] -- Found TinyXML2 via Config file: TinyXML2_DIR-NOTFOUND
[1.049s] -- Using RMW implementation 'rmw_fastrtps_cpp' as default
[1.058s] -- Looking for pthread.h
[1.127s] -- Looking for pthread.h - found
[1.127s] -- Performing Test CMAKE_HAVE_LIBC_PTHREAD
[1.196s] -- Performing Test CMAKE_HAVE_LIBC_PTHREAD - Success
[1.197s] -- Found Threads: TRUE  
[1.274s] -- Found ament_cmake_gmock: 1.3.12 (/opt/ros/humble/share/ament_cmake_gmock/cmake)
[1.278s] -- Found gmock sources under '/opt/ros/humble/src/gmock_vendor': C++ tests using 'Google Mock' will be built
[1.285s] -- Found ament_cmake_gtest: 1.3.12 (/opt/ros/humble/share/ament_cmake_gtest/cmake)
[1.285s] -- Found gtest sources under '/opt/ros/humble/src/gtest_vendor': C++ tests using 'Google Test' will be built
[1.398s] -- Configuring done
[1.641s] -- Generating done
[1.678s] -- Build files have been written to: /home/student/ros2_ws/src/build/controller_interface
[1.698s] Invoked command in '/home/student/ros2_ws/src/build/controller_interface' returned '0': AMENT_PREFIX_PATH=/home/student/ros2_ws/src/install/hardware_interface:/home/student/ros2_ws/src/install/ros2_control_test_assets:${AMENT_PREFIX_PATH} CMAKE_PREFIX_PATH=/home/student/ros2_ws/src/install/hardware_interface:/home/student/ros2_ws/src/install/ros2_control_test_assets:/opt/ros/humble LD_LIBRARY_PATH=/home/student/ros2_ws/src/install/hardware_interface/lib:${LD_LIBRARY_PATH} /usr/bin/cmake /home/student/ros2_ws/src/ros2_control/controller_interface -DCMAKE_INSTALL_PREFIX=/home/student/ros2_ws/src/install/controller_interface
[1.706s] Invoking command in '/home/student/ros2_ws/src/build/controller_interface': AMENT_PREFIX_PATH=/home/student/ros2_ws/src/install/hardware_interface:/home/student/ros2_ws/src/install/ros2_control_test_assets:${AMENT_PREFIX_PATH} CMAKE_PREFIX_PATH=/home/student/ros2_ws/src/install/hardware_interface:/home/student/ros2_ws/src/install/ros2_control_test_assets:/opt/ros/humble LD_LIBRARY_PATH=/home/student/ros2_ws/src/install/hardware_interface/lib:${LD_LIBRARY_PATH} /usr/bin/cmake --build /home/student/ros2_ws/src/build/controller_interface -- -j8 -l8
[1.828s] [  4%] [34m[1mGenerating controller_interface/version.h[0m
[1.839s] [  8%] [32mBuilding CXX object gmock/CMakeFiles/gmock_main.dir/src/gmock_main.cc.o[0m
[1.852s] [ 12%] [32mBuilding CXX object gmock/CMakeFiles/gmock.dir/opt/ros/humble/src/gtest_vendor/src/gtest-all.cc.o[0m
[1.856s] [ 16%] [32mBuilding CXX object gmock/CMakeFiles/gmock.dir/src/gmock-all.cc.o[0m
[1.897s] [ 16%] Built target ament_generate_version_header__controller_interface
[1.955s] [ 20%] [32mBuilding CXX object CMakeFiles/controller_interface.dir/src/controller_interface_base.cpp.o[0m
[1.957s] [ 25%] [32mBuilding CXX object CMakeFiles/controller_interface.dir/src/controller_interface.cpp.o[0m
[1.975s] [ 29%] [32mBuilding CXX object CMakeFiles/controller_interface.dir/src/chainable_controller_interface.cpp.o[0m
[6.534s] [ 33%] [32m[1mLinking CXX static library libgmock_main.a[0m
[6.616s] [ 33%] Built target gmock_main
[10.593s] [ 37%] [32m[1mLinking CXX shared library libcontroller_interface.so[0m
[11.064s] [ 37%] Built target controller_interface
[11.743s] [ 41%] [32m[1mLinking CXX static library libgmock.a[0m
[11.904s] [ 41%] Built target gmock
[11.962s] [ 45%] [32mBuilding CXX object CMakeFiles/test_controller_interface.dir/test/test_controller_interface.cpp.o[0m
[11.970s] [ 50%] [32mBuilding CXX object CMakeFiles/test_semantic_component_interface.dir/test/test_semantic_component_interface.cpp.o[0m
[11.983s] [ 54%] [32mBuilding CXX object CMakeFiles/test_chainable_controller_interface.dir/test/test_chainable_controller_interface.cpp.o[0m
[11.998s] [ 58%] [32mBuilding CXX object CMakeFiles/test_imu_sensor.dir/test/test_imu_sensor.cpp.o[0m
[12.004s] [ 62%] [32mBuilding CXX object CMakeFiles/test_controller_with_options.dir/test/test_controller_with_options.cpp.o[0m
[12.011s] [ 66%] [32mBuilding CXX object CMakeFiles/test_pose_sensor.dir/test/test_pose_sensor.cpp.o[0m
[12.018s] [ 70%] [32mBuilding CXX object CMakeFiles/test_force_torque_sensor.dir/test/test_force_torque_sensor.cpp.o[0m
[16.729s] [ 75%] [32m[1mLinking CXX executable test_force_torque_sensor[0m
[17.314s] [ 75%] Built target test_force_torque_sensor
[18.075s] [ 79%] [32m[1mLinking CXX executable test_imu_sensor[0m
[18.754s] [ 79%] Built target test_imu_sensor
[19.637s] [ 83%] [32m[1mLinking CXX executable test_pose_sensor[0m
[19.649s] [ 87%] [32m[1mLinking CXX executable test_semantic_component_interface[0m
[20.523s] [ 87%] Built target test_pose_sensor
[20.548s] [ 87%] Built target test_semantic_component_interface
[22.162s] [ 91%] [32m[1mLinking CXX executable test_controller_with_options[0m
[22.506s] [ 91%] Built target test_controller_with_options
[23.419s] [ 95%] [32m[1mLinking CXX executable test_controller_interface[0m
[23.523s] [100%] [32m[1mLinking CXX executable test_chainable_controller_interface[0m
[23.742s] [100%] Built target test_controller_interface
[23.825s] [100%] Built target test_chainable_controller_interface
[23.836s] Invoked command in '/home/student/ros2_ws/src/build/controller_interface' returned '0': AMENT_PREFIX_PATH=/home/student/ros2_ws/src/install/hardware_interface:/home/student/ros2_ws/src/install/ros2_control_test_assets:${AMENT_PREFIX_PATH} CMAKE_PREFIX_PATH=/home/student/ros2_ws/src/install/hardware_interface:/home/student/ros2_ws/src/install/ros2_control_test_assets:/opt/ros/humble LD_LIBRARY_PATH=/home/student/ros2_ws/src/install/hardware_interface/lib:${LD_LIBRARY_PATH} /usr/bin/cmake --build /home/student/ros2_ws/src/build/controller_interface -- -j8 -l8
[23.838s] Invoking command in '/home/student/ros2_ws/src/build/controller_interface': AMENT_PREFIX_PATH=/home/student/ros2_ws/src/install/hardware_interface:/home/student/ros2_ws/src/install/ros2_control_test_assets:${AMENT_PREFIX_PATH} CMAKE_PREFIX_PATH=/home/student/ros2_ws/src/install/hardware_interface:/home/student/ros2_ws/src/install/ros2_control_test_assets:/opt/ros/humble LD_LIBRARY_PATH=/home/student/ros2_ws/src/install/hardware_interface/lib:${LD_LIBRARY_PATH} /usr/bin/cmake --install /home/student/ros2_ws/src/build/controller_interface
[23.845s] -- Install configuration: ""
[23.845s] -- Installing: /home/student/ros2_ws/src/install/controller_interface/include
[23.846s] -- Installing: /home/student/ros2_ws/src/install/controller_interface/include/semantic_components
[23.846s] -- Installing: /home/student/ros2_ws/src/install/controller_interface/include/semantic_components/force_torque_sensor.hpp
[23.846s] -- Installing: /home/student/ros2_ws/src/install/controller_interface/include/semantic_components/pose_sensor.hpp
[23.846s] -- Installing: /home/student/ros2_ws/src/install/controller_interface/include/semantic_components/range_sensor.hpp
[23.846s] -- Installing: /home/student/ros2_ws/src/install/controller_interface/include/semantic_components/imu_sensor.hpp
[23.846s] -- Installing: /home/student/ros2_ws/src/install/controller_interface/include/semantic_components/semantic_component_interface.hpp
[23.847s] -- Installing: /home/student/ros2_ws/src/install/controller_interface/include/controller_interface
[23.847s] -- Installing: /home/student/ros2_ws/src/install/controller_interface/include/controller_interface/controller_interface_base.hpp
[23.847s] -- Installing: /home/student/ros2_ws/src/install/controller_interface/include/controller_interface/visibility_control.h
[23.847s] -- Installing: /home/student/ros2_ws/src/install/controller_interface/include/controller_interface/helpers.hpp
[23.847s] -- Installing: /home/student/ros2_ws/src/install/controller_interface/include/controller_interface/chainable_controller_interface.hpp
[23.847s] -- Installing: /home/student/ros2_ws/src/install/controller_interface/include/controller_interface/controller_interface.hpp
[23.848s] -- Installing: /home/student/ros2_ws/src/install/controller_interface/lib/libcontroller_interface.so
[23.848s] -- Set runtime path of "/home/student/ros2_ws/src/install/controller_interface/lib/libcontroller_interface.so" to ""
[23.848s] -- Installing: /home/student/ros2_ws/src/install/controller_interface/share/controller_interface/environment/library_path.sh
[23.848s] -- Installing: /home/student/ros2_ws/src/install/controller_interface/share/controller_interface/environment/library_path.dsv
[23.848s] -- Installing: /home/student/ros2_ws/src/install/controller_interface/share/ament_index/resource_index/package_run_dependencies/controller_interface
[23.848s] -- Installing: /home/student/ros2_ws/src/install/controller_interface/share/ament_index/resource_index/parent_prefix_path/controller_interface
[23.849s] -- Installing: /home/student/ros2_ws/src/install/controller_interface/share/controller_interface/environment/ament_prefix_path.sh
[23.849s] -- Installing: /home/student/ros2_ws/src/install/controller_interface/share/controller_interface/environment/ament_prefix_path.dsv
[23.849s] -- Installing: /home/student/ros2_ws/src/install/controller_interface/share/controller_interface/environment/path.sh
[23.849s] -- Installing: /home/student/ros2_ws/src/install/controller_interface/share/controller_interface/environment/path.dsv
[23.849s] -- Installing: /home/student/ros2_ws/src/install/controller_interface/share/controller_interface/local_setup.bash
[23.850s] -- Installing: /home/student/ros2_ws/src/install/controller_interface/share/controller_interface/local_setup.sh
[23.850s] -- Installing: /home/student/ros2_ws/src/install/controller_interface/share/controller_interface/local_setup.zsh
[23.850s] -- Installing: /home/student/ros2_ws/src/install/controller_interface/share/controller_interface/local_setup.dsv
[23.850s] -- Installing: /home/student/ros2_ws/src/install/controller_interface/share/controller_interface/package.dsv
[23.850s] -- Installing: /home/student/ros2_ws/src/install/controller_interface/share/ament_index/resource_index/packages/controller_interface
[23.851s] -- Installing: /home/student/ros2_ws/src/install/controller_interface/share/controller_interface/cmake/ament_cmake_export_dependencies-extras.cmake
[23.851s] -- Installing: /home/student/ros2_ws/src/install/controller_interface/share/controller_interface/cmake/ament_cmake_export_include_directories-extras.cmake
[23.851s] -- Installing: /home/student/ros2_ws/src/install/controller_interface/share/controller_interface/cmake/ament_cmake_export_libraries-extras.cmake
[23.851s] -- Installing: /home/student/ros2_ws/src/install/controller_interface/share/controller_interface/cmake/controller_interfaceConfig.cmake
[23.851s] -- Installing: /home/student/ros2_ws/src/install/controller_interface/share/controller_interface/cmake/controller_interfaceConfig-version.cmake
[23.852s] -- Installing: /home/student/ros2_ws/src/install/controller_interface/share/controller_interface/package.xml
[23.852s] -- Installing: /home/student/ros2_ws/src/install/controller_interface/include/controller_interface/controller_interface/version.h
[23.855s] Invoked command in '/home/student/ros2_ws/src/build/controller_interface' returned '0': AMENT_PREFIX_PATH=/home/student/ros2_ws/src/install/hardware_interface:/home/student/ros2_ws/src/install/ros2_control_test_assets:${AMENT_PREFIX_PATH} CMAKE_PREFIX_PATH=/home/student/ros2_ws/src/install/hardware_interface:/home/student/ros2_ws/src/install/ros2_control_test_assets:/opt/ros/humble LD_LIBRARY_PATH=/home/student/ros2_ws/src/install/hardware_interface/lib:${LD_LIBRARY_PATH} /usr/bin/cmake --install /home/student/ros2_ws/src/build/controller_interface
