[1.616s] Invoking command in '/home/student/UR_Robot_ws/build/mon_package_moveit': PYTHONPATH=/home/student/UR_Robot_ws/build/mon_package_moveit/prefix_override:/usr/lib/python3/dist-packages/colcon_core/task/python/colcon_distutils_commands:/home/student/UR_Robot_ws/install/mon_package_moveit/lib/python3.10/site-packages:${PYTHONPATH} /usr/bin/python3 -W ignore:setup.py install is deprecated -W ignore:easy_install command is deprecated setup.py develop --editable --build-directory /home/student/UR_Robot_ws/build/mon_package_moveit/build --no-deps symlink_data
[2.059s] running develop
[2.349s] running egg_info
[2.349s] creating mon_package_moveit.egg-info
[2.349s] writing mon_package_moveit.egg-info/PKG-INFO
[2.350s] writing dependency_links to mon_package_moveit.egg-info/dependency_links.txt
[2.350s] writing entry points to mon_package_moveit.egg-info/entry_points.txt
[2.350s] writing requirements to mon_package_moveit.egg-info/requires.txt
[2.350s] writing top-level names to mon_package_moveit.egg-info/top_level.txt
[2.350s] writing manifest file 'mon_package_moveit.egg-info/SOURCES.txt'
[2.353s] reading manifest file 'mon_package_moveit.egg-info/SOURCES.txt'
[2.354s] writing manifest file 'mon_package_moveit.egg-info/SOURCES.txt'
[2.356s] running build_ext
[2.356s] Creating /home/student/UR_Robot_ws/install/mon_package_moveit/lib/python3.10/site-packages/mon-package-moveit.egg-link (link to .)
[2.358s] Installing go_to_pose script to /home/student/UR_Robot_ws/install/mon_package_moveit/lib/mon_package_moveit
[2.358s] 
[2.358s] Installed /home/student/UR_Robot_ws/build/mon_package_moveit
[2.358s] running symlink_data
[2.358s] creating /home/student/UR_Robot_ws/install/mon_package_moveit/share/ament_index
[2.359s] creating /home/student/UR_Robot_ws/install/mon_package_moveit/share/ament_index/resource_index
[2.359s] creating /home/student/UR_Robot_ws/install/mon_package_moveit/share/ament_index/resource_index/packages
[2.359s] symbolically linking /home/student/UR_Robot_ws/build/mon_package_moveit/resource/mon_package_moveit -> /home/student/UR_Robot_ws/install/mon_package_moveit/share/ament_index/resource_index/packages
[2.359s] symbolically linking /home/student/UR_Robot_ws/build/mon_package_moveit/package.xml -> /home/student/UR_Robot_ws/install/mon_package_moveit/share/mon_package_moveit
[2.397s] Invoked command in '/home/student/UR_Robot_ws/build/mon_package_moveit' returned '0': PYTHONPATH=/home/student/UR_Robot_ws/build/mon_package_moveit/prefix_override:/usr/lib/python3/dist-packages/colcon_core/task/python/colcon_distutils_commands:/home/student/UR_Robot_ws/install/mon_package_moveit/lib/python3.10/site-packages:${PYTHONPATH} /usr/bin/python3 -W ignore:setup.py install is deprecated -W ignore:easy_install command is deprecated setup.py develop --editable --build-directory /home/student/UR_Robot_ws/build/mon_package_moveit/build --no-deps symlink_data
