[0.043s] Invoking command in '/home/student/ros2_ws/src/build/forward_command_controller': AMENT_PREFIX_PATH=/home/student/ros2_ws/src/install/controller_manager:/home/student/ros2_ws/src/install/hardware_interface_testing:/home/student/ros2_ws/src/install/controller_interface:/home/student/ros2_ws/src/install/hardware_interface:/home/student/ros2_ws/src/install/ros2_control_test_assets:/home/student/ros2_ws/src/install/ros2_control_cmake:/home/student/ros2_ws/src/install/controller_manager_msgs:${AMENT_PREFIX_PATH} CMAKE_PREFIX_PATH=/home/student/ros2_ws/src/install/controller_manager:/home/student/ros2_ws/src/install/hardware_interface_testing:/home/student/ros2_ws/src/install/controller_interface:/home/student/ros2_ws/src/install/hardware_interface:/home/student/ros2_ws/src/install/ros2_control_test_assets:/home/student/ros2_ws/src/install/ros2_control_cmake:/home/student/ros2_ws/src/install/controller_manager_msgs:/opt/ros/humble LD_LIBRARY_PATH=/home/student/ros2_ws/src/install/controller_manager/lib:/home/student/ros2_ws/src/install/hardware_interface_testing/lib:/home/student/ros2_ws/src/install/controller_interface/lib:/home/student/ros2_ws/src/install/hardware_interface/lib:/home/student/ros2_ws/src/install/controller_manager_msgs/lib:${LD_LIBRARY_PATH} PYTHONPATH=/home/student/ros2_ws/src/install/controller_manager/local/lib/python3.10/dist-packages:/home/student/ros2_ws/src/install/controller_manager_msgs/local/lib/python3.10/dist-packages:${PYTHONPATH} /usr/bin/cmake /home/student/ros2_ws/src/ros2_controllers/forward_command_controller -DCMAKE_INSTALL_PREFIX=/home/student/ros2_ws/src/install/forward_command_controller
[0.130s] -- The C compiler identification is GNU 11.4.0
[0.218s] -- The CXX compiler identification is GNU 11.4.0
[0.229s] -- Detecting C compiler ABI info
[0.337s] -- Detecting C compiler ABI info - done
[0.354s] -- Check for working C compiler: /usr/bin/cc - skipped
[0.354s] -- Detecting C compile features
[0.355s] -- Detecting C compile features - done
[0.360s] -- Detecting CXX compiler ABI info
[0.485s] -- Detecting CXX compiler ABI info - done
[0.524s] -- Check for working CXX compiler: /usr/bin/c++ - skipped
[0.524s] -- Detecting CXX compile features
[0.524s] -- Detecting CXX compile features - done
[0.524s] -- Found ros2_control_cmake: 0.2.1 (/home/student/ros2_ws/src/install/ros2_control_cmake/share/ros2_control_cmake/cmake)
[0.524s] -- Compiler warnings enabled for GNU
[0.525s] -- Detected GCC Version: 11.4.0 (Major: 11, Minor: 4)
[0.525s] -- Found ament_cmake: 1.3.12 (/opt/ros/humble/share/ament_cmake/cmake)
[0.759s] -- Found Python3: /usr/bin/python3 (found version "3.10.12") found components: Interpreter 
[0.924s] -- Found controller_interface: 2.51.0 (/home/student/ros2_ws/src/install/controller_interface/share/controller_interface/cmake)
[1.009s] -- Found rosidl_generator_c: 3.1.7 (/opt/ros/humble/share/rosidl_generator_c/cmake)
[1.016s] -- Found rosidl_adapter: 3.1.7 (/opt/ros/humble/share/rosidl_adapter/cmake)
[1.032s] -- Found rosidl_generator_cpp: 3.1.7 (/opt/ros/humble/share/rosidl_generator_cpp/cmake)
[1.054s] -- Using all available rosidl_typesupport_c: rosidl_typesupport_fastrtps_c;rosidl_typesupport_introspection_c
[1.084s] -- Using all available rosidl_typesupport_cpp: rosidl_typesupport_fastrtps_cpp;rosidl_typesupport_introspection_cpp
[1.459s] -- Found rmw_implementation_cmake: 6.1.2 (/opt/ros/humble/share/rmw_implementation_cmake/cmake)
[1.464s] -- Found rmw_fastrtps_cpp: 6.2.8 (/opt/ros/humble/share/rmw_fastrtps_cpp/cmake)
[1.520s] -- Found TinyXML2 via Config file: TinyXML2_DIR-NOTFOUND
[1.602s] -- Found OpenSSL: /usr/lib/x86_64-linux-gnu/libcrypto.so (found version "3.0.2")  
[1.608s] -- Found TinyXML2 via Config file: TinyXML2_DIR-NOTFOUND
[1.634s] -- Found FastRTPS: /opt/ros/humble/include  
[1.637s] -- Found TinyXML2 via Config file: TinyXML2_DIR-NOTFOUND
[1.649s] -- Found TinyXML2 via Config file: TinyXML2_DIR-NOTFOUND
[1.666s] -- Using RMW implementation 'rmw_fastrtps_cpp' as default
[1.685s] -- Looking for pthread.h
[1.862s] -- Looking for pthread.h - found
[1.862s] -- Performing Test CMAKE_HAVE_LIBC_PTHREAD
[2.028s] -- Performing Test CMAKE_HAVE_LIBC_PTHREAD - Success
[2.031s] -- Found Threads: TRUE  
[2.133s] -- Found generate_parameter_library: 0.5.0 (/opt/ros/humble/share/generate_parameter_library/cmake)
[2.140s] -- Found parameter_traits: 0.5.0 (/opt/ros/humble/share/parameter_traits/cmake)
[2.172s] -- Found realtime_tools: 2.14.0 (/opt/ros/humble/share/realtime_tools/cmake)
[2.204s] -- Found ament_cmake_gmock: 1.3.12 (/opt/ros/humble/share/ament_cmake_gmock/cmake)
[2.206s] -- Found controller_manager: 2.51.0 (/home/student/ros2_ws/src/install/controller_manager/share/controller_manager/cmake)
[2.254s] -- Found ros2_control_test_assets: 2.51.0 (/home/student/ros2_ws/src/install/ros2_control_test_assets/share/ros2_control_test_assets/cmake)
[2.264s] -- Found gmock sources under '/opt/ros/humble/src/gmock_vendor': C++ tests using 'Google Mock' will be built
[2.268s] -- Found ament_cmake_gtest: 1.3.12 (/opt/ros/humble/share/ament_cmake_gtest/cmake)
[2.269s] -- Found gtest sources under '/opt/ros/humble/src/gtest_vendor': C++ tests using 'Google Test' will be built
[2.398s] -- Configuring done
[2.405s] [31mCMake Error at CMakeLists.txt:34 (add_library):
[2.405s]   Target "forward_command_controller" links to target
[2.405s]   "controller_interface::controller_interface" but the target was not found.
[2.406s]   Perhaps a find_package() call is missing for an IMPORTED target, or an
[2.406s]   ALIAS target is missing?
[2.406s] 
[2.406s] [0m
[2.406s] [31mCMake Error at CMakeLists.txt:34 (add_library):
[2.407s]   Target "forward_command_controller" links to target
[2.407s]   "hardware_interface::hardware_interface" but the target was not found.
[2.407s]   Perhaps a find_package() call is missing for an IMPORTED target, or an
[2.407s]   ALIAS target is missing?
[2.407s] 
[2.407s] [0m
[2.407s] [31mCMake Error at /opt/ros/humble/share/ament_cmake_gmock/cmake/ament_add_gmock.cmake:69 (add_executable):
[2.407s]   Target "test_load_forward_command_controller" links to target
[2.407s]   "controller_interface::controller_interface" but the target was not found.
[2.407s]   Perhaps a find_package() call is missing for an IMPORTED target, or an
[2.407s]   ALIAS target is missing?
[2.407s] Call Stack (most recent call first):
[2.408s]   /opt/ros/humble/share/ament_cmake_gmock/cmake/ament_add_gmock.cmake:52 (_ament_add_gmock)
[2.408s]   CMakeLists.txt:61 (ament_add_gmock)
[2.408s] 
[2.408s] [0m
[2.408s] [31mCMake Error at /opt/ros/humble/share/ament_cmake_gmock/cmake/ament_add_gmock.cmake:69 (add_executable):
[2.408s]   Target "test_load_forward_command_controller" links to target
[2.408s]   "hardware_interface::hardware_interface" but the target was not found.
[2.408s]   Perhaps a find_package() call is missing for an IMPORTED target, or an
[2.408s]   ALIAS target is missing?
[2.408s] Call Stack (most recent call first):
[2.408s]   /opt/ros/humble/share/ament_cmake_gmock/cmake/ament_add_gmock.cmake:52 (_ament_add_gmock)
[2.408s]   CMakeLists.txt:61 (ament_add_gmock)
[2.409s] 
[2.409s] [0m
[2.409s] [31mCMake Error at /opt/ros/humble/share/ament_cmake_gmock/cmake/ament_add_gmock.cmake:69 (add_executable):
[2.409s]   Target "test_load_forward_command_controller" links to target
[2.409s]   "controller_manager::controller_manager" but the target was not found.
[2.409s]   Perhaps a find_package() call is missing for an IMPORTED target, or an
[2.409s]   ALIAS target is missing?
[2.409s] Call Stack (most recent call first):
[2.409s]   /opt/ros/humble/share/ament_cmake_gmock/cmake/ament_add_gmock.cmake:52 (_ament_add_gmock)
[2.409s]   CMakeLists.txt:61 (ament_add_gmock)
[2.409s] 
[2.409s] [0m
[2.410s] [31mCMake Error at /opt/ros/humble/share/ament_cmake_gmock/cmake/ament_add_gmock.cmake:69 (add_executable):
[2.410s]   Target "test_load_forward_command_controller" links to target
[2.410s]   "ros2_control_test_assets::ros2_control_test_assets" but the target was not
[2.410s]   found.  Perhaps a find_package() call is missing for an IMPORTED target, or
[2.410s]   an ALIAS target is missing?
[2.410s] Call Stack (most recent call first):
[2.410s]   /opt/ros/humble/share/ament_cmake_gmock/cmake/ament_add_gmock.cmake:52 (_ament_add_gmock)
[2.410s]   CMakeLists.txt:61 (ament_add_gmock)
[2.410s] 
[2.410s] [0m
[2.410s] [31mCMake Error at /opt/ros/humble/share/ament_cmake_gmock/cmake/ament_add_gmock.cmake:69 (add_executable):
[2.410s]   Target "test_forward_command_controller" links to target
[2.411s]   "controller_interface::controller_interface" but the target was not found.
[2.411s]   Perhaps a find_package() call is missing for an IMPORTED target, or an
[2.411s]   ALIAS target is missing?
[2.411s] Call Stack (most recent call first):
[2.411s]   /opt/ros/humble/share/ament_cmake_gmock/cmake/ament_add_gmock.cmake:52 (_ament_add_gmock)
[2.411s]   CMakeLists.txt:70 (ament_add_gmock)
[2.411s] 
[2.411s] [0m
[2.411s] [31mCMake Error at /opt/ros/humble/share/ament_cmake_gmock/cmake/ament_add_gmock.cmake:69 (add_executable):
[2.411s]   Target "test_forward_command_controller" links to target
[2.411s]   "hardware_interface::hardware_interface" but the target was not found.
[2.411s]   Perhaps a find_package() call is missing for an IMPORTED target, or an
[2.411s]   ALIAS target is missing?
[2.412s] Call Stack (most recent call first):
[2.412s]   /opt/ros/humble/share/ament_cmake_gmock/cmake/ament_add_gmock.cmake:52 (_ament_add_gmock)
[2.412s]   CMakeLists.txt:70 (ament_add_gmock)
[2.412s] 
[2.412s] [0m
[2.412s] [31mCMake Error at /opt/ros/humble/share/ament_cmake_gmock/cmake/ament_add_gmock.cmake:69 (add_executable):
[2.412s]   Target "test_load_multi_interface_forward_command_controller" links to
[2.412s]   target "controller_interface::controller_interface" but the target was not
[2.412s]   found.  Perhaps a find_package() call is missing for an IMPORTED target, or
[2.412s]   an ALIAS target is missing?
[2.412s] Call Stack (most recent call first):
[2.412s]   /opt/ros/humble/share/ament_cmake_gmock/cmake/ament_add_gmock.cmake:52 (_ament_add_gmock)
[2.413s]   CMakeLists.txt:77 (ament_add_gmock)
[2.413s] 
[2.413s] [0m
[2.413s] [31mCMake Error at /opt/ros/humble/share/ament_cmake_gmock/cmake/ament_add_gmock.cmake:69 (add_executable):
[2.413s]   Target "test_load_multi_interface_forward_command_controller" links to
[2.413s]   target "hardware_interface::hardware_interface" but the target was not
[2.413s]   found.  Perhaps a find_package() call is missing for an IMPORTED target, or
[2.413s]   an ALIAS target is missing?
[2.413s] Call Stack (most recent call first):
[2.413s]   /opt/ros/humble/share/ament_cmake_gmock/cmake/ament_add_gmock.cmake:52 (_ament_add_gmock)
[2.413s]   CMakeLists.txt:77 (ament_add_gmock)
[2.413s] 
[2.414s] [0m
[2.414s] [31mCMake Error at /opt/ros/humble/share/ament_cmake_gmock/cmake/ament_add_gmock.cmake:69 (add_executable):
[2.414s]   Target "test_load_multi_interface_forward_command_controller" links to
[2.414s]   target "controller_manager::controller_manager" but the target was not
[2.414s]   found.  Perhaps a find_package() call is missing for an IMPORTED target, or
[2.414s]   an ALIAS target is missing?
[2.414s] Call Stack (most recent call first):
[2.414s]   /opt/ros/humble/share/ament_cmake_gmock/cmake/ament_add_gmock.cmake:52 (_ament_add_gmock)
[2.415s]   CMakeLists.txt:77 (ament_add_gmock)
[2.415s] 
[2.415s] [0m
[2.415s] [31mCMake Error at /opt/ros/humble/share/ament_cmake_gmock/cmake/ament_add_gmock.cmake:69 (add_executable):
[2.415s]   Target "test_load_multi_interface_forward_command_controller" links to
[2.415s]   target "ros2_control_test_assets::ros2_control_test_assets" but the target
[2.415s]   was not found.  Perhaps a find_package() call is missing for an IMPORTED
[2.415s]   target, or an ALIAS target is missing?
[2.415s] Call Stack (most recent call first):
[2.415s]   /opt/ros/humble/share/ament_cmake_gmock/cmake/ament_add_gmock.cmake:52 (_ament_add_gmock)
[2.416s]   CMakeLists.txt:77 (ament_add_gmock)
[2.416s] 
[2.416s] [0m
[2.416s] [31mCMake Error at /opt/ros/humble/share/ament_cmake_gmock/cmake/ament_add_gmock.cmake:69 (add_executable):
[2.416s]   Target "test_multi_interface_forward_command_controller" links to target
[2.416s]   "controller_interface::controller_interface" but the target was not found.
[2.416s]   Perhaps a find_package() call is missing for an IMPORTED target, or an
[2.416s]   ALIAS target is missing?
[2.416s] Call Stack (most recent call first):
[2.416s]   /opt/ros/humble/share/ament_cmake_gmock/cmake/ament_add_gmock.cmake:52 (_ament_add_gmock)
[2.416s]   CMakeLists.txt:86 (ament_add_gmock)
[2.417s] 
[2.417s] [0m
[2.417s] [31mCMake Error at /opt/ros/humble/share/ament_cmake_gmock/cmake/ament_add_gmock.cmake:69 (add_executable):
[2.417s]   Target "test_multi_interface_forward_command_controller" links to target
[2.417s]   "hardware_interface::hardware_interface" but the target was not found.
[2.417s]   Perhaps a find_package() call is missing for an IMPORTED target, or an
[2.417s]   ALIAS target is missing?
[2.417s] Call Stack (most recent call first):
[2.417s]   /opt/ros/humble/share/ament_cmake_gmock/cmake/ament_add_gmock.cmake:52 (_ament_add_gmock)
[2.417s]   CMakeLists.txt:86 (ament_add_gmock)
[2.417s] 
[2.418s] [0m
[2.435s] -- Generating done
[2.438s] [0mCMake Generate step failed.  Build files cannot be regenerated correctly.[0m
