[0.050s] Invoking command in '/home/student/UR_Robot_ws/build/ur_dashboard_msgs': CMAKE_PREFIX_PATH=${CMAKE_PREFIX_PATH}:/home/student/ws_moveit2/install/moveit_configs_utils:/home/student/ws_moveit2/install/launch_param_builder:/opt/ros/humble /usr/bin/cmake /home/student/UR_Robot_ws/src/ur_dashboard_msgs -DCMAKE_INSTALL_PREFIX=/home/student/UR_Robot_ws/install/ur_dashboard_msgs
[0.627s] -- Found ament_cmake: 1.3.12 (/opt/ros/humble/share/ament_cmake/cmake)
[0.628s] -- Override CMake install command with custom implementation using symlinks instead of copying resources
[0.628s] -- Found rosidl_default_generators: 1.2.0 (/opt/ros/humble/share/rosidl_default_generators/cmake)
[0.628s] -- Using all available rosidl_typesupport_c: rosidl_typesupport_fastrtps_c;rosidl_typesupport_introspection_c
[0.629s] -- Found rosidl_adapter: 3.1.7 (/opt/ros/humble/share/rosidl_adapter/cmake)
[0.629s] -- Using all available rosidl_typesupport_cpp: rosidl_typesupport_fastrtps_cpp;rosidl_typesupport_introspection_cpp
[0.629s] -- Found action_msgs: 1.2.2 (/opt/ros/humble/share/action_msgs/cmake)
[0.768s] -- Found ament_cmake_ros: 0.10.0 (/opt/ros/humble/share/ament_cmake_ros/cmake)
[0.995s] -- Using all available rosidl_typesupport_c: rosidl_typesupport_fastrtps_c;rosidl_typesupport_introspection_c
[1.383s] -- Using all available rosidl_typesupport_cpp: rosidl_typesupport_fastrtps_cpp;rosidl_typesupport_introspection_cpp
[1.417s] -- Found python_cmake_module: 0.10.0 (/opt/ros/humble/share/python_cmake_module/cmake)
[1.460s] -- Using PYTHON_EXECUTABLE: /usr/bin/python3
[1.461s] -- Using PYTHON_INCLUDE_DIRS: /usr/include/python3.10
[1.461s] -- Using PYTHON_LIBRARIES: /usr/lib/x86_64-linux-gnu/libpython3.10.so
[1.544s] -- Configuring done
[1.620s] -- Generating done
[1.634s] -- Build files have been written to: /home/student/UR_Robot_ws/build/ur_dashboard_msgs
[1.642s] Invoked command in '/home/student/UR_Robot_ws/build/ur_dashboard_msgs' returned '0': CMAKE_PREFIX_PATH=${CMAKE_PREFIX_PATH}:/home/student/ws_moveit2/install/moveit_configs_utils:/home/student/ws_moveit2/install/launch_param_builder:/opt/ros/humble /usr/bin/cmake /home/student/UR_Robot_ws/src/ur_dashboard_msgs -DCMAKE_INSTALL_PREFIX=/home/student/UR_Robot_ws/install/ur_dashboard_msgs
[1.644s] Invoking command in '/home/student/UR_Robot_ws/build/ur_dashboard_msgs': CMAKE_PREFIX_PATH=${CMAKE_PREFIX_PATH}:/home/student/ws_moveit2/install/moveit_configs_utils:/home/student/ws_moveit2/install/launch_param_builder:/opt/ros/humble /usr/bin/cmake --build /home/student/UR_Robot_ws/build/ur_dashboard_msgs -- -j8 -l8
[1.719s] [35m[1mConsolidate compiler generated dependencies of target ur_dashboard_msgs__rosidl_generator_c[0m
[1.731s] [  0%] Built target ur_dashboard_msgs__cpp
[1.742s] [  0%] Built target ament_cmake_python_symlink_ur_dashboard_msgs
[1.748s] [ 12%] Built target ur_dashboard_msgs__rosidl_generator_c
[1.769s] [35m[1mConsolidate compiler generated dependencies of target ur_dashboard_msgs__rosidl_typesupport_cpp[0m
[1.776s] [35m[1mConsolidate compiler generated dependencies of target ur_dashboard_msgs__rosidl_typesupport_fastrtps_cpp[0m
[1.782s] [35m[1mConsolidate compiler generated dependencies of target ur_dashboard_msgs__rosidl_typesupport_introspection_cpp[0m
[1.803s] [35m[1mConsolidate compiler generated dependencies of target ur_dashboard_msgs__rosidl_typesupport_fastrtps_c[0m
[1.804s] [35m[1mConsolidate compiler generated dependencies of target ur_dashboard_msgs__rosidl_typesupport_c[0m
[1.808s] [35m[1mConsolidate compiler generated dependencies of target ur_dashboard_msgs__rosidl_typesupport_introspection_c[0m
[1.835s] [ 24%] Built target ur_dashboard_msgs__rosidl_typesupport_cpp
[1.844s] [ 36%] Built target ur_dashboard_msgs__rosidl_typesupport_c
[1.853s] [ 52%] Built target ur_dashboard_msgs__rosidl_typesupport_fastrtps_cpp
[1.853s] [ 60%] Built target ur_dashboard_msgs__rosidl_typesupport_introspection_cpp
[1.860s] [ 72%] Built target ur_dashboard_msgs__rosidl_typesupport_fastrtps_c
[1.862s] [ 84%] Built target ur_dashboard_msgs__rosidl_typesupport_introspection_c
[1.905s] [ 84%] Built target ur_dashboard_msgs
[1.949s] [ 85%] Built target ur_dashboard_msgs__py
[1.978s] [35m[1mConsolidate compiler generated dependencies of target ur_dashboard_msgs__rosidl_generator_py[0m
[2.018s] [ 96%] Built target ur_dashboard_msgs__rosidl_generator_py
[2.042s] [35m[1mConsolidate compiler generated dependencies of target ur_dashboard_msgs__rosidl_typesupport_fastrtps_c__pyext[0m
[2.043s] [35m[1mConsolidate compiler generated dependencies of target ur_dashboard_msgs__rosidl_typesupport_introspection_c__pyext[0m
[2.043s] [35m[1mConsolidate compiler generated dependencies of target ur_dashboard_msgs__rosidl_typesupport_c__pyext[0m
[2.067s] [ 98%] Built target ur_dashboard_msgs__rosidl_typesupport_c__pyext
[2.067s] [ 98%] Built target ur_dashboard_msgs__rosidl_typesupport_fastrtps_c__pyext
[2.068s] [100%] Built target ur_dashboard_msgs__rosidl_typesupport_introspection_c__pyext
[2.190s] running egg_info
[2.192s] writing ur_dashboard_msgs.egg-info/PKG-INFO
[2.192s] writing dependency_links to ur_dashboard_msgs.egg-info/dependency_links.txt
[2.192s] writing top-level names to ur_dashboard_msgs.egg-info/top_level.txt
[2.195s] reading manifest file 'ur_dashboard_msgs.egg-info/SOURCES.txt'
[2.197s] writing manifest file 'ur_dashboard_msgs.egg-info/SOURCES.txt'
[2.233s] [100%] Built target ament_cmake_python_build_ur_dashboard_msgs_egg
[2.255s] Invoked command in '/home/student/UR_Robot_ws/build/ur_dashboard_msgs' returned '0': CMAKE_PREFIX_PATH=${CMAKE_PREFIX_PATH}:/home/student/ws_moveit2/install/moveit_configs_utils:/home/student/ws_moveit2/install/launch_param_builder:/opt/ros/humble /usr/bin/cmake --build /home/student/UR_Robot_ws/build/ur_dashboard_msgs -- -j8 -l8
[2.257s] Invoking command in '/home/student/UR_Robot_ws/build/ur_dashboard_msgs': CMAKE_PREFIX_PATH=${CMAKE_PREFIX_PATH}:/home/student/ws_moveit2/install/moveit_configs_utils:/home/student/ws_moveit2/install/launch_param_builder:/opt/ros/humble /usr/bin/cmake --install /home/student/UR_Robot_ws/build/ur_dashboard_msgs
[2.271s] -- Install configuration: ""
[2.272s] -- Execute custom install script
[2.273s] -- Up-to-date symlink: /home/student/UR_Robot_ws/install/ur_dashboard_msgs/share/ament_index/resource_index/rosidl_interfaces/ur_dashboard_msgs
[2.275s] -- Up-to-date symlink: /home/student/UR_Robot_ws/install/ur_dashboard_msgs/include/ur_dashboard_msgs/ur_dashboard_msgs/action/detail/set_mode__functions.h
[2.275s] -- Up-to-date symlink: /home/student/UR_Robot_ws/install/ur_dashboard_msgs/include/ur_dashboard_msgs/ur_dashboard_msgs/action/detail/set_mode__struct.h
[2.275s] -- Up-to-date symlink: /home/student/UR_Robot_ws/install/ur_dashboard_msgs/include/ur_dashboard_msgs/ur_dashboard_msgs/action/detail/set_mode__type_support.h
[2.275s] -- Up-to-date symlink: /home/student/UR_Robot_ws/install/ur_dashboard_msgs/include/ur_dashboard_msgs/ur_dashboard_msgs/action/set_mode.h
[2.276s] -- Up-to-date symlink: /home/student/UR_Robot_ws/install/ur_dashboard_msgs/include/ur_dashboard_msgs/ur_dashboard_msgs/msg/detail/program_state__functions.h
[2.276s] -- Up-to-date symlink: /home/student/UR_Robot_ws/install/ur_dashboard_msgs/include/ur_dashboard_msgs/ur_dashboard_msgs/msg/detail/program_state__struct.h
[2.276s] -- Up-to-date symlink: /home/student/UR_Robot_ws/install/ur_dashboard_msgs/include/ur_dashboard_msgs/ur_dashboard_msgs/msg/detail/program_state__type_support.h
[2.277s] -- Up-to-date symlink: /home/student/UR_Robot_ws/install/ur_dashboard_msgs/include/ur_dashboard_msgs/ur_dashboard_msgs/msg/detail/robot_mode__functions.h
[2.277s] -- Up-to-date symlink: /home/student/UR_Robot_ws/install/ur_dashboard_msgs/include/ur_dashboard_msgs/ur_dashboard_msgs/msg/detail/robot_mode__struct.h
[2.277s] -- Up-to-date symlink: /home/student/UR_Robot_ws/install/ur_dashboard_msgs/include/ur_dashboard_msgs/ur_dashboard_msgs/msg/detail/robot_mode__type_support.h
[2.278s] -- Up-to-date symlink: /home/student/UR_Robot_ws/install/ur_dashboard_msgs/include/ur_dashboard_msgs/ur_dashboard_msgs/msg/detail/safety_mode__functions.h
[2.278s] -- Up-to-date symlink: /home/student/UR_Robot_ws/install/ur_dashboard_msgs/include/ur_dashboard_msgs/ur_dashboard_msgs/msg/detail/safety_mode__struct.h
[2.278s] -- Up-to-date symlink: /home/student/UR_Robot_ws/install/ur_dashboard_msgs/include/ur_dashboard_msgs/ur_dashboard_msgs/msg/detail/safety_mode__type_support.h
[2.278s] -- Up-to-date symlink: /home/student/UR_Robot_ws/install/ur_dashboard_msgs/include/ur_dashboard_msgs/ur_dashboard_msgs/msg/program_state.h
[2.278s] -- Up-to-date symlink: /home/student/UR_Robot_ws/install/ur_dashboard_msgs/include/ur_dashboard_msgs/ur_dashboard_msgs/msg/robot_mode.h
[2.279s] -- Up-to-date symlink: /home/student/UR_Robot_ws/install/ur_dashboard_msgs/include/ur_dashboard_msgs/ur_dashboard_msgs/msg/rosidl_generator_c__visibility_control.h
[2.279s] -- Up-to-date symlink: /home/student/UR_Robot_ws/install/ur_dashboard_msgs/include/ur_dashboard_msgs/ur_dashboard_msgs/msg/safety_mode.h
[2.279s] -- Up-to-date symlink: /home/student/UR_Robot_ws/install/ur_dashboard_msgs/include/ur_dashboard_msgs/ur_dashboard_msgs/srv/add_to_log.h
[2.279s] -- Up-to-date symlink: /home/student/UR_Robot_ws/install/ur_dashboard_msgs/include/ur_dashboard_msgs/ur_dashboard_msgs/srv/detail/add_to_log__functions.h
[2.280s] -- Up-to-date symlink: /home/student/UR_Robot_ws/install/ur_dashboard_msgs/include/ur_dashboard_msgs/ur_dashboard_msgs/srv/detail/add_to_log__struct.h
[2.280s] -- Up-to-date symlink: /home/student/UR_Robot_ws/install/ur_dashboard_msgs/include/ur_dashboard_msgs/ur_dashboard_msgs/srv/detail/add_to_log__type_support.h
[2.280s] -- Up-to-date symlink: /home/student/UR_Robot_ws/install/ur_dashboard_msgs/include/ur_dashboard_msgs/ur_dashboard_msgs/srv/detail/get_loaded_program__functions.h
[2.280s] -- Up-to-date symlink: /home/student/UR_Robot_ws/install/ur_dashboard_msgs/include/ur_dashboard_msgs/ur_dashboard_msgs/srv/detail/get_loaded_program__struct.h
[2.281s] -- Up-to-date symlink: /home/student/UR_Robot_ws/install/ur_dashboard_msgs/include/ur_dashboard_msgs/ur_dashboard_msgs/srv/detail/get_loaded_program__type_support.h
[2.281s] -- Up-to-date symlink: /home/student/UR_Robot_ws/install/ur_dashboard_msgs/include/ur_dashboard_msgs/ur_dashboard_msgs/srv/detail/get_program_state__functions.h
[2.281s] -- Up-to-date symlink: /home/student/UR_Robot_ws/install/ur_dashboard_msgs/include/ur_dashboard_msgs/ur_dashboard_msgs/srv/detail/get_program_state__struct.h
[2.281s] -- Up-to-date symlink: /home/student/UR_Robot_ws/install/ur_dashboard_msgs/include/ur_dashboard_msgs/ur_dashboard_msgs/srv/detail/get_program_state__type_support.h
[2.282s] -- Up-to-date symlink: /home/student/UR_Robot_ws/install/ur_dashboard_msgs/include/ur_dashboard_msgs/ur_dashboard_msgs/srv/detail/get_robot_mode__functions.h
[2.282s] -- Up-to-date symlink: /home/student/UR_Robot_ws/install/ur_dashboard_msgs/include/ur_dashboard_msgs/ur_dashboard_msgs/srv/detail/get_robot_mode__struct.h
[2.282s] -- Up-to-date symlink: /home/student/UR_Robot_ws/install/ur_dashboard_msgs/include/ur_dashboard_msgs/ur_dashboard_msgs/srv/detail/get_robot_mode__type_support.h
[2.282s] -- Up-to-date symlink: /home/student/UR_Robot_ws/install/ur_dashboard_msgs/include/ur_dashboard_msgs/ur_dashboard_msgs/srv/detail/get_safety_mode__functions.h
[2.282s] -- Up-to-date symlink: /home/student/UR_Robot_ws/install/ur_dashboard_msgs/include/ur_dashboard_msgs/ur_dashboard_msgs/srv/detail/get_safety_mode__struct.h
[2.283s] -- Up-to-date symlink: /home/student/UR_Robot_ws/install/ur_dashboard_msgs/include/ur_dashboard_msgs/ur_dashboard_msgs/srv/detail/get_safety_mode__type_support.h
[2.283s] -- Up-to-date symlink: /home/student/UR_Robot_ws/install/ur_dashboard_msgs/include/ur_dashboard_msgs/ur_dashboard_msgs/srv/detail/is_in_remote_control__functions.h
[2.283s] -- Up-to-date symlink: /home/student/UR_Robot_ws/install/ur_dashboard_msgs/include/ur_dashboard_msgs/ur_dashboard_msgs/srv/detail/is_in_remote_control__struct.h
[2.283s] -- Up-to-date symlink: /home/student/UR_Robot_ws/install/ur_dashboard_msgs/include/ur_dashboard_msgs/ur_dashboard_msgs/srv/detail/is_in_remote_control__type_support.h
[2.284s] -- Up-to-date symlink: /home/student/UR_Robot_ws/install/ur_dashboard_msgs/include/ur_dashboard_msgs/ur_dashboard_msgs/srv/detail/is_program_running__functions.h
[2.284s] -- Up-to-date symlink: /home/student/UR_Robot_ws/install/ur_dashboard_msgs/include/ur_dashboard_msgs/ur_dashboard_msgs/srv/detail/is_program_running__struct.h
[2.284s] -- Up-to-date symlink: /home/student/UR_Robot_ws/install/ur_dashboard_msgs/include/ur_dashboard_msgs/ur_dashboard_msgs/srv/detail/is_program_running__type_support.h
[2.284s] -- Up-to-date symlink: /home/student/UR_Robot_ws/install/ur_dashboard_msgs/include/ur_dashboard_msgs/ur_dashboard_msgs/srv/detail/is_program_saved__functions.h
[2.285s] -- Up-to-date symlink: /home/student/UR_Robot_ws/install/ur_dashboard_msgs/include/ur_dashboard_msgs/ur_dashboard_msgs/srv/detail/is_program_saved__struct.h
[2.285s] -- Up-to-date symlink: /home/student/UR_Robot_ws/install/ur_dashboard_msgs/include/ur_dashboard_msgs/ur_dashboard_msgs/srv/detail/is_program_saved__type_support.h
[2.285s] -- Up-to-date symlink: /home/student/UR_Robot_ws/install/ur_dashboard_msgs/include/ur_dashboard_msgs/ur_dashboard_msgs/srv/detail/load__functions.h
[2.285s] -- Up-to-date symlink: /home/student/UR_Robot_ws/install/ur_dashboard_msgs/include/ur_dashboard_msgs/ur_dashboard_msgs/srv/detail/load__struct.h
[2.285s] -- Up-to-date symlink: /home/student/UR_Robot_ws/install/ur_dashboard_msgs/include/ur_dashboard_msgs/ur_dashboard_msgs/srv/detail/load__type_support.h
[2.285s] -- Up-to-date symlink: /home/student/UR_Robot_ws/install/ur_dashboard_msgs/include/ur_dashboard_msgs/ur_dashboard_msgs/srv/detail/popup__functions.h
[2.286s] -- Up-to-date symlink: /home/student/UR_Robot_ws/install/ur_dashboard_msgs/include/ur_dashboard_msgs/ur_dashboard_msgs/srv/detail/popup__struct.h
[2.286s] -- Up-to-date symlink: /home/student/UR_Robot_ws/install/ur_dashboard_msgs/include/ur_dashboard_msgs/ur_dashboard_msgs/srv/detail/popup__type_support.h
[2.286s] -- Up-to-date symlink: /home/student/UR_Robot_ws/install/ur_dashboard_msgs/include/ur_dashboard_msgs/ur_dashboard_msgs/srv/detail/raw_request__functions.h
[2.286s] -- Up-to-date symlink: /home/student/UR_Robot_ws/install/ur_dashboard_msgs/include/ur_dashboard_msgs/ur_dashboard_msgs/srv/detail/raw_request__struct.h
[2.286s] -- Up-to-date symlink: /home/student/UR_Robot_ws/install/ur_dashboard_msgs/include/ur_dashboard_msgs/ur_dashboard_msgs/srv/detail/raw_request__type_support.h
[2.287s] -- Up-to-date symlink: /home/student/UR_Robot_ws/install/ur_dashboard_msgs/include/ur_dashboard_msgs/ur_dashboard_msgs/srv/get_loaded_program.h
[2.287s] -- Up-to-date symlink: /home/student/UR_Robot_ws/install/ur_dashboard_msgs/include/ur_dashboard_msgs/ur_dashboard_msgs/srv/get_program_state.h
[2.287s] -- Up-to-date symlink: /home/student/UR_Robot_ws/install/ur_dashboard_msgs/include/ur_dashboard_msgs/ur_dashboard_msgs/srv/get_robot_mode.h
[2.287s] -- Up-to-date symlink: /home/student/UR_Robot_ws/install/ur_dashboard_msgs/include/ur_dashboard_msgs/ur_dashboard_msgs/srv/get_safety_mode.h
[2.287s] -- Up-to-date symlink: /home/student/UR_Robot_ws/install/ur_dashboard_msgs/include/ur_dashboard_msgs/ur_dashboard_msgs/srv/is_in_remote_control.h
[2.288s] -- Up-to-date symlink: /home/student/UR_Robot_ws/install/ur_dashboard_msgs/include/ur_dashboard_msgs/ur_dashboard_msgs/srv/is_program_running.h
[2.288s] -- Up-to-date symlink: /home/student/UR_Robot_ws/install/ur_dashboard_msgs/include/ur_dashboard_msgs/ur_dashboard_msgs/srv/is_program_saved.h
[2.288s] -- Up-to-date symlink: /home/student/UR_Robot_ws/install/ur_dashboard_msgs/include/ur_dashboard_msgs/ur_dashboard_msgs/srv/load.h
[2.289s] -- Up-to-date symlink: /home/student/UR_Robot_ws/install/ur_dashboard_msgs/include/ur_dashboard_msgs/ur_dashboard_msgs/srv/popup.h
[2.289s] -- Up-to-date symlink: /home/student/UR_Robot_ws/install/ur_dashboard_msgs/include/ur_dashboard_msgs/ur_dashboard_msgs/srv/raw_request.h
[2.289s] -- Up-to-date symlink: /home/student/UR_Robot_ws/install/ur_dashboard_msgs/share/ur_dashboard_msgs/environment/library_path.sh
[2.290s] -- Up-to-date symlink: /home/student/UR_Robot_ws/install/ur_dashboard_msgs/share/ur_dashboard_msgs/environment/library_path.dsv
[2.291s] -- Up-to-date symlink: /home/student/UR_Robot_ws/install/ur_dashboard_msgs/include/ur_dashboard_msgs/ur_dashboard_msgs/action/detail/set_mode__rosidl_typesupport_fastrtps_c.h
[2.291s] -- Up-to-date symlink: /home/student/UR_Robot_ws/install/ur_dashboard_msgs/include/ur_dashboard_msgs/ur_dashboard_msgs/msg/detail/program_state__rosidl_typesupport_fastrtps_c.h
[2.292s] -- Up-to-date symlink: /home/student/UR_Robot_ws/install/ur_dashboard_msgs/include/ur_dashboard_msgs/ur_dashboard_msgs/msg/detail/robot_mode__rosidl_typesupport_fastrtps_c.h
[2.292s] -- Up-to-date symlink: /home/student/UR_Robot_ws/install/ur_dashboard_msgs/include/ur_dashboard_msgs/ur_dashboard_msgs/msg/detail/safety_mode__rosidl_typesupport_fastrtps_c.h
[2.292s] -- Up-to-date symlink: /home/student/UR_Robot_ws/install/ur_dashboard_msgs/include/ur_dashboard_msgs/ur_dashboard_msgs/msg/rosidl_typesupport_fastrtps_c__visibility_control.h
[2.292s] -- Up-to-date symlink: /home/student/UR_Robot_ws/install/ur_dashboard_msgs/include/ur_dashboard_msgs/ur_dashboard_msgs/srv/detail/add_to_log__rosidl_typesupport_fastrtps_c.h
[2.293s] -- Up-to-date symlink: /home/student/UR_Robot_ws/install/ur_dashboard_msgs/include/ur_dashboard_msgs/ur_dashboard_msgs/srv/detail/get_loaded_program__rosidl_typesupport_fastrtps_c.h
[2.293s] -- Up-to-date symlink: /home/student/UR_Robot_ws/install/ur_dashboard_msgs/include/ur_dashboard_msgs/ur_dashboard_msgs/srv/detail/get_program_state__rosidl_typesupport_fastrtps_c.h
[2.293s] -- Up-to-date symlink: /home/student/UR_Robot_ws/install/ur_dashboard_msgs/include/ur_dashboard_msgs/ur_dashboard_msgs/srv/detail/get_robot_mode__rosidl_typesupport_fastrtps_c.h
[2.293s] -- Up-to-date symlink: /home/student/UR_Robot_ws/install/ur_dashboard_msgs/include/ur_dashboard_msgs/ur_dashboard_msgs/srv/detail/get_safety_mode__rosidl_typesupport_fastrtps_c.h
[2.293s] -- Up-to-date symlink: /home/student/UR_Robot_ws/install/ur_dashboard_msgs/include/ur_dashboard_msgs/ur_dashboard_msgs/srv/detail/is_in_remote_control__rosidl_typesupport_fastrtps_c.h
[2.294s] -- Up-to-date symlink: /home/student/UR_Robot_ws/install/ur_dashboard_msgs/include/ur_dashboard_msgs/ur_dashboard_msgs/srv/detail/is_program_running__rosidl_typesupport_fastrtps_c.h
[2.294s] -- Up-to-date symlink: /home/student/UR_Robot_ws/install/ur_dashboard_msgs/include/ur_dashboard_msgs/ur_dashboard_msgs/srv/detail/is_program_saved__rosidl_typesupport_fastrtps_c.h
[2.294s] -- Up-to-date symlink: /home/student/UR_Robot_ws/install/ur_dashboard_msgs/include/ur_dashboard_msgs/ur_dashboard_msgs/srv/detail/load__rosidl_typesupport_fastrtps_c.h
[2.294s] -- Up-to-date symlink: /home/student/UR_Robot_ws/install/ur_dashboard_msgs/include/ur_dashboard_msgs/ur_dashboard_msgs/srv/detail/popup__rosidl_typesupport_fastrtps_c.h
[2.295s] -- Up-to-date symlink: /home/student/UR_Robot_ws/install/ur_dashboard_msgs/include/ur_dashboard_msgs/ur_dashboard_msgs/srv/detail/raw_request__rosidl_typesupport_fastrtps_c.h
[2.295s] -- Up-to-date symlink: /home/student/UR_Robot_ws/install/ur_dashboard_msgs/include/ur_dashboard_msgs/ur_dashboard_msgs/action/detail/set_mode__rosidl_typesupport_introspection_c.h
[2.296s] -- Up-to-date symlink: /home/student/UR_Robot_ws/install/ur_dashboard_msgs/include/ur_dashboard_msgs/ur_dashboard_msgs/msg/detail/program_state__rosidl_typesupport_introspection_c.h
[2.296s] -- Up-to-date symlink: /home/student/UR_Robot_ws/install/ur_dashboard_msgs/include/ur_dashboard_msgs/ur_dashboard_msgs/msg/detail/robot_mode__rosidl_typesupport_introspection_c.h
[2.296s] -- Up-to-date symlink: /home/student/UR_Robot_ws/install/ur_dashboard_msgs/include/ur_dashboard_msgs/ur_dashboard_msgs/msg/detail/safety_mode__rosidl_typesupport_introspection_c.h
[2.296s] -- Up-to-date symlink: /home/student/UR_Robot_ws/install/ur_dashboard_msgs/include/ur_dashboard_msgs/ur_dashboard_msgs/msg/rosidl_typesupport_introspection_c__visibility_control.h
[2.296s] -- Up-to-date symlink: /home/student/UR_Robot_ws/install/ur_dashboard_msgs/include/ur_dashboard_msgs/ur_dashboard_msgs/srv/detail/add_to_log__rosidl_typesupport_introspection_c.h
[2.297s] -- Up-to-date symlink: /home/student/UR_Robot_ws/install/ur_dashboard_msgs/include/ur_dashboard_msgs/ur_dashboard_msgs/srv/detail/get_loaded_program__rosidl_typesupport_introspection_c.h
[2.297s] -- Up-to-date symlink: /home/student/UR_Robot_ws/install/ur_dashboard_msgs/include/ur_dashboard_msgs/ur_dashboard_msgs/srv/detail/get_program_state__rosidl_typesupport_introspection_c.h
[2.297s] -- Up-to-date symlink: /home/student/UR_Robot_ws/install/ur_dashboard_msgs/include/ur_dashboard_msgs/ur_dashboard_msgs/srv/detail/get_robot_mode__rosidl_typesupport_introspection_c.h
[2.297s] -- Up-to-date symlink: /home/student/UR_Robot_ws/install/ur_dashboard_msgs/include/ur_dashboard_msgs/ur_dashboard_msgs/srv/detail/get_safety_mode__rosidl_typesupport_introspection_c.h
[2.298s] -- Up-to-date symlink: /home/student/UR_Robot_ws/install/ur_dashboard_msgs/include/ur_dashboard_msgs/ur_dashboard_msgs/srv/detail/is_in_remote_control__rosidl_typesupport_introspection_c.h
[2.298s] -- Up-to-date symlink: /home/student/UR_Robot_ws/install/ur_dashboard_msgs/include/ur_dashboard_msgs/ur_dashboard_msgs/srv/detail/is_program_running__rosidl_typesupport_introspection_c.h
[2.298s] -- Up-to-date symlink: /home/student/UR_Robot_ws/install/ur_dashboard_msgs/include/ur_dashboard_msgs/ur_dashboard_msgs/srv/detail/is_program_saved__rosidl_typesupport_introspection_c.h
[2.299s] -- Up-to-date symlink: /home/student/UR_Robot_ws/install/ur_dashboard_msgs/include/ur_dashboard_msgs/ur_dashboard_msgs/srv/detail/load__rosidl_typesupport_introspection_c.h
[2.299s] -- Up-to-date symlink: /home/student/UR_Robot_ws/install/ur_dashboard_msgs/include/ur_dashboard_msgs/ur_dashboard_msgs/srv/detail/popup__rosidl_typesupport_introspection_c.h
[2.299s] -- Up-to-date symlink: /home/student/UR_Robot_ws/install/ur_dashboard_msgs/include/ur_dashboard_msgs/ur_dashboard_msgs/srv/detail/raw_request__rosidl_typesupport_introspection_c.h
[2.301s] -- Up-to-date symlink: /home/student/UR_Robot_ws/install/ur_dashboard_msgs/include/ur_dashboard_msgs/ur_dashboard_msgs/action/detail/set_mode__builder.hpp
[2.301s] -- Up-to-date symlink: /home/student/UR_Robot_ws/install/ur_dashboard_msgs/include/ur_dashboard_msgs/ur_dashboard_msgs/action/detail/set_mode__struct.hpp
[2.301s] -- Up-to-date symlink: /home/student/UR_Robot_ws/install/ur_dashboard_msgs/include/ur_dashboard_msgs/ur_dashboard_msgs/action/detail/set_mode__traits.hpp
[2.302s] -- Up-to-date symlink: /home/student/UR_Robot_ws/install/ur_dashboard_msgs/include/ur_dashboard_msgs/ur_dashboard_msgs/action/detail/set_mode__type_support.hpp
[2.302s] -- Up-to-date symlink: /home/student/UR_Robot_ws/install/ur_dashboard_msgs/include/ur_dashboard_msgs/ur_dashboard_msgs/action/set_mode.hpp
[2.302s] -- Up-to-date symlink: /home/student/UR_Robot_ws/install/ur_dashboard_msgs/include/ur_dashboard_msgs/ur_dashboard_msgs/msg/detail/program_state__builder.hpp
[2.302s] -- Up-to-date symlink: /home/student/UR_Robot_ws/install/ur_dashboard_msgs/include/ur_dashboard_msgs/ur_dashboard_msgs/msg/detail/program_state__struct.hpp
[2.302s] -- Up-to-date symlink: /home/student/UR_Robot_ws/install/ur_dashboard_msgs/include/ur_dashboard_msgs/ur_dashboard_msgs/msg/detail/program_state__traits.hpp
[2.303s] -- Up-to-date symlink: /home/student/UR_Robot_ws/install/ur_dashboard_msgs/include/ur_dashboard_msgs/ur_dashboard_msgs/msg/detail/program_state__type_support.hpp
[2.303s] -- Up-to-date symlink: /home/student/UR_Robot_ws/install/ur_dashboard_msgs/include/ur_dashboard_msgs/ur_dashboard_msgs/msg/detail/robot_mode__builder.hpp
[2.303s] -- Up-to-date symlink: /home/student/UR_Robot_ws/install/ur_dashboard_msgs/include/ur_dashboard_msgs/ur_dashboard_msgs/msg/detail/robot_mode__struct.hpp
[2.303s] -- Up-to-date symlink: /home/student/UR_Robot_ws/install/ur_dashboard_msgs/include/ur_dashboard_msgs/ur_dashboard_msgs/msg/detail/robot_mode__traits.hpp
[2.304s] -- Up-to-date symlink: /home/student/UR_Robot_ws/install/ur_dashboard_msgs/include/ur_dashboard_msgs/ur_dashboard_msgs/msg/detail/robot_mode__type_support.hpp
[2.304s] -- Up-to-date symlink: /home/student/UR_Robot_ws/install/ur_dashboard_msgs/include/ur_dashboard_msgs/ur_dashboard_msgs/msg/detail/safety_mode__builder.hpp
[2.304s] -- Up-to-date symlink: /home/student/UR_Robot_ws/install/ur_dashboard_msgs/include/ur_dashboard_msgs/ur_dashboard_msgs/msg/detail/safety_mode__struct.hpp
[2.304s] -- Up-to-date symlink: /home/student/UR_Robot_ws/install/ur_dashboard_msgs/include/ur_dashboard_msgs/ur_dashboard_msgs/msg/detail/safety_mode__traits.hpp
[2.305s] -- Up-to-date symlink: /home/student/UR_Robot_ws/install/ur_dashboard_msgs/include/ur_dashboard_msgs/ur_dashboard_msgs/msg/detail/safety_mode__type_support.hpp
[2.305s] -- Up-to-date symlink: /home/student/UR_Robot_ws/install/ur_dashboard_msgs/include/ur_dashboard_msgs/ur_dashboard_msgs/msg/program_state.hpp
[2.305s] -- Up-to-date symlink: /home/student/UR_Robot_ws/install/ur_dashboard_msgs/include/ur_dashboard_msgs/ur_dashboard_msgs/msg/robot_mode.hpp
[2.305s] -- Up-to-date symlink: /home/student/UR_Robot_ws/install/ur_dashboard_msgs/include/ur_dashboard_msgs/ur_dashboard_msgs/msg/rosidl_generator_cpp__visibility_control.hpp
[2.305s] -- Up-to-date symlink: /home/student/UR_Robot_ws/install/ur_dashboard_msgs/include/ur_dashboard_msgs/ur_dashboard_msgs/msg/safety_mode.hpp
[2.306s] -- Up-to-date symlink: /home/student/UR_Robot_ws/install/ur_dashboard_msgs/include/ur_dashboard_msgs/ur_dashboard_msgs/srv/add_to_log.hpp
[2.306s] -- Up-to-date symlink: /home/student/UR_Robot_ws/install/ur_dashboard_msgs/include/ur_dashboard_msgs/ur_dashboard_msgs/srv/detail/add_to_log__builder.hpp
[2.306s] -- Up-to-date symlink: /home/student/UR_Robot_ws/install/ur_dashboard_msgs/include/ur_dashboard_msgs/ur_dashboard_msgs/srv/detail/add_to_log__struct.hpp
[2.306s] -- Up-to-date symlink: /home/student/UR_Robot_ws/install/ur_dashboard_msgs/include/ur_dashboard_msgs/ur_dashboard_msgs/srv/detail/add_to_log__traits.hpp
[2.306s] -- Up-to-date symlink: /home/student/UR_Robot_ws/install/ur_dashboard_msgs/include/ur_dashboard_msgs/ur_dashboard_msgs/srv/detail/add_to_log__type_support.hpp
[2.307s] -- Up-to-date symlink: /home/student/UR_Robot_ws/install/ur_dashboard_msgs/include/ur_dashboard_msgs/ur_dashboard_msgs/srv/detail/get_loaded_program__builder.hpp
[2.307s] -- Up-to-date symlink: /home/student/UR_Robot_ws/install/ur_dashboard_msgs/include/ur_dashboard_msgs/ur_dashboard_msgs/srv/detail/get_loaded_program__struct.hpp
[2.307s] -- Up-to-date symlink: /home/student/UR_Robot_ws/install/ur_dashboard_msgs/include/ur_dashboard_msgs/ur_dashboard_msgs/srv/detail/get_loaded_program__traits.hpp
[2.308s] -- Up-to-date symlink: /home/student/UR_Robot_ws/install/ur_dashboard_msgs/include/ur_dashboard_msgs/ur_dashboard_msgs/srv/detail/get_loaded_program__type_support.hpp
[2.308s] -- Up-to-date symlink: /home/student/UR_Robot_ws/install/ur_dashboard_msgs/include/ur_dashboard_msgs/ur_dashboard_msgs/srv/detail/get_program_state__builder.hpp
[2.308s] -- Up-to-date symlink: /home/student/UR_Robot_ws/install/ur_dashboard_msgs/include/ur_dashboard_msgs/ur_dashboard_msgs/srv/detail/get_program_state__struct.hpp
[2.309s] -- Up-to-date symlink: /home/student/UR_Robot_ws/install/ur_dashboard_msgs/include/ur_dashboard_msgs/ur_dashboard_msgs/srv/detail/get_program_state__traits.hpp
[2.309s] -- Up-to-date symlink: /home/student/UR_Robot_ws/install/ur_dashboard_msgs/include/ur_dashboard_msgs/ur_dashboard_msgs/srv/detail/get_program_state__type_support.hpp
[2.309s] -- Up-to-date symlink: /home/student/UR_Robot_ws/install/ur_dashboard_msgs/include/ur_dashboard_msgs/ur_dashboard_msgs/srv/detail/get_robot_mode__builder.hpp
[2.309s] -- Up-to-date symlink: /home/student/UR_Robot_ws/install/ur_dashboard_msgs/include/ur_dashboard_msgs/ur_dashboard_msgs/srv/detail/get_robot_mode__struct.hpp
[2.310s] -- Up-to-date symlink: /home/student/UR_Robot_ws/install/ur_dashboard_msgs/include/ur_dashboard_msgs/ur_dashboard_msgs/srv/detail/get_robot_mode__traits.hpp
[2.310s] -- Up-to-date symlink: /home/student/UR_Robot_ws/install/ur_dashboard_msgs/include/ur_dashboard_msgs/ur_dashboard_msgs/srv/detail/get_robot_mode__type_support.hpp
[2.310s] -- Up-to-date symlink: /home/student/UR_Robot_ws/install/ur_dashboard_msgs/include/ur_dashboard_msgs/ur_dashboard_msgs/srv/detail/get_safety_mode__builder.hpp
[2.310s] -- Up-to-date symlink: /home/student/UR_Robot_ws/install/ur_dashboard_msgs/include/ur_dashboard_msgs/ur_dashboard_msgs/srv/detail/get_safety_mode__struct.hpp
[2.311s] -- Up-to-date symlink: /home/student/UR_Robot_ws/install/ur_dashboard_msgs/include/ur_dashboard_msgs/ur_dashboard_msgs/srv/detail/get_safety_mode__traits.hpp
[2.311s] -- Up-to-date symlink: /home/student/UR_Robot_ws/install/ur_dashboard_msgs/include/ur_dashboard_msgs/ur_dashboard_msgs/srv/detail/get_safety_mode__type_support.hpp
[2.311s] -- Up-to-date symlink: /home/student/UR_Robot_ws/install/ur_dashboard_msgs/include/ur_dashboard_msgs/ur_dashboard_msgs/srv/detail/is_in_remote_control__builder.hpp
[2.311s] -- Up-to-date symlink: /home/student/UR_Robot_ws/install/ur_dashboard_msgs/include/ur_dashboard_msgs/ur_dashboard_msgs/srv/detail/is_in_remote_control__struct.hpp
[2.311s] -- Up-to-date symlink: /home/student/UR_Robot_ws/install/ur_dashboard_msgs/include/ur_dashboard_msgs/ur_dashboard_msgs/srv/detail/is_in_remote_control__traits.hpp
[2.312s] -- Up-to-date symlink: /home/student/UR_Robot_ws/install/ur_dashboard_msgs/include/ur_dashboard_msgs/ur_dashboard_msgs/srv/detail/is_in_remote_control__type_support.hpp
[2.312s] -- Up-to-date symlink: /home/student/UR_Robot_ws/install/ur_dashboard_msgs/include/ur_dashboard_msgs/ur_dashboard_msgs/srv/detail/is_program_running__builder.hpp
[2.312s] -- Up-to-date symlink: /home/student/UR_Robot_ws/install/ur_dashboard_msgs/include/ur_dashboard_msgs/ur_dashboard_msgs/srv/detail/is_program_running__struct.hpp
[2.312s] -- Up-to-date symlink: /home/student/UR_Robot_ws/install/ur_dashboard_msgs/include/ur_dashboard_msgs/ur_dashboard_msgs/srv/detail/is_program_running__traits.hpp
[2.313s] -- Up-to-date symlink: /home/student/UR_Robot_ws/install/ur_dashboard_msgs/include/ur_dashboard_msgs/ur_dashboard_msgs/srv/detail/is_program_running__type_support.hpp
[2.313s] -- Up-to-date symlink: /home/student/UR_Robot_ws/install/ur_dashboard_msgs/include/ur_dashboard_msgs/ur_dashboard_msgs/srv/detail/is_program_saved__builder.hpp
[2.313s] -- Up-to-date symlink: /home/student/UR_Robot_ws/install/ur_dashboard_msgs/include/ur_dashboard_msgs/ur_dashboard_msgs/srv/detail/is_program_saved__struct.hpp
[2.313s] -- Up-to-date symlink: /home/student/UR_Robot_ws/install/ur_dashboard_msgs/include/ur_dashboard_msgs/ur_dashboard_msgs/srv/detail/is_program_saved__traits.hpp
[2.313s] -- Up-to-date symlink: /home/student/UR_Robot_ws/install/ur_dashboard_msgs/include/ur_dashboard_msgs/ur_dashboard_msgs/srv/detail/is_program_saved__type_support.hpp
[2.314s] -- Up-to-date symlink: /home/student/UR_Robot_ws/install/ur_dashboard_msgs/include/ur_dashboard_msgs/ur_dashboard_msgs/srv/detail/load__builder.hpp
[2.314s] -- Up-to-date symlink: /home/student/UR_Robot_ws/install/ur_dashboard_msgs/include/ur_dashboard_msgs/ur_dashboard_msgs/srv/detail/load__struct.hpp
[2.314s] -- Up-to-date symlink: /home/student/UR_Robot_ws/install/ur_dashboard_msgs/include/ur_dashboard_msgs/ur_dashboard_msgs/srv/detail/load__traits.hpp
[2.315s] -- Up-to-date symlink: /home/student/UR_Robot_ws/install/ur_dashboard_msgs/include/ur_dashboard_msgs/ur_dashboard_msgs/srv/detail/load__type_support.hpp
[2.315s] -- Up-to-date symlink: /home/student/UR_Robot_ws/install/ur_dashboard_msgs/include/ur_dashboard_msgs/ur_dashboard_msgs/srv/detail/popup__builder.hpp
[2.315s] -- Up-to-date symlink: /home/student/UR_Robot_ws/install/ur_dashboard_msgs/include/ur_dashboard_msgs/ur_dashboard_msgs/srv/detail/popup__struct.hpp
[2.315s] -- Up-to-date symlink: /home/student/UR_Robot_ws/install/ur_dashboard_msgs/include/ur_dashboard_msgs/ur_dashboard_msgs/srv/detail/popup__traits.hpp
[2.316s] -- Up-to-date symlink: /home/student/UR_Robot_ws/install/ur_dashboard_msgs/include/ur_dashboard_msgs/ur_dashboard_msgs/srv/detail/popup__type_support.hpp
[2.316s] -- Up-to-date symlink: /home/student/UR_Robot_ws/install/ur_dashboard_msgs/include/ur_dashboard_msgs/ur_dashboard_msgs/srv/detail/raw_request__builder.hpp
[2.316s] -- Up-to-date symlink: /home/student/UR_Robot_ws/install/ur_dashboard_msgs/include/ur_dashboard_msgs/ur_dashboard_msgs/srv/detail/raw_request__struct.hpp
[2.317s] -- Up-to-date symlink: /home/student/UR_Robot_ws/install/ur_dashboard_msgs/include/ur_dashboard_msgs/ur_dashboard_msgs/srv/detail/raw_request__traits.hpp
[2.317s] -- Up-to-date symlink: /home/student/UR_Robot_ws/install/ur_dashboard_msgs/include/ur_dashboard_msgs/ur_dashboard_msgs/srv/detail/raw_request__type_support.hpp
[2.317s] -- Up-to-date symlink: /home/student/UR_Robot_ws/install/ur_dashboard_msgs/include/ur_dashboard_msgs/ur_dashboard_msgs/srv/get_loaded_program.hpp
[2.317s] -- Up-to-date symlink: /home/student/UR_Robot_ws/install/ur_dashboard_msgs/include/ur_dashboard_msgs/ur_dashboard_msgs/srv/get_program_state.hpp
[2.317s] -- Up-to-date symlink: /home/student/UR_Robot_ws/install/ur_dashboard_msgs/include/ur_dashboard_msgs/ur_dashboard_msgs/srv/get_robot_mode.hpp
[2.318s] -- Up-to-date symlink: /home/student/UR_Robot_ws/install/ur_dashboard_msgs/include/ur_dashboard_msgs/ur_dashboard_msgs/srv/get_safety_mode.hpp
[2.318s] -- Up-to-date symlink: /home/student/UR_Robot_ws/install/ur_dashboard_msgs/include/ur_dashboard_msgs/ur_dashboard_msgs/srv/is_in_remote_control.hpp
[2.318s] -- Up-to-date symlink: /home/student/UR_Robot_ws/install/ur_dashboard_msgs/include/ur_dashboard_msgs/ur_dashboard_msgs/srv/is_program_running.hpp
[2.318s] -- Up-to-date symlink: /home/student/UR_Robot_ws/install/ur_dashboard_msgs/include/ur_dashboard_msgs/ur_dashboard_msgs/srv/is_program_saved.hpp
[2.318s] -- Up-to-date symlink: /home/student/UR_Robot_ws/install/ur_dashboard_msgs/include/ur_dashboard_msgs/ur_dashboard_msgs/srv/load.hpp
[2.319s] -- Up-to-date symlink: /home/student/UR_Robot_ws/install/ur_dashboard_msgs/include/ur_dashboard_msgs/ur_dashboard_msgs/srv/popup.hpp
[2.319s] -- Up-to-date symlink: /home/student/UR_Robot_ws/install/ur_dashboard_msgs/include/ur_dashboard_msgs/ur_dashboard_msgs/srv/raw_request.hpp
[2.320s] -- Up-to-date symlink: /home/student/UR_Robot_ws/install/ur_dashboard_msgs/include/ur_dashboard_msgs/ur_dashboard_msgs/action/detail/set_mode__rosidl_typesupport_fastrtps_cpp.hpp
[2.321s] -- Up-to-date symlink: /home/student/UR_Robot_ws/install/ur_dashboard_msgs/include/ur_dashboard_msgs/ur_dashboard_msgs/msg/detail/program_state__rosidl_typesupport_fastrtps_cpp.hpp
[2.321s] -- Up-to-date symlink: /home/student/UR_Robot_ws/install/ur_dashboard_msgs/include/ur_dashboard_msgs/ur_dashboard_msgs/msg/detail/robot_mode__rosidl_typesupport_fastrtps_cpp.hpp
[2.321s] -- Up-to-date symlink: /home/student/UR_Robot_ws/install/ur_dashboard_msgs/include/ur_dashboard_msgs/ur_dashboard_msgs/msg/detail/safety_mode__rosidl_typesupport_fastrtps_cpp.hpp
[2.321s] -- Up-to-date symlink: /home/student/UR_Robot_ws/install/ur_dashboard_msgs/include/ur_dashboard_msgs/ur_dashboard_msgs/msg/rosidl_typesupport_fastrtps_cpp__visibility_control.h
[2.321s] -- Up-to-date symlink: /home/student/UR_Robot_ws/install/ur_dashboard_msgs/include/ur_dashboard_msgs/ur_dashboard_msgs/srv/detail/add_to_log__rosidl_typesupport_fastrtps_cpp.hpp
[2.322s] -- Up-to-date symlink: /home/student/UR_Robot_ws/install/ur_dashboard_msgs/include/ur_dashboard_msgs/ur_dashboard_msgs/srv/detail/get_loaded_program__rosidl_typesupport_fastrtps_cpp.hpp
[2.322s] -- Up-to-date symlink: /home/student/UR_Robot_ws/install/ur_dashboard_msgs/include/ur_dashboard_msgs/ur_dashboard_msgs/srv/detail/get_program_state__rosidl_typesupport_fastrtps_cpp.hpp
[2.322s] -- Up-to-date symlink: /home/student/UR_Robot_ws/install/ur_dashboard_msgs/include/ur_dashboard_msgs/ur_dashboard_msgs/srv/detail/get_robot_mode__rosidl_typesupport_fastrtps_cpp.hpp
[2.322s] -- Up-to-date symlink: /home/student/UR_Robot_ws/install/ur_dashboard_msgs/include/ur_dashboard_msgs/ur_dashboard_msgs/srv/detail/get_safety_mode__rosidl_typesupport_fastrtps_cpp.hpp
[2.323s] -- Up-to-date symlink: /home/student/UR_Robot_ws/install/ur_dashboard_msgs/include/ur_dashboard_msgs/ur_dashboard_msgs/srv/detail/is_in_remote_control__rosidl_typesupport_fastrtps_cpp.hpp
[2.323s] -- Up-to-date symlink: /home/student/UR_Robot_ws/install/ur_dashboard_msgs/include/ur_dashboard_msgs/ur_dashboard_msgs/srv/detail/is_program_running__rosidl_typesupport_fastrtps_cpp.hpp
[2.323s] -- Up-to-date symlink: /home/student/UR_Robot_ws/install/ur_dashboard_msgs/include/ur_dashboard_msgs/ur_dashboard_msgs/srv/detail/is_program_saved__rosidl_typesupport_fastrtps_cpp.hpp
[2.323s] -- Up-to-date symlink: /home/student/UR_Robot_ws/install/ur_dashboard_msgs/include/ur_dashboard_msgs/ur_dashboard_msgs/srv/detail/load__rosidl_typesupport_fastrtps_cpp.hpp
[2.323s] -- Up-to-date symlink: /home/student/UR_Robot_ws/install/ur_dashboard_msgs/include/ur_dashboard_msgs/ur_dashboard_msgs/srv/detail/popup__rosidl_typesupport_fastrtps_cpp.hpp
[2.324s] -- Up-to-date symlink: /home/student/UR_Robot_ws/install/ur_dashboard_msgs/include/ur_dashboard_msgs/ur_dashboard_msgs/srv/detail/raw_request__rosidl_typesupport_fastrtps_cpp.hpp
[2.325s] -- Up-to-date symlink: /home/student/UR_Robot_ws/install/ur_dashboard_msgs/include/ur_dashboard_msgs/ur_dashboard_msgs/action/detail/set_mode__rosidl_typesupport_introspection_cpp.hpp
[2.325s] -- Up-to-date symlink: /home/student/UR_Robot_ws/install/ur_dashboard_msgs/include/ur_dashboard_msgs/ur_dashboard_msgs/msg/detail/program_state__rosidl_typesupport_introspection_cpp.hpp
[2.325s] -- Up-to-date symlink: /home/student/UR_Robot_ws/install/ur_dashboard_msgs/include/ur_dashboard_msgs/ur_dashboard_msgs/msg/detail/robot_mode__rosidl_typesupport_introspection_cpp.hpp
[2.325s] -- Up-to-date symlink: /home/student/UR_Robot_ws/install/ur_dashboard_msgs/include/ur_dashboard_msgs/ur_dashboard_msgs/msg/detail/safety_mode__rosidl_typesupport_introspection_cpp.hpp
[2.325s] -- Up-to-date symlink: /home/student/UR_Robot_ws/install/ur_dashboard_msgs/include/ur_dashboard_msgs/ur_dashboard_msgs/srv/detail/add_to_log__rosidl_typesupport_introspection_cpp.hpp
[2.326s] -- Up-to-date symlink: /home/student/UR_Robot_ws/install/ur_dashboard_msgs/include/ur_dashboard_msgs/ur_dashboard_msgs/srv/detail/get_loaded_program__rosidl_typesupport_introspection_cpp.hpp
[2.326s] -- Up-to-date symlink: /home/student/UR_Robot_ws/install/ur_dashboard_msgs/include/ur_dashboard_msgs/ur_dashboard_msgs/srv/detail/get_program_state__rosidl_typesupport_introspection_cpp.hpp
[2.326s] -- Up-to-date symlink: /home/student/UR_Robot_ws/install/ur_dashboard_msgs/include/ur_dashboard_msgs/ur_dashboard_msgs/srv/detail/get_robot_mode__rosidl_typesupport_introspection_cpp.hpp
[2.326s] -- Up-to-date symlink: /home/student/UR_Robot_ws/install/ur_dashboard_msgs/include/ur_dashboard_msgs/ur_dashboard_msgs/srv/detail/get_safety_mode__rosidl_typesupport_introspection_cpp.hpp
[2.327s] -- Up-to-date symlink: /home/student/UR_Robot_ws/install/ur_dashboard_msgs/include/ur_dashboard_msgs/ur_dashboard_msgs/srv/detail/is_in_remote_control__rosidl_typesupport_introspection_cpp.hpp
[2.327s] -- Up-to-date symlink: /home/student/UR_Robot_ws/install/ur_dashboard_msgs/include/ur_dashboard_msgs/ur_dashboard_msgs/srv/detail/is_program_running__rosidl_typesupport_introspection_cpp.hpp
[2.327s] -- Up-to-date symlink: /home/student/UR_Robot_ws/install/ur_dashboard_msgs/include/ur_dashboard_msgs/ur_dashboard_msgs/srv/detail/is_program_saved__rosidl_typesupport_introspection_cpp.hpp
[2.327s] -- Up-to-date symlink: /home/student/UR_Robot_ws/install/ur_dashboard_msgs/include/ur_dashboard_msgs/ur_dashboard_msgs/srv/detail/load__rosidl_typesupport_introspection_cpp.hpp
[2.327s] -- Up-to-date symlink: /home/student/UR_Robot_ws/install/ur_dashboard_msgs/include/ur_dashboard_msgs/ur_dashboard_msgs/srv/detail/popup__rosidl_typesupport_introspection_cpp.hpp
[2.328s] -- Up-to-date symlink: /home/student/UR_Robot_ws/install/ur_dashboard_msgs/include/ur_dashboard_msgs/ur_dashboard_msgs/srv/detail/raw_request__rosidl_typesupport_introspection_cpp.hpp
[2.328s] -- Up-to-date symlink: /home/student/UR_Robot_ws/install/ur_dashboard_msgs/share/ur_dashboard_msgs/environment/pythonpath.sh
[2.328s] -- Up-to-date symlink: /home/student/UR_Robot_ws/install/ur_dashboard_msgs/share/ur_dashboard_msgs/environment/pythonpath.dsv
[2.329s] -- Up-to-date symlink: /home/student/UR_Robot_ws/install/ur_dashboard_msgs/local/lib/python3.10/dist-packages/ur_dashboard_msgs-2.8.1-py3.10.egg-info/PKG-INFO
[2.329s] -- Up-to-date symlink: /home/student/UR_Robot_ws/install/ur_dashboard_msgs/local/lib/python3.10/dist-packages/ur_dashboard_msgs-2.8.1-py3.10.egg-info/SOURCES.txt
[2.329s] -- Up-to-date symlink: /home/student/UR_Robot_ws/install/ur_dashboard_msgs/local/lib/python3.10/dist-packages/ur_dashboard_msgs-2.8.1-py3.10.egg-info/dependency_links.txt
[2.329s] -- Up-to-date symlink: /home/student/UR_Robot_ws/install/ur_dashboard_msgs/local/lib/python3.10/dist-packages/ur_dashboard_msgs-2.8.1-py3.10.egg-info/top_level.txt
[2.332s] -- Up-to-date symlink: /home/student/UR_Robot_ws/install/ur_dashboard_msgs/local/lib/python3.10/dist-packages/ur_dashboard_msgs/__init__.py
[2.332s] -- Up-to-date symlink: /home/student/UR_Robot_ws/install/ur_dashboard_msgs/local/lib/python3.10/dist-packages/ur_dashboard_msgs/_ur_dashboard_msgs_s.ep.rosidl_typesupport_c.c
[2.332s] -- Up-to-date symlink: /home/student/UR_Robot_ws/install/ur_dashboard_msgs/local/lib/python3.10/dist-packages/ur_dashboard_msgs/_ur_dashboard_msgs_s.ep.rosidl_typesupport_fastrtps_c.c
[2.332s] -- Up-to-date symlink: /home/student/UR_Robot_ws/install/ur_dashboard_msgs/local/lib/python3.10/dist-packages/ur_dashboard_msgs/_ur_dashboard_msgs_s.ep.rosidl_typesupport_introspection_c.c
[2.333s] -- Up-to-date symlink: /home/student/UR_Robot_ws/install/ur_dashboard_msgs/local/lib/python3.10/dist-packages/ur_dashboard_msgs/action/__init__.py
[2.333s] -- Up-to-date symlink: /home/student/UR_Robot_ws/install/ur_dashboard_msgs/local/lib/python3.10/dist-packages/ur_dashboard_msgs/action/_set_mode.py
[2.333s] -- Up-to-date symlink: /home/student/UR_Robot_ws/install/ur_dashboard_msgs/local/lib/python3.10/dist-packages/ur_dashboard_msgs/action/_set_mode_s.c
[2.333s] -- Up-to-date symlink: /home/student/UR_Robot_ws/install/ur_dashboard_msgs/local/lib/python3.10/dist-packages/ur_dashboard_msgs/libur_dashboard_msgs__rosidl_generator_py.so
[2.333s] -- Up-to-date symlink: /home/student/UR_Robot_ws/install/ur_dashboard_msgs/local/lib/python3.10/dist-packages/ur_dashboard_msgs/msg/__init__.py
[2.334s] -- Up-to-date symlink: /home/student/UR_Robot_ws/install/ur_dashboard_msgs/local/lib/python3.10/dist-packages/ur_dashboard_msgs/msg/_program_state.py
[2.334s] -- Up-to-date symlink: /home/student/UR_Robot_ws/install/ur_dashboard_msgs/local/lib/python3.10/dist-packages/ur_dashboard_msgs/msg/_program_state_s.c
[2.334s] -- Up-to-date symlink: /home/student/UR_Robot_ws/install/ur_dashboard_msgs/local/lib/python3.10/dist-packages/ur_dashboard_msgs/msg/_robot_mode.py
[2.334s] -- Up-to-date symlink: /home/student/UR_Robot_ws/install/ur_dashboard_msgs/local/lib/python3.10/dist-packages/ur_dashboard_msgs/msg/_robot_mode_s.c
[2.334s] -- Up-to-date symlink: /home/student/UR_Robot_ws/install/ur_dashboard_msgs/local/lib/python3.10/dist-packages/ur_dashboard_msgs/msg/_safety_mode.py
[2.334s] -- Up-to-date symlink: /home/student/UR_Robot_ws/install/ur_dashboard_msgs/local/lib/python3.10/dist-packages/ur_dashboard_msgs/msg/_safety_mode_s.c
[2.335s] -- Up-to-date symlink: /home/student/UR_Robot_ws/install/ur_dashboard_msgs/local/lib/python3.10/dist-packages/ur_dashboard_msgs/srv/__init__.py
[2.335s] -- Up-to-date symlink: /home/student/UR_Robot_ws/install/ur_dashboard_msgs/local/lib/python3.10/dist-packages/ur_dashboard_msgs/srv/_add_to_log.py
[2.335s] -- Up-to-date symlink: /home/student/UR_Robot_ws/install/ur_dashboard_msgs/local/lib/python3.10/dist-packages/ur_dashboard_msgs/srv/_add_to_log_s.c
[2.335s] -- Up-to-date symlink: /home/student/UR_Robot_ws/install/ur_dashboard_msgs/local/lib/python3.10/dist-packages/ur_dashboard_msgs/srv/_get_loaded_program.py
[2.335s] -- Up-to-date symlink: /home/student/UR_Robot_ws/install/ur_dashboard_msgs/local/lib/python3.10/dist-packages/ur_dashboard_msgs/srv/_get_loaded_program_s.c
[2.336s] -- Up-to-date symlink: /home/student/UR_Robot_ws/install/ur_dashboard_msgs/local/lib/python3.10/dist-packages/ur_dashboard_msgs/srv/_get_program_state.py
[2.336s] -- Up-to-date symlink: /home/student/UR_Robot_ws/install/ur_dashboard_msgs/local/lib/python3.10/dist-packages/ur_dashboard_msgs/srv/_get_program_state_s.c
[2.336s] -- Up-to-date symlink: /home/student/UR_Robot_ws/install/ur_dashboard_msgs/local/lib/python3.10/dist-packages/ur_dashboard_msgs/srv/_get_robot_mode.py
[2.337s] -- Up-to-date symlink: /home/student/UR_Robot_ws/install/ur_dashboard_msgs/local/lib/python3.10/dist-packages/ur_dashboard_msgs/srv/_get_robot_mode_s.c
[2.337s] -- Up-to-date symlink: /home/student/UR_Robot_ws/install/ur_dashboard_msgs/local/lib/python3.10/dist-packages/ur_dashboard_msgs/srv/_get_safety_mode.py
[2.337s] -- Up-to-date symlink: /home/student/UR_Robot_ws/install/ur_dashboard_msgs/local/lib/python3.10/dist-packages/ur_dashboard_msgs/srv/_get_safety_mode_s.c
[2.337s] -- Up-to-date symlink: /home/student/UR_Robot_ws/install/ur_dashboard_msgs/local/lib/python3.10/dist-packages/ur_dashboard_msgs/srv/_is_in_remote_control.py
[2.337s] -- Up-to-date symlink: /home/student/UR_Robot_ws/install/ur_dashboard_msgs/local/lib/python3.10/dist-packages/ur_dashboard_msgs/srv/_is_in_remote_control_s.c
[2.337s] -- Up-to-date symlink: /home/student/UR_Robot_ws/install/ur_dashboard_msgs/local/lib/python3.10/dist-packages/ur_dashboard_msgs/srv/_is_program_running.py
[2.338s] -- Up-to-date symlink: /home/student/UR_Robot_ws/install/ur_dashboard_msgs/local/lib/python3.10/dist-packages/ur_dashboard_msgs/srv/_is_program_running_s.c
[2.338s] -- Up-to-date symlink: /home/student/UR_Robot_ws/install/ur_dashboard_msgs/local/lib/python3.10/dist-packages/ur_dashboard_msgs/srv/_is_program_saved.py
[2.338s] -- Up-to-date symlink: /home/student/UR_Robot_ws/install/ur_dashboard_msgs/local/lib/python3.10/dist-packages/ur_dashboard_msgs/srv/_is_program_saved_s.c
[2.338s] -- Up-to-date symlink: /home/student/UR_Robot_ws/install/ur_dashboard_msgs/local/lib/python3.10/dist-packages/ur_dashboard_msgs/srv/_load.py
[2.339s] -- Up-to-date symlink: /home/student/UR_Robot_ws/install/ur_dashboard_msgs/local/lib/python3.10/dist-packages/ur_dashboard_msgs/srv/_load_s.c
[2.339s] -- Up-to-date symlink: /home/student/UR_Robot_ws/install/ur_dashboard_msgs/local/lib/python3.10/dist-packages/ur_dashboard_msgs/srv/_popup.py
[2.339s] -- Up-to-date symlink: /home/student/UR_Robot_ws/install/ur_dashboard_msgs/local/lib/python3.10/dist-packages/ur_dashboard_msgs/srv/_popup_s.c
[2.339s] -- Up-to-date symlink: /home/student/UR_Robot_ws/install/ur_dashboard_msgs/local/lib/python3.10/dist-packages/ur_dashboard_msgs/srv/_raw_request.py
[2.339s] -- Up-to-date symlink: /home/student/UR_Robot_ws/install/ur_dashboard_msgs/local/lib/python3.10/dist-packages/ur_dashboard_msgs/srv/_raw_request_s.c
[2.340s] -- Up-to-date symlink: /home/student/UR_Robot_ws/install/ur_dashboard_msgs/local/lib/python3.10/dist-packages/ur_dashboard_msgs/ur_dashboard_msgs_s__rosidl_typesupport_c.cpython-310-x86_64-linux-gnu.so
[2.340s] -- Up-to-date symlink: /home/student/UR_Robot_ws/install/ur_dashboard_msgs/local/lib/python3.10/dist-packages/ur_dashboard_msgs/ur_dashboard_msgs_s__rosidl_typesupport_fastrtps_c.cpython-310-x86_64-linux-gnu.so
[2.340s] -- Up-to-date symlink: /home/student/UR_Robot_ws/install/ur_dashboard_msgs/local/lib/python3.10/dist-packages/ur_dashboard_msgs/ur_dashboard_msgs_s__rosidl_typesupport_introspection_c.cpython-310-x86_64-linux-gnu.so
[2.340s] -- Up-to-date symlink: /home/student/UR_Robot_ws/install/ur_dashboard_msgs/local/lib/python3.10/dist-packages/ur_dashboard_msgs/ur_dashboard_msgs_s__rosidl_typesupport_fastrtps_c.cpython-310-x86_64-linux-gnu.so
[2.341s] -- Up-to-date symlink: /home/student/UR_Robot_ws/install/ur_dashboard_msgs/local/lib/python3.10/dist-packages/ur_dashboard_msgs/ur_dashboard_msgs_s__rosidl_typesupport_introspection_c.cpython-310-x86_64-linux-gnu.so
[2.342s] -- Up-to-date symlink: /home/student/UR_Robot_ws/install/ur_dashboard_msgs/local/lib/python3.10/dist-packages/ur_dashboard_msgs/ur_dashboard_msgs_s__rosidl_typesupport_c.cpython-310-x86_64-linux-gnu.so
[2.342s] -- Up-to-date symlink: /home/student/UR_Robot_ws/install/ur_dashboard_msgs/share/ur_dashboard_msgs/msg/ProgramState.idl
[2.343s] -- Up-to-date symlink: /home/student/UR_Robot_ws/install/ur_dashboard_msgs/share/ur_dashboard_msgs/msg/RobotMode.idl
[2.343s] -- Up-to-date symlink: /home/student/UR_Robot_ws/install/ur_dashboard_msgs/share/ur_dashboard_msgs/msg/SafetyMode.idl
[2.343s] -- Up-to-date symlink: /home/student/UR_Robot_ws/install/ur_dashboard_msgs/share/ur_dashboard_msgs/srv/AddToLog.idl
[2.343s] -- Up-to-date symlink: /home/student/UR_Robot_ws/install/ur_dashboard_msgs/share/ur_dashboard_msgs/srv/GetLoadedProgram.idl
[2.343s] -- Up-to-date symlink: /home/student/UR_Robot_ws/install/ur_dashboard_msgs/share/ur_dashboard_msgs/srv/GetProgramState.idl
[2.344s] -- Up-to-date symlink: /home/student/UR_Robot_ws/install/ur_dashboard_msgs/share/ur_dashboard_msgs/srv/GetRobotMode.idl
[2.344s] -- Up-to-date symlink: /home/student/UR_Robot_ws/install/ur_dashboard_msgs/share/ur_dashboard_msgs/srv/GetSafetyMode.idl
[2.345s] -- Up-to-date symlink: /home/student/UR_Robot_ws/install/ur_dashboard_msgs/share/ur_dashboard_msgs/srv/IsProgramRunning.idl
[2.345s] -- Up-to-date symlink: /home/student/UR_Robot_ws/install/ur_dashboard_msgs/share/ur_dashboard_msgs/srv/IsProgramSaved.idl
[2.345s] -- Up-to-date symlink: /home/student/UR_Robot_ws/install/ur_dashboard_msgs/share/ur_dashboard_msgs/srv/Load.idl
[2.345s] -- Up-to-date symlink: /home/student/UR_Robot_ws/install/ur_dashboard_msgs/share/ur_dashboard_msgs/srv/Popup.idl
[2.345s] -- Up-to-date symlink: /home/student/UR_Robot_ws/install/ur_dashboard_msgs/share/ur_dashboard_msgs/srv/RawRequest.idl
[2.345s] -- Up-to-date symlink: /home/student/UR_Robot_ws/install/ur_dashboard_msgs/share/ur_dashboard_msgs/srv/IsInRemoteControl.idl
[2.346s] -- Up-to-date symlink: /home/student/UR_Robot_ws/install/ur_dashboard_msgs/share/ur_dashboard_msgs/action/SetMode.idl
[2.346s] -- Up-to-date symlink: /home/student/UR_Robot_ws/install/ur_dashboard_msgs/share/ur_dashboard_msgs/msg/ProgramState.msg
[2.346s] -- Up-to-date symlink: /home/student/UR_Robot_ws/install/ur_dashboard_msgs/share/ur_dashboard_msgs/msg/RobotMode.msg
[2.347s] -- Up-to-date symlink: /home/student/UR_Robot_ws/install/ur_dashboard_msgs/share/ur_dashboard_msgs/msg/SafetyMode.msg
[2.347s] -- Up-to-date symlink: /home/student/UR_Robot_ws/install/ur_dashboard_msgs/share/ur_dashboard_msgs/srv/AddToLog.srv
[2.347s] -- Up-to-date symlink: /home/student/UR_Robot_ws/install/ur_dashboard_msgs/share/ur_dashboard_msgs/srv/AddToLog_Request.msg
[2.348s] -- Up-to-date symlink: /home/student/UR_Robot_ws/install/ur_dashboard_msgs/share/ur_dashboard_msgs/srv/AddToLog_Response.msg
[2.348s] -- Up-to-date symlink: /home/student/UR_Robot_ws/install/ur_dashboard_msgs/share/ur_dashboard_msgs/srv/GetLoadedProgram.srv
[2.348s] -- Up-to-date symlink: /home/student/UR_Robot_ws/install/ur_dashboard_msgs/share/ur_dashboard_msgs/srv/GetLoadedProgram_Request.msg
[2.349s] -- Up-to-date symlink: /home/student/UR_Robot_ws/install/ur_dashboard_msgs/share/ur_dashboard_msgs/srv/GetLoadedProgram_Response.msg
[2.350s] -- Up-to-date symlink: /home/student/UR_Robot_ws/install/ur_dashboard_msgs/share/ur_dashboard_msgs/srv/GetProgramState.srv
[2.350s] -- Up-to-date symlink: /home/student/UR_Robot_ws/install/ur_dashboard_msgs/share/ur_dashboard_msgs/srv/GetProgramState_Request.msg
[2.350s] -- Up-to-date symlink: /home/student/UR_Robot_ws/install/ur_dashboard_msgs/share/ur_dashboard_msgs/srv/GetProgramState_Response.msg
[2.350s] -- Up-to-date symlink: /home/student/UR_Robot_ws/install/ur_dashboard_msgs/share/ur_dashboard_msgs/srv/GetRobotMode.srv
[2.351s] -- Up-to-date symlink: /home/student/UR_Robot_ws/install/ur_dashboard_msgs/share/ur_dashboard_msgs/srv/GetRobotMode_Request.msg
[2.352s] -- Up-to-date symlink: /home/student/UR_Robot_ws/install/ur_dashboard_msgs/share/ur_dashboard_msgs/srv/GetRobotMode_Response.msg
[2.352s] -- Up-to-date symlink: /home/student/UR_Robot_ws/install/ur_dashboard_msgs/share/ur_dashboard_msgs/srv/GetSafetyMode.srv
[2.352s] -- Up-to-date symlink: /home/student/UR_Robot_ws/install/ur_dashboard_msgs/share/ur_dashboard_msgs/srv/GetSafetyMode_Request.msg
[2.352s] -- Up-to-date symlink: /home/student/UR_Robot_ws/install/ur_dashboard_msgs/share/ur_dashboard_msgs/srv/GetSafetyMode_Response.msg
[2.353s] -- Up-to-date symlink: /home/student/UR_Robot_ws/install/ur_dashboard_msgs/share/ur_dashboard_msgs/srv/IsProgramRunning.srv
[2.353s] -- Up-to-date symlink: /home/student/UR_Robot_ws/install/ur_dashboard_msgs/share/ur_dashboard_msgs/srv/IsProgramRunning_Request.msg
[2.353s] -- Up-to-date symlink: /home/student/UR_Robot_ws/install/ur_dashboard_msgs/share/ur_dashboard_msgs/srv/IsProgramRunning_Response.msg
[2.353s] -- Up-to-date symlink: /home/student/UR_Robot_ws/install/ur_dashboard_msgs/share/ur_dashboard_msgs/srv/IsProgramSaved.srv
[2.353s] -- Up-to-date symlink: /home/student/UR_Robot_ws/install/ur_dashboard_msgs/share/ur_dashboard_msgs/srv/IsProgramSaved_Request.msg
[2.354s] -- Up-to-date symlink: /home/student/UR_Robot_ws/install/ur_dashboard_msgs/share/ur_dashboard_msgs/srv/IsProgramSaved_Response.msg
[2.354s] -- Up-to-date symlink: /home/student/UR_Robot_ws/install/ur_dashboard_msgs/share/ur_dashboard_msgs/srv/Load.srv
[2.354s] -- Up-to-date symlink: /home/student/UR_Robot_ws/install/ur_dashboard_msgs/share/ur_dashboard_msgs/srv/Load_Request.msg
[2.354s] -- Up-to-date symlink: /home/student/UR_Robot_ws/install/ur_dashboard_msgs/share/ur_dashboard_msgs/srv/Load_Response.msg
[2.355s] -- Up-to-date symlink: /home/student/UR_Robot_ws/install/ur_dashboard_msgs/share/ur_dashboard_msgs/srv/Popup.srv
[2.355s] -- Up-to-date symlink: /home/student/UR_Robot_ws/install/ur_dashboard_msgs/share/ur_dashboard_msgs/srv/Popup_Request.msg
[2.355s] -- Up-to-date symlink: /home/student/UR_Robot_ws/install/ur_dashboard_msgs/share/ur_dashboard_msgs/srv/Popup_Response.msg
[2.355s] -- Up-to-date symlink: /home/student/UR_Robot_ws/install/ur_dashboard_msgs/share/ur_dashboard_msgs/srv/RawRequest.srv
[2.356s] -- Up-to-date symlink: /home/student/UR_Robot_ws/install/ur_dashboard_msgs/share/ur_dashboard_msgs/srv/RawRequest_Request.msg
[2.357s] -- Up-to-date symlink: /home/student/UR_Robot_ws/install/ur_dashboard_msgs/share/ur_dashboard_msgs/srv/RawRequest_Response.msg
[2.357s] -- Up-to-date symlink: /home/student/UR_Robot_ws/install/ur_dashboard_msgs/share/ur_dashboard_msgs/srv/IsInRemoteControl.srv
[2.357s] -- Up-to-date symlink: /home/student/UR_Robot_ws/install/ur_dashboard_msgs/share/ur_dashboard_msgs/srv/IsInRemoteControl_Request.msg
[2.357s] -- Up-to-date symlink: /home/student/UR_Robot_ws/install/ur_dashboard_msgs/share/ur_dashboard_msgs/srv/IsInRemoteControl_Response.msg
[2.358s] -- Up-to-date symlink: /home/student/UR_Robot_ws/install/ur_dashboard_msgs/share/ur_dashboard_msgs/action/SetMode.action
[2.358s] -- Up-to-date symlink: /home/student/UR_Robot_ws/install/ur_dashboard_msgs/share/ament_index/resource_index/package_run_dependencies/ur_dashboard_msgs
[2.358s] -- Up-to-date symlink: /home/student/UR_Robot_ws/install/ur_dashboard_msgs/share/ament_index/resource_index/parent_prefix_path/ur_dashboard_msgs
[2.359s] -- Up-to-date symlink: /home/student/UR_Robot_ws/install/ur_dashboard_msgs/share/ur_dashboard_msgs/environment/ament_prefix_path.sh
[2.359s] -- Up-to-date symlink: /home/student/UR_Robot_ws/install/ur_dashboard_msgs/share/ur_dashboard_msgs/environment/ament_prefix_path.dsv
[2.359s] -- Up-to-date symlink: /home/student/UR_Robot_ws/install/ur_dashboard_msgs/share/ur_dashboard_msgs/environment/path.sh
[2.359s] -- Up-to-date symlink: /home/student/UR_Robot_ws/install/ur_dashboard_msgs/share/ur_dashboard_msgs/environment/path.dsv
[2.360s] -- Up-to-date symlink: /home/student/UR_Robot_ws/install/ur_dashboard_msgs/share/ur_dashboard_msgs/local_setup.bash
[2.360s] -- Up-to-date symlink: /home/student/UR_Robot_ws/install/ur_dashboard_msgs/share/ur_dashboard_msgs/local_setup.sh
[2.364s] -- Up-to-date symlink: /home/student/UR_Robot_ws/install/ur_dashboard_msgs/share/ur_dashboard_msgs/local_setup.zsh
[2.364s] -- Up-to-date symlink: /home/student/UR_Robot_ws/install/ur_dashboard_msgs/share/ur_dashboard_msgs/local_setup.dsv
[2.364s] -- Symlinking: /home/student/UR_Robot_ws/install/ur_dashboard_msgs/share/ur_dashboard_msgs/package.dsv
[2.373s] -- Up-to-date symlink: /home/student/UR_Robot_ws/install/ur_dashboard_msgs/share/ament_index/resource_index/packages/ur_dashboard_msgs
[2.373s] -- Up-to-date symlink: /home/student/UR_Robot_ws/install/ur_dashboard_msgs/share/ur_dashboard_msgs/cmake/rosidl_cmake-extras.cmake
[2.374s] -- Up-to-date symlink: /home/student/UR_Robot_ws/install/ur_dashboard_msgs/share/ur_dashboard_msgs/cmake/ament_cmake_export_dependencies-extras.cmake
[2.374s] -- Up-to-date symlink: /home/student/UR_Robot_ws/install/ur_dashboard_msgs/share/ur_dashboard_msgs/cmake/ament_cmake_export_include_directories-extras.cmake
[2.375s] -- Up-to-date symlink: /home/student/UR_Robot_ws/install/ur_dashboard_msgs/share/ur_dashboard_msgs/cmake/ament_cmake_export_libraries-extras.cmake
[2.375s] -- Up-to-date symlink: /home/student/UR_Robot_ws/install/ur_dashboard_msgs/share/ur_dashboard_msgs/cmake/ament_cmake_export_targets-extras.cmake
[2.375s] -- Up-to-date symlink: /home/student/UR_Robot_ws/install/ur_dashboard_msgs/share/ur_dashboard_msgs/cmake/rosidl_cmake_export_typesupport_targets-extras.cmake
[2.376s] -- Up-to-date symlink: /home/student/UR_Robot_ws/install/ur_dashboard_msgs/share/ur_dashboard_msgs/cmake/rosidl_cmake_export_typesupport_libraries-extras.cmake
[2.376s] -- Up-to-date symlink: /home/student/UR_Robot_ws/install/ur_dashboard_msgs/share/ur_dashboard_msgs/cmake/ur_dashboard_msgsConfig.cmake
[2.376s] -- Up-to-date symlink: /home/student/UR_Robot_ws/install/ur_dashboard_msgs/share/ur_dashboard_msgs/cmake/ur_dashboard_msgsConfig-version.cmake
[2.376s] -- Up-to-date symlink: /home/student/UR_Robot_ws/install/ur_dashboard_msgs/share/ur_dashboard_msgs/package.xml
[2.377s] -- Up-to-date: /home/student/UR_Robot_ws/install/ur_dashboard_msgs/lib/libur_dashboard_msgs__rosidl_generator_c.so
[2.378s] -- Up-to-date: /home/student/UR_Robot_ws/install/ur_dashboard_msgs/lib/libur_dashboard_msgs__rosidl_typesupport_fastrtps_c.so
[2.379s] -- Up-to-date: /home/student/UR_Robot_ws/install/ur_dashboard_msgs/lib/libur_dashboard_msgs__rosidl_typesupport_introspection_c.so
[2.380s] -- Up-to-date: /home/student/UR_Robot_ws/install/ur_dashboard_msgs/lib/libur_dashboard_msgs__rosidl_typesupport_c.so
[2.381s] -- Up-to-date: /home/student/UR_Robot_ws/install/ur_dashboard_msgs/lib/libur_dashboard_msgs__rosidl_typesupport_fastrtps_cpp.so
[2.381s] -- Up-to-date: /home/student/UR_Robot_ws/install/ur_dashboard_msgs/lib/libur_dashboard_msgs__rosidl_typesupport_introspection_cpp.so
[2.382s] -- Up-to-date: /home/student/UR_Robot_ws/install/ur_dashboard_msgs/lib/libur_dashboard_msgs__rosidl_typesupport_cpp.so
[2.419s] Listing '/home/student/UR_Robot_ws/install/ur_dashboard_msgs/local/lib/python3.10/dist-packages/ur_dashboard_msgs'...
[2.419s] Compiling '/home/student/UR_Robot_ws/install/ur_dashboard_msgs/local/lib/python3.10/dist-packages/ur_dashboard_msgs/__init__.py'...
[2.419s] Listing '/home/student/UR_Robot_ws/install/ur_dashboard_msgs/local/lib/python3.10/dist-packages/ur_dashboard_msgs/action'...
[2.420s] Listing '/home/student/UR_Robot_ws/install/ur_dashboard_msgs/local/lib/python3.10/dist-packages/ur_dashboard_msgs/msg'...
[2.420s] Listing '/home/student/UR_Robot_ws/install/ur_dashboard_msgs/local/lib/python3.10/dist-packages/ur_dashboard_msgs/srv'...
[2.427s] -- Up-to-date: /home/student/UR_Robot_ws/install/ur_dashboard_msgs/lib/libur_dashboard_msgs__rosidl_generator_py.so
[2.427s] -- Up-to-date: /home/student/UR_Robot_ws/install/ur_dashboard_msgs/share/ur_dashboard_msgs/cmake/export_ur_dashboard_msgs__rosidl_generator_cExport.cmake
[2.427s] -- Up-to-date: /home/student/UR_Robot_ws/install/ur_dashboard_msgs/share/ur_dashboard_msgs/cmake/export_ur_dashboard_msgs__rosidl_generator_cExport-noconfig.cmake
[2.427s] -- Up-to-date: /home/student/UR_Robot_ws/install/ur_dashboard_msgs/share/ur_dashboard_msgs/cmake/export_ur_dashboard_msgs__rosidl_typesupport_fastrtps_cExport.cmake
[2.427s] -- Up-to-date: /home/student/UR_Robot_ws/install/ur_dashboard_msgs/share/ur_dashboard_msgs/cmake/export_ur_dashboard_msgs__rosidl_typesupport_fastrtps_cExport-noconfig.cmake
[2.427s] -- Up-to-date: /home/student/UR_Robot_ws/install/ur_dashboard_msgs/share/ur_dashboard_msgs/cmake/ur_dashboard_msgs__rosidl_typesupport_introspection_cExport.cmake
[2.428s] -- Up-to-date: /home/student/UR_Robot_ws/install/ur_dashboard_msgs/share/ur_dashboard_msgs/cmake/ur_dashboard_msgs__rosidl_typesupport_introspection_cExport-noconfig.cmake
[2.428s] -- Up-to-date: /home/student/UR_Robot_ws/install/ur_dashboard_msgs/share/ur_dashboard_msgs/cmake/ur_dashboard_msgs__rosidl_typesupport_cExport.cmake
[2.428s] -- Up-to-date: /home/student/UR_Robot_ws/install/ur_dashboard_msgs/share/ur_dashboard_msgs/cmake/ur_dashboard_msgs__rosidl_typesupport_cExport-noconfig.cmake
[2.428s] -- Up-to-date: /home/student/UR_Robot_ws/install/ur_dashboard_msgs/share/ur_dashboard_msgs/cmake/export_ur_dashboard_msgs__rosidl_generator_cppExport.cmake
[2.428s] -- Up-to-date: /home/student/UR_Robot_ws/install/ur_dashboard_msgs/share/ur_dashboard_msgs/cmake/export_ur_dashboard_msgs__rosidl_typesupport_fastrtps_cppExport.cmake
[2.428s] -- Up-to-date: /home/student/UR_Robot_ws/install/ur_dashboard_msgs/share/ur_dashboard_msgs/cmake/export_ur_dashboard_msgs__rosidl_typesupport_fastrtps_cppExport-noconfig.cmake
[2.428s] -- Up-to-date: /home/student/UR_Robot_ws/install/ur_dashboard_msgs/share/ur_dashboard_msgs/cmake/ur_dashboard_msgs__rosidl_typesupport_introspection_cppExport.cmake
[2.428s] -- Up-to-date: /home/student/UR_Robot_ws/install/ur_dashboard_msgs/share/ur_dashboard_msgs/cmake/ur_dashboard_msgs__rosidl_typesupport_introspection_cppExport-noconfig.cmake
[2.429s] -- Up-to-date: /home/student/UR_Robot_ws/install/ur_dashboard_msgs/share/ur_dashboard_msgs/cmake/ur_dashboard_msgs__rosidl_typesupport_cppExport.cmake
[2.429s] -- Up-to-date: /home/student/UR_Robot_ws/install/ur_dashboard_msgs/share/ur_dashboard_msgs/cmake/ur_dashboard_msgs__rosidl_typesupport_cppExport-noconfig.cmake
[2.429s] -- Up-to-date: /home/student/UR_Robot_ws/install/ur_dashboard_msgs/share/ur_dashboard_msgs/cmake/export_ur_dashboard_msgs__rosidl_generator_pyExport.cmake
[2.429s] -- Up-to-date: /home/student/UR_Robot_ws/install/ur_dashboard_msgs/share/ur_dashboard_msgs/cmake/export_ur_dashboard_msgs__rosidl_generator_pyExport-noconfig.cmake
[2.432s] Invoked command in '/home/student/UR_Robot_ws/build/ur_dashboard_msgs' returned '0': CMAKE_PREFIX_PATH=${CMAKE_PREFIX_PATH}:/home/student/ws_moveit2/install/moveit_configs_utils:/home/student/ws_moveit2/install/launch_param_builder:/opt/ros/humble /usr/bin/cmake --install /home/student/UR_Robot_ws/build/ur_dashboard_msgs
