[0.046s] Invoking command in '/home/student/ros2_ws/build/ros2_control_cmake': CMAKE_PREFIX_PATH=${CMAKE_PREFIX_PATH}:/home/student/ros2_ws/install/rqt_joint_trajectory_controller:/home/student/ros2_ws/install/ros2_controllers_test_nodes:/home/student/ros2_ws/install/opcua_ros_client:/home/student/ros2_ws/install/my_py_pkg:/home/student/ros2_ws/install/my_bot_description:/home/student/ros2_ws/install/modbus_interface:/home/student/ros2_ws/src/install/rqt_joint_trajectory_controller:/home/student/ros2_ws/src/install/ros2_controllers_test_nodes:/home/student/ros2_ws/src/install/opcua_ros_client:/home/student/ros2_ws/src/install/my_py_pkg:/home/student/ros2_ws/src/install/my_bot_description:/home/student/ros2_ws/src/install/modbus_interface:/opt/ros/humble /usr/bin/cmake /home/student/ros2_ws/src/ros2_control_cmake/ros2_control_cmake -DCMAKE_INSTALL_PREFIX=/home/student/ros2_ws/install/ros2_control_cmake
[1.183s] -- The C compiler identification is GNU 11.4.0
[1.183s] -- The CXX compiler identification is GNU 11.4.0
[1.184s] -- Detecting C compiler ABI info
[1.184s] -- Detecting C compiler ABI info - done
[1.184s] -- Check for working C compiler: /usr/bin/cc - skipped
[1.184s] -- Detecting C compile features
[1.184s] -- Detecting C compile features - done
[1.184s] -- Detecting CXX compiler ABI info
[1.184s] -- Detecting CXX compiler ABI info - done
[1.184s] -- Check for working CXX compiler: /usr/bin/c++ - skipped
[1.185s] -- Detecting CXX compile features
[1.185s] -- Detecting CXX compile features - done
[1.185s] -- Found ament_cmake: 1.3.12 (/opt/ros/humble/share/ament_cmake/cmake)
[1.185s] -- Found Python3: /usr/bin/python3 (found version "3.10.12") found components: Interpreter 
[1.185s] -- Found ament_lint_auto: 0.12.14 (/opt/ros/humble/share/ament_lint_auto/cmake)
[1.185s] -- Added test 'copyright' to check source files copyright and LICENSE
[1.185s] -- Added test 'lint_cmake' to check CMake code style
[1.186s] -- Added test 'xmllint' to check XML markup files
[1.186s] -- Configuring done
[1.186s] -- Generating done
[1.186s] -- Build files have been written to: /home/student/ros2_ws/build/ros2_control_cmake
[1.193s] Invoked command in '/home/student/ros2_ws/build/ros2_control_cmake' returned '0': CMAKE_PREFIX_PATH=${CMAKE_PREFIX_PATH}:/home/student/ros2_ws/install/rqt_joint_trajectory_controller:/home/student/ros2_ws/install/ros2_controllers_test_nodes:/home/student/ros2_ws/install/opcua_ros_client:/home/student/ros2_ws/install/my_py_pkg:/home/student/ros2_ws/install/my_bot_description:/home/student/ros2_ws/install/modbus_interface:/home/student/ros2_ws/src/install/rqt_joint_trajectory_controller:/home/student/ros2_ws/src/install/ros2_controllers_test_nodes:/home/student/ros2_ws/src/install/opcua_ros_client:/home/student/ros2_ws/src/install/my_py_pkg:/home/student/ros2_ws/src/install/my_bot_description:/home/student/ros2_ws/src/install/modbus_interface:/opt/ros/humble /usr/bin/cmake /home/student/ros2_ws/src/ros2_control_cmake/ros2_control_cmake -DCMAKE_INSTALL_PREFIX=/home/student/ros2_ws/install/ros2_control_cmake
[1.193s] Invoking command in '/home/student/ros2_ws/build/ros2_control_cmake': CMAKE_PREFIX_PATH=${CMAKE_PREFIX_PATH}:/home/student/ros2_ws/install/rqt_joint_trajectory_controller:/home/student/ros2_ws/install/ros2_controllers_test_nodes:/home/student/ros2_ws/install/opcua_ros_client:/home/student/ros2_ws/install/my_py_pkg:/home/student/ros2_ws/install/my_bot_description:/home/student/ros2_ws/install/modbus_interface:/home/student/ros2_ws/src/install/rqt_joint_trajectory_controller:/home/student/ros2_ws/src/install/ros2_controllers_test_nodes:/home/student/ros2_ws/src/install/opcua_ros_client:/home/student/ros2_ws/src/install/my_py_pkg:/home/student/ros2_ws/src/install/my_bot_description:/home/student/ros2_ws/src/install/modbus_interface:/opt/ros/humble /usr/bin/cmake --build /home/student/ros2_ws/build/ros2_control_cmake -- -j8 -l8
[1.485s] Invoked command in '/home/student/ros2_ws/build/ros2_control_cmake' returned '0': CMAKE_PREFIX_PATH=${CMAKE_PREFIX_PATH}:/home/student/ros2_ws/install/rqt_joint_trajectory_controller:/home/student/ros2_ws/install/ros2_controllers_test_nodes:/home/student/ros2_ws/install/opcua_ros_client:/home/student/ros2_ws/install/my_py_pkg:/home/student/ros2_ws/install/my_bot_description:/home/student/ros2_ws/install/modbus_interface:/home/student/ros2_ws/src/install/rqt_joint_trajectory_controller:/home/student/ros2_ws/src/install/ros2_controllers_test_nodes:/home/student/ros2_ws/src/install/opcua_ros_client:/home/student/ros2_ws/src/install/my_py_pkg:/home/student/ros2_ws/src/install/my_bot_description:/home/student/ros2_ws/src/install/modbus_interface:/opt/ros/humble /usr/bin/cmake --build /home/student/ros2_ws/build/ros2_control_cmake -- -j8 -l8
[1.511s] Invoking command in '/home/student/ros2_ws/build/ros2_control_cmake': CMAKE_PREFIX_PATH=${CMAKE_PREFIX_PATH}:/home/student/ros2_ws/install/rqt_joint_trajectory_controller:/home/student/ros2_ws/install/ros2_controllers_test_nodes:/home/student/ros2_ws/install/opcua_ros_client:/home/student/ros2_ws/install/my_py_pkg:/home/student/ros2_ws/install/my_bot_description:/home/student/ros2_ws/install/modbus_interface:/home/student/ros2_ws/src/install/rqt_joint_trajectory_controller:/home/student/ros2_ws/src/install/ros2_controllers_test_nodes:/home/student/ros2_ws/src/install/opcua_ros_client:/home/student/ros2_ws/src/install/my_py_pkg:/home/student/ros2_ws/src/install/my_bot_description:/home/student/ros2_ws/src/install/modbus_interface:/opt/ros/humble /usr/bin/cmake --install /home/student/ros2_ws/build/ros2_control_cmake
[1.534s] -- Install configuration: ""
[1.534s] -- Installing: /home/student/ros2_ws/install/ros2_control_cmake/share/ros2_control_cmake/cmake
[1.534s] -- Installing: /home/student/ros2_ws/install/ros2_control_cmake/share/ros2_control_cmake/cmake/ros2_control.cmake
[1.535s] -- Installing: /home/student/ros2_ws/install/ros2_control_cmake/share/ament_index/resource_index/package_run_dependencies/ros2_control_cmake
[1.535s] -- Installing: /home/student/ros2_ws/install/ros2_control_cmake/share/ament_index/resource_index/parent_prefix_path/ros2_control_cmake
[1.535s] -- Installing: /home/student/ros2_ws/install/ros2_control_cmake/share/ros2_control_cmake/environment/ament_prefix_path.sh
[1.535s] -- Installing: /home/student/ros2_ws/install/ros2_control_cmake/share/ros2_control_cmake/environment/ament_prefix_path.dsv
[1.535s] -- Installing: /home/student/ros2_ws/install/ros2_control_cmake/share/ros2_control_cmake/environment/path.sh
[1.536s] -- Installing: /home/student/ros2_ws/install/ros2_control_cmake/share/ros2_control_cmake/environment/path.dsv
[1.536s] -- Installing: /home/student/ros2_ws/install/ros2_control_cmake/share/ros2_control_cmake/local_setup.bash
[1.537s] -- Installing: /home/student/ros2_ws/install/ros2_control_cmake/share/ros2_control_cmake/local_setup.sh
[1.537s] -- Installing: /home/student/ros2_ws/install/ros2_control_cmake/share/ros2_control_cmake/local_setup.zsh
[1.537s] -- Installing: /home/student/ros2_ws/install/ros2_control_cmake/share/ros2_control_cmake/local_setup.dsv
[1.540s] -- Installing: /home/student/ros2_ws/install/ros2_control_cmake/share/ros2_control_cmake/package.dsv
[1.541s] -- Installing: /home/student/ros2_ws/install/ros2_control_cmake/share/ament_index/resource_index/packages/ros2_control_cmake
[1.541s] -- Installing: /home/student/ros2_ws/install/ros2_control_cmake/share/ros2_control_cmake/cmake/ros2_control_cmake-extras.cmake
[1.541s] -- Installing: /home/student/ros2_ws/install/ros2_control_cmake/share/ros2_control_cmake/cmake/ros2_control_cmakeConfig.cmake
[1.541s] -- Installing: /home/student/ros2_ws/install/ros2_control_cmake/share/ros2_control_cmake/cmake/ros2_control_cmakeConfig-version.cmake
[1.541s] -- Installing: /home/student/ros2_ws/install/ros2_control_cmake/share/ros2_control_cmake/package.xml
[1.549s] Invoked command in '/home/student/ros2_ws/build/ros2_control_cmake' returned '0': CMAKE_PREFIX_PATH=${CMAKE_PREFIX_PATH}:/home/student/ros2_ws/install/rqt_joint_trajectory_controller:/home/student/ros2_ws/install/ros2_controllers_test_nodes:/home/student/ros2_ws/install/opcua_ros_client:/home/student/ros2_ws/install/my_py_pkg:/home/student/ros2_ws/install/my_bot_description:/home/student/ros2_ws/install/modbus_interface:/home/student/ros2_ws/src/install/rqt_joint_trajectory_controller:/home/student/ros2_ws/src/install/ros2_controllers_test_nodes:/home/student/ros2_ws/src/install/opcua_ros_client:/home/student/ros2_ws/src/install/my_py_pkg:/home/student/ros2_ws/src/install/my_bot_description:/home/student/ros2_ws/src/install/modbus_interface:/opt/ros/humble /usr/bin/cmake --install /home/student/ros2_ws/build/ros2_control_cmake
