[0.038s] Invoking command in '/home/student/ros2_ws/build/controller_interface': CMAKE_PREFIX_PATH=/home/student/ros2_ws/install/hardware_interface:/home/student/ros2_ws/install/ros2_control_test_assets:/home/student/ros2_ws/install/ur_description:/home/student/ros2_ws/install/transmission_interface:/home/student/ros2_ws/install/hardware_interface_testing:/home/student/ros2_ws/install/controller_manager:/home/student/ros2_ws/install/ros2_control_cmake:/home/student/ros2_ws/install/joint_limits:/home/student/ros2_ws/install/controller_interface:/home/student/ros2_ws/install/controller_manager_msgs:/home/student/ros2_ws/src/install/ur_description:/home/student/ros2_ws/src/install/transmission_interface:/home/student/ros2_ws/src/install/hardware_interface_testing:/home/student/ros2_ws/src/install/controller_manager:/home/student/ros2_ws/src/install/ros2_control_test_assets:/home/student/ros2_ws/src/install/ros2_control_cmake:/home/student/ros2_ws/src/install/joint_limits:/home/student/ros2_ws/src/install/irb4400_description:/home/student/ros2_ws/src/install/controller_interface:/home/student/ros2_ws/src/install/hardware_interface:/home/student/ros2_ws/src/install/controller_manager_msgs:/home/student/ros2_ws/install/rqt_joint_trajectory_controller:/home/student/ros2_ws/install/ros2_controllers_test_nodes:/home/student/ros2_ws/install/opcua_ros_client:/home/student/ros2_ws/install/my_py_pkg:/home/student/ros2_ws/install/my_bot_description:/home/student/ros2_ws/install/modbus_interface:/home/student/ros2_ws/src/install/rqt_joint_trajectory_controller:/home/student/ros2_ws/src/install/ros2_controllers_test_nodes:/home/student/ros2_ws/src/install/opcua_ros_client:/home/student/ros2_ws/src/install/my_py_pkg:/home/student/ros2_ws/src/install/my_bot_description:/home/student/ros2_ws/src/install/modbus_interface:/opt/ros/humble LD_LIBRARY_PATH=/home/student/ros2_ws/install/hardware_interface/lib:/home/student/ros2_ws/install/transmission_interface/lib:/home/student/ros2_ws/install/hardware_interface_testing/lib:/home/student/ros2_ws/install/controller_manager/lib:/home/student/ros2_ws/install/joint_limits/lib:/home/student/ros2_ws/install/controller_interface/lib:/home/student/ros2_ws/install/controller_manager_msgs/lib:/home/student/ros2_ws/src/install/transmission_interface/lib:/home/student/ros2_ws/src/install/hardware_interface_testing/lib:/home/student/ros2_ws/src/install/controller_manager/lib:/home/student/ros2_ws/src/install/joint_limits/lib:/home/student/ros2_ws/src/install/controller_interface/lib:/home/student/ros2_ws/src/install/hardware_interface/lib:/home/student/ros2_ws/src/install/controller_manager_msgs/lib:/usr/lib/x86_64-linux-gnu/gazebo-11/plugins:/opt/ros/humble/opt/rviz_ogre_vendor/lib:/opt/ros/humble/lib/x86_64-linux-gnu:/opt/ros/humble/lib /usr/bin/cmake --build /home/student/ros2_ws/build/controller_interface -- -j8 -l8
[0.126s] [35m[1mConsolidate compiler generated dependencies of target gmock[0m
[0.143s] [35m[1mConsolidate compiler generated dependencies of target gmock_main[0m
[0.173s] [ 12%] Built target gmock
[0.175s] [ 16%] Built target ament_generate_version_header__controller_interface
[0.190s] [ 25%] Built target gmock_main
[0.227s] [35m[1mConsolidate compiler generated dependencies of target controller_interface[0m
[0.227s] [35m[1mConsolidate compiler generated dependencies of target test_force_torque_sensor[0m
[0.227s] [35m[1mConsolidate compiler generated dependencies of target test_semantic_component_interface[0m
[0.231s] [35m[1mConsolidate compiler generated dependencies of target test_imu_sensor[0m
[0.239s] [35m[1mConsolidate compiler generated dependencies of target test_pose_sensor[0m
[0.270s] [ 33%] Built target test_force_torque_sensor
[0.282s] [ 41%] Built target test_imu_sensor
[0.285s] [ 50%] Built target test_semantic_component_interface
[0.289s] [ 66%] Built target controller_interface
[0.293s] [ 75%] Built target test_pose_sensor
[0.316s] [35m[1mConsolidate compiler generated dependencies of target test_controller_with_options[0m
[0.328s] [35m[1mConsolidate compiler generated dependencies of target test_controller_interface[0m
[0.331s] [35m[1mConsolidate compiler generated dependencies of target test_chainable_controller_interface[0m
[0.342s] [ 83%] Built target test_controller_with_options
[0.377s] [ 91%] Built target test_chainable_controller_interface
[0.383s] [100%] Built target test_controller_interface
[0.412s] Invoked command in '/home/student/ros2_ws/build/controller_interface' returned '0': CMAKE_PREFIX_PATH=/home/student/ros2_ws/install/hardware_interface:/home/student/ros2_ws/install/ros2_control_test_assets:/home/student/ros2_ws/install/ur_description:/home/student/ros2_ws/install/transmission_interface:/home/student/ros2_ws/install/hardware_interface_testing:/home/student/ros2_ws/install/controller_manager:/home/student/ros2_ws/install/ros2_control_cmake:/home/student/ros2_ws/install/joint_limits:/home/student/ros2_ws/install/controller_interface:/home/student/ros2_ws/install/controller_manager_msgs:/home/student/ros2_ws/src/install/ur_description:/home/student/ros2_ws/src/install/transmission_interface:/home/student/ros2_ws/src/install/hardware_interface_testing:/home/student/ros2_ws/src/install/controller_manager:/home/student/ros2_ws/src/install/ros2_control_test_assets:/home/student/ros2_ws/src/install/ros2_control_cmake:/home/student/ros2_ws/src/install/joint_limits:/home/student/ros2_ws/src/install/irb4400_description:/home/student/ros2_ws/src/install/controller_interface:/home/student/ros2_ws/src/install/hardware_interface:/home/student/ros2_ws/src/install/controller_manager_msgs:/home/student/ros2_ws/install/rqt_joint_trajectory_controller:/home/student/ros2_ws/install/ros2_controllers_test_nodes:/home/student/ros2_ws/install/opcua_ros_client:/home/student/ros2_ws/install/my_py_pkg:/home/student/ros2_ws/install/my_bot_description:/home/student/ros2_ws/install/modbus_interface:/home/student/ros2_ws/src/install/rqt_joint_trajectory_controller:/home/student/ros2_ws/src/install/ros2_controllers_test_nodes:/home/student/ros2_ws/src/install/opcua_ros_client:/home/student/ros2_ws/src/install/my_py_pkg:/home/student/ros2_ws/src/install/my_bot_description:/home/student/ros2_ws/src/install/modbus_interface:/opt/ros/humble LD_LIBRARY_PATH=/home/student/ros2_ws/install/hardware_interface/lib:/home/student/ros2_ws/install/transmission_interface/lib:/home/student/ros2_ws/install/hardware_interface_testing/lib:/home/student/ros2_ws/install/controller_manager/lib:/home/student/ros2_ws/install/joint_limits/lib:/home/student/ros2_ws/install/controller_interface/lib:/home/student/ros2_ws/install/controller_manager_msgs/lib:/home/student/ros2_ws/src/install/transmission_interface/lib:/home/student/ros2_ws/src/install/hardware_interface_testing/lib:/home/student/ros2_ws/src/install/controller_manager/lib:/home/student/ros2_ws/src/install/joint_limits/lib:/home/student/ros2_ws/src/install/controller_interface/lib:/home/student/ros2_ws/src/install/hardware_interface/lib:/home/student/ros2_ws/src/install/controller_manager_msgs/lib:/usr/lib/x86_64-linux-gnu/gazebo-11/plugins:/opt/ros/humble/opt/rviz_ogre_vendor/lib:/opt/ros/humble/lib/x86_64-linux-gnu:/opt/ros/humble/lib /usr/bin/cmake --build /home/student/ros2_ws/build/controller_interface -- -j8 -l8
[0.417s] Invoking command in '/home/student/ros2_ws/build/controller_interface': CMAKE_PREFIX_PATH=/home/student/ros2_ws/install/hardware_interface:/home/student/ros2_ws/install/ros2_control_test_assets:/home/student/ros2_ws/install/ur_description:/home/student/ros2_ws/install/transmission_interface:/home/student/ros2_ws/install/hardware_interface_testing:/home/student/ros2_ws/install/controller_manager:/home/student/ros2_ws/install/ros2_control_cmake:/home/student/ros2_ws/install/joint_limits:/home/student/ros2_ws/install/controller_interface:/home/student/ros2_ws/install/controller_manager_msgs:/home/student/ros2_ws/src/install/ur_description:/home/student/ros2_ws/src/install/transmission_interface:/home/student/ros2_ws/src/install/hardware_interface_testing:/home/student/ros2_ws/src/install/controller_manager:/home/student/ros2_ws/src/install/ros2_control_test_assets:/home/student/ros2_ws/src/install/ros2_control_cmake:/home/student/ros2_ws/src/install/joint_limits:/home/student/ros2_ws/src/install/irb4400_description:/home/student/ros2_ws/src/install/controller_interface:/home/student/ros2_ws/src/install/hardware_interface:/home/student/ros2_ws/src/install/controller_manager_msgs:/home/student/ros2_ws/install/rqt_joint_trajectory_controller:/home/student/ros2_ws/install/ros2_controllers_test_nodes:/home/student/ros2_ws/install/opcua_ros_client:/home/student/ros2_ws/install/my_py_pkg:/home/student/ros2_ws/install/my_bot_description:/home/student/ros2_ws/install/modbus_interface:/home/student/ros2_ws/src/install/rqt_joint_trajectory_controller:/home/student/ros2_ws/src/install/ros2_controllers_test_nodes:/home/student/ros2_ws/src/install/opcua_ros_client:/home/student/ros2_ws/src/install/my_py_pkg:/home/student/ros2_ws/src/install/my_bot_description:/home/student/ros2_ws/src/install/modbus_interface:/opt/ros/humble LD_LIBRARY_PATH=/home/student/ros2_ws/install/hardware_interface/lib:/home/student/ros2_ws/install/transmission_interface/lib:/home/student/ros2_ws/install/hardware_interface_testing/lib:/home/student/ros2_ws/install/controller_manager/lib:/home/student/ros2_ws/install/joint_limits/lib:/home/student/ros2_ws/install/controller_interface/lib:/home/student/ros2_ws/install/controller_manager_msgs/lib:/home/student/ros2_ws/src/install/transmission_interface/lib:/home/student/ros2_ws/src/install/hardware_interface_testing/lib:/home/student/ros2_ws/src/install/controller_manager/lib:/home/student/ros2_ws/src/install/joint_limits/lib:/home/student/ros2_ws/src/install/controller_interface/lib:/home/student/ros2_ws/src/install/hardware_interface/lib:/home/student/ros2_ws/src/install/controller_manager_msgs/lib:/usr/lib/x86_64-linux-gnu/gazebo-11/plugins:/opt/ros/humble/opt/rviz_ogre_vendor/lib:/opt/ros/humble/lib/x86_64-linux-gnu:/opt/ros/humble/lib /usr/bin/cmake --install /home/student/ros2_ws/build/controller_interface
[0.432s] -- Install configuration: ""
[0.432s] -- Up-to-date: /home/student/ros2_ws/install/controller_interface/include
[0.432s] -- Up-to-date: /home/student/ros2_ws/install/controller_interface/include/semantic_components
[0.432s] -- Up-to-date: /home/student/ros2_ws/install/controller_interface/include/semantic_components/force_torque_sensor.hpp
[0.432s] -- Up-to-date: /home/student/ros2_ws/install/controller_interface/include/semantic_components/pose_sensor.hpp
[0.432s] -- Up-to-date: /home/student/ros2_ws/install/controller_interface/include/semantic_components/range_sensor.hpp
[0.432s] -- Up-to-date: /home/student/ros2_ws/install/controller_interface/include/semantic_components/imu_sensor.hpp
[0.433s] -- Up-to-date: /home/student/ros2_ws/install/controller_interface/include/semantic_components/semantic_component_interface.hpp
[0.433s] -- Up-to-date: /home/student/ros2_ws/install/controller_interface/include/controller_interface
[0.433s] -- Up-to-date: /home/student/ros2_ws/install/controller_interface/include/controller_interface/controller_interface_base.hpp
[0.433s] -- Up-to-date: /home/student/ros2_ws/install/controller_interface/include/controller_interface/visibility_control.h
[0.433s] -- Up-to-date: /home/student/ros2_ws/install/controller_interface/include/controller_interface/helpers.hpp
[0.433s] -- Up-to-date: /home/student/ros2_ws/install/controller_interface/include/controller_interface/chainable_controller_interface.hpp
[0.433s] -- Up-to-date: /home/student/ros2_ws/install/controller_interface/include/controller_interface/controller_interface.hpp
[0.433s] -- Up-to-date: /home/student/ros2_ws/install/controller_interface/lib/libcontroller_interface.so
[0.433s] -- Up-to-date: /home/student/ros2_ws/install/controller_interface/share/controller_interface/environment/library_path.sh
[0.433s] -- Up-to-date: /home/student/ros2_ws/install/controller_interface/share/controller_interface/environment/library_path.dsv
[0.434s] -- Up-to-date: /home/student/ros2_ws/install/controller_interface/share/ament_index/resource_index/package_run_dependencies/controller_interface
[0.434s] -- Up-to-date: /home/student/ros2_ws/install/controller_interface/share/ament_index/resource_index/parent_prefix_path/controller_interface
[0.434s] -- Up-to-date: /home/student/ros2_ws/install/controller_interface/share/controller_interface/environment/ament_prefix_path.sh
[0.434s] -- Up-to-date: /home/student/ros2_ws/install/controller_interface/share/controller_interface/environment/ament_prefix_path.dsv
[0.434s] -- Up-to-date: /home/student/ros2_ws/install/controller_interface/share/controller_interface/environment/path.sh
[0.434s] -- Up-to-date: /home/student/ros2_ws/install/controller_interface/share/controller_interface/environment/path.dsv
[0.434s] -- Up-to-date: /home/student/ros2_ws/install/controller_interface/share/controller_interface/local_setup.bash
[0.434s] -- Up-to-date: /home/student/ros2_ws/install/controller_interface/share/controller_interface/local_setup.sh
[0.435s] -- Up-to-date: /home/student/ros2_ws/install/controller_interface/share/controller_interface/local_setup.zsh
[0.435s] -- Up-to-date: /home/student/ros2_ws/install/controller_interface/share/controller_interface/local_setup.dsv
[0.435s] -- Installing: /home/student/ros2_ws/install/controller_interface/share/controller_interface/package.dsv
[0.435s] -- Up-to-date: /home/student/ros2_ws/install/controller_interface/share/ament_index/resource_index/packages/controller_interface
[0.435s] -- Up-to-date: /home/student/ros2_ws/install/controller_interface/share/controller_interface/cmake/ament_cmake_export_dependencies-extras.cmake
[0.435s] -- Up-to-date: /home/student/ros2_ws/install/controller_interface/share/controller_interface/cmake/ament_cmake_export_include_directories-extras.cmake
[0.435s] -- Up-to-date: /home/student/ros2_ws/install/controller_interface/share/controller_interface/cmake/ament_cmake_export_libraries-extras.cmake
[0.435s] -- Up-to-date: /home/student/ros2_ws/install/controller_interface/share/controller_interface/cmake/controller_interfaceConfig.cmake
[0.435s] -- Up-to-date: /home/student/ros2_ws/install/controller_interface/share/controller_interface/cmake/controller_interfaceConfig-version.cmake
[0.435s] -- Up-to-date: /home/student/ros2_ws/install/controller_interface/share/controller_interface/package.xml
[0.436s] -- Up-to-date: /home/student/ros2_ws/install/controller_interface/include/controller_interface/controller_interface/version.h
[0.438s] Invoked command in '/home/student/ros2_ws/build/controller_interface' returned '0': CMAKE_PREFIX_PATH=/home/student/ros2_ws/install/hardware_interface:/home/student/ros2_ws/install/ros2_control_test_assets:/home/student/ros2_ws/install/ur_description:/home/student/ros2_ws/install/transmission_interface:/home/student/ros2_ws/install/hardware_interface_testing:/home/student/ros2_ws/install/controller_manager:/home/student/ros2_ws/install/ros2_control_cmake:/home/student/ros2_ws/install/joint_limits:/home/student/ros2_ws/install/controller_interface:/home/student/ros2_ws/install/controller_manager_msgs:/home/student/ros2_ws/src/install/ur_description:/home/student/ros2_ws/src/install/transmission_interface:/home/student/ros2_ws/src/install/hardware_interface_testing:/home/student/ros2_ws/src/install/controller_manager:/home/student/ros2_ws/src/install/ros2_control_test_assets:/home/student/ros2_ws/src/install/ros2_control_cmake:/home/student/ros2_ws/src/install/joint_limits:/home/student/ros2_ws/src/install/irb4400_description:/home/student/ros2_ws/src/install/controller_interface:/home/student/ros2_ws/src/install/hardware_interface:/home/student/ros2_ws/src/install/controller_manager_msgs:/home/student/ros2_ws/install/rqt_joint_trajectory_controller:/home/student/ros2_ws/install/ros2_controllers_test_nodes:/home/student/ros2_ws/install/opcua_ros_client:/home/student/ros2_ws/install/my_py_pkg:/home/student/ros2_ws/install/my_bot_description:/home/student/ros2_ws/install/modbus_interface:/home/student/ros2_ws/src/install/rqt_joint_trajectory_controller:/home/student/ros2_ws/src/install/ros2_controllers_test_nodes:/home/student/ros2_ws/src/install/opcua_ros_client:/home/student/ros2_ws/src/install/my_py_pkg:/home/student/ros2_ws/src/install/my_bot_description:/home/student/ros2_ws/src/install/modbus_interface:/opt/ros/humble LD_LIBRARY_PATH=/home/student/ros2_ws/install/hardware_interface/lib:/home/student/ros2_ws/install/transmission_interface/lib:/home/student/ros2_ws/install/hardware_interface_testing/lib:/home/student/ros2_ws/install/controller_manager/lib:/home/student/ros2_ws/install/joint_limits/lib:/home/student/ros2_ws/install/controller_interface/lib:/home/student/ros2_ws/install/controller_manager_msgs/lib:/home/student/ros2_ws/src/install/transmission_interface/lib:/home/student/ros2_ws/src/install/hardware_interface_testing/lib:/home/student/ros2_ws/src/install/controller_manager/lib:/home/student/ros2_ws/src/install/joint_limits/lib:/home/student/ros2_ws/src/install/controller_interface/lib:/home/student/ros2_ws/src/install/hardware_interface/lib:/home/student/ros2_ws/src/install/controller_manager_msgs/lib:/usr/lib/x86_64-linux-gnu/gazebo-11/plugins:/opt/ros/humble/opt/rviz_ogre_vendor/lib:/opt/ros/humble/lib/x86_64-linux-gnu:/opt/ros/humble/lib /usr/bin/cmake --install /home/student/ros2_ws/build/controller_interface
