[0.804s] Invoking command in '/home/student/UR_Robot_ws/src/ur10_moveit_control': PYTHONPATH=/home/student/UR_Robot_ws/build/ur10_moveit_control/prefix_override:/usr/lib/python3/dist-packages/colcon_core/task/python/colcon_distutils_commands:/home/student/UR_Robot_ws/install/ur10_moveit_control/lib/python3.10/site-packages:${PYTHONPATH} /usr/bin/python3 -W ignore:setup.py install is deprecated -W ignore:easy_install command is deprecated setup.py egg_info --egg-base ../../build/ur10_moveit_control build --build-base /home/student/UR_Robot_ws/build/ur10_moveit_control/build install --record /home/student/UR_Robot_ws/build/ur10_moveit_control/install.log --single-version-externally-managed install_data
[1.138s] running egg_info
[1.139s] writing ../../build/ur10_moveit_control/ur10_moveit_control.egg-info/PKG-INFO
[1.139s] writing dependency_links to ../../build/ur10_moveit_control/ur10_moveit_control.egg-info/dependency_links.txt
[1.139s] writing entry points to ../../build/ur10_moveit_control/ur10_moveit_control.egg-info/entry_points.txt
[1.139s] writing requirements to ../../build/ur10_moveit_control/ur10_moveit_control.egg-info/requires.txt
[1.139s] writing top-level names to ../../build/ur10_moveit_control/ur10_moveit_control.egg-info/top_level.txt
[1.141s] reading manifest file '../../build/ur10_moveit_control/ur10_moveit_control.egg-info/SOURCES.txt'
[1.142s] writing manifest file '../../build/ur10_moveit_control/ur10_moveit_control.egg-info/SOURCES.txt'
[1.142s] running build
[1.142s] running build_py
[1.142s] running install
[1.142s] running install_lib
[1.144s] running install_data
[1.144s] running install_egg_info
[1.146s] removing '/home/student/UR_Robot_ws/install/ur10_moveit_control/lib/python3.10/site-packages/ur10_moveit_control-0.0.0-py3.10.egg-info' (and everything under it)
[1.146s] Copying ../../build/ur10_moveit_control/ur10_moveit_control.egg-info to /home/student/UR_Robot_ws/install/ur10_moveit_control/lib/python3.10/site-packages/ur10_moveit_control-0.0.0-py3.10.egg-info
[1.147s] running install_scripts
[1.176s] Installing goto_pose_ik script to /home/student/UR_Robot_ws/install/ur10_moveit_control/lib/ur10_moveit_control
[1.177s] writing list of installed files to '/home/student/UR_Robot_ws/build/ur10_moveit_control/install.log'
[1.207s] Invoked command in '/home/student/UR_Robot_ws/src/ur10_moveit_control' returned '0': PYTHONPATH=/home/student/UR_Robot_ws/build/ur10_moveit_control/prefix_override:/usr/lib/python3/dist-packages/colcon_core/task/python/colcon_distutils_commands:/home/student/UR_Robot_ws/install/ur10_moveit_control/lib/python3.10/site-packages:${PYTHONPATH} /usr/bin/python3 -W ignore:setup.py install is deprecated -W ignore:easy_install command is deprecated setup.py egg_info --egg-base ../../build/ur10_moveit_control build --build-base /home/student/UR_Robot_ws/build/ur10_moveit_control/build install --record /home/student/UR_Robot_ws/build/ur10_moveit_control/install.log --single-version-externally-managed install_data
