[0.064s] Invoking command in '/home/student/ros2_ws/build/forward_command_controller': CMAKE_PREFIX_PATH=/home/student/ros2_ws/install/controller_manager:/home/student/ros2_ws/install/hardware_interface_testing:/home/student/ros2_ws/install/controller_interface:/home/student/ros2_ws/install/hardware_interface:/home/student/ros2_ws/install/ros2_control_test_assets:/home/student/ros2_ws/install/ros2_control_cmake:/home/student/ros2_ws/install/controller_manager_msgs:/home/student/ros2_ws/install/ur_description:/home/student/ros2_ws/install/transmission_interface:/home/student/ros2_ws/install/joint_limits:/home/student/ros2_ws/src/install/ur_description:/home/student/ros2_ws/src/install/transmission_interface:/home/student/ros2_ws/src/install/hardware_interface_testing:/home/student/ros2_ws/src/install/controller_manager:/home/student/ros2_ws/src/install/ros2_control_test_assets:/home/student/ros2_ws/src/install/ros2_control_cmake:/home/student/ros2_ws/src/install/joint_limits:/home/student/ros2_ws/src/install/irb4400_description:/home/student/ros2_ws/src/install/controller_interface:/home/student/ros2_ws/src/install/hardware_interface:/home/student/ros2_ws/src/install/controller_manager_msgs:/home/student/ros2_ws/install/rqt_joint_trajectory_controller:/home/student/ros2_ws/install/ros2_controllers_test_nodes:/home/student/ros2_ws/install/opcua_ros_client:/home/student/ros2_ws/install/my_py_pkg:/home/student/ros2_ws/install/my_bot_description:/home/student/ros2_ws/install/modbus_interface:/home/student/ros2_ws/src/install/rqt_joint_trajectory_controller:/home/student/ros2_ws/src/install/ros2_controllers_test_nodes:/home/student/ros2_ws/src/install/opcua_ros_client:/home/student/ros2_ws/src/install/my_py_pkg:/home/student/ros2_ws/src/install/my_bot_description:/home/student/ros2_ws/src/install/modbus_interface:/opt/ros/humble LD_LIBRARY_PATH=/home/student/ros2_ws/install/controller_manager/lib:/home/student/ros2_ws/install/hardware_interface_testing/lib:/home/student/ros2_ws/install/controller_interface/lib:/home/student/ros2_ws/install/hardware_interface/lib:/home/student/ros2_ws/install/controller_manager_msgs/lib:/home/student/ros2_ws/install/transmission_interface/lib:/home/student/ros2_ws/install/joint_limits/lib:/home/student/ros2_ws/src/install/transmission_interface/lib:/home/student/ros2_ws/src/install/hardware_interface_testing/lib:/home/student/ros2_ws/src/install/controller_manager/lib:/home/student/ros2_ws/src/install/joint_limits/lib:/home/student/ros2_ws/src/install/controller_interface/lib:/home/student/ros2_ws/src/install/hardware_interface/lib:/home/student/ros2_ws/src/install/controller_manager_msgs/lib:/usr/lib/x86_64-linux-gnu/gazebo-11/plugins:/opt/ros/humble/opt/rviz_ogre_vendor/lib:/opt/ros/humble/lib/x86_64-linux-gnu:/opt/ros/humble/lib /usr/bin/cmake /home/student/ros2_ws/src/ros2_controllers/forward_command_controller -DCMAKE_INSTALL_PREFIX=/home/student/ros2_ws/install/forward_command_controller
[0.085s] -- Found ros2_control_cmake: 0.2.1 (/home/student/ros2_ws/install/ros2_control_cmake/share/ros2_control_cmake/cmake)
[0.085s] -- Compiler warnings enabled for GNU
[0.085s] -- Detected GCC Version: 11.4.0 (Major: 11, Minor: 4)
[0.085s] -- Found ament_cmake: 1.3.12 (/opt/ros/humble/share/ament_cmake/cmake)
[0.379s] -- Found controller_interface: 2.51.0 (/home/student/ros2_ws/install/controller_interface/share/controller_interface/cmake)
[0.440s] -- Found rosidl_generator_c: 3.1.7 (/opt/ros/humble/share/rosidl_generator_c/cmake)
[0.444s] -- Found rosidl_adapter: 3.1.7 (/opt/ros/humble/share/rosidl_adapter/cmake)
[0.455s] -- Found rosidl_generator_cpp: 3.1.7 (/opt/ros/humble/share/rosidl_generator_cpp/cmake)
[0.476s] -- Using all available rosidl_typesupport_c: rosidl_typesupport_fastrtps_c;rosidl_typesupport_introspection_c
[0.501s] -- Using all available rosidl_typesupport_cpp: rosidl_typesupport_fastrtps_cpp;rosidl_typesupport_introspection_cpp
[0.836s] -- Found rmw_implementation_cmake: 6.1.2 (/opt/ros/humble/share/rmw_implementation_cmake/cmake)
[0.840s] -- Found rmw_fastrtps_cpp: 6.2.8 (/opt/ros/humble/share/rmw_fastrtps_cpp/cmake)
[0.858s] -- Found TinyXML2 via Config file: TinyXML2_DIR-NOTFOUND
[0.866s] -- Found TinyXML2 via Config file: TinyXML2_DIR-NOTFOUND
[0.882s] -- Found TinyXML2 via Config file: TinyXML2_DIR-NOTFOUND
[0.890s] -- Found TinyXML2 via Config file: TinyXML2_DIR-NOTFOUND
[0.901s] -- Using RMW implementation 'rmw_fastrtps_cpp' as default
[0.947s] -- Found generate_parameter_library: 0.5.0 (/opt/ros/humble/share/generate_parameter_library/cmake)
[0.948s] -- Found parameter_traits: 0.5.0 (/opt/ros/humble/share/parameter_traits/cmake)
[0.955s] -- Found realtime_tools: 2.14.0 (/opt/ros/humble/share/realtime_tools/cmake)
[0.967s] -- Found ament_cmake_gmock: 1.3.12 (/opt/ros/humble/share/ament_cmake_gmock/cmake)
[0.968s] -- Found controller_manager: 2.51.0 (/home/student/ros2_ws/install/controller_manager/share/controller_manager/cmake)
[0.989s] -- Found ros2_control_test_assets: 2.51.0 (/home/student/ros2_ws/install/ros2_control_test_assets/share/ros2_control_test_assets/cmake)
[0.990s] -- Found gmock sources under '/opt/ros/humble/src/gmock_vendor': C++ tests using 'Google Mock' will be built
[0.992s] -- Found ament_cmake_gtest: 1.3.12 (/opt/ros/humble/share/ament_cmake_gtest/cmake)
[0.993s] -- Found gtest sources under '/opt/ros/humble/src/gtest_vendor': C++ tests using 'Google Test' will be built
[1.066s] -- Configuring done
[1.073s] [31mCMake Error at CMakeLists.txt:34 (add_library):
[1.073s]   Target "forward_command_controller" links to target
[1.073s]   "controller_interface::controller_interface" but the target was not found.
[1.073s]   Perhaps a find_package() call is missing for an IMPORTED target, or an
[1.073s]   ALIAS target is missing?
[1.073s] 
[1.073s] [0m
[1.074s] [31mCMake Error at CMakeLists.txt:34 (add_library):
[1.074s]   Target "forward_command_controller" links to target
[1.074s]   "hardware_interface::hardware_interface" but the target was not found.
[1.074s]   Perhaps a find_package() call is missing for an IMPORTED target, or an
[1.074s]   ALIAS target is missing?
[1.074s] 
[1.074s] [0m
[1.074s] [31mCMake Error at /opt/ros/humble/share/ament_cmake_gmock/cmake/ament_add_gmock.cmake:69 (add_executable):
[1.074s]   Target "test_load_forward_command_controller" links to target
[1.075s]   "controller_interface::controller_interface" but the target was not found.
[1.075s]   Perhaps a find_package() call is missing for an IMPORTED target, or an
[1.075s]   ALIAS target is missing?
[1.075s] Call Stack (most recent call first):
[1.075s]   /opt/ros/humble/share/ament_cmake_gmock/cmake/ament_add_gmock.cmake:52 (_ament_add_gmock)
[1.075s]   CMakeLists.txt:61 (ament_add_gmock)
[1.076s] 
[1.076s] [0m
[1.076s] [31mCMake Error at /opt/ros/humble/share/ament_cmake_gmock/cmake/ament_add_gmock.cmake:69 (add_executable):
[1.076s]   Target "test_load_forward_command_controller" links to target
[1.076s]   "hardware_interface::hardware_interface" but the target was not found.
[1.076s]   Perhaps a find_package() call is missing for an IMPORTED target, or an
[1.076s]   ALIAS target is missing?
[1.076s] Call Stack (most recent call first):
[1.076s]   /opt/ros/humble/share/ament_cmake_gmock/cmake/ament_add_gmock.cmake:52 (_ament_add_gmock)
[1.076s]   CMakeLists.txt:61 (ament_add_gmock)
[1.077s] 
[1.077s] [0m
[1.077s] [31mCMake Error at /opt/ros/humble/share/ament_cmake_gmock/cmake/ament_add_gmock.cmake:69 (add_executable):
[1.077s]   Target "test_load_forward_command_controller" links to target
[1.077s]   "controller_manager::controller_manager" but the target was not found.
[1.077s]   Perhaps a find_package() call is missing for an IMPORTED target, or an
[1.077s]   ALIAS target is missing?
[1.077s] Call Stack (most recent call first):
[1.077s]   /opt/ros/humble/share/ament_cmake_gmock/cmake/ament_add_gmock.cmake:52 (_ament_add_gmock)
[1.077s]   CMakeLists.txt:61 (ament_add_gmock)
[1.077s] 
[1.077s] [0m
[1.078s] [31mCMake Error at /opt/ros/humble/share/ament_cmake_gmock/cmake/ament_add_gmock.cmake:69 (add_executable):
[1.078s]   Target "test_load_forward_command_controller" links to target
[1.078s]   "ros2_control_test_assets::ros2_control_test_assets" but the target was not
[1.078s]   found.  Perhaps a find_package() call is missing for an IMPORTED target, or
[1.078s]   an ALIAS target is missing?
[1.078s] Call Stack (most recent call first):
[1.078s]   /opt/ros/humble/share/ament_cmake_gmock/cmake/ament_add_gmock.cmake:52 (_ament_add_gmock)
[1.078s]   CMakeLists.txt:61 (ament_add_gmock)
[1.078s] 
[1.078s] [0m
[1.078s] [31mCMake Error at /opt/ros/humble/share/ament_cmake_gmock/cmake/ament_add_gmock.cmake:69 (add_executable):
[1.079s]   Target "test_forward_command_controller" links to target
[1.079s]   "controller_interface::controller_interface" but the target was not found.
[1.079s]   Perhaps a find_package() call is missing for an IMPORTED target, or an
[1.079s]   ALIAS target is missing?
[1.079s] Call Stack (most recent call first):
[1.079s]   /opt/ros/humble/share/ament_cmake_gmock/cmake/ament_add_gmock.cmake:52 (_ament_add_gmock)
[1.079s]   CMakeLists.txt:70 (ament_add_gmock)
[1.079s] 
[1.079s] [0m
[1.079s] [31mCMake Error at /opt/ros/humble/share/ament_cmake_gmock/cmake/ament_add_gmock.cmake:69 (add_executable):
[1.079s]   Target "test_forward_command_controller" links to target
[1.079s]   "hardware_interface::hardware_interface" but the target was not found.
[1.080s]   Perhaps a find_package() call is missing for an IMPORTED target, or an
[1.080s]   ALIAS target is missing?
[1.080s] Call Stack (most recent call first):
[1.080s]   /opt/ros/humble/share/ament_cmake_gmock/cmake/ament_add_gmock.cmake:52 (_ament_add_gmock)
[1.080s]   CMakeLists.txt:70 (ament_add_gmock)
[1.080s] 
[1.080s] [0m
[1.080s] [31mCMake Error at /opt/ros/humble/share/ament_cmake_gmock/cmake/ament_add_gmock.cmake:69 (add_executable):
[1.080s]   Target "test_load_multi_interface_forward_command_controller" links to
[1.080s]   target "controller_interface::controller_interface" but the target was not
[1.080s]   found.  Perhaps a find_package() call is missing for an IMPORTED target, or
[1.080s]   an ALIAS target is missing?
[1.081s] Call Stack (most recent call first):
[1.081s]   /opt/ros/humble/share/ament_cmake_gmock/cmake/ament_add_gmock.cmake:52 (_ament_add_gmock)
[1.081s]   CMakeLists.txt:77 (ament_add_gmock)
[1.081s] 
[1.081s] [0m
[1.081s] [31mCMake Error at /opt/ros/humble/share/ament_cmake_gmock/cmake/ament_add_gmock.cmake:69 (add_executable):
[1.081s]   Target "test_load_multi_interface_forward_command_controller" links to
[1.081s]   target "hardware_interface::hardware_interface" but the target was not
[1.081s]   found.  Perhaps a find_package() call is missing for an IMPORTED target, or
[1.081s]   an ALIAS target is missing?
[1.081s] Call Stack (most recent call first):
[1.082s]   /opt/ros/humble/share/ament_cmake_gmock/cmake/ament_add_gmock.cmake:52 (_ament_add_gmock)
[1.082s]   CMakeLists.txt:77 (ament_add_gmock)
[1.082s] 
[1.082s] [0m
[1.082s] [31mCMake Error at /opt/ros/humble/share/ament_cmake_gmock/cmake/ament_add_gmock.cmake:69 (add_executable):
[1.082s]   Target "test_load_multi_interface_forward_command_controller" links to
[1.082s]   target "controller_manager::controller_manager" but the target was not
[1.082s]   found.  Perhaps a find_package() call is missing for an IMPORTED target, or
[1.082s]   an ALIAS target is missing?
[1.082s] Call Stack (most recent call first):
[1.082s]   /opt/ros/humble/share/ament_cmake_gmock/cmake/ament_add_gmock.cmake:52 (_ament_add_gmock)
[1.083s]   CMakeLists.txt:77 (ament_add_gmock)
[1.083s] 
[1.083s] [0m
[1.083s] [31mCMake Error at /opt/ros/humble/share/ament_cmake_gmock/cmake/ament_add_gmock.cmake:69 (add_executable):
[1.083s]   Target "test_load_multi_interface_forward_command_controller" links to
[1.083s]   target "ros2_control_test_assets::ros2_control_test_assets" but the target
[1.083s]   was not found.  Perhaps a find_package() call is missing for an IMPORTED
[1.083s]   target, or an ALIAS target is missing?
[1.083s] Call Stack (most recent call first):
[1.083s]   /opt/ros/humble/share/ament_cmake_gmock/cmake/ament_add_gmock.cmake:52 (_ament_add_gmock)
[1.083s]   CMakeLists.txt:77 (ament_add_gmock)
[1.084s] 
[1.084s] [0m
[1.084s] [31mCMake Error at /opt/ros/humble/share/ament_cmake_gmock/cmake/ament_add_gmock.cmake:69 (add_executable):
[1.084s]   Target "test_multi_interface_forward_command_controller" links to target
[1.084s]   "controller_interface::controller_interface" but the target was not found.
[1.084s]   Perhaps a find_package() call is missing for an IMPORTED target, or an
[1.084s]   ALIAS target is missing?
[1.084s] Call Stack (most recent call first):
[1.084s]   /opt/ros/humble/share/ament_cmake_gmock/cmake/ament_add_gmock.cmake:52 (_ament_add_gmock)
[1.084s]   CMakeLists.txt:86 (ament_add_gmock)
[1.084s] 
[1.084s] [0m
[1.084s] [31mCMake Error at /opt/ros/humble/share/ament_cmake_gmock/cmake/ament_add_gmock.cmake:69 (add_executable):
[1.085s]   Target "test_multi_interface_forward_command_controller" links to target
[1.085s]   "hardware_interface::hardware_interface" but the target was not found.
[1.085s]   Perhaps a find_package() call is missing for an IMPORTED target, or an
[1.085s]   ALIAS target is missing?
[1.085s] Call Stack (most recent call first):
[1.085s]   /opt/ros/humble/share/ament_cmake_gmock/cmake/ament_add_gmock.cmake:52 (_ament_add_gmock)
[1.085s]   CMakeLists.txt:86 (ament_add_gmock)
[1.085s] 
[1.085s] [0m
[1.102s] -- Generating done
[1.105s] [0mCMake Generate step failed.  Build files cannot be regenerated correctly.[0m
