[0.020s] Invoking command in '/home/student/UR_Robot_ws/build/ur_calibration': CMAKE_PREFIX_PATH=/home/student/UR_Robot_ws/install/ur_robot_driver:/home/student/UR_Robot_ws/install/ur_controllers:/home/student/UR_Robot_ws/install/ur_description:/home/student/UR_Robot_ws/install/ur_dashboard_msgs:/home/student/UR_Robot_ws/install/ur:/home/student/UR_Robot_ws/install/ur_calibration:/home/student/UR_Robot_ws/install/ur_moveit_config:/home/student/UR_Robot_ws/install/ur_bringup:/home/student/UR_Robot_ws/install/ur10_moveit_control:/home/student/UR_Robot_ws/install/ur10_control:/home/student/UR_Robot_ws/install/mon_package_moveit:/opt/ros/humble /usr/bin/cmake --build /home/student/UR_Robot_ws/build/ur_calibration -- -j8 -l8
[0.082s] [ 16%] Built target gmock_main
[0.083s] [ 41%] Built target gmock
[0.093s] [ 66%] Built target calibration
[0.124s] [ 83%] Built target calibration_test
[0.125s] [100%] Built target calibration_correction
[0.135s] Invoked command in '/home/student/UR_Robot_ws/build/ur_calibration' returned '0': CMAKE_PREFIX_PATH=/home/student/UR_Robot_ws/install/ur_robot_driver:/home/student/UR_Robot_ws/install/ur_controllers:/home/student/UR_Robot_ws/install/ur_description:/home/student/UR_Robot_ws/install/ur_dashboard_msgs:/home/student/UR_Robot_ws/install/ur:/home/student/UR_Robot_ws/install/ur_calibration:/home/student/UR_Robot_ws/install/ur_moveit_config:/home/student/UR_Robot_ws/install/ur_bringup:/home/student/UR_Robot_ws/install/ur10_moveit_control:/home/student/UR_Robot_ws/install/ur10_control:/home/student/UR_Robot_ws/install/mon_package_moveit:/opt/ros/humble /usr/bin/cmake --build /home/student/UR_Robot_ws/build/ur_calibration -- -j8 -l8
[0.137s] Invoking command in '/home/student/UR_Robot_ws/build/ur_calibration': CMAKE_PREFIX_PATH=/home/student/UR_Robot_ws/install/ur_robot_driver:/home/student/UR_Robot_ws/install/ur_controllers:/home/student/UR_Robot_ws/install/ur_description:/home/student/UR_Robot_ws/install/ur_dashboard_msgs:/home/student/UR_Robot_ws/install/ur:/home/student/UR_Robot_ws/install/ur_calibration:/home/student/UR_Robot_ws/install/ur_moveit_config:/home/student/UR_Robot_ws/install/ur_bringup:/home/student/UR_Robot_ws/install/ur10_moveit_control:/home/student/UR_Robot_ws/install/ur10_control:/home/student/UR_Robot_ws/install/mon_package_moveit:/opt/ros/humble /usr/bin/cmake --install /home/student/UR_Robot_ws/build/ur_calibration
[0.143s] -- Install configuration: "RelWithDebInfo"
[0.144s] -- Execute custom install script
[0.144s] -- Up-to-date symlink: /home/student/UR_Robot_ws/install/ur_calibration/lib/ur_calibration/calibration_correction
[0.145s] -- Up-to-date symlink: /home/student/UR_Robot_ws/install/ur_calibration/include/ur_calibration/calibration.hpp
[0.145s] -- Up-to-date symlink: /home/student/UR_Robot_ws/install/ur_calibration/include/ur_calibration/calibration_consumer.hpp
[0.145s] -- Up-to-date symlink: /home/student/UR_Robot_ws/install/ur_calibration/share/ur_calibration/launch/calibration_correction.launch.py
[0.146s] -- Up-to-date symlink: /home/student/UR_Robot_ws/install/ur_calibration/share/ament_index/resource_index/package_run_dependencies/ur_calibration
[0.146s] -- Up-to-date symlink: /home/student/UR_Robot_ws/install/ur_calibration/share/ament_index/resource_index/parent_prefix_path/ur_calibration
[0.146s] -- Up-to-date symlink: /home/student/UR_Robot_ws/install/ur_calibration/share/ur_calibration/environment/ament_prefix_path.sh
[0.146s] -- Up-to-date symlink: /home/student/UR_Robot_ws/install/ur_calibration/share/ur_calibration/environment/ament_prefix_path.dsv
[0.147s] -- Up-to-date symlink: /home/student/UR_Robot_ws/install/ur_calibration/share/ur_calibration/environment/path.sh
[0.147s] -- Up-to-date symlink: /home/student/UR_Robot_ws/install/ur_calibration/share/ur_calibration/environment/path.dsv
[0.147s] -- Up-to-date symlink: /home/student/UR_Robot_ws/install/ur_calibration/share/ur_calibration/local_setup.bash
[0.147s] -- Up-to-date symlink: /home/student/UR_Robot_ws/install/ur_calibration/share/ur_calibration/local_setup.sh
[0.148s] -- Up-to-date symlink: /home/student/UR_Robot_ws/install/ur_calibration/share/ur_calibration/local_setup.zsh
[0.148s] -- Up-to-date symlink: /home/student/UR_Robot_ws/install/ur_calibration/share/ur_calibration/local_setup.dsv
[0.148s] -- Symlinking: /home/student/UR_Robot_ws/install/ur_calibration/share/ur_calibration/package.dsv
[0.156s] -- Up-to-date symlink: /home/student/UR_Robot_ws/install/ur_calibration/share/ament_index/resource_index/packages/ur_calibration
[0.156s] -- Up-to-date symlink: /home/student/UR_Robot_ws/install/ur_calibration/share/ur_calibration/cmake/ament_cmake_export_include_directories-extras.cmake
[0.156s] -- Up-to-date symlink: /home/student/UR_Robot_ws/install/ur_calibration/share/ur_calibration/cmake/ament_cmake_export_dependencies-extras.cmake
[0.156s] -- Up-to-date symlink: /home/student/UR_Robot_ws/install/ur_calibration/share/ur_calibration/cmake/ur_calibrationConfig.cmake
[0.157s] -- Up-to-date symlink: /home/student/UR_Robot_ws/install/ur_calibration/share/ur_calibration/cmake/ur_calibrationConfig-version.cmake
[0.157s] -- Up-to-date symlink: /home/student/UR_Robot_ws/install/ur_calibration/share/ur_calibration/package.xml
[0.159s] Invoked command in '/home/student/UR_Robot_ws/build/ur_calibration' returned '0': CMAKE_PREFIX_PATH=/home/student/UR_Robot_ws/install/ur_robot_driver:/home/student/UR_Robot_ws/install/ur_controllers:/home/student/UR_Robot_ws/install/ur_description:/home/student/UR_Robot_ws/install/ur_dashboard_msgs:/home/student/UR_Robot_ws/install/ur:/home/student/UR_Robot_ws/install/ur_calibration:/home/student/UR_Robot_ws/install/ur_moveit_config:/home/student/UR_Robot_ws/install/ur_bringup:/home/student/UR_Robot_ws/install/ur10_moveit_control:/home/student/UR_Robot_ws/install/ur10_control:/home/student/UR_Robot_ws/install/mon_package_moveit:/opt/ros/humble /usr/bin/cmake --install /home/student/UR_Robot_ws/build/ur_calibration
