[31mCMake Error at CMakeLists.txt:40 (add_library):
  Target "admittance_controller" links to target
  "controller_interface::controller_interface" but the target was not found.
  Perhaps a find_package() call is missing for an IMPORTED target, or an
  ALIAS target is missing?

[0m
[31mCMake Error at CMakeLists.txt:40 (add_library):
  Target "admittance_controller" links to target
  "hardware_interface::hardware_interface" but the target was not found.
  Perhaps a find_package() call is missing for an IMPORTED target, or an
  ALIAS target is missing?

[0m
[31mCMake Error at /opt/ros/humble/share/ament_cmake_gmock/cmake/ament_add_gmock.cmake:69 (add_executable):
  Target "test_load_admittance_controller" links to target
  "controller_manager::controller_manager" but the target was not found.
  Perhaps a find_package() call is missing for an IMPORTED target, or an
  ALIAS target is missing?
Call Stack (most recent call first):
  /opt/ros/humble/share/ament_cmake_gmock/cmake/ament_add_gmock.cmake:52 (_ament_add_gmock)
  CMakeLists.txt:82 (ament_add_gmock)

[0m
[31mCMake Error at /opt/ros/humble/share/ament_cmake_gmock/cmake/ament_add_gmock.cmake:69 (add_executable):
  Target "test_load_admittance_controller" links to target
  "hardware_interface::hardware_interface" but the target was not found.
  Perhaps a find_package() call is missing for an IMPORTED target, or an
  ALIAS target is missing?
Call Stack (most recent call first):
  /opt/ros/humble/share/ament_cmake_gmock/cmake/ament_add_gmock.cmake:52 (_ament_add_gmock)
  CMakeLists.txt:82 (ament_add_gmock)

[0m
[31mCMake Error at /opt/ros/humble/share/ament_cmake_gmock/cmake/ament_add_gmock.cmake:69 (add_executable):
  Target "test_load_admittance_controller" links to target
  "ros2_control_test_assets::ros2_control_test_assets" but the target was not
  found.  Perhaps a find_package() call is missing for an IMPORTED target, or
  an ALIAS target is missing?
Call Stack (most recent call first):
  /opt/ros/humble/share/ament_cmake_gmock/cmake/ament_add_gmock.cmake:52 (_ament_add_gmock)
  CMakeLists.txt:82 (ament_add_gmock)

[0m
[31mCMake Error at /opt/ros/humble/share/generate_parameter_library/cmake/generate_parameter_library.cmake:164 (add_executable):
  Target "test_admittance_controller" links to target
  "controller_interface::controller_interface" but the target was not found.
  Perhaps a find_package() call is missing for an IMPORTED target, or an
  ALIAS target is missing?
Call Stack (most recent call first):
  CMakeLists.txt:90 (add_rostest_with_parameters_gmock)

[0m
[31mCMake Error at /opt/ros/humble/share/generate_parameter_library/cmake/generate_parameter_library.cmake:164 (add_executable):
  Target "test_admittance_controller" links to target
  "hardware_interface::hardware_interface" but the target was not found.
  Perhaps a find_package() call is missing for an IMPORTED target, or an
  ALIAS target is missing?
Call Stack (most recent call first):
  CMakeLists.txt:90 (add_rostest_with_parameters_gmock)

[0m
[31mCMake Error at /opt/ros/humble/share/generate_parameter_library/cmake/generate_parameter_library.cmake:164 (add_executable):
  Target "test_admittance_controller" links to target
  "ros2_control_test_assets::ros2_control_test_assets" but the target was not
  found.  Perhaps a find_package() call is missing for an IMPORTED target, or
  an ALIAS target is missing?
Call Stack (most recent call first):
  CMakeLists.txt:90 (add_rostest_with_parameters_gmock)

[0m
[0mCMake Generate step failed.  Build files cannot be regenerated correctly.[0m
