[0.044s] Invoking command in '/home/student/ros2_ws/src/build/ros2_control_cmake': CMAKE_PREFIX_PATH=/opt/ros/humble /usr/bin/cmake /home/student/ros2_ws/src/ros2_control_cmake/ros2_control_cmake -DCMAKE_INSTALL_PREFIX=/home/student/ros2_ws/src/install/ros2_control_cmake
[1.212s] -- The C compiler identification is GNU 11.4.0
[1.212s] -- The CXX compiler identification is GNU 11.4.0
[1.213s] -- Detecting C compiler ABI info
[1.213s] -- Detecting C compiler ABI info - done
[1.213s] -- Check for working C compiler: /usr/bin/cc - skipped
[1.213s] -- Detecting C compile features
[1.214s] -- Detecting C compile features - done
[1.214s] -- Detecting CXX compiler ABI info
[1.214s] -- Detecting CXX compiler ABI info - done
[1.214s] -- Check for working CXX compiler: /usr/bin/c++ - skipped
[1.214s] -- Detecting CXX compile features
[1.214s] -- Detecting CXX compile features - done
[1.214s] -- Found ament_cmake: 1.3.12 (/opt/ros/humble/share/ament_cmake/cmake)
[1.214s] -- Found Python3: /usr/bin/python3 (found version "3.10.12") found components: Interpreter 
[1.214s] -- Found ament_lint_auto: 0.12.14 (/opt/ros/humble/share/ament_lint_auto/cmake)
[1.214s] -- Added test 'copyright' to check source files copyright and LICENSE
[1.214s] -- Added test 'lint_cmake' to check CMake code style
[1.214s] -- Added test 'xmllint' to check XML markup files
[1.214s] -- Configuring done
[1.215s] -- Generating done
[1.215s] -- Build files have been written to: /home/student/ros2_ws/src/build/ros2_control_cmake
[1.231s] Invoked command in '/home/student/ros2_ws/src/build/ros2_control_cmake' returned '0': CMAKE_PREFIX_PATH=/opt/ros/humble /usr/bin/cmake /home/student/ros2_ws/src/ros2_control_cmake/ros2_control_cmake -DCMAKE_INSTALL_PREFIX=/home/student/ros2_ws/src/install/ros2_control_cmake
[1.232s] Invoking command in '/home/student/ros2_ws/src/build/ros2_control_cmake': CMAKE_PREFIX_PATH=/opt/ros/humble /usr/bin/cmake --build /home/student/ros2_ws/src/build/ros2_control_cmake -- -j8 -l8
[1.343s] Invoked command in '/home/student/ros2_ws/src/build/ros2_control_cmake' returned '0': CMAKE_PREFIX_PATH=/opt/ros/humble /usr/bin/cmake --build /home/student/ros2_ws/src/build/ros2_control_cmake -- -j8 -l8
[1.343s] Invoking command in '/home/student/ros2_ws/src/build/ros2_control_cmake': CMAKE_PREFIX_PATH=/opt/ros/humble /usr/bin/cmake --install /home/student/ros2_ws/src/build/ros2_control_cmake
[1.354s] -- Install configuration: ""
[1.354s] -- Installing: /home/student/ros2_ws/src/install/ros2_control_cmake/share/ros2_control_cmake/cmake
[1.355s] -- Installing: /home/student/ros2_ws/src/install/ros2_control_cmake/share/ros2_control_cmake/cmake/ros2_control.cmake
[1.363s] -- Installing: /home/student/ros2_ws/src/install/ros2_control_cmake/share/ament_index/resource_index/package_run_dependencies/ros2_control_cmake
[1.366s] -- Installing: /home/student/ros2_ws/src/install/ros2_control_cmake/share/ament_index/resource_index/parent_prefix_path/ros2_control_cmake
[1.366s] -- Installing: /home/student/ros2_ws/src/install/ros2_control_cmake/share/ros2_control_cmake/environment/ament_prefix_path.sh
[1.366s] -- Installing: /home/student/ros2_ws/src/install/ros2_control_cmake/share/ros2_control_cmake/environment/ament_prefix_path.dsv
[1.366s] -- Installing: /home/student/ros2_ws/src/install/ros2_control_cmake/share/ros2_control_cmake/environment/path.sh
[1.366s] -- Installing: /home/student/ros2_ws/src/install/ros2_control_cmake/share/ros2_control_cmake/environment/path.dsv
[1.366s] -- Installing: /home/student/ros2_ws/src/install/ros2_control_cmake/share/ros2_control_cmake/local_setup.bash
[1.367s] -- Installing: /home/student/ros2_ws/src/install/ros2_control_cmake/share/ros2_control_cmake/local_setup.sh
[1.367s] -- Installing: /home/student/ros2_ws/src/install/ros2_control_cmake/share/ros2_control_cmake/local_setup.zsh
[1.367s] -- Installing: /home/student/ros2_ws/src/install/ros2_control_cmake/share/ros2_control_cmake/local_setup.dsv
[1.367s] -- Installing: /home/student/ros2_ws/src/install/ros2_control_cmake/share/ros2_control_cmake/package.dsv
[1.367s] -- Installing: /home/student/ros2_ws/src/install/ros2_control_cmake/share/ament_index/resource_index/packages/ros2_control_cmake
[1.369s] -- Installing: /home/student/ros2_ws/src/install/ros2_control_cmake/share/ros2_control_cmake/cmake/ros2_control_cmake-extras.cmake
[1.369s] -- Installing: /home/student/ros2_ws/src/install/ros2_control_cmake/share/ros2_control_cmake/cmake/ros2_control_cmakeConfig.cmake
[1.369s] -- Installing: /home/student/ros2_ws/src/install/ros2_control_cmake/share/ros2_control_cmake/cmake/ros2_control_cmakeConfig-version.cmake
[1.369s] -- Installing: /home/student/ros2_ws/src/install/ros2_control_cmake/share/ros2_control_cmake/package.xml
[1.371s] Invoked command in '/home/student/ros2_ws/src/build/ros2_control_cmake' returned '0': CMAKE_PREFIX_PATH=/opt/ros/humble /usr/bin/cmake --install /home/student/ros2_ws/src/build/ros2_control_cmake
