[2.041s] Invoking command in '/home/student/ros2_ws/src/opcua_ros_client': PYTHONPATH=/home/student/ros2_ws/src/build/opcua_ros_client/prefix_override:/usr/lib/python3/dist-packages/colcon_core/task/python/colcon_distutils_commands:/home/student/ros2_ws/src/install/opcua_ros_client/lib/python3.10/site-packages:${PYTHONPATH} /usr/bin/python3 -W ignore:setup.py install is deprecated -W ignore:easy_install command is deprecated setup.py egg_info --egg-base ../build/opcua_ros_client build --build-base /home/student/ros2_ws/src/build/opcua_ros_client/build install --record /home/student/ros2_ws/src/build/opcua_ros_client/install.log --single-version-externally-managed install_data
[2.473s] running egg_info
[2.476s] writing ../build/opcua_ros_client/opcua_ros_client.egg-info/PKG-INFO
[2.477s] writing dependency_links to ../build/opcua_ros_client/opcua_ros_client.egg-info/dependency_links.txt
[2.477s] writing entry points to ../build/opcua_ros_client/opcua_ros_client.egg-info/entry_points.txt
[2.477s] writing requirements to ../build/opcua_ros_client/opcua_ros_client.egg-info/requires.txt
[2.477s] writing top-level names to ../build/opcua_ros_client/opcua_ros_client.egg-info/top_level.txt
[2.485s] reading manifest file '../build/opcua_ros_client/opcua_ros_client.egg-info/SOURCES.txt'
[2.493s] writing manifest file '../build/opcua_ros_client/opcua_ros_client.egg-info/SOURCES.txt'
[2.494s] running build
[2.494s] running build_py
[2.494s] running install
[2.494s] running install_lib
[2.496s] running install_data
[2.505s] running install_egg_info
[2.511s] removing '/home/student/ros2_ws/src/install/opcua_ros_client/lib/python3.10/site-packages/opcua_ros_client-0.0.0-py3.10.egg-info' (and everything under it)
[2.511s] Copying ../build/opcua_ros_client/opcua_ros_client.egg-info to /home/student/ros2_ws/src/install/opcua_ros_client/lib/python3.10/site-packages/opcua_ros_client-0.0.0-py3.10.egg-info
[2.516s] running install_scripts
[2.575s] Installing opcua_client_node script to /home/student/ros2_ws/src/install/opcua_ros_client/lib/opcua_ros_client
[2.575s] writing list of installed files to '/home/student/ros2_ws/src/build/opcua_ros_client/install.log'
[2.652s] Invoked command in '/home/student/ros2_ws/src/opcua_ros_client' returned '0': PYTHONPATH=/home/student/ros2_ws/src/build/opcua_ros_client/prefix_override:/usr/lib/python3/dist-packages/colcon_core/task/python/colcon_distutils_commands:/home/student/ros2_ws/src/install/opcua_ros_client/lib/python3.10/site-packages:${PYTHONPATH} /usr/bin/python3 -W ignore:setup.py install is deprecated -W ignore:easy_install command is deprecated setup.py egg_info --egg-base ../build/opcua_ros_client build --build-base /home/student/ros2_ws/src/build/opcua_ros_client/build install --record /home/student/ros2_ws/src/build/opcua_ros_client/install.log --single-version-externally-managed install_data
