[0.043s] Invoking command in '/home/student/ros2_ws/src/build/steering_controllers_library': AMENT_PREFIX_PATH=/home/student/ros2_ws/src/install/controller_manager:/home/student/ros2_ws/src/install/hardware_interface_testing:/home/student/ros2_ws/src/install/controller_interface:/home/student/ros2_ws/src/install/hardware_interface:/home/student/ros2_ws/src/install/ros2_control_test_assets:/home/student/ros2_ws/src/install/ros2_control_cmake:/home/student/ros2_ws/src/install/controller_manager_msgs:${AMENT_PREFIX_PATH} CMAKE_PREFIX_PATH=/home/student/ros2_ws/src/install/controller_manager:/home/student/ros2_ws/src/install/hardware_interface_testing:/home/student/ros2_ws/src/install/controller_interface:/home/student/ros2_ws/src/install/hardware_interface:/home/student/ros2_ws/src/install/ros2_control_test_assets:/home/student/ros2_ws/src/install/ros2_control_cmake:/home/student/ros2_ws/src/install/controller_manager_msgs:/opt/ros/humble LD_LIBRARY_PATH=/home/student/ros2_ws/src/install/controller_manager/lib:/home/student/ros2_ws/src/install/hardware_interface_testing/lib:/home/student/ros2_ws/src/install/controller_interface/lib:/home/student/ros2_ws/src/install/hardware_interface/lib:/home/student/ros2_ws/src/install/controller_manager_msgs/lib:${LD_LIBRARY_PATH} PYTHONPATH=/home/student/ros2_ws/src/install/controller_manager/local/lib/python3.10/dist-packages:/home/student/ros2_ws/src/install/controller_manager_msgs/local/lib/python3.10/dist-packages:${PYTHONPATH} /usr/bin/cmake /home/student/ros2_ws/src/ros2_controllers/steering_controllers_library -DCMAKE_INSTALL_PREFIX=/home/student/ros2_ws/src/install/steering_controllers_library
[0.127s] -- The C compiler identification is GNU 11.4.0
[0.213s] -- The CXX compiler identification is GNU 11.4.0
[0.226s] -- Detecting C compiler ABI info
[0.324s] -- Detecting C compiler ABI info - done
[0.339s] -- Check for working C compiler: /usr/bin/cc - skipped
[0.339s] -- Detecting C compile features
[0.340s] -- Detecting C compile features - done
[0.346s] -- Detecting CXX compiler ABI info
[0.479s] -- Detecting CXX compiler ABI info - done
[0.494s] -- Check for working CXX compiler: /usr/bin/c++ - skipped
[0.494s] -- Detecting CXX compile features
[0.495s] -- Detecting CXX compile features - done
[0.497s] -- Found ros2_control_cmake: 0.2.1 (/home/student/ros2_ws/src/install/ros2_control_cmake/share/ros2_control_cmake/cmake)
[0.498s] -- Compiler warnings enabled for GNU
[0.498s] -- Detected GCC Version: 11.4.0 (Major: 11, Minor: 4)
[0.501s] -- Found ament_cmake: 1.3.12 (/opt/ros/humble/share/ament_cmake/cmake)
[0.731s] -- Found Python3: /usr/bin/python3 (found version "3.10.12") found components: Interpreter 
[0.888s] -- Found control_msgs: 4.8.0 (/opt/ros/humble/share/control_msgs/cmake)
[0.951s] -- Found rosidl_generator_c: 3.1.7 (/opt/ros/humble/share/rosidl_generator_c/cmake)
[0.961s] -- Found rosidl_adapter: 3.1.7 (/opt/ros/humble/share/rosidl_adapter/cmake)
[0.976s] -- Found rosidl_generator_cpp: 3.1.7 (/opt/ros/humble/share/rosidl_generator_cpp/cmake)
[1.000s] -- Using all available rosidl_typesupport_c: rosidl_typesupport_fastrtps_c;rosidl_typesupport_introspection_c
[1.031s] -- Using all available rosidl_typesupport_cpp: rosidl_typesupport_fastrtps_cpp;rosidl_typesupport_introspection_cpp
[1.252s] -- Found controller_interface: 2.51.0 (/home/student/ros2_ws/src/install/controller_interface/share/controller_interface/cmake)
[1.406s] -- Found rmw_implementation_cmake: 6.1.2 (/opt/ros/humble/share/rmw_implementation_cmake/cmake)
[1.411s] -- Found rmw_fastrtps_cpp: 6.2.8 (/opt/ros/humble/share/rmw_fastrtps_cpp/cmake)
[1.458s] -- Found TinyXML2 via Config file: TinyXML2_DIR-NOTFOUND
[1.546s] -- Found OpenSSL: /usr/lib/x86_64-linux-gnu/libcrypto.so (found version "3.0.2")  
[1.551s] -- Found TinyXML2 via Config file: TinyXML2_DIR-NOTFOUND
[1.579s] -- Found FastRTPS: /opt/ros/humble/include  
[1.586s] -- Found TinyXML2 via Config file: TinyXML2_DIR-NOTFOUND
[1.599s] -- Found TinyXML2 via Config file: TinyXML2_DIR-NOTFOUND
[1.614s] -- Using RMW implementation 'rmw_fastrtps_cpp' as default
[1.631s] -- Looking for pthread.h
[1.792s] -- Looking for pthread.h - found
[1.792s] -- Performing Test CMAKE_HAVE_LIBC_PTHREAD
[1.957s] -- Performing Test CMAKE_HAVE_LIBC_PTHREAD - Success
[1.960s] -- Found Threads: TRUE  
[2.057s] -- Found generate_parameter_library: 0.5.0 (/opt/ros/humble/share/generate_parameter_library/cmake)
[2.061s] -- Found parameter_traits: 0.5.0 (/opt/ros/humble/share/parameter_traits/cmake)
[2.093s] -- Found nav_msgs: 4.9.0 (/opt/ros/humble/share/nav_msgs/cmake)
[2.128s] -- Found realtime_tools: 2.14.0 (/opt/ros/humble/share/realtime_tools/cmake)
[2.158s] -- Found std_srvs: 4.9.0 (/opt/ros/humble/share/std_srvs/cmake)
[2.190s] -- Found tf2: 0.25.15 (/opt/ros/humble/share/tf2/cmake)
[2.191s] -- Found tf2_msgs: 0.25.15 (/opt/ros/humble/share/tf2_msgs/cmake)
[2.228s] -- Found tf2_geometry_msgs: 0.25.15 (/opt/ros/humble/share/tf2_geometry_msgs/cmake)
[2.244s] -- Found eigen3_cmake_module: 0.1.1 (/opt/ros/humble/share/eigen3_cmake_module/cmake)
[2.246s] -- Found Eigen3: TRUE (found version "3.4.0") 
[2.246s] -- Ensuring Eigen3 include directory is part of orocos-kdl CMake target
[2.328s] -- Found ament_cmake_gmock: 1.3.12 (/opt/ros/humble/share/ament_cmake_gmock/cmake)
[2.333s] -- Found controller_manager: 2.51.0 (/home/student/ros2_ws/src/install/controller_manager/share/controller_manager/cmake)
[2.354s] -- Found ros2_control_test_assets: 2.51.0 (/home/student/ros2_ws/src/install/ros2_control_test_assets/share/ros2_control_test_assets/cmake)
[2.358s] -- Found gmock sources under '/opt/ros/humble/src/gmock_vendor': C++ tests using 'Google Mock' will be built
[2.368s] -- Found ament_cmake_gtest: 1.3.12 (/opt/ros/humble/share/ament_cmake_gtest/cmake)
[2.369s] -- Found gtest sources under '/opt/ros/humble/src/gtest_vendor': C++ tests using 'Google Test' will be built
[2.373s] -- Found gmock sources under '/opt/ros/humble/src/gmock_vendor': C++ tests using 'Google Mock' will be built
[2.373s] -- Found ament_cmake_gtest: 1.3.12 (/opt/ros/humble/share/ament_cmake_gtest/cmake)
[2.374s] -- Found gtest sources under '/opt/ros/humble/src/gtest_vendor': C++ tests using 'Google Test' will be built
[2.450s] -- Configuring done
[2.460s] [31mCMake Error at CMakeLists.txt:38 (add_library):
[2.460s]   Target "steering_controllers_library" links to target
[2.460s]   "controller_interface::controller_interface" but the target was not found.
[2.460s]   Perhaps a find_package() call is missing for an IMPORTED target, or an
[2.460s]   ALIAS target is missing?
[2.460s] 
[2.460s] [0m
[2.460s] [31mCMake Error at CMakeLists.txt:38 (add_library):
[2.460s]   Target "steering_controllers_library" links to target
[2.460s]   "hardware_interface::hardware_interface" but the target was not found.
[2.460s]   Perhaps a find_package() call is missing for an IMPORTED target, or an
[2.461s]   ALIAS target is missing?
[2.461s] 
[2.461s] [0m
[2.461s] [31mCMake Error at /opt/ros/humble/share/generate_parameter_library/cmake/generate_parameter_library.cmake:164 (add_executable):
[2.461s]   Target "test_steering_controllers_library" links to target
[2.461s]   "controller_interface::controller_interface" but the target was not found.
[2.461s]   Perhaps a find_package() call is missing for an IMPORTED target, or an
[2.461s]   ALIAS target is missing?
[2.461s] Call Stack (most recent call first):
[2.462s]   CMakeLists.txt:69 (add_rostest_with_parameters_gmock)
[2.462s] 
[2.462s] [0m
[2.462s] [31mCMake Error at /opt/ros/humble/share/generate_parameter_library/cmake/generate_parameter_library.cmake:164 (add_executable):
[2.462s]   Target "test_steering_controllers_library" links to target
[2.462s]   "hardware_interface::hardware_interface" but the target was not found.
[2.462s]   Perhaps a find_package() call is missing for an IMPORTED target, or an
[2.462s]   ALIAS target is missing?
[2.462s] Call Stack (most recent call first):
[2.462s]   CMakeLists.txt:69 (add_rostest_with_parameters_gmock)
[2.462s] 
[2.462s] [0m
[2.462s] [31mCMake Error at /opt/ros/humble/share/ament_cmake_gmock/cmake/ament_add_gmock.cmake:69 (add_executable):
[2.463s]   Target "test_steering_odometry" links to target
[2.463s]   "controller_interface::controller_interface" but the target was not found.
[2.463s]   Perhaps a find_package() call is missing for an IMPORTED target, or an
[2.463s]   ALIAS target is missing?
[2.463s] Call Stack (most recent call first):
[2.463s]   /opt/ros/humble/share/ament_cmake_gmock/cmake/ament_add_gmock.cmake:52 (_ament_add_gmock)
[2.463s]   CMakeLists.txt:75 (ament_add_gmock)
[2.463s] 
[2.463s] [0m
[2.463s] [31mCMake Error at /opt/ros/humble/share/ament_cmake_gmock/cmake/ament_add_gmock.cmake:69 (add_executable):
[2.463s]   Target "test_steering_odometry" links to target
[2.463s]   "hardware_interface::hardware_interface" but the target was not found.
[2.463s]   Perhaps a find_package() call is missing for an IMPORTED target, or an
[2.464s]   ALIAS target is missing?
[2.464s] Call Stack (most recent call first):
[2.464s]   /opt/ros/humble/share/ament_cmake_gmock/cmake/ament_add_gmock.cmake:52 (_ament_add_gmock)
[2.464s]   CMakeLists.txt:75 (ament_add_gmock)
[2.464s] 
[2.464s] [0m
[2.495s] -- Generating done
[2.497s] [0mCMake Generate step failed.  Build files cannot be regenerated correctly.[0m
