[0.014s] Invoking command in '/home/student/ros2_ws/src/modbus_interface/build/modbus_interface': CMAKE_PREFIX_PATH=/opt/ros/humble /usr/bin/cmake /home/student/ros2_ws/src/modbus_interface -DCMAKE_INSTALL_PREFIX=/home/student/ros2_ws/src/modbus_interface/install/modbus_interface
[0.179s] -- The C compiler identification is GNU 11.4.0
[0.350s] -- The CXX compiler identification is GNU 11.4.0
[0.359s] -- Detecting C compiler ABI info
[0.450s] -- Detecting C compiler ABI info - done
[0.457s] -- Check for working C compiler: /usr/bin/cc - skipped
[0.457s] -- Detecting C compile features
[0.458s] -- Detecting C compile features - done
[0.461s] -- Detecting CXX compiler ABI info
[0.587s] -- Detecting CXX compiler ABI info - done
[0.594s] -- Check for working CXX compiler: /usr/bin/c++ - skipped
[0.594s] -- Detecting CXX compile features
[0.595s] -- Detecting CXX compile features - done
[0.597s] -- Found ament_cmake: 1.3.11 (/opt/ros/humble/share/ament_cmake/cmake)
[0.724s] -- Found Python3: /usr/bin/python3 (found version "3.10.12") found components: Interpreter 
[0.806s] -- Found rclpy: 3.3.16 (/opt/ros/humble/share/rclpy/cmake)
[0.808s] -- Found std_msgs: 4.9.0 (/opt/ros/humble/share/std_msgs/cmake)
[0.853s] -- Found rosidl_generator_c: 3.1.6 (/opt/ros/humble/share/rosidl_generator_c/cmake)
[0.859s] -- Found rosidl_adapter: 3.1.6 (/opt/ros/humble/share/rosidl_adapter/cmake)
[0.868s] -- Found rosidl_generator_cpp: 3.1.6 (/opt/ros/humble/share/rosidl_generator_cpp/cmake)
[0.881s] -- Using all available rosidl_typesupport_c: rosidl_typesupport_fastrtps_c;rosidl_typesupport_introspection_c
[0.898s] -- Using all available rosidl_typesupport_cpp: rosidl_typesupport_fastrtps_cpp;rosidl_typesupport_introspection_cpp
[0.925s] -- Found rosidl_default_generators: 1.2.0 (/opt/ros/humble/share/rosidl_default_generators/cmake)
[0.933s] [31mCMake Error at /opt/ros/humble/share/rosidl_cmake/cmake/rosidl_generate_interfaces.cmake:93 (message):
[0.933s]   rosidl_generate_interfaces() the passed file 'srv/SetCoil.srv' doesn't
[0.934s]   exist relative to the CMAKE_CURRENT_SOURCE_DIR
[0.934s]   '/home/student/ros2_ws/src/modbus_interface'
[0.934s] Call Stack (most recent call first):
[0.934s]   CMakeLists.txt:11 (rosidl_generate_interfaces)
[0.934s] 
[0.934s] [0m
[0.934s] -- Configuring incomplete, errors occurred!
[0.934s] See also "/home/student/ros2_ws/src/modbus_interface/build/modbus_interface/CMakeFiles/CMakeOutput.log".
[0.939s] Invoked command in '/home/student/ros2_ws/src/modbus_interface/build/modbus_interface' returned '1': CMAKE_PREFIX_PATH=/opt/ros/humble /usr/bin/cmake /home/student/ros2_ws/src/modbus_interface -DCMAKE_INSTALL_PREFIX=/home/student/ros2_ws/src/modbus_interface/install/modbus_interface
