In file included from [01m[K/home/student/ros2_ws/src/ros2_controllers/force_torque_sensor_broadcaster/src/force_torque_sensor_broadcaster.cpp:19[m[K:
[01m[K/home/student/ros2_ws/src/ros2_controllers/force_torque_sensor_broadcaster/include/force_torque_sensor_broadcaster/force_torque_sensor_broadcaster.hpp:57:37:[m[K [01;31m[Kerror: [m[K‘[01m[Kcontroller_interface::return_type force_torque_sensor_broadcaster::ForceTorqueSensorBroadcaster::update_reference_from_subscribers(const rclcpp::Time&, const rclcpp::Duration&)[m[K’ marked ‘[01m[Koverride[m[K’, but does not override
   57 |   controller_interface::return_type [01;31m[Kupdate_reference_from_subscribers[m[K(
      |                                     [01;31m[K^~~~~~~~~~~~~~~~~~~~~~~~~~~~~~~~~[m[K
[01m[K/home/student/ros2_ws/src/ros2_controllers/force_torque_sensor_broadcaster/include/force_torque_sensor_broadcaster/force_torque_sensor_broadcaster.hpp:60:51:[m[K [01;31m[Kerror: [m[K‘[01m[Kstd::vector<hardware_interface::StateInterface> force_torque_sensor_broadcaster::ForceTorqueSensorBroadcaster::on_export_state_interfaces()[m[K’ marked ‘[01m[Koverride[m[K’, but does not override
   60 |   std::vector<hardware_interface::StateInterface> [01;31m[Kon_export_state_interfaces[m[K() override;
      |                                                   [01;31m[K^~~~~~~~~~~~~~~~~~~~~~~~~~[m[K
In file included from [01m[K/opt/ros/humble/include/class_loader/class_loader/class_loader_core.hpp:57[m[K,
                 from [01m[K/opt/ros/humble/include/class_loader/class_loader/class_loader.hpp:55[m[K,
                 from [01m[K/opt/ros/humble/include/pluginlib/pluginlib/class_list_macros.hpp:40[m[K,
                 from [01m[K/home/student/ros2_ws/src/ros2_controllers/force_torque_sensor_broadcaster/src/force_torque_sensor_broadcaster.cpp:262[m[K:
/opt/ros/humble/include/class_loader/class_loader/meta_object.hpp: In instantiation of ‘[01m[KB* class_loader::impl::MetaObject<C, B>::create() const [with C = force_torque_sensor_broadcaster::ForceTorqueSensorBroadcaster; B = controller_interface::ChainableControllerInterface][m[K’:
[01m[K/opt/ros/humble/include/class_loader/class_loader/meta_object.hpp:216:7:[m[K   required from here
[01m[K/opt/ros/humble/include/class_loader/class_loader/meta_object.hpp:218:12:[m[K [01;31m[Kerror: [m[Kinvalid new-expression of abstract class type ‘[01m[Kforce_torque_sensor_broadcaster::ForceTorqueSensorBroadcaster[m[K’
  218 |     return [01;31m[Knew C[m[K;
      |            [01;31m[K^~~~~[m[K
In file included from [01m[K/home/student/ros2_ws/src/ros2_controllers/force_torque_sensor_broadcaster/src/force_torque_sensor_broadcaster.cpp:19[m[K:
[01m[K/home/student/ros2_ws/src/ros2_controllers/force_torque_sensor_broadcaster/include/force_torque_sensor_broadcaster/force_torque_sensor_broadcaster.hpp:35:7:[m[K [01;36m[Knote: [m[K  because the following virtual functions are pure within ‘[01m[Kforce_torque_sensor_broadcaster::ForceTorqueSensorBroadcaster[m[K’:
   35 | class [01;36m[KForceTorqueSensorBroadcaster[m[K : public controller_interface::ChainableControllerInterface
      |       [01;36m[K^~~~~~~~~~~~~~~~~~~~~~~~~~~~[m[K
In file included from [01m[K/home/student/ros2_ws/src/ros2_controllers/force_torque_sensor_broadcaster/include/force_torque_sensor_broadcaster/force_torque_sensor_broadcaster.hpp:25[m[K,
                 from [01m[K/home/student/ros2_ws/src/ros2_controllers/force_torque_sensor_broadcaster/src/force_torque_sensor_broadcaster.cpp:19[m[K:
[01m[K/opt/ros/humble/include/controller_interface/chainable_controller_interface.hpp:77:61:[m[K [01;36m[Knote: [m[K    ‘[01m[Kvirtual std::vector<hardware_interface::CommandInterface> controller_interface::ChainableControllerInterface::on_export_reference_interfaces()[m[K’
   77 |   virtual std::vector<hardware_interface::CommandInterface> [01;36m[Kon_export_reference_interfaces[m[K() = 0;
      |                                                             [01;36m[K^~~~~~~~~~~~~~~~~~~~~~~~~~~~~~[m[K
[01m[K/opt/ros/humble/include/controller_interface/chainable_controller_interface.hpp:100:23:[m[K [01;36m[Knote: [m[K    ‘[01m[Kvirtual controller_interface::return_type controller_interface::ChainableControllerInterface::update_reference_from_subscribers()[m[K’
  100 |   virtual return_type [01;36m[Kupdate_reference_from_subscribers[m[K() = 0;
      |                       [01;36m[K^~~~~~~~~~~~~~~~~~~~~~~~~~~~~~~~~[m[K
gmake[2]: *** [CMakeFiles/force_torque_sensor_broadcaster.dir/build.make:76: CMakeFiles/force_torque_sensor_broadcaster.dir/src/force_torque_sensor_broadcaster.cpp.o] Error 1
gmake[1]: *** [CMakeFiles/Makefile2:206: CMakeFiles/force_torque_sensor_broadcaster.dir/all] Error 2
gmake: *** [Makefile:146: all] Error 2
