[0.033s] Invoking command in '/home/student/ros2_ws/src/build/irb4400_description': CMAKE_PREFIX_PATH=/opt/ros/humble /usr/bin/cmake /home/student/ros2_ws/src/irb4400_description -DCMAKE_INSTALL_PREFIX=/home/student/ros2_ws/src/install/irb4400_description
[1.160s] -- The C compiler identification is GNU 11.4.0
[1.160s] -- The CXX compiler identification is GNU 11.4.0
[1.161s] -- Detecting C compiler ABI info
[1.161s] -- Detecting C compiler ABI info - done
[1.161s] -- Check for working C compiler: /usr/bin/cc - skipped
[1.161s] -- Detecting C compile features
[1.161s] -- Detecting C compile features - done
[1.161s] -- Detecting CXX compiler ABI info
[1.161s] -- Detecting CXX compiler ABI info - done
[1.162s] -- Check for working CXX compiler: /usr/bin/c++ - skipped
[1.162s] -- Detecting CXX compile features
[1.162s] -- Detecting CXX compile features - done
[1.162s] -- Found ament_cmake: 1.3.11 (/opt/ros/humble/share/ament_cmake/cmake)
[1.162s] -- Found Python3: /usr/bin/python3 (found version "3.10.12") found components: Interpreter 
[1.162s] -- Found ament_lint_auto: 0.12.12 (/opt/ros/humble/share/ament_lint_auto/cmake)
[1.162s] -- Added test 'cppcheck' to perform static code analysis on C / C++ code
[1.162s] -- Configured cppcheck include dirs: 
[1.162s] -- Configured cppcheck exclude dirs and/or files: 
[1.162s] -- Added test 'flake8' to check Python code syntax and style conventions
[1.162s] -- Added test 'lint_cmake' to check CMake code style
[1.163s] -- Added test 'pep257' to check Python code against some of the docstring style conventions in PEP 257
[1.163s] -- Added test 'uncrustify' to check C / C++ code style
[1.163s] -- Configured uncrustify additional arguments: 
[1.163s] -- Added test 'xmllint' to check XML markup files
[1.163s] -- Configuring done
[1.163s] -- Generating done
[1.163s] -- Build files have been written to: /home/student/ros2_ws/src/build/irb4400_description
[1.173s] Invoked command in '/home/student/ros2_ws/src/build/irb4400_description' returned '0': CMAKE_PREFIX_PATH=/opt/ros/humble /usr/bin/cmake /home/student/ros2_ws/src/irb4400_description -DCMAKE_INSTALL_PREFIX=/home/student/ros2_ws/src/install/irb4400_description
[1.175s] Invoking command in '/home/student/ros2_ws/src/build/irb4400_description': CMAKE_PREFIX_PATH=/opt/ros/humble /usr/bin/cmake --build /home/student/ros2_ws/src/build/irb4400_description -- -j8 -l8
[1.238s] Invoked command in '/home/student/ros2_ws/src/build/irb4400_description' returned '0': CMAKE_PREFIX_PATH=/opt/ros/humble /usr/bin/cmake --build /home/student/ros2_ws/src/build/irb4400_description -- -j8 -l8
[1.239s] Invoking command in '/home/student/ros2_ws/src/build/irb4400_description': CMAKE_PREFIX_PATH=/opt/ros/humble /usr/bin/cmake --install /home/student/ros2_ws/src/build/irb4400_description
[1.264s] -- Install configuration: ""
[1.264s] -- Installing: /home/student/ros2_ws/src/install/irb4400_description/share/irb4400_description/launch
[1.264s] -- Installing: /home/student/ros2_ws/src/install/irb4400_description/share/irb4400_description/launch/irb4400.launch.py
[1.264s] -- Installing: /home/student/ros2_ws/src/install/irb4400_description/share/irb4400_description/urdf
[1.264s] -- Installing: /home/student/ros2_ws/src/install/irb4400_description/share/irb4400_description/urdf/irb4400.urdf
[1.264s] -- Installing: /home/student/ros2_ws/src/install/irb4400_description/share/irb4400_description/urdf/irb4400.urdf.xacro
[1.265s] -- Installing: /home/student/ros2_ws/src/install/irb4400_description/share/ament_index/resource_index/package_run_dependencies/irb4400_description
[1.265s] -- Installing: /home/student/ros2_ws/src/install/irb4400_description/share/ament_index/resource_index/parent_prefix_path/irb4400_description
[1.265s] -- Installing: /home/student/ros2_ws/src/install/irb4400_description/share/irb4400_description/environment/ament_prefix_path.sh
[1.265s] -- Installing: /home/student/ros2_ws/src/install/irb4400_description/share/irb4400_description/environment/ament_prefix_path.dsv
[1.265s] -- Installing: /home/student/ros2_ws/src/install/irb4400_description/share/irb4400_description/environment/path.sh
[1.265s] -- Installing: /home/student/ros2_ws/src/install/irb4400_description/share/irb4400_description/environment/path.dsv
[1.271s] -- Installing: /home/student/ros2_ws/src/install/irb4400_description/share/irb4400_description/local_setup.bash
[1.271s] -- Installing: /home/student/ros2_ws/src/install/irb4400_description/share/irb4400_description/local_setup.sh
[1.271s] -- Installing: /home/student/ros2_ws/src/install/irb4400_description/share/irb4400_description/local_setup.zsh
[1.271s] -- Installing: /home/student/ros2_ws/src/install/irb4400_description/share/irb4400_description/local_setup.dsv
[1.271s] -- Installing: /home/student/ros2_ws/src/install/irb4400_description/share/irb4400_description/package.dsv
[1.271s] -- Installing: /home/student/ros2_ws/src/install/irb4400_description/share/ament_index/resource_index/packages/irb4400_description
[1.271s] -- Installing: /home/student/ros2_ws/src/install/irb4400_description/share/irb4400_description/cmake/irb4400_descriptionConfig.cmake
[1.271s] -- Installing: /home/student/ros2_ws/src/install/irb4400_description/share/irb4400_description/cmake/irb4400_descriptionConfig-version.cmake
[1.271s] -- Installing: /home/student/ros2_ws/src/install/irb4400_description/share/irb4400_description/package.xml
[1.274s] Invoked command in '/home/student/ros2_ws/src/build/irb4400_description' returned '0': CMAKE_PREFIX_PATH=/opt/ros/humble /usr/bin/cmake --install /home/student/ros2_ws/src/build/irb4400_description
