[33mCMake Warning at CMakeLists.txt:95 (add_library):
  Cannot generate a safe runtime search path for target ur_controllers
  because there is a cycle in the constraint graph:

    dir 0 is [/opt/ros/humble/lib]
      dir 1 must precede it due to runtime library [libur_dashboard_msgs__rosidl_typesupport_fastrtps_c.so]
      dir 2 must precede it due to runtime library [libfake_components.so]
      dir 3 must precede it due to runtime library [libcontroller_interface.so]
    dir 1 is [/home/student/UR_Robot_ws/install/ur_dashboard_msgs/lib]
    dir 2 is [/home/student/ros2_ws/install/hardware_interface/lib]
      dir 0 must precede it due to runtime library [libfake_components.so]
    dir 3 is [/home/student/ros2_ws/install/controller_interface/lib]
      dir 0 must precede it due to runtime library [libcontroller_interface.so]

  Some of these libraries may not be found correctly.

[0m
[33mCMake Warning at /opt/ros/humble/share/ament_cmake_gmock/cmake/ament_add_gmock.cmake:69 (add_executable):
  Cannot generate a safe runtime search path for target
  test_load_force_mode_controller because there is a cycle in the constraint
  graph:

    dir 0 is [/home/student/UR_Robot_ws/build/ur_controllers]
    dir 1 is [/home/student/ros2_ws/install/controller_manager/lib]
    dir 2 is [/opt/ros/humble/lib]
      dir 0 must precede it due to runtime library [libur_controllers.so]
      dir 1 must precede it due to runtime library [libcontroller_manager.so]
      dir 3 must precede it due to runtime library [libcontroller_interface.so]
      dir 4 must precede it due to runtime library [libcontroller_manager_msgs__rosidl_generator_c.so]
      dir 5 must precede it due to runtime library [libfake_components.so]
      dir 6 must precede it due to runtime library [libur_dashboard_msgs__rosidl_typesupport_fastrtps_c.so]
    dir 3 is [/home/student/ros2_ws/install/controller_interface/lib]
      dir 2 must precede it due to runtime library [libcontroller_interface.so]
    dir 4 is [/home/student/ros2_ws/install/controller_manager_msgs/lib]
    dir 5 is [/home/student/ros2_ws/install/hardware_interface/lib]
      dir 2 must precede it due to runtime library [libfake_components.so]
    dir 6 is [/home/student/UR_Robot_ws/install/ur_dashboard_msgs/lib]

  Some of these libraries may not be found correctly.
Call Stack (most recent call first):
  /opt/ros/humble/share/ament_cmake_gmock/cmake/ament_add_gmock.cmake:52 (_ament_add_gmock)
  CMakeLists.txt:164 (ament_add_gmock)

[0m
[33mCMake Warning at /opt/ros/humble/share/ament_cmake_gmock/cmake/ament_add_gmock.cmake:69 (add_executable):
  Cannot generate a safe runtime search path for target
  test_load_freedrive_mode_controller because there is a cycle in the
  constraint graph:

    dir 0 is [/home/student/UR_Robot_ws/build/ur_controllers]
    dir 1 is [/home/student/ros2_ws/install/controller_manager/lib]
    dir 2 is [/opt/ros/humble/lib]
      dir 0 must precede it due to runtime library [libur_controllers.so]
      dir 1 must precede it due to runtime library [libcontroller_manager.so]
      dir 3 must precede it due to runtime library [libcontroller_interface.so]
      dir 4 must precede it due to runtime library [libcontroller_manager_msgs__rosidl_generator_c.so]
      dir 5 must precede it due to runtime library [libfake_components.so]
      dir 6 must precede it due to runtime library [libur_dashboard_msgs__rosidl_typesupport_fastrtps_c.so]
    dir 3 is [/home/student/ros2_ws/install/controller_interface/lib]
      dir 2 must precede it due to runtime library [libcontroller_interface.so]
    dir 4 is [/home/student/ros2_ws/install/controller_manager_msgs/lib]
    dir 5 is [/home/student/ros2_ws/install/hardware_interface/lib]
      dir 2 must precede it due to runtime library [libfake_components.so]
    dir 6 is [/home/student/UR_Robot_ws/install/ur_dashboard_msgs/lib]

  Some of these libraries may not be found correctly.
Call Stack (most recent call first):
  /opt/ros/humble/share/ament_cmake_gmock/cmake/ament_add_gmock.cmake:52 (_ament_add_gmock)
  CMakeLists.txt:174 (ament_add_gmock)

[0m
