[0.023s] Invoking command in '/home/student/UR_Robot_ws/build/ur_dashboard_msgs': CMAKE_PREFIX_PATH=${CMAKE_PREFIX_PATH}:/home/student/UR_Robot_ws/install/ur10_moveit_control:/home/student/UR_Robot_ws/install/ur10_control:/home/student/UR_Robot_ws/install/mon_package_moveit:/home/student/ws_moveit2/install/moveit_configs_utils:/home/student/ws_moveit2/install/launch_param_builder:/opt/ros/humble /usr/bin/cmake /home/student/UR_Robot_ws/src/ur_dashboard_msgs -DCMAKE_INSTALL_PREFIX=/home/student/UR_Robot_ws/install/ur_dashboard_msgs
[0.061s] -- Found ament_cmake: 1.3.12 (/opt/ros/humble/share/ament_cmake/cmake)
[0.191s] -- Override CMake install command with custom implementation using symlinks instead of copying resources
[0.205s] -- Found rosidl_default_generators: 1.2.0 (/opt/ros/humble/share/rosidl_default_generators/cmake)
[0.217s] -- Using all available rosidl_typesupport_c: rosidl_typesupport_fastrtps_c;rosidl_typesupport_introspection_c
[0.221s] -- Found rosidl_adapter: 3.1.7 (/opt/ros/humble/share/rosidl_adapter/cmake)
[0.262s] -- Using all available rosidl_typesupport_cpp: rosidl_typesupport_fastrtps_cpp;rosidl_typesupport_introspection_cpp
[0.291s] -- Found action_msgs: 1.2.2 (/opt/ros/humble/share/action_msgs/cmake)
[0.718s] -- Found ament_cmake_ros: 0.10.0 (/opt/ros/humble/share/ament_cmake_ros/cmake)
[0.917s] -- Using all available rosidl_typesupport_c: rosidl_typesupport_fastrtps_c;rosidl_typesupport_introspection_c
[1.201s] -- Using all available rosidl_typesupport_cpp: rosidl_typesupport_fastrtps_cpp;rosidl_typesupport_introspection_cpp
[1.225s] -- Found python_cmake_module: 0.10.0 (/opt/ros/humble/share/python_cmake_module/cmake)
[1.250s] -- Using PYTHON_EXECUTABLE: /usr/bin/python3
[1.250s] -- Using PYTHON_INCLUDE_DIRS: /usr/include/python3.10
[1.250s] -- Using PYTHON_LIBRARIES: /usr/lib/x86_64-linux-gnu/libpython3.10.so
[1.328s] -- Configuring done
[1.403s] -- Generating done
[1.415s] -- Build files have been written to: /home/student/UR_Robot_ws/build/ur_dashboard_msgs
[1.421s] Invoked command in '/home/student/UR_Robot_ws/build/ur_dashboard_msgs' returned '0': CMAKE_PREFIX_PATH=${CMAKE_PREFIX_PATH}:/home/student/UR_Robot_ws/install/ur10_moveit_control:/home/student/UR_Robot_ws/install/ur10_control:/home/student/UR_Robot_ws/install/mon_package_moveit:/home/student/ws_moveit2/install/moveit_configs_utils:/home/student/ws_moveit2/install/launch_param_builder:/opt/ros/humble /usr/bin/cmake /home/student/UR_Robot_ws/src/ur_dashboard_msgs -DCMAKE_INSTALL_PREFIX=/home/student/UR_Robot_ws/install/ur_dashboard_msgs
[1.423s] Invoking command in '/home/student/UR_Robot_ws/build/ur_dashboard_msgs': CMAKE_PREFIX_PATH=${CMAKE_PREFIX_PATH}:/home/student/UR_Robot_ws/install/ur10_moveit_control:/home/student/UR_Robot_ws/install/ur10_control:/home/student/UR_Robot_ws/install/mon_package_moveit:/home/student/ws_moveit2/install/moveit_configs_utils:/home/student/ws_moveit2/install/launch_param_builder:/opt/ros/humble /usr/bin/cmake --build /home/student/UR_Robot_ws/build/ur_dashboard_msgs -- -j8 -l8
[1.489s] [35m[1mConsolidate compiler generated dependencies of target ur_dashboard_msgs__rosidl_generator_c[0m
[1.502s] [  0%] Built target ur_dashboard_msgs__cpp
[1.512s] [ 12%] Built target ur_dashboard_msgs__rosidl_generator_c
[1.513s] [ 12%] Built target ament_cmake_python_symlink_ur_dashboard_msgs
[1.537s] [35m[1mConsolidate compiler generated dependencies of target ur_dashboard_msgs__rosidl_typesupport_fastrtps_cpp[0m
[1.537s] [35m[1mConsolidate compiler generated dependencies of target ur_dashboard_msgs__rosidl_typesupport_introspection_cpp[0m
[1.537s] [35m[1mConsolidate compiler generated dependencies of target ur_dashboard_msgs__rosidl_typesupport_cpp[0m
[1.541s] [35m[1mConsolidate compiler generated dependencies of target ur_dashboard_msgs__rosidl_typesupport_c[0m
[1.542s] [35m[1mConsolidate compiler generated dependencies of target ur_dashboard_msgs__rosidl_typesupport_introspection_c[0m
[1.547s] [35m[1mConsolidate compiler generated dependencies of target ur_dashboard_msgs__rosidl_typesupport_fastrtps_c[0m
[1.573s] [ 34%] Built target ur_dashboard_msgs__rosidl_typesupport_introspection_c
[1.573s] [ 36%] Built target ur_dashboard_msgs__rosidl_typesupport_c
[1.577s] [ 48%] Built target ur_dashboard_msgs__rosidl_typesupport_introspection_cpp
[1.579s] [ 60%] Built target ur_dashboard_msgs__rosidl_typesupport_cpp
[1.581s] [ 72%] Built target ur_dashboard_msgs__rosidl_typesupport_fastrtps_cpp
[1.587s] [ 84%] Built target ur_dashboard_msgs__rosidl_typesupport_fastrtps_c
[1.618s] [ 84%] Built target ur_dashboard_msgs
[1.650s] [ 85%] Built target ur_dashboard_msgs__py
[1.670s] [35m[1mConsolidate compiler generated dependencies of target ur_dashboard_msgs__rosidl_generator_py[0m
[1.698s] [ 96%] Built target ur_dashboard_msgs__rosidl_generator_py
[1.715s] [35m[1mConsolidate compiler generated dependencies of target ur_dashboard_msgs__rosidl_typesupport_c__pyext[0m
[1.715s] [35m[1mConsolidate compiler generated dependencies of target ur_dashboard_msgs__rosidl_typesupport_fastrtps_c__pyext[0m
[1.718s] [35m[1mConsolidate compiler generated dependencies of target ur_dashboard_msgs__rosidl_typesupport_introspection_c__pyext[0m
[1.733s] [ 97%] Built target ur_dashboard_msgs__rosidl_typesupport_c__pyext
[1.739s] [ 98%] Built target ur_dashboard_msgs__rosidl_typesupport_fastrtps_c__pyext
[1.741s] [100%] Built target ur_dashboard_msgs__rosidl_typesupport_introspection_c__pyext
[1.805s] running egg_info
[1.805s] writing ur_dashboard_msgs.egg-info/PKG-INFO
[1.806s] writing dependency_links to ur_dashboard_msgs.egg-info/dependency_links.txt
[1.806s] writing top-level names to ur_dashboard_msgs.egg-info/top_level.txt
[1.808s] reading manifest file 'ur_dashboard_msgs.egg-info/SOURCES.txt'
[1.809s] writing manifest file 'ur_dashboard_msgs.egg-info/SOURCES.txt'
[1.838s] [100%] Built target ament_cmake_python_build_ur_dashboard_msgs_egg
[1.853s] Invoked command in '/home/student/UR_Robot_ws/build/ur_dashboard_msgs' returned '0': CMAKE_PREFIX_PATH=${CMAKE_PREFIX_PATH}:/home/student/UR_Robot_ws/install/ur10_moveit_control:/home/student/UR_Robot_ws/install/ur10_control:/home/student/UR_Robot_ws/install/mon_package_moveit:/home/student/ws_moveit2/install/moveit_configs_utils:/home/student/ws_moveit2/install/launch_param_builder:/opt/ros/humble /usr/bin/cmake --build /home/student/UR_Robot_ws/build/ur_dashboard_msgs -- -j8 -l8
[1.855s] Invoking command in '/home/student/UR_Robot_ws/build/ur_dashboard_msgs': CMAKE_PREFIX_PATH=${CMAKE_PREFIX_PATH}:/home/student/UR_Robot_ws/install/ur10_moveit_control:/home/student/UR_Robot_ws/install/ur10_control:/home/student/UR_Robot_ws/install/mon_package_moveit:/home/student/ws_moveit2/install/moveit_configs_utils:/home/student/ws_moveit2/install/launch_param_builder:/opt/ros/humble /usr/bin/cmake --install /home/student/UR_Robot_ws/build/ur_dashboard_msgs
[1.866s] -- Install configuration: ""
[1.867s] -- Execute custom install script
[1.867s] -- Up-to-date symlink: /home/student/UR_Robot_ws/install/ur_dashboard_msgs/share/ament_index/resource_index/rosidl_interfaces/ur_dashboard_msgs
[1.868s] -- Up-to-date symlink: /home/student/UR_Robot_ws/install/ur_dashboard_msgs/include/ur_dashboard_msgs/ur_dashboard_msgs/action/detail/set_mode__functions.h
[1.869s] -- Up-to-date symlink: /home/student/UR_Robot_ws/install/ur_dashboard_msgs/include/ur_dashboard_msgs/ur_dashboard_msgs/action/detail/set_mode__struct.h
[1.869s] -- Up-to-date symlink: /home/student/UR_Robot_ws/install/ur_dashboard_msgs/include/ur_dashboard_msgs/ur_dashboard_msgs/action/detail/set_mode__type_support.h
[1.869s] -- Up-to-date symlink: /home/student/UR_Robot_ws/install/ur_dashboard_msgs/include/ur_dashboard_msgs/ur_dashboard_msgs/action/set_mode.h
[1.869s] -- Up-to-date symlink: /home/student/UR_Robot_ws/install/ur_dashboard_msgs/include/ur_dashboard_msgs/ur_dashboard_msgs/msg/detail/program_state__functions.h
[1.870s] -- Up-to-date symlink: /home/student/UR_Robot_ws/install/ur_dashboard_msgs/include/ur_dashboard_msgs/ur_dashboard_msgs/msg/detail/program_state__struct.h
[1.870s] -- Up-to-date symlink: /home/student/UR_Robot_ws/install/ur_dashboard_msgs/include/ur_dashboard_msgs/ur_dashboard_msgs/msg/detail/program_state__type_support.h
[1.870s] -- Up-to-date symlink: /home/student/UR_Robot_ws/install/ur_dashboard_msgs/include/ur_dashboard_msgs/ur_dashboard_msgs/msg/detail/robot_mode__functions.h
[1.870s] -- Up-to-date symlink: /home/student/UR_Robot_ws/install/ur_dashboard_msgs/include/ur_dashboard_msgs/ur_dashboard_msgs/msg/detail/robot_mode__struct.h
[1.871s] -- Up-to-date symlink: /home/student/UR_Robot_ws/install/ur_dashboard_msgs/include/ur_dashboard_msgs/ur_dashboard_msgs/msg/detail/robot_mode__type_support.h
[1.871s] -- Up-to-date symlink: /home/student/UR_Robot_ws/install/ur_dashboard_msgs/include/ur_dashboard_msgs/ur_dashboard_msgs/msg/detail/safety_mode__functions.h
[1.871s] -- Up-to-date symlink: /home/student/UR_Robot_ws/install/ur_dashboard_msgs/include/ur_dashboard_msgs/ur_dashboard_msgs/msg/detail/safety_mode__struct.h
[1.871s] -- Up-to-date symlink: /home/student/UR_Robot_ws/install/ur_dashboard_msgs/include/ur_dashboard_msgs/ur_dashboard_msgs/msg/detail/safety_mode__type_support.h
[1.871s] -- Up-to-date symlink: /home/student/UR_Robot_ws/install/ur_dashboard_msgs/include/ur_dashboard_msgs/ur_dashboard_msgs/msg/program_state.h
[1.871s] -- Up-to-date symlink: /home/student/UR_Robot_ws/install/ur_dashboard_msgs/include/ur_dashboard_msgs/ur_dashboard_msgs/msg/robot_mode.h
[1.872s] -- Up-to-date symlink: /home/student/UR_Robot_ws/install/ur_dashboard_msgs/include/ur_dashboard_msgs/ur_dashboard_msgs/msg/rosidl_generator_c__visibility_control.h
[1.872s] -- Up-to-date symlink: /home/student/UR_Robot_ws/install/ur_dashboard_msgs/include/ur_dashboard_msgs/ur_dashboard_msgs/msg/safety_mode.h
[1.872s] -- Up-to-date symlink: /home/student/UR_Robot_ws/install/ur_dashboard_msgs/include/ur_dashboard_msgs/ur_dashboard_msgs/srv/add_to_log.h
[1.872s] -- Up-to-date symlink: /home/student/UR_Robot_ws/install/ur_dashboard_msgs/include/ur_dashboard_msgs/ur_dashboard_msgs/srv/detail/add_to_log__functions.h
[1.872s] -- Up-to-date symlink: /home/student/UR_Robot_ws/install/ur_dashboard_msgs/include/ur_dashboard_msgs/ur_dashboard_msgs/srv/detail/add_to_log__struct.h
[1.873s] -- Up-to-date symlink: /home/student/UR_Robot_ws/install/ur_dashboard_msgs/include/ur_dashboard_msgs/ur_dashboard_msgs/srv/detail/add_to_log__type_support.h
[1.873s] -- Up-to-date symlink: /home/student/UR_Robot_ws/install/ur_dashboard_msgs/include/ur_dashboard_msgs/ur_dashboard_msgs/srv/detail/get_loaded_program__functions.h
[1.873s] -- Up-to-date symlink: /home/student/UR_Robot_ws/install/ur_dashboard_msgs/include/ur_dashboard_msgs/ur_dashboard_msgs/srv/detail/get_loaded_program__struct.h
[1.873s] -- Up-to-date symlink: /home/student/UR_Robot_ws/install/ur_dashboard_msgs/include/ur_dashboard_msgs/ur_dashboard_msgs/srv/detail/get_loaded_program__type_support.h
[1.873s] -- Up-to-date symlink: /home/student/UR_Robot_ws/install/ur_dashboard_msgs/include/ur_dashboard_msgs/ur_dashboard_msgs/srv/detail/get_program_state__functions.h
[1.873s] -- Up-to-date symlink: /home/student/UR_Robot_ws/install/ur_dashboard_msgs/include/ur_dashboard_msgs/ur_dashboard_msgs/srv/detail/get_program_state__struct.h
[1.874s] -- Up-to-date symlink: /home/student/UR_Robot_ws/install/ur_dashboard_msgs/include/ur_dashboard_msgs/ur_dashboard_msgs/srv/detail/get_program_state__type_support.h
[1.874s] -- Up-to-date symlink: /home/student/UR_Robot_ws/install/ur_dashboard_msgs/include/ur_dashboard_msgs/ur_dashboard_msgs/srv/detail/get_robot_mode__functions.h
[1.874s] -- Up-to-date symlink: /home/student/UR_Robot_ws/install/ur_dashboard_msgs/include/ur_dashboard_msgs/ur_dashboard_msgs/srv/detail/get_robot_mode__struct.h
[1.874s] -- Up-to-date symlink: /home/student/UR_Robot_ws/install/ur_dashboard_msgs/include/ur_dashboard_msgs/ur_dashboard_msgs/srv/detail/get_robot_mode__type_support.h
[1.874s] -- Up-to-date symlink: /home/student/UR_Robot_ws/install/ur_dashboard_msgs/include/ur_dashboard_msgs/ur_dashboard_msgs/srv/detail/get_safety_mode__functions.h
[1.874s] -- Up-to-date symlink: /home/student/UR_Robot_ws/install/ur_dashboard_msgs/include/ur_dashboard_msgs/ur_dashboard_msgs/srv/detail/get_safety_mode__struct.h
[1.874s] -- Up-to-date symlink: /home/student/UR_Robot_ws/install/ur_dashboard_msgs/include/ur_dashboard_msgs/ur_dashboard_msgs/srv/detail/get_safety_mode__type_support.h
[1.874s] -- Up-to-date symlink: /home/student/UR_Robot_ws/install/ur_dashboard_msgs/include/ur_dashboard_msgs/ur_dashboard_msgs/srv/detail/is_in_remote_control__functions.h
[1.875s] -- Up-to-date symlink: /home/student/UR_Robot_ws/install/ur_dashboard_msgs/include/ur_dashboard_msgs/ur_dashboard_msgs/srv/detail/is_in_remote_control__struct.h
[1.875s] -- Up-to-date symlink: /home/student/UR_Robot_ws/install/ur_dashboard_msgs/include/ur_dashboard_msgs/ur_dashboard_msgs/srv/detail/is_in_remote_control__type_support.h
[1.875s] -- Up-to-date symlink: /home/student/UR_Robot_ws/install/ur_dashboard_msgs/include/ur_dashboard_msgs/ur_dashboard_msgs/srv/detail/is_program_running__functions.h
[1.875s] -- Up-to-date symlink: /home/student/UR_Robot_ws/install/ur_dashboard_msgs/include/ur_dashboard_msgs/ur_dashboard_msgs/srv/detail/is_program_running__struct.h
[1.875s] -- Up-to-date symlink: /home/student/UR_Robot_ws/install/ur_dashboard_msgs/include/ur_dashboard_msgs/ur_dashboard_msgs/srv/detail/is_program_running__type_support.h
[1.875s] -- Up-to-date symlink: /home/student/UR_Robot_ws/install/ur_dashboard_msgs/include/ur_dashboard_msgs/ur_dashboard_msgs/srv/detail/is_program_saved__functions.h
[1.875s] -- Up-to-date symlink: /home/student/UR_Robot_ws/install/ur_dashboard_msgs/include/ur_dashboard_msgs/ur_dashboard_msgs/srv/detail/is_program_saved__struct.h
[1.876s] -- Up-to-date symlink: /home/student/UR_Robot_ws/install/ur_dashboard_msgs/include/ur_dashboard_msgs/ur_dashboard_msgs/srv/detail/is_program_saved__type_support.h
[1.876s] -- Up-to-date symlink: /home/student/UR_Robot_ws/install/ur_dashboard_msgs/include/ur_dashboard_msgs/ur_dashboard_msgs/srv/detail/load__functions.h
[1.876s] -- Up-to-date symlink: /home/student/UR_Robot_ws/install/ur_dashboard_msgs/include/ur_dashboard_msgs/ur_dashboard_msgs/srv/detail/load__struct.h
[1.876s] -- Up-to-date symlink: /home/student/UR_Robot_ws/install/ur_dashboard_msgs/include/ur_dashboard_msgs/ur_dashboard_msgs/srv/detail/load__type_support.h
[1.876s] -- Up-to-date symlink: /home/student/UR_Robot_ws/install/ur_dashboard_msgs/include/ur_dashboard_msgs/ur_dashboard_msgs/srv/detail/popup__functions.h
[1.876s] -- Up-to-date symlink: /home/student/UR_Robot_ws/install/ur_dashboard_msgs/include/ur_dashboard_msgs/ur_dashboard_msgs/srv/detail/popup__struct.h
[1.876s] -- Up-to-date symlink: /home/student/UR_Robot_ws/install/ur_dashboard_msgs/include/ur_dashboard_msgs/ur_dashboard_msgs/srv/detail/popup__type_support.h
[1.877s] -- Up-to-date symlink: /home/student/UR_Robot_ws/install/ur_dashboard_msgs/include/ur_dashboard_msgs/ur_dashboard_msgs/srv/detail/raw_request__functions.h
[1.877s] -- Up-to-date symlink: /home/student/UR_Robot_ws/install/ur_dashboard_msgs/include/ur_dashboard_msgs/ur_dashboard_msgs/srv/detail/raw_request__struct.h
[1.877s] -- Up-to-date symlink: /home/student/UR_Robot_ws/install/ur_dashboard_msgs/include/ur_dashboard_msgs/ur_dashboard_msgs/srv/detail/raw_request__type_support.h
[1.877s] -- Up-to-date symlink: /home/student/UR_Robot_ws/install/ur_dashboard_msgs/include/ur_dashboard_msgs/ur_dashboard_msgs/srv/get_loaded_program.h
[1.877s] -- Up-to-date symlink: /home/student/UR_Robot_ws/install/ur_dashboard_msgs/include/ur_dashboard_msgs/ur_dashboard_msgs/srv/get_program_state.h
[1.877s] -- Up-to-date symlink: /home/student/UR_Robot_ws/install/ur_dashboard_msgs/include/ur_dashboard_msgs/ur_dashboard_msgs/srv/get_robot_mode.h
[1.877s] -- Up-to-date symlink: /home/student/UR_Robot_ws/install/ur_dashboard_msgs/include/ur_dashboard_msgs/ur_dashboard_msgs/srv/get_safety_mode.h
[1.877s] -- Up-to-date symlink: /home/student/UR_Robot_ws/install/ur_dashboard_msgs/include/ur_dashboard_msgs/ur_dashboard_msgs/srv/is_in_remote_control.h
[1.878s] -- Up-to-date symlink: /home/student/UR_Robot_ws/install/ur_dashboard_msgs/include/ur_dashboard_msgs/ur_dashboard_msgs/srv/is_program_running.h
[1.878s] -- Up-to-date symlink: /home/student/UR_Robot_ws/install/ur_dashboard_msgs/include/ur_dashboard_msgs/ur_dashboard_msgs/srv/is_program_saved.h
[1.878s] -- Up-to-date symlink: /home/student/UR_Robot_ws/install/ur_dashboard_msgs/include/ur_dashboard_msgs/ur_dashboard_msgs/srv/load.h
[1.878s] -- Up-to-date symlink: /home/student/UR_Robot_ws/install/ur_dashboard_msgs/include/ur_dashboard_msgs/ur_dashboard_msgs/srv/popup.h
[1.878s] -- Up-to-date symlink: /home/student/UR_Robot_ws/install/ur_dashboard_msgs/include/ur_dashboard_msgs/ur_dashboard_msgs/srv/raw_request.h
[1.879s] -- Up-to-date symlink: /home/student/UR_Robot_ws/install/ur_dashboard_msgs/share/ur_dashboard_msgs/environment/library_path.sh
[1.879s] -- Up-to-date symlink: /home/student/UR_Robot_ws/install/ur_dashboard_msgs/share/ur_dashboard_msgs/environment/library_path.dsv
[1.880s] -- Up-to-date symlink: /home/student/UR_Robot_ws/install/ur_dashboard_msgs/include/ur_dashboard_msgs/ur_dashboard_msgs/action/detail/set_mode__rosidl_typesupport_fastrtps_c.h
[1.880s] -- Up-to-date symlink: /home/student/UR_Robot_ws/install/ur_dashboard_msgs/include/ur_dashboard_msgs/ur_dashboard_msgs/msg/detail/program_state__rosidl_typesupport_fastrtps_c.h
[1.881s] -- Up-to-date symlink: /home/student/UR_Robot_ws/install/ur_dashboard_msgs/include/ur_dashboard_msgs/ur_dashboard_msgs/msg/detail/robot_mode__rosidl_typesupport_fastrtps_c.h
[1.881s] -- Up-to-date symlink: /home/student/UR_Robot_ws/install/ur_dashboard_msgs/include/ur_dashboard_msgs/ur_dashboard_msgs/msg/detail/safety_mode__rosidl_typesupport_fastrtps_c.h
[1.881s] -- Up-to-date symlink: /home/student/UR_Robot_ws/install/ur_dashboard_msgs/include/ur_dashboard_msgs/ur_dashboard_msgs/msg/rosidl_typesupport_fastrtps_c__visibility_control.h
[1.882s] -- Up-to-date symlink: /home/student/UR_Robot_ws/install/ur_dashboard_msgs/include/ur_dashboard_msgs/ur_dashboard_msgs/srv/detail/add_to_log__rosidl_typesupport_fastrtps_c.h
[1.882s] -- Up-to-date symlink: /home/student/UR_Robot_ws/install/ur_dashboard_msgs/include/ur_dashboard_msgs/ur_dashboard_msgs/srv/detail/get_loaded_program__rosidl_typesupport_fastrtps_c.h
[1.882s] -- Up-to-date symlink: /home/student/UR_Robot_ws/install/ur_dashboard_msgs/include/ur_dashboard_msgs/ur_dashboard_msgs/srv/detail/get_program_state__rosidl_typesupport_fastrtps_c.h
[1.882s] -- Up-to-date symlink: /home/student/UR_Robot_ws/install/ur_dashboard_msgs/include/ur_dashboard_msgs/ur_dashboard_msgs/srv/detail/get_robot_mode__rosidl_typesupport_fastrtps_c.h
[1.882s] -- Up-to-date symlink: /home/student/UR_Robot_ws/install/ur_dashboard_msgs/include/ur_dashboard_msgs/ur_dashboard_msgs/srv/detail/get_safety_mode__rosidl_typesupport_fastrtps_c.h
[1.883s] -- Up-to-date symlink: /home/student/UR_Robot_ws/install/ur_dashboard_msgs/include/ur_dashboard_msgs/ur_dashboard_msgs/srv/detail/is_in_remote_control__rosidl_typesupport_fastrtps_c.h
[1.883s] -- Up-to-date symlink: /home/student/UR_Robot_ws/install/ur_dashboard_msgs/include/ur_dashboard_msgs/ur_dashboard_msgs/srv/detail/is_program_running__rosidl_typesupport_fastrtps_c.h
[1.883s] -- Up-to-date symlink: /home/student/UR_Robot_ws/install/ur_dashboard_msgs/include/ur_dashboard_msgs/ur_dashboard_msgs/srv/detail/is_program_saved__rosidl_typesupport_fastrtps_c.h
[1.883s] -- Up-to-date symlink: /home/student/UR_Robot_ws/install/ur_dashboard_msgs/include/ur_dashboard_msgs/ur_dashboard_msgs/srv/detail/load__rosidl_typesupport_fastrtps_c.h
[1.883s] -- Up-to-date symlink: /home/student/UR_Robot_ws/install/ur_dashboard_msgs/include/ur_dashboard_msgs/ur_dashboard_msgs/srv/detail/popup__rosidl_typesupport_fastrtps_c.h
[1.883s] -- Up-to-date symlink: /home/student/UR_Robot_ws/install/ur_dashboard_msgs/include/ur_dashboard_msgs/ur_dashboard_msgs/srv/detail/raw_request__rosidl_typesupport_fastrtps_c.h
[1.884s] -- Up-to-date symlink: /home/student/UR_Robot_ws/install/ur_dashboard_msgs/include/ur_dashboard_msgs/ur_dashboard_msgs/action/detail/set_mode__rosidl_typesupport_introspection_c.h
[1.884s] -- Up-to-date symlink: /home/student/UR_Robot_ws/install/ur_dashboard_msgs/include/ur_dashboard_msgs/ur_dashboard_msgs/msg/detail/program_state__rosidl_typesupport_introspection_c.h
[1.885s] -- Up-to-date symlink: /home/student/UR_Robot_ws/install/ur_dashboard_msgs/include/ur_dashboard_msgs/ur_dashboard_msgs/msg/detail/robot_mode__rosidl_typesupport_introspection_c.h
[1.885s] -- Up-to-date symlink: /home/student/UR_Robot_ws/install/ur_dashboard_msgs/include/ur_dashboard_msgs/ur_dashboard_msgs/msg/detail/safety_mode__rosidl_typesupport_introspection_c.h
[1.885s] -- Up-to-date symlink: /home/student/UR_Robot_ws/install/ur_dashboard_msgs/include/ur_dashboard_msgs/ur_dashboard_msgs/msg/rosidl_typesupport_introspection_c__visibility_control.h
[1.885s] -- Up-to-date symlink: /home/student/UR_Robot_ws/install/ur_dashboard_msgs/include/ur_dashboard_msgs/ur_dashboard_msgs/srv/detail/add_to_log__rosidl_typesupport_introspection_c.h
[1.885s] -- Up-to-date symlink: /home/student/UR_Robot_ws/install/ur_dashboard_msgs/include/ur_dashboard_msgs/ur_dashboard_msgs/srv/detail/get_loaded_program__rosidl_typesupport_introspection_c.h
[1.886s] -- Up-to-date symlink: /home/student/UR_Robot_ws/install/ur_dashboard_msgs/include/ur_dashboard_msgs/ur_dashboard_msgs/srv/detail/get_program_state__rosidl_typesupport_introspection_c.h
[1.886s] -- Up-to-date symlink: /home/student/UR_Robot_ws/install/ur_dashboard_msgs/include/ur_dashboard_msgs/ur_dashboard_msgs/srv/detail/get_robot_mode__rosidl_typesupport_introspection_c.h
[1.886s] -- Up-to-date symlink: /home/student/UR_Robot_ws/install/ur_dashboard_msgs/include/ur_dashboard_msgs/ur_dashboard_msgs/srv/detail/get_safety_mode__rosidl_typesupport_introspection_c.h
[1.886s] -- Up-to-date symlink: /home/student/UR_Robot_ws/install/ur_dashboard_msgs/include/ur_dashboard_msgs/ur_dashboard_msgs/srv/detail/is_in_remote_control__rosidl_typesupport_introspection_c.h
[1.887s] -- Up-to-date symlink: /home/student/UR_Robot_ws/install/ur_dashboard_msgs/include/ur_dashboard_msgs/ur_dashboard_msgs/srv/detail/is_program_running__rosidl_typesupport_introspection_c.h
[1.887s] -- Up-to-date symlink: /home/student/UR_Robot_ws/install/ur_dashboard_msgs/include/ur_dashboard_msgs/ur_dashboard_msgs/srv/detail/is_program_saved__rosidl_typesupport_introspection_c.h
[1.887s] -- Up-to-date symlink: /home/student/UR_Robot_ws/install/ur_dashboard_msgs/include/ur_dashboard_msgs/ur_dashboard_msgs/srv/detail/load__rosidl_typesupport_introspection_c.h
[1.888s] -- Up-to-date symlink: /home/student/UR_Robot_ws/install/ur_dashboard_msgs/include/ur_dashboard_msgs/ur_dashboard_msgs/srv/detail/popup__rosidl_typesupport_introspection_c.h
[1.888s] -- Up-to-date symlink: /home/student/UR_Robot_ws/install/ur_dashboard_msgs/include/ur_dashboard_msgs/ur_dashboard_msgs/srv/detail/raw_request__rosidl_typesupport_introspection_c.h
[1.889s] -- Up-to-date symlink: /home/student/UR_Robot_ws/install/ur_dashboard_msgs/include/ur_dashboard_msgs/ur_dashboard_msgs/action/detail/set_mode__builder.hpp
[1.889s] -- Up-to-date symlink: /home/student/UR_Robot_ws/install/ur_dashboard_msgs/include/ur_dashboard_msgs/ur_dashboard_msgs/action/detail/set_mode__struct.hpp
[1.889s] -- Up-to-date symlink: /home/student/UR_Robot_ws/install/ur_dashboard_msgs/include/ur_dashboard_msgs/ur_dashboard_msgs/action/detail/set_mode__traits.hpp
[1.889s] -- Up-to-date symlink: /home/student/UR_Robot_ws/install/ur_dashboard_msgs/include/ur_dashboard_msgs/ur_dashboard_msgs/action/detail/set_mode__type_support.hpp
[1.890s] -- Up-to-date symlink: /home/student/UR_Robot_ws/install/ur_dashboard_msgs/include/ur_dashboard_msgs/ur_dashboard_msgs/action/set_mode.hpp
[1.890s] -- Up-to-date symlink: /home/student/UR_Robot_ws/install/ur_dashboard_msgs/include/ur_dashboard_msgs/ur_dashboard_msgs/msg/detail/program_state__builder.hpp
[1.890s] -- Up-to-date symlink: /home/student/UR_Robot_ws/install/ur_dashboard_msgs/include/ur_dashboard_msgs/ur_dashboard_msgs/msg/detail/program_state__struct.hpp
[1.890s] -- Up-to-date symlink: /home/student/UR_Robot_ws/install/ur_dashboard_msgs/include/ur_dashboard_msgs/ur_dashboard_msgs/msg/detail/program_state__traits.hpp
[1.890s] -- Up-to-date symlink: /home/student/UR_Robot_ws/install/ur_dashboard_msgs/include/ur_dashboard_msgs/ur_dashboard_msgs/msg/detail/program_state__type_support.hpp
[1.890s] -- Up-to-date symlink: /home/student/UR_Robot_ws/install/ur_dashboard_msgs/include/ur_dashboard_msgs/ur_dashboard_msgs/msg/detail/robot_mode__builder.hpp
[1.891s] -- Up-to-date symlink: /home/student/UR_Robot_ws/install/ur_dashboard_msgs/include/ur_dashboard_msgs/ur_dashboard_msgs/msg/detail/robot_mode__struct.hpp
[1.891s] -- Up-to-date symlink: /home/student/UR_Robot_ws/install/ur_dashboard_msgs/include/ur_dashboard_msgs/ur_dashboard_msgs/msg/detail/robot_mode__traits.hpp
[1.891s] -- Up-to-date symlink: /home/student/UR_Robot_ws/install/ur_dashboard_msgs/include/ur_dashboard_msgs/ur_dashboard_msgs/msg/detail/robot_mode__type_support.hpp
[1.891s] -- Up-to-date symlink: /home/student/UR_Robot_ws/install/ur_dashboard_msgs/include/ur_dashboard_msgs/ur_dashboard_msgs/msg/detail/safety_mode__builder.hpp
[1.891s] -- Up-to-date symlink: /home/student/UR_Robot_ws/install/ur_dashboard_msgs/include/ur_dashboard_msgs/ur_dashboard_msgs/msg/detail/safety_mode__struct.hpp
[1.892s] -- Up-to-date symlink: /home/student/UR_Robot_ws/install/ur_dashboard_msgs/include/ur_dashboard_msgs/ur_dashboard_msgs/msg/detail/safety_mode__traits.hpp
[1.892s] -- Up-to-date symlink: /home/student/UR_Robot_ws/install/ur_dashboard_msgs/include/ur_dashboard_msgs/ur_dashboard_msgs/msg/detail/safety_mode__type_support.hpp
[1.892s] -- Up-to-date symlink: /home/student/UR_Robot_ws/install/ur_dashboard_msgs/include/ur_dashboard_msgs/ur_dashboard_msgs/msg/program_state.hpp
[1.892s] -- Up-to-date symlink: /home/student/UR_Robot_ws/install/ur_dashboard_msgs/include/ur_dashboard_msgs/ur_dashboard_msgs/msg/robot_mode.hpp
[1.892s] -- Up-to-date symlink: /home/student/UR_Robot_ws/install/ur_dashboard_msgs/include/ur_dashboard_msgs/ur_dashboard_msgs/msg/rosidl_generator_cpp__visibility_control.hpp
[1.892s] -- Up-to-date symlink: /home/student/UR_Robot_ws/install/ur_dashboard_msgs/include/ur_dashboard_msgs/ur_dashboard_msgs/msg/safety_mode.hpp
[1.893s] -- Up-to-date symlink: /home/student/UR_Robot_ws/install/ur_dashboard_msgs/include/ur_dashboard_msgs/ur_dashboard_msgs/srv/add_to_log.hpp
[1.893s] -- Up-to-date symlink: /home/student/UR_Robot_ws/install/ur_dashboard_msgs/include/ur_dashboard_msgs/ur_dashboard_msgs/srv/detail/add_to_log__builder.hpp
[1.893s] -- Up-to-date symlink: /home/student/UR_Robot_ws/install/ur_dashboard_msgs/include/ur_dashboard_msgs/ur_dashboard_msgs/srv/detail/add_to_log__struct.hpp
[1.893s] -- Up-to-date symlink: /home/student/UR_Robot_ws/install/ur_dashboard_msgs/include/ur_dashboard_msgs/ur_dashboard_msgs/srv/detail/add_to_log__traits.hpp
[1.894s] -- Up-to-date symlink: /home/student/UR_Robot_ws/install/ur_dashboard_msgs/include/ur_dashboard_msgs/ur_dashboard_msgs/srv/detail/add_to_log__type_support.hpp
[1.894s] -- Up-to-date symlink: /home/student/UR_Robot_ws/install/ur_dashboard_msgs/include/ur_dashboard_msgs/ur_dashboard_msgs/srv/detail/get_loaded_program__builder.hpp
[1.894s] -- Up-to-date symlink: /home/student/UR_Robot_ws/install/ur_dashboard_msgs/include/ur_dashboard_msgs/ur_dashboard_msgs/srv/detail/get_loaded_program__struct.hpp
[1.894s] -- Up-to-date symlink: /home/student/UR_Robot_ws/install/ur_dashboard_msgs/include/ur_dashboard_msgs/ur_dashboard_msgs/srv/detail/get_loaded_program__traits.hpp
[1.895s] -- Up-to-date symlink: /home/student/UR_Robot_ws/install/ur_dashboard_msgs/include/ur_dashboard_msgs/ur_dashboard_msgs/srv/detail/get_loaded_program__type_support.hpp
[1.895s] -- Up-to-date symlink: /home/student/UR_Robot_ws/install/ur_dashboard_msgs/include/ur_dashboard_msgs/ur_dashboard_msgs/srv/detail/get_program_state__builder.hpp
[1.895s] -- Up-to-date symlink: /home/student/UR_Robot_ws/install/ur_dashboard_msgs/include/ur_dashboard_msgs/ur_dashboard_msgs/srv/detail/get_program_state__struct.hpp
[1.896s] -- Up-to-date symlink: /home/student/UR_Robot_ws/install/ur_dashboard_msgs/include/ur_dashboard_msgs/ur_dashboard_msgs/srv/detail/get_program_state__traits.hpp
[1.896s] -- Up-to-date symlink: /home/student/UR_Robot_ws/install/ur_dashboard_msgs/include/ur_dashboard_msgs/ur_dashboard_msgs/srv/detail/get_program_state__type_support.hpp
[1.896s] -- Up-to-date symlink: /home/student/UR_Robot_ws/install/ur_dashboard_msgs/include/ur_dashboard_msgs/ur_dashboard_msgs/srv/detail/get_robot_mode__builder.hpp
[1.896s] -- Up-to-date symlink: /home/student/UR_Robot_ws/install/ur_dashboard_msgs/include/ur_dashboard_msgs/ur_dashboard_msgs/srv/detail/get_robot_mode__struct.hpp
[1.897s] -- Up-to-date symlink: /home/student/UR_Robot_ws/install/ur_dashboard_msgs/include/ur_dashboard_msgs/ur_dashboard_msgs/srv/detail/get_robot_mode__traits.hpp
[1.897s] -- Up-to-date symlink: /home/student/UR_Robot_ws/install/ur_dashboard_msgs/include/ur_dashboard_msgs/ur_dashboard_msgs/srv/detail/get_robot_mode__type_support.hpp
[1.897s] -- Up-to-date symlink: /home/student/UR_Robot_ws/install/ur_dashboard_msgs/include/ur_dashboard_msgs/ur_dashboard_msgs/srv/detail/get_safety_mode__builder.hpp
[1.897s] -- Up-to-date symlink: /home/student/UR_Robot_ws/install/ur_dashboard_msgs/include/ur_dashboard_msgs/ur_dashboard_msgs/srv/detail/get_safety_mode__struct.hpp
[1.897s] -- Up-to-date symlink: /home/student/UR_Robot_ws/install/ur_dashboard_msgs/include/ur_dashboard_msgs/ur_dashboard_msgs/srv/detail/get_safety_mode__traits.hpp
[1.898s] -- Up-to-date symlink: /home/student/UR_Robot_ws/install/ur_dashboard_msgs/include/ur_dashboard_msgs/ur_dashboard_msgs/srv/detail/get_safety_mode__type_support.hpp
[1.898s] -- Up-to-date symlink: /home/student/UR_Robot_ws/install/ur_dashboard_msgs/include/ur_dashboard_msgs/ur_dashboard_msgs/srv/detail/is_in_remote_control__builder.hpp
[1.898s] -- Up-to-date symlink: /home/student/UR_Robot_ws/install/ur_dashboard_msgs/include/ur_dashboard_msgs/ur_dashboard_msgs/srv/detail/is_in_remote_control__struct.hpp
[1.898s] -- Up-to-date symlink: /home/student/UR_Robot_ws/install/ur_dashboard_msgs/include/ur_dashboard_msgs/ur_dashboard_msgs/srv/detail/is_in_remote_control__traits.hpp
[1.898s] -- Up-to-date symlink: /home/student/UR_Robot_ws/install/ur_dashboard_msgs/include/ur_dashboard_msgs/ur_dashboard_msgs/srv/detail/is_in_remote_control__type_support.hpp
[1.898s] -- Up-to-date symlink: /home/student/UR_Robot_ws/install/ur_dashboard_msgs/include/ur_dashboard_msgs/ur_dashboard_msgs/srv/detail/is_program_running__builder.hpp
[1.899s] -- Up-to-date symlink: /home/student/UR_Robot_ws/install/ur_dashboard_msgs/include/ur_dashboard_msgs/ur_dashboard_msgs/srv/detail/is_program_running__struct.hpp
[1.899s] -- Up-to-date symlink: /home/student/UR_Robot_ws/install/ur_dashboard_msgs/include/ur_dashboard_msgs/ur_dashboard_msgs/srv/detail/is_program_running__traits.hpp
[1.899s] -- Up-to-date symlink: /home/student/UR_Robot_ws/install/ur_dashboard_msgs/include/ur_dashboard_msgs/ur_dashboard_msgs/srv/detail/is_program_running__type_support.hpp
[1.899s] -- Up-to-date symlink: /home/student/UR_Robot_ws/install/ur_dashboard_msgs/include/ur_dashboard_msgs/ur_dashboard_msgs/srv/detail/is_program_saved__builder.hpp
[1.899s] -- Up-to-date symlink: /home/student/UR_Robot_ws/install/ur_dashboard_msgs/include/ur_dashboard_msgs/ur_dashboard_msgs/srv/detail/is_program_saved__struct.hpp
[1.900s] -- Up-to-date symlink: /home/student/UR_Robot_ws/install/ur_dashboard_msgs/include/ur_dashboard_msgs/ur_dashboard_msgs/srv/detail/is_program_saved__traits.hpp
[1.900s] -- Up-to-date symlink: /home/student/UR_Robot_ws/install/ur_dashboard_msgs/include/ur_dashboard_msgs/ur_dashboard_msgs/srv/detail/is_program_saved__type_support.hpp
[1.900s] -- Up-to-date symlink: /home/student/UR_Robot_ws/install/ur_dashboard_msgs/include/ur_dashboard_msgs/ur_dashboard_msgs/srv/detail/load__builder.hpp
[1.900s] -- Up-to-date symlink: /home/student/UR_Robot_ws/install/ur_dashboard_msgs/include/ur_dashboard_msgs/ur_dashboard_msgs/srv/detail/load__struct.hpp
[1.901s] -- Up-to-date symlink: /home/student/UR_Robot_ws/install/ur_dashboard_msgs/include/ur_dashboard_msgs/ur_dashboard_msgs/srv/detail/load__traits.hpp
[1.901s] -- Up-to-date symlink: /home/student/UR_Robot_ws/install/ur_dashboard_msgs/include/ur_dashboard_msgs/ur_dashboard_msgs/srv/detail/load__type_support.hpp
[1.901s] -- Up-to-date symlink: /home/student/UR_Robot_ws/install/ur_dashboard_msgs/include/ur_dashboard_msgs/ur_dashboard_msgs/srv/detail/popup__builder.hpp
[1.901s] -- Up-to-date symlink: /home/student/UR_Robot_ws/install/ur_dashboard_msgs/include/ur_dashboard_msgs/ur_dashboard_msgs/srv/detail/popup__struct.hpp
[1.902s] -- Up-to-date symlink: /home/student/UR_Robot_ws/install/ur_dashboard_msgs/include/ur_dashboard_msgs/ur_dashboard_msgs/srv/detail/popup__traits.hpp
[1.902s] -- Up-to-date symlink: /home/student/UR_Robot_ws/install/ur_dashboard_msgs/include/ur_dashboard_msgs/ur_dashboard_msgs/srv/detail/popup__type_support.hpp
[1.902s] -- Up-to-date symlink: /home/student/UR_Robot_ws/install/ur_dashboard_msgs/include/ur_dashboard_msgs/ur_dashboard_msgs/srv/detail/raw_request__builder.hpp
[1.902s] -- Up-to-date symlink: /home/student/UR_Robot_ws/install/ur_dashboard_msgs/include/ur_dashboard_msgs/ur_dashboard_msgs/srv/detail/raw_request__struct.hpp
[1.903s] -- Up-to-date symlink: /home/student/UR_Robot_ws/install/ur_dashboard_msgs/include/ur_dashboard_msgs/ur_dashboard_msgs/srv/detail/raw_request__traits.hpp
[1.903s] -- Up-to-date symlink: /home/student/UR_Robot_ws/install/ur_dashboard_msgs/include/ur_dashboard_msgs/ur_dashboard_msgs/srv/detail/raw_request__type_support.hpp
[1.903s] -- Up-to-date symlink: /home/student/UR_Robot_ws/install/ur_dashboard_msgs/include/ur_dashboard_msgs/ur_dashboard_msgs/srv/get_loaded_program.hpp
[1.903s] -- Up-to-date symlink: /home/student/UR_Robot_ws/install/ur_dashboard_msgs/include/ur_dashboard_msgs/ur_dashboard_msgs/srv/get_program_state.hpp
[1.903s] -- Up-to-date symlink: /home/student/UR_Robot_ws/install/ur_dashboard_msgs/include/ur_dashboard_msgs/ur_dashboard_msgs/srv/get_robot_mode.hpp
[1.903s] -- Up-to-date symlink: /home/student/UR_Robot_ws/install/ur_dashboard_msgs/include/ur_dashboard_msgs/ur_dashboard_msgs/srv/get_safety_mode.hpp
[1.903s] -- Up-to-date symlink: /home/student/UR_Robot_ws/install/ur_dashboard_msgs/include/ur_dashboard_msgs/ur_dashboard_msgs/srv/is_in_remote_control.hpp
[1.903s] -- Up-to-date symlink: /home/student/UR_Robot_ws/install/ur_dashboard_msgs/include/ur_dashboard_msgs/ur_dashboard_msgs/srv/is_program_running.hpp
[1.904s] -- Up-to-date symlink: /home/student/UR_Robot_ws/install/ur_dashboard_msgs/include/ur_dashboard_msgs/ur_dashboard_msgs/srv/is_program_saved.hpp
[1.904s] -- Up-to-date symlink: /home/student/UR_Robot_ws/install/ur_dashboard_msgs/include/ur_dashboard_msgs/ur_dashboard_msgs/srv/load.hpp
[1.904s] -- Up-to-date symlink: /home/student/UR_Robot_ws/install/ur_dashboard_msgs/include/ur_dashboard_msgs/ur_dashboard_msgs/srv/popup.hpp
[1.904s] -- Up-to-date symlink: /home/student/UR_Robot_ws/install/ur_dashboard_msgs/include/ur_dashboard_msgs/ur_dashboard_msgs/srv/raw_request.hpp
[1.905s] -- Up-to-date symlink: /home/student/UR_Robot_ws/install/ur_dashboard_msgs/include/ur_dashboard_msgs/ur_dashboard_msgs/action/detail/set_mode__rosidl_typesupport_fastrtps_cpp.hpp
[1.905s] -- Up-to-date symlink: /home/student/UR_Robot_ws/install/ur_dashboard_msgs/include/ur_dashboard_msgs/ur_dashboard_msgs/msg/detail/program_state__rosidl_typesupport_fastrtps_cpp.hpp
[1.905s] -- Up-to-date symlink: /home/student/UR_Robot_ws/install/ur_dashboard_msgs/include/ur_dashboard_msgs/ur_dashboard_msgs/msg/detail/robot_mode__rosidl_typesupport_fastrtps_cpp.hpp
[1.905s] -- Up-to-date symlink: /home/student/UR_Robot_ws/install/ur_dashboard_msgs/include/ur_dashboard_msgs/ur_dashboard_msgs/msg/detail/safety_mode__rosidl_typesupport_fastrtps_cpp.hpp
[1.906s] -- Up-to-date symlink: /home/student/UR_Robot_ws/install/ur_dashboard_msgs/include/ur_dashboard_msgs/ur_dashboard_msgs/msg/rosidl_typesupport_fastrtps_cpp__visibility_control.h
[1.906s] -- Up-to-date symlink: /home/student/UR_Robot_ws/install/ur_dashboard_msgs/include/ur_dashboard_msgs/ur_dashboard_msgs/srv/detail/add_to_log__rosidl_typesupport_fastrtps_cpp.hpp
[1.906s] -- Up-to-date symlink: /home/student/UR_Robot_ws/install/ur_dashboard_msgs/include/ur_dashboard_msgs/ur_dashboard_msgs/srv/detail/get_loaded_program__rosidl_typesupport_fastrtps_cpp.hpp
[1.906s] -- Up-to-date symlink: /home/student/UR_Robot_ws/install/ur_dashboard_msgs/include/ur_dashboard_msgs/ur_dashboard_msgs/srv/detail/get_program_state__rosidl_typesupport_fastrtps_cpp.hpp
[1.906s] -- Up-to-date symlink: /home/student/UR_Robot_ws/install/ur_dashboard_msgs/include/ur_dashboard_msgs/ur_dashboard_msgs/srv/detail/get_robot_mode__rosidl_typesupport_fastrtps_cpp.hpp
[1.906s] -- Up-to-date symlink: /home/student/UR_Robot_ws/install/ur_dashboard_msgs/include/ur_dashboard_msgs/ur_dashboard_msgs/srv/detail/get_safety_mode__rosidl_typesupport_fastrtps_cpp.hpp
[1.906s] -- Up-to-date symlink: /home/student/UR_Robot_ws/install/ur_dashboard_msgs/include/ur_dashboard_msgs/ur_dashboard_msgs/srv/detail/is_in_remote_control__rosidl_typesupport_fastrtps_cpp.hpp
[1.907s] -- Up-to-date symlink: /home/student/UR_Robot_ws/install/ur_dashboard_msgs/include/ur_dashboard_msgs/ur_dashboard_msgs/srv/detail/is_program_running__rosidl_typesupport_fastrtps_cpp.hpp
[1.907s] -- Up-to-date symlink: /home/student/UR_Robot_ws/install/ur_dashboard_msgs/include/ur_dashboard_msgs/ur_dashboard_msgs/srv/detail/is_program_saved__rosidl_typesupport_fastrtps_cpp.hpp
[1.907s] -- Up-to-date symlink: /home/student/UR_Robot_ws/install/ur_dashboard_msgs/include/ur_dashboard_msgs/ur_dashboard_msgs/srv/detail/load__rosidl_typesupport_fastrtps_cpp.hpp
[1.907s] -- Up-to-date symlink: /home/student/UR_Robot_ws/install/ur_dashboard_msgs/include/ur_dashboard_msgs/ur_dashboard_msgs/srv/detail/popup__rosidl_typesupport_fastrtps_cpp.hpp
[1.907s] -- Up-to-date symlink: /home/student/UR_Robot_ws/install/ur_dashboard_msgs/include/ur_dashboard_msgs/ur_dashboard_msgs/srv/detail/raw_request__rosidl_typesupport_fastrtps_cpp.hpp
[1.908s] -- Up-to-date symlink: /home/student/UR_Robot_ws/install/ur_dashboard_msgs/include/ur_dashboard_msgs/ur_dashboard_msgs/action/detail/set_mode__rosidl_typesupport_introspection_cpp.hpp
[1.908s] -- Up-to-date symlink: /home/student/UR_Robot_ws/install/ur_dashboard_msgs/include/ur_dashboard_msgs/ur_dashboard_msgs/msg/detail/program_state__rosidl_typesupport_introspection_cpp.hpp
[1.908s] -- Up-to-date symlink: /home/student/UR_Robot_ws/install/ur_dashboard_msgs/include/ur_dashboard_msgs/ur_dashboard_msgs/msg/detail/robot_mode__rosidl_typesupport_introspection_cpp.hpp
[1.908s] -- Up-to-date symlink: /home/student/UR_Robot_ws/install/ur_dashboard_msgs/include/ur_dashboard_msgs/ur_dashboard_msgs/msg/detail/safety_mode__rosidl_typesupport_introspection_cpp.hpp
[1.908s] -- Up-to-date symlink: /home/student/UR_Robot_ws/install/ur_dashboard_msgs/include/ur_dashboard_msgs/ur_dashboard_msgs/srv/detail/add_to_log__rosidl_typesupport_introspection_cpp.hpp
[1.908s] -- Up-to-date symlink: /home/student/UR_Robot_ws/install/ur_dashboard_msgs/include/ur_dashboard_msgs/ur_dashboard_msgs/srv/detail/get_loaded_program__rosidl_typesupport_introspection_cpp.hpp
[1.908s] -- Up-to-date symlink: /home/student/UR_Robot_ws/install/ur_dashboard_msgs/include/ur_dashboard_msgs/ur_dashboard_msgs/srv/detail/get_program_state__rosidl_typesupport_introspection_cpp.hpp
[1.909s] -- Up-to-date symlink: /home/student/UR_Robot_ws/install/ur_dashboard_msgs/include/ur_dashboard_msgs/ur_dashboard_msgs/srv/detail/get_robot_mode__rosidl_typesupport_introspection_cpp.hpp
[1.909s] -- Up-to-date symlink: /home/student/UR_Robot_ws/install/ur_dashboard_msgs/include/ur_dashboard_msgs/ur_dashboard_msgs/srv/detail/get_safety_mode__rosidl_typesupport_introspection_cpp.hpp
[1.909s] -- Up-to-date symlink: /home/student/UR_Robot_ws/install/ur_dashboard_msgs/include/ur_dashboard_msgs/ur_dashboard_msgs/srv/detail/is_in_remote_control__rosidl_typesupport_introspection_cpp.hpp
[1.909s] -- Up-to-date symlink: /home/student/UR_Robot_ws/install/ur_dashboard_msgs/include/ur_dashboard_msgs/ur_dashboard_msgs/srv/detail/is_program_running__rosidl_typesupport_introspection_cpp.hpp
[1.909s] -- Up-to-date symlink: /home/student/UR_Robot_ws/install/ur_dashboard_msgs/include/ur_dashboard_msgs/ur_dashboard_msgs/srv/detail/is_program_saved__rosidl_typesupport_introspection_cpp.hpp
[1.909s] -- Up-to-date symlink: /home/student/UR_Robot_ws/install/ur_dashboard_msgs/include/ur_dashboard_msgs/ur_dashboard_msgs/srv/detail/load__rosidl_typesupport_introspection_cpp.hpp
[1.909s] -- Up-to-date symlink: /home/student/UR_Robot_ws/install/ur_dashboard_msgs/include/ur_dashboard_msgs/ur_dashboard_msgs/srv/detail/popup__rosidl_typesupport_introspection_cpp.hpp
[1.910s] -- Up-to-date symlink: /home/student/UR_Robot_ws/install/ur_dashboard_msgs/include/ur_dashboard_msgs/ur_dashboard_msgs/srv/detail/raw_request__rosidl_typesupport_introspection_cpp.hpp
[1.910s] -- Up-to-date symlink: /home/student/UR_Robot_ws/install/ur_dashboard_msgs/share/ur_dashboard_msgs/environment/pythonpath.sh
[1.910s] -- Up-to-date symlink: /home/student/UR_Robot_ws/install/ur_dashboard_msgs/share/ur_dashboard_msgs/environment/pythonpath.dsv
[1.910s] -- Up-to-date symlink: /home/student/UR_Robot_ws/install/ur_dashboard_msgs/local/lib/python3.10/dist-packages/ur_dashboard_msgs-2.8.1-py3.10.egg-info/PKG-INFO
[1.910s] -- Up-to-date symlink: /home/student/UR_Robot_ws/install/ur_dashboard_msgs/local/lib/python3.10/dist-packages/ur_dashboard_msgs-2.8.1-py3.10.egg-info/SOURCES.txt
[1.911s] -- Up-to-date symlink: /home/student/UR_Robot_ws/install/ur_dashboard_msgs/local/lib/python3.10/dist-packages/ur_dashboard_msgs-2.8.1-py3.10.egg-info/dependency_links.txt
[1.911s] -- Up-to-date symlink: /home/student/UR_Robot_ws/install/ur_dashboard_msgs/local/lib/python3.10/dist-packages/ur_dashboard_msgs-2.8.1-py3.10.egg-info/top_level.txt
[1.912s] -- Up-to-date symlink: /home/student/UR_Robot_ws/install/ur_dashboard_msgs/local/lib/python3.10/dist-packages/ur_dashboard_msgs/__init__.py
[1.912s] -- Up-to-date symlink: /home/student/UR_Robot_ws/install/ur_dashboard_msgs/local/lib/python3.10/dist-packages/ur_dashboard_msgs/_ur_dashboard_msgs_s.ep.rosidl_typesupport_c.c
[1.912s] -- Up-to-date symlink: /home/student/UR_Robot_ws/install/ur_dashboard_msgs/local/lib/python3.10/dist-packages/ur_dashboard_msgs/_ur_dashboard_msgs_s.ep.rosidl_typesupport_fastrtps_c.c
[1.912s] -- Up-to-date symlink: /home/student/UR_Robot_ws/install/ur_dashboard_msgs/local/lib/python3.10/dist-packages/ur_dashboard_msgs/_ur_dashboard_msgs_s.ep.rosidl_typesupport_introspection_c.c
[1.912s] -- Up-to-date symlink: /home/student/UR_Robot_ws/install/ur_dashboard_msgs/local/lib/python3.10/dist-packages/ur_dashboard_msgs/action/__init__.py
[1.912s] -- Up-to-date symlink: /home/student/UR_Robot_ws/install/ur_dashboard_msgs/local/lib/python3.10/dist-packages/ur_dashboard_msgs/action/_set_mode.py
[1.913s] -- Up-to-date symlink: /home/student/UR_Robot_ws/install/ur_dashboard_msgs/local/lib/python3.10/dist-packages/ur_dashboard_msgs/action/_set_mode_s.c
[1.913s] -- Up-to-date symlink: /home/student/UR_Robot_ws/install/ur_dashboard_msgs/local/lib/python3.10/dist-packages/ur_dashboard_msgs/libur_dashboard_msgs__rosidl_generator_py.so
[1.913s] -- Up-to-date symlink: /home/student/UR_Robot_ws/install/ur_dashboard_msgs/local/lib/python3.10/dist-packages/ur_dashboard_msgs/msg/__init__.py
[1.913s] -- Up-to-date symlink: /home/student/UR_Robot_ws/install/ur_dashboard_msgs/local/lib/python3.10/dist-packages/ur_dashboard_msgs/msg/_program_state.py
[1.913s] -- Up-to-date symlink: /home/student/UR_Robot_ws/install/ur_dashboard_msgs/local/lib/python3.10/dist-packages/ur_dashboard_msgs/msg/_program_state_s.c
[1.913s] -- Up-to-date symlink: /home/student/UR_Robot_ws/install/ur_dashboard_msgs/local/lib/python3.10/dist-packages/ur_dashboard_msgs/msg/_robot_mode.py
[1.913s] -- Up-to-date symlink: /home/student/UR_Robot_ws/install/ur_dashboard_msgs/local/lib/python3.10/dist-packages/ur_dashboard_msgs/msg/_robot_mode_s.c
[1.913s] -- Up-to-date symlink: /home/student/UR_Robot_ws/install/ur_dashboard_msgs/local/lib/python3.10/dist-packages/ur_dashboard_msgs/msg/_safety_mode.py
[1.914s] -- Up-to-date symlink: /home/student/UR_Robot_ws/install/ur_dashboard_msgs/local/lib/python3.10/dist-packages/ur_dashboard_msgs/msg/_safety_mode_s.c
[1.914s] -- Up-to-date symlink: /home/student/UR_Robot_ws/install/ur_dashboard_msgs/local/lib/python3.10/dist-packages/ur_dashboard_msgs/srv/__init__.py
[1.914s] -- Up-to-date symlink: /home/student/UR_Robot_ws/install/ur_dashboard_msgs/local/lib/python3.10/dist-packages/ur_dashboard_msgs/srv/_add_to_log.py
[1.914s] -- Up-to-date symlink: /home/student/UR_Robot_ws/install/ur_dashboard_msgs/local/lib/python3.10/dist-packages/ur_dashboard_msgs/srv/_add_to_log_s.c
[1.914s] -- Up-to-date symlink: /home/student/UR_Robot_ws/install/ur_dashboard_msgs/local/lib/python3.10/dist-packages/ur_dashboard_msgs/srv/_get_loaded_program.py
[1.914s] -- Up-to-date symlink: /home/student/UR_Robot_ws/install/ur_dashboard_msgs/local/lib/python3.10/dist-packages/ur_dashboard_msgs/srv/_get_loaded_program_s.c
[1.914s] -- Up-to-date symlink: /home/student/UR_Robot_ws/install/ur_dashboard_msgs/local/lib/python3.10/dist-packages/ur_dashboard_msgs/srv/_get_program_state.py
[1.915s] -- Up-to-date symlink: /home/student/UR_Robot_ws/install/ur_dashboard_msgs/local/lib/python3.10/dist-packages/ur_dashboard_msgs/srv/_get_program_state_s.c
[1.915s] -- Up-to-date symlink: /home/student/UR_Robot_ws/install/ur_dashboard_msgs/local/lib/python3.10/dist-packages/ur_dashboard_msgs/srv/_get_robot_mode.py
[1.915s] -- Up-to-date symlink: /home/student/UR_Robot_ws/install/ur_dashboard_msgs/local/lib/python3.10/dist-packages/ur_dashboard_msgs/srv/_get_robot_mode_s.c
[1.915s] -- Up-to-date symlink: /home/student/UR_Robot_ws/install/ur_dashboard_msgs/local/lib/python3.10/dist-packages/ur_dashboard_msgs/srv/_get_safety_mode.py
[1.915s] -- Up-to-date symlink: /home/student/UR_Robot_ws/install/ur_dashboard_msgs/local/lib/python3.10/dist-packages/ur_dashboard_msgs/srv/_get_safety_mode_s.c
[1.915s] -- Up-to-date symlink: /home/student/UR_Robot_ws/install/ur_dashboard_msgs/local/lib/python3.10/dist-packages/ur_dashboard_msgs/srv/_is_in_remote_control.py
[1.915s] -- Up-to-date symlink: /home/student/UR_Robot_ws/install/ur_dashboard_msgs/local/lib/python3.10/dist-packages/ur_dashboard_msgs/srv/_is_in_remote_control_s.c
[1.915s] -- Up-to-date symlink: /home/student/UR_Robot_ws/install/ur_dashboard_msgs/local/lib/python3.10/dist-packages/ur_dashboard_msgs/srv/_is_program_running.py
[1.916s] -- Up-to-date symlink: /home/student/UR_Robot_ws/install/ur_dashboard_msgs/local/lib/python3.10/dist-packages/ur_dashboard_msgs/srv/_is_program_running_s.c
[1.916s] -- Up-to-date symlink: /home/student/UR_Robot_ws/install/ur_dashboard_msgs/local/lib/python3.10/dist-packages/ur_dashboard_msgs/srv/_is_program_saved.py
[1.916s] -- Up-to-date symlink: /home/student/UR_Robot_ws/install/ur_dashboard_msgs/local/lib/python3.10/dist-packages/ur_dashboard_msgs/srv/_is_program_saved_s.c
[1.916s] -- Up-to-date symlink: /home/student/UR_Robot_ws/install/ur_dashboard_msgs/local/lib/python3.10/dist-packages/ur_dashboard_msgs/srv/_load.py
[1.916s] -- Up-to-date symlink: /home/student/UR_Robot_ws/install/ur_dashboard_msgs/local/lib/python3.10/dist-packages/ur_dashboard_msgs/srv/_load_s.c
[1.916s] -- Up-to-date symlink: /home/student/UR_Robot_ws/install/ur_dashboard_msgs/local/lib/python3.10/dist-packages/ur_dashboard_msgs/srv/_popup.py
[1.916s] -- Up-to-date symlink: /home/student/UR_Robot_ws/install/ur_dashboard_msgs/local/lib/python3.10/dist-packages/ur_dashboard_msgs/srv/_popup_s.c
[1.917s] -- Up-to-date symlink: /home/student/UR_Robot_ws/install/ur_dashboard_msgs/local/lib/python3.10/dist-packages/ur_dashboard_msgs/srv/_raw_request.py
[1.917s] -- Up-to-date symlink: /home/student/UR_Robot_ws/install/ur_dashboard_msgs/local/lib/python3.10/dist-packages/ur_dashboard_msgs/srv/_raw_request_s.c
[1.917s] -- Up-to-date symlink: /home/student/UR_Robot_ws/install/ur_dashboard_msgs/local/lib/python3.10/dist-packages/ur_dashboard_msgs/ur_dashboard_msgs_s__rosidl_typesupport_c.cpython-310-x86_64-linux-gnu.so
[1.917s] -- Up-to-date symlink: /home/student/UR_Robot_ws/install/ur_dashboard_msgs/local/lib/python3.10/dist-packages/ur_dashboard_msgs/ur_dashboard_msgs_s__rosidl_typesupport_fastrtps_c.cpython-310-x86_64-linux-gnu.so
[1.917s] -- Up-to-date symlink: /home/student/UR_Robot_ws/install/ur_dashboard_msgs/local/lib/python3.10/dist-packages/ur_dashboard_msgs/ur_dashboard_msgs_s__rosidl_typesupport_introspection_c.cpython-310-x86_64-linux-gnu.so
[1.917s] -- Up-to-date symlink: /home/student/UR_Robot_ws/install/ur_dashboard_msgs/local/lib/python3.10/dist-packages/ur_dashboard_msgs/ur_dashboard_msgs_s__rosidl_typesupport_fastrtps_c.cpython-310-x86_64-linux-gnu.so
[1.918s] -- Up-to-date symlink: /home/student/UR_Robot_ws/install/ur_dashboard_msgs/local/lib/python3.10/dist-packages/ur_dashboard_msgs/ur_dashboard_msgs_s__rosidl_typesupport_introspection_c.cpython-310-x86_64-linux-gnu.so
[1.918s] -- Up-to-date symlink: /home/student/UR_Robot_ws/install/ur_dashboard_msgs/local/lib/python3.10/dist-packages/ur_dashboard_msgs/ur_dashboard_msgs_s__rosidl_typesupport_c.cpython-310-x86_64-linux-gnu.so
[1.918s] -- Up-to-date symlink: /home/student/UR_Robot_ws/install/ur_dashboard_msgs/share/ur_dashboard_msgs/msg/ProgramState.idl
[1.918s] -- Up-to-date symlink: /home/student/UR_Robot_ws/install/ur_dashboard_msgs/share/ur_dashboard_msgs/msg/RobotMode.idl
[1.918s] -- Up-to-date symlink: /home/student/UR_Robot_ws/install/ur_dashboard_msgs/share/ur_dashboard_msgs/msg/SafetyMode.idl
[1.918s] -- Up-to-date symlink: /home/student/UR_Robot_ws/install/ur_dashboard_msgs/share/ur_dashboard_msgs/srv/AddToLog.idl
[1.919s] -- Up-to-date symlink: /home/student/UR_Robot_ws/install/ur_dashboard_msgs/share/ur_dashboard_msgs/srv/GetLoadedProgram.idl
[1.919s] -- Up-to-date symlink: /home/student/UR_Robot_ws/install/ur_dashboard_msgs/share/ur_dashboard_msgs/srv/GetProgramState.idl
[1.919s] -- Up-to-date symlink: /home/student/UR_Robot_ws/install/ur_dashboard_msgs/share/ur_dashboard_msgs/srv/GetRobotMode.idl
[1.919s] -- Up-to-date symlink: /home/student/UR_Robot_ws/install/ur_dashboard_msgs/share/ur_dashboard_msgs/srv/GetSafetyMode.idl
[1.919s] -- Up-to-date symlink: /home/student/UR_Robot_ws/install/ur_dashboard_msgs/share/ur_dashboard_msgs/srv/IsProgramRunning.idl
[1.920s] -- Up-to-date symlink: /home/student/UR_Robot_ws/install/ur_dashboard_msgs/share/ur_dashboard_msgs/srv/IsProgramSaved.idl
[1.920s] -- Up-to-date symlink: /home/student/UR_Robot_ws/install/ur_dashboard_msgs/share/ur_dashboard_msgs/srv/Load.idl
[1.920s] -- Up-to-date symlink: /home/student/UR_Robot_ws/install/ur_dashboard_msgs/share/ur_dashboard_msgs/srv/Popup.idl
[1.920s] -- Up-to-date symlink: /home/student/UR_Robot_ws/install/ur_dashboard_msgs/share/ur_dashboard_msgs/srv/RawRequest.idl
[1.920s] -- Up-to-date symlink: /home/student/UR_Robot_ws/install/ur_dashboard_msgs/share/ur_dashboard_msgs/srv/IsInRemoteControl.idl
[1.920s] -- Up-to-date symlink: /home/student/UR_Robot_ws/install/ur_dashboard_msgs/share/ur_dashboard_msgs/action/SetMode.idl
[1.921s] -- Up-to-date symlink: /home/student/UR_Robot_ws/install/ur_dashboard_msgs/share/ur_dashboard_msgs/msg/ProgramState.msg
[1.921s] -- Up-to-date symlink: /home/student/UR_Robot_ws/install/ur_dashboard_msgs/share/ur_dashboard_msgs/msg/RobotMode.msg
[1.921s] -- Up-to-date symlink: /home/student/UR_Robot_ws/install/ur_dashboard_msgs/share/ur_dashboard_msgs/msg/SafetyMode.msg
[1.921s] -- Up-to-date symlink: /home/student/UR_Robot_ws/install/ur_dashboard_msgs/share/ur_dashboard_msgs/srv/AddToLog.srv
[1.922s] -- Up-to-date symlink: /home/student/UR_Robot_ws/install/ur_dashboard_msgs/share/ur_dashboard_msgs/srv/AddToLog_Request.msg
[1.922s] -- Up-to-date symlink: /home/student/UR_Robot_ws/install/ur_dashboard_msgs/share/ur_dashboard_msgs/srv/AddToLog_Response.msg
[1.922s] -- Up-to-date symlink: /home/student/UR_Robot_ws/install/ur_dashboard_msgs/share/ur_dashboard_msgs/srv/GetLoadedProgram.srv
[1.922s] -- Up-to-date symlink: /home/student/UR_Robot_ws/install/ur_dashboard_msgs/share/ur_dashboard_msgs/srv/GetLoadedProgram_Request.msg
[1.923s] -- Up-to-date symlink: /home/student/UR_Robot_ws/install/ur_dashboard_msgs/share/ur_dashboard_msgs/srv/GetLoadedProgram_Response.msg
[1.923s] -- Up-to-date symlink: /home/student/UR_Robot_ws/install/ur_dashboard_msgs/share/ur_dashboard_msgs/srv/GetProgramState.srv
[1.923s] -- Up-to-date symlink: /home/student/UR_Robot_ws/install/ur_dashboard_msgs/share/ur_dashboard_msgs/srv/GetProgramState_Request.msg
[1.923s] -- Up-to-date symlink: /home/student/UR_Robot_ws/install/ur_dashboard_msgs/share/ur_dashboard_msgs/srv/GetProgramState_Response.msg
[1.924s] -- Up-to-date symlink: /home/student/UR_Robot_ws/install/ur_dashboard_msgs/share/ur_dashboard_msgs/srv/GetRobotMode.srv
[1.924s] -- Up-to-date symlink: /home/student/UR_Robot_ws/install/ur_dashboard_msgs/share/ur_dashboard_msgs/srv/GetRobotMode_Request.msg
[1.924s] -- Up-to-date symlink: /home/student/UR_Robot_ws/install/ur_dashboard_msgs/share/ur_dashboard_msgs/srv/GetRobotMode_Response.msg
[1.924s] -- Up-to-date symlink: /home/student/UR_Robot_ws/install/ur_dashboard_msgs/share/ur_dashboard_msgs/srv/GetSafetyMode.srv
[1.924s] -- Up-to-date symlink: /home/student/UR_Robot_ws/install/ur_dashboard_msgs/share/ur_dashboard_msgs/srv/GetSafetyMode_Request.msg
[1.924s] -- Up-to-date symlink: /home/student/UR_Robot_ws/install/ur_dashboard_msgs/share/ur_dashboard_msgs/srv/GetSafetyMode_Response.msg
[1.925s] -- Up-to-date symlink: /home/student/UR_Robot_ws/install/ur_dashboard_msgs/share/ur_dashboard_msgs/srv/IsProgramRunning.srv
[1.925s] -- Up-to-date symlink: /home/student/UR_Robot_ws/install/ur_dashboard_msgs/share/ur_dashboard_msgs/srv/IsProgramRunning_Request.msg
[1.925s] -- Up-to-date symlink: /home/student/UR_Robot_ws/install/ur_dashboard_msgs/share/ur_dashboard_msgs/srv/IsProgramRunning_Response.msg
[1.925s] -- Up-to-date symlink: /home/student/UR_Robot_ws/install/ur_dashboard_msgs/share/ur_dashboard_msgs/srv/IsProgramSaved.srv
[1.925s] -- Up-to-date symlink: /home/student/UR_Robot_ws/install/ur_dashboard_msgs/share/ur_dashboard_msgs/srv/IsProgramSaved_Request.msg
[1.925s] -- Up-to-date symlink: /home/student/UR_Robot_ws/install/ur_dashboard_msgs/share/ur_dashboard_msgs/srv/IsProgramSaved_Response.msg
[1.926s] -- Up-to-date symlink: /home/student/UR_Robot_ws/install/ur_dashboard_msgs/share/ur_dashboard_msgs/srv/Load.srv
[1.926s] -- Up-to-date symlink: /home/student/UR_Robot_ws/install/ur_dashboard_msgs/share/ur_dashboard_msgs/srv/Load_Request.msg
[1.926s] -- Up-to-date symlink: /home/student/UR_Robot_ws/install/ur_dashboard_msgs/share/ur_dashboard_msgs/srv/Load_Response.msg
[1.926s] -- Up-to-date symlink: /home/student/UR_Robot_ws/install/ur_dashboard_msgs/share/ur_dashboard_msgs/srv/Popup.srv
[1.926s] -- Up-to-date symlink: /home/student/UR_Robot_ws/install/ur_dashboard_msgs/share/ur_dashboard_msgs/srv/Popup_Request.msg
[1.927s] -- Up-to-date symlink: /home/student/UR_Robot_ws/install/ur_dashboard_msgs/share/ur_dashboard_msgs/srv/Popup_Response.msg
[1.927s] -- Up-to-date symlink: /home/student/UR_Robot_ws/install/ur_dashboard_msgs/share/ur_dashboard_msgs/srv/RawRequest.srv
[1.927s] -- Up-to-date symlink: /home/student/UR_Robot_ws/install/ur_dashboard_msgs/share/ur_dashboard_msgs/srv/RawRequest_Request.msg
[1.927s] -- Up-to-date symlink: /home/student/UR_Robot_ws/install/ur_dashboard_msgs/share/ur_dashboard_msgs/srv/RawRequest_Response.msg
[1.927s] -- Up-to-date symlink: /home/student/UR_Robot_ws/install/ur_dashboard_msgs/share/ur_dashboard_msgs/srv/IsInRemoteControl.srv
[1.927s] -- Up-to-date symlink: /home/student/UR_Robot_ws/install/ur_dashboard_msgs/share/ur_dashboard_msgs/srv/IsInRemoteControl_Request.msg
[1.928s] -- Up-to-date symlink: /home/student/UR_Robot_ws/install/ur_dashboard_msgs/share/ur_dashboard_msgs/srv/IsInRemoteControl_Response.msg
[1.928s] -- Up-to-date symlink: /home/student/UR_Robot_ws/install/ur_dashboard_msgs/share/ur_dashboard_msgs/action/SetMode.action
[1.928s] -- Up-to-date symlink: /home/student/UR_Robot_ws/install/ur_dashboard_msgs/share/ament_index/resource_index/package_run_dependencies/ur_dashboard_msgs
[1.928s] -- Up-to-date symlink: /home/student/UR_Robot_ws/install/ur_dashboard_msgs/share/ament_index/resource_index/parent_prefix_path/ur_dashboard_msgs
[1.928s] -- Up-to-date symlink: /home/student/UR_Robot_ws/install/ur_dashboard_msgs/share/ur_dashboard_msgs/environment/ament_prefix_path.sh
[1.929s] -- Up-to-date symlink: /home/student/UR_Robot_ws/install/ur_dashboard_msgs/share/ur_dashboard_msgs/environment/ament_prefix_path.dsv
[1.929s] -- Up-to-date symlink: /home/student/UR_Robot_ws/install/ur_dashboard_msgs/share/ur_dashboard_msgs/environment/path.sh
[1.929s] -- Up-to-date symlink: /home/student/UR_Robot_ws/install/ur_dashboard_msgs/share/ur_dashboard_msgs/environment/path.dsv
[1.929s] -- Up-to-date symlink: /home/student/UR_Robot_ws/install/ur_dashboard_msgs/share/ur_dashboard_msgs/local_setup.bash
[1.929s] -- Up-to-date symlink: /home/student/UR_Robot_ws/install/ur_dashboard_msgs/share/ur_dashboard_msgs/local_setup.sh
[1.929s] -- Up-to-date symlink: /home/student/UR_Robot_ws/install/ur_dashboard_msgs/share/ur_dashboard_msgs/local_setup.zsh
[1.929s] -- Up-to-date symlink: /home/student/UR_Robot_ws/install/ur_dashboard_msgs/share/ur_dashboard_msgs/local_setup.dsv
[1.930s] -- Symlinking: /home/student/UR_Robot_ws/install/ur_dashboard_msgs/share/ur_dashboard_msgs/package.dsv
[1.942s] -- Up-to-date symlink: /home/student/UR_Robot_ws/install/ur_dashboard_msgs/share/ament_index/resource_index/packages/ur_dashboard_msgs
[1.942s] -- Up-to-date symlink: /home/student/UR_Robot_ws/install/ur_dashboard_msgs/share/ur_dashboard_msgs/cmake/rosidl_cmake-extras.cmake
[1.942s] -- Up-to-date symlink: /home/student/UR_Robot_ws/install/ur_dashboard_msgs/share/ur_dashboard_msgs/cmake/ament_cmake_export_dependencies-extras.cmake
[1.942s] -- Up-to-date symlink: /home/student/UR_Robot_ws/install/ur_dashboard_msgs/share/ur_dashboard_msgs/cmake/ament_cmake_export_include_directories-extras.cmake
[1.942s] -- Up-to-date symlink: /home/student/UR_Robot_ws/install/ur_dashboard_msgs/share/ur_dashboard_msgs/cmake/ament_cmake_export_libraries-extras.cmake
[1.943s] -- Up-to-date symlink: /home/student/UR_Robot_ws/install/ur_dashboard_msgs/share/ur_dashboard_msgs/cmake/ament_cmake_export_targets-extras.cmake
[1.943s] -- Up-to-date symlink: /home/student/UR_Robot_ws/install/ur_dashboard_msgs/share/ur_dashboard_msgs/cmake/rosidl_cmake_export_typesupport_targets-extras.cmake
[1.943s] -- Up-to-date symlink: /home/student/UR_Robot_ws/install/ur_dashboard_msgs/share/ur_dashboard_msgs/cmake/rosidl_cmake_export_typesupport_libraries-extras.cmake
[1.943s] -- Up-to-date symlink: /home/student/UR_Robot_ws/install/ur_dashboard_msgs/share/ur_dashboard_msgs/cmake/ur_dashboard_msgsConfig.cmake
[1.943s] -- Up-to-date symlink: /home/student/UR_Robot_ws/install/ur_dashboard_msgs/share/ur_dashboard_msgs/cmake/ur_dashboard_msgsConfig-version.cmake
[1.943s] -- Up-to-date symlink: /home/student/UR_Robot_ws/install/ur_dashboard_msgs/share/ur_dashboard_msgs/package.xml
[1.944s] -- Up-to-date: /home/student/UR_Robot_ws/install/ur_dashboard_msgs/lib/libur_dashboard_msgs__rosidl_generator_c.so
[1.945s] -- Up-to-date: /home/student/UR_Robot_ws/install/ur_dashboard_msgs/lib/libur_dashboard_msgs__rosidl_typesupport_fastrtps_c.so
[1.946s] -- Up-to-date: /home/student/UR_Robot_ws/install/ur_dashboard_msgs/lib/libur_dashboard_msgs__rosidl_typesupport_introspection_c.so
[1.946s] -- Up-to-date: /home/student/UR_Robot_ws/install/ur_dashboard_msgs/lib/libur_dashboard_msgs__rosidl_typesupport_c.so
[1.947s] -- Up-to-date: /home/student/UR_Robot_ws/install/ur_dashboard_msgs/lib/libur_dashboard_msgs__rosidl_typesupport_fastrtps_cpp.so
[1.947s] -- Up-to-date: /home/student/UR_Robot_ws/install/ur_dashboard_msgs/lib/libur_dashboard_msgs__rosidl_typesupport_introspection_cpp.so
[1.947s] -- Up-to-date: /home/student/UR_Robot_ws/install/ur_dashboard_msgs/lib/libur_dashboard_msgs__rosidl_typesupport_cpp.so
[1.985s] Listing '/home/student/UR_Robot_ws/install/ur_dashboard_msgs/local/lib/python3.10/dist-packages/ur_dashboard_msgs'...
[1.985s] Compiling '/home/student/UR_Robot_ws/install/ur_dashboard_msgs/local/lib/python3.10/dist-packages/ur_dashboard_msgs/__init__.py'...
[1.985s] Listing '/home/student/UR_Robot_ws/install/ur_dashboard_msgs/local/lib/python3.10/dist-packages/ur_dashboard_msgs/action'...
[1.985s] Listing '/home/student/UR_Robot_ws/install/ur_dashboard_msgs/local/lib/python3.10/dist-packages/ur_dashboard_msgs/msg'...
[1.985s] Listing '/home/student/UR_Robot_ws/install/ur_dashboard_msgs/local/lib/python3.10/dist-packages/ur_dashboard_msgs/srv'...
[1.991s] -- Up-to-date: /home/student/UR_Robot_ws/install/ur_dashboard_msgs/lib/libur_dashboard_msgs__rosidl_generator_py.so
[1.991s] -- Up-to-date: /home/student/UR_Robot_ws/install/ur_dashboard_msgs/share/ur_dashboard_msgs/cmake/export_ur_dashboard_msgs__rosidl_generator_cExport.cmake
[1.991s] -- Up-to-date: /home/student/UR_Robot_ws/install/ur_dashboard_msgs/share/ur_dashboard_msgs/cmake/export_ur_dashboard_msgs__rosidl_generator_cExport-noconfig.cmake
[1.991s] -- Up-to-date: /home/student/UR_Robot_ws/install/ur_dashboard_msgs/share/ur_dashboard_msgs/cmake/export_ur_dashboard_msgs__rosidl_typesupport_fastrtps_cExport.cmake
[1.991s] -- Up-to-date: /home/student/UR_Robot_ws/install/ur_dashboard_msgs/share/ur_dashboard_msgs/cmake/export_ur_dashboard_msgs__rosidl_typesupport_fastrtps_cExport-noconfig.cmake
[1.992s] -- Up-to-date: /home/student/UR_Robot_ws/install/ur_dashboard_msgs/share/ur_dashboard_msgs/cmake/ur_dashboard_msgs__rosidl_typesupport_introspection_cExport.cmake
[1.992s] -- Up-to-date: /home/student/UR_Robot_ws/install/ur_dashboard_msgs/share/ur_dashboard_msgs/cmake/ur_dashboard_msgs__rosidl_typesupport_introspection_cExport-noconfig.cmake
[1.992s] -- Up-to-date: /home/student/UR_Robot_ws/install/ur_dashboard_msgs/share/ur_dashboard_msgs/cmake/ur_dashboard_msgs__rosidl_typesupport_cExport.cmake
[1.992s] -- Up-to-date: /home/student/UR_Robot_ws/install/ur_dashboard_msgs/share/ur_dashboard_msgs/cmake/ur_dashboard_msgs__rosidl_typesupport_cExport-noconfig.cmake
[1.992s] -- Up-to-date: /home/student/UR_Robot_ws/install/ur_dashboard_msgs/share/ur_dashboard_msgs/cmake/export_ur_dashboard_msgs__rosidl_generator_cppExport.cmake
[1.993s] -- Up-to-date: /home/student/UR_Robot_ws/install/ur_dashboard_msgs/share/ur_dashboard_msgs/cmake/export_ur_dashboard_msgs__rosidl_typesupport_fastrtps_cppExport.cmake
[1.993s] -- Up-to-date: /home/student/UR_Robot_ws/install/ur_dashboard_msgs/share/ur_dashboard_msgs/cmake/export_ur_dashboard_msgs__rosidl_typesupport_fastrtps_cppExport-noconfig.cmake
[1.993s] -- Up-to-date: /home/student/UR_Robot_ws/install/ur_dashboard_msgs/share/ur_dashboard_msgs/cmake/ur_dashboard_msgs__rosidl_typesupport_introspection_cppExport.cmake
[1.993s] -- Up-to-date: /home/student/UR_Robot_ws/install/ur_dashboard_msgs/share/ur_dashboard_msgs/cmake/ur_dashboard_msgs__rosidl_typesupport_introspection_cppExport-noconfig.cmake
[1.993s] -- Up-to-date: /home/student/UR_Robot_ws/install/ur_dashboard_msgs/share/ur_dashboard_msgs/cmake/ur_dashboard_msgs__rosidl_typesupport_cppExport.cmake
[1.993s] -- Up-to-date: /home/student/UR_Robot_ws/install/ur_dashboard_msgs/share/ur_dashboard_msgs/cmake/ur_dashboard_msgs__rosidl_typesupport_cppExport-noconfig.cmake
[1.994s] -- Up-to-date: /home/student/UR_Robot_ws/install/ur_dashboard_msgs/share/ur_dashboard_msgs/cmake/export_ur_dashboard_msgs__rosidl_generator_pyExport.cmake
[1.994s] -- Up-to-date: /home/student/UR_Robot_ws/install/ur_dashboard_msgs/share/ur_dashboard_msgs/cmake/export_ur_dashboard_msgs__rosidl_generator_pyExport-noconfig.cmake
[2.002s] Invoked command in '/home/student/UR_Robot_ws/build/ur_dashboard_msgs' returned '0': CMAKE_PREFIX_PATH=${CMAKE_PREFIX_PATH}:/home/student/UR_Robot_ws/install/ur10_moveit_control:/home/student/UR_Robot_ws/install/ur10_control:/home/student/UR_Robot_ws/install/mon_package_moveit:/home/student/ws_moveit2/install/moveit_configs_utils:/home/student/ws_moveit2/install/launch_param_builder:/opt/ros/humble /usr/bin/cmake --install /home/student/UR_Robot_ws/build/ur_dashboard_msgs
