[0.016s] Invoking command in '/home/student/ros2_ws/src/build/urdf_tutorial': /usr/bin/cmake /home/student/ros2_ws/src/urdf_tutorial -DCATKIN_INSTALL_INTO_PREFIX_ROOT=0 -DCMAKE_INSTALL_PREFIX=/home/student/ros2_ws/src/install/urdf_tutorial
[0.161s] -- The C compiler identification is GNU 11.4.0
[0.326s] -- The CXX compiler identification is GNU 11.4.0
[0.351s] -- Detecting C compiler ABI info
[0.561s] -- Detecting C compiler ABI info - done
[0.583s] -- Check for working C compiler: /usr/bin/cc - skipped
[0.584s] -- Detecting C compile features
[0.584s] -- Detecting C compile features - done
[0.590s] -- Detecting CXX compiler ABI info
[0.841s] -- Detecting CXX compiler ABI info - done
[0.879s] -- Check for working CXX compiler: /usr/bin/c++ - skipped
[0.879s] -- Detecting CXX compile features
[0.879s] -- Detecting CXX compile features - done
[0.921s] [31mCMake Error at CMakeLists.txt:4 (find_package):
[0.921s]   By not providing "Findcatkin.cmake" in CMAKE_MODULE_PATH this project has
[0.921s]   asked CMake to find a package configuration file provided by "catkin", but
[0.922s]   CMake did not find one.
[0.922s] 
[0.922s]   Could not find a package configuration file provided by "catkin" with any
[0.922s]   of the following names:
[0.922s] 
[0.922s]     catkinConfig.cmake
[0.922s]     catkin-config.cmake
[0.922s] 
[0.922s]   Add the installation prefix of "catkin" to CMAKE_PREFIX_PATH or set
[0.922s]   "catkin_DIR" to a directory containing one of the above files.  If "catkin"
[0.922s]   provides a separate development package or SDK, be sure it has been
[0.923s]   installed.
[0.923s] 
[0.923s] [0m
[0.930s] -- Configuring incomplete, errors occurred!
[0.930s] See also "/home/student/ros2_ws/src/build/urdf_tutorial/CMakeFiles/CMakeOutput.log".
[0.939s] Invoked command in '/home/student/ros2_ws/src/build/urdf_tutorial' returned '1': /usr/bin/cmake /home/student/ros2_ws/src/urdf_tutorial -DCATKIN_INSTALL_INTO_PREFIX_ROOT=0 -DCMAKE_INSTALL_PREFIX=/home/student/ros2_ws/src/install/urdf_tutorial
