/home/student/ros2_ws/src/modbus_interface/install/modbus_interface/lib/python3.10/site-packages/modbus_interface/test.py
/home/student/ros2_ws/src/modbus_interface/install/modbus_interface/lib/python3.10/site-packages/modbus_interface/__init__.py
/home/student/ros2_ws/src/modbus_interface/install/modbus_interface/lib/python3.10/site-packages/modbus_interface/test_pymodbus.py
/home/student/ros2_ws/src/modbus_interface/install/modbus_interface/lib/python3.10/site-packages/modbus_interface/modbus_node.py
/home/student/ros2_ws/src/modbus_interface/install/modbus_interface/lib/python3.10/site-packages/modbus_interface/modbus_connect_test.py
/home/student/ros2_ws/src/modbus_interface/install/modbus_interface/lib/python3.10/site-packages/modbus_interface/test_connexion_modbus.py
/home/student/ros2_ws/src/modbus_interface/install/modbus_interface/lib/python3.10/site-packages/modbus_interface/__pycache__/test.cpython-310.pyc
/home/student/ros2_ws/src/modbus_interface/install/modbus_interface/lib/python3.10/site-packages/modbus_interface/__pycache__/__init__.cpython-310.pyc
/home/student/ros2_ws/src/modbus_interface/install/modbus_interface/lib/python3.10/site-packages/modbus_interface/__pycache__/test_pymodbus.cpython-310.pyc
/home/student/ros2_ws/src/modbus_interface/install/modbus_interface/lib/python3.10/site-packages/modbus_interface/__pycache__/modbus_node.cpython-310.pyc
/home/student/ros2_ws/src/modbus_interface/install/modbus_interface/lib/python3.10/site-packages/modbus_interface/__pycache__/modbus_connect_test.cpython-310.pyc
/home/student/ros2_ws/src/modbus_interface/install/modbus_interface/lib/python3.10/site-packages/modbus_interface/__pycache__/test_connexion_modbus.cpython-310.pyc
/home/student/ros2_ws/src/modbus_interface/install/modbus_interface/share/ament_index/resource_index/packages/modbus_interface
/home/student/ros2_ws/src/modbus_interface/install/modbus_interface/share/modbus_interface/package.xml
/home/student/ros2_ws/src/modbus_interface/install/modbus_interface/lib/python3.10/site-packages/modbus_interface-0.0.0-py3.10.egg-info/requires.txt
/home/student/ros2_ws/src/modbus_interface/install/modbus_interface/lib/python3.10/site-packages/modbus_interface-0.0.0-py3.10.egg-info/top_level.txt
/home/student/ros2_ws/src/modbus_interface/install/modbus_interface/lib/python3.10/site-packages/modbus_interface-0.0.0-py3.10.egg-info/zip-safe
/home/student/ros2_ws/src/modbus_interface/install/modbus_interface/lib/python3.10/site-packages/modbus_interface-0.0.0-py3.10.egg-info/PKG-INFO
/home/student/ros2_ws/src/modbus_interface/install/modbus_interface/lib/python3.10/site-packages/modbus_interface-0.0.0-py3.10.egg-info/entry_points.txt
/home/student/ros2_ws/src/modbus_interface/install/modbus_interface/lib/python3.10/site-packages/modbus_interface-0.0.0-py3.10.egg-info/dependency_links.txt
/home/student/ros2_ws/src/modbus_interface/install/modbus_interface/lib/python3.10/site-packages/modbus_interface-0.0.0-py3.10.egg-info/SOURCES.txt
/home/student/ros2_ws/src/modbus_interface/install/modbus_interface/lib/modbus_interface/modbus_connect_test
/home/student/ros2_ws/src/modbus_interface/install/modbus_interface/lib/modbus_interface/modbus_node
/home/student/ros2_ws/src/modbus_interface/install/modbus_interface/lib/modbus_interface/test
