[0.017s] Invoking command in '/home/student/UR_Robot_ws/build/ur_moveit_config': CMAKE_PREFIX_PATH=/home/student/UR_Robot_ws/install/ur_description:/home/student/UR_Robot_ws/install/ur:/home/student/UR_Robot_ws/install/ur_calibration:/home/student/UR_Robot_ws/install/ur_robot_driver:/home/student/UR_Robot_ws/install/ur_moveit_config:/home/student/UR_Robot_ws/install/ur_bringup:/home/student/UR_Robot_ws/install/ur_controllers:/home/student/UR_Robot_ws/install/ur_dashboard_msgs:/home/student/UR_Robot_ws/install/ur10_moveit_control:/home/student/UR_Robot_ws/install/ur10_control:/home/student/UR_Robot_ws/install/mon_package_moveit:/opt/ros/humble /usr/bin/cmake --build /home/student/UR_Robot_ws/build/ur_moveit_config -- -j8 -l8
[0.074s] Built target ament_cmake_python_symlink_ur_moveit_config
[0.367s] running egg_info
[0.368s] writing ur_moveit_config.egg-info/PKG-INFO
[0.368s] writing dependency_links to ur_moveit_config.egg-info/dependency_links.txt
[0.368s] writing top-level names to ur_moveit_config.egg-info/top_level.txt
[0.371s] reading manifest file 'ur_moveit_config.egg-info/SOURCES.txt'
[0.372s] writing manifest file 'ur_moveit_config.egg-info/SOURCES.txt'
[0.404s] Built target ament_cmake_python_build_ur_moveit_config_egg
[0.428s] Invoked command in '/home/student/UR_Robot_ws/build/ur_moveit_config' returned '0': CMAKE_PREFIX_PATH=/home/student/UR_Robot_ws/install/ur_description:/home/student/UR_Robot_ws/install/ur:/home/student/UR_Robot_ws/install/ur_calibration:/home/student/UR_Robot_ws/install/ur_robot_driver:/home/student/UR_Robot_ws/install/ur_moveit_config:/home/student/UR_Robot_ws/install/ur_bringup:/home/student/UR_Robot_ws/install/ur_controllers:/home/student/UR_Robot_ws/install/ur_dashboard_msgs:/home/student/UR_Robot_ws/install/ur10_moveit_control:/home/student/UR_Robot_ws/install/ur10_control:/home/student/UR_Robot_ws/install/mon_package_moveit:/opt/ros/humble /usr/bin/cmake --build /home/student/UR_Robot_ws/build/ur_moveit_config -- -j8 -l8
[0.429s] Invoking command in '/home/student/UR_Robot_ws/build/ur_moveit_config': CMAKE_PREFIX_PATH=/home/student/UR_Robot_ws/install/ur_description:/home/student/UR_Robot_ws/install/ur:/home/student/UR_Robot_ws/install/ur_calibration:/home/student/UR_Robot_ws/install/ur_robot_driver:/home/student/UR_Robot_ws/install/ur_moveit_config:/home/student/UR_Robot_ws/install/ur_bringup:/home/student/UR_Robot_ws/install/ur_controllers:/home/student/UR_Robot_ws/install/ur_dashboard_msgs:/home/student/UR_Robot_ws/install/ur10_moveit_control:/home/student/UR_Robot_ws/install/ur10_control:/home/student/UR_Robot_ws/install/mon_package_moveit:/opt/ros/humble /usr/bin/cmake --install /home/student/UR_Robot_ws/build/ur_moveit_config
[0.437s] -- Install configuration: ""
[0.438s] -- Execute custom install script
[0.439s] -- Up-to-date symlink: /home/student/UR_Robot_ws/install/ur_moveit_config/share/ur_moveit_config/config/controllers.yaml
[0.439s] -- Up-to-date symlink: /home/student/UR_Robot_ws/install/ur_moveit_config/share/ur_moveit_config/config/joint_limits.yaml
[0.439s] -- Up-to-date symlink: /home/student/UR_Robot_ws/install/ur_moveit_config/share/ur_moveit_config/config/kinematics.yaml
[0.439s] -- Up-to-date symlink: /home/student/UR_Robot_ws/install/ur_moveit_config/share/ur_moveit_config/config/ompl_planning.yaml
[0.440s] -- Up-to-date symlink: /home/student/UR_Robot_ws/install/ur_moveit_config/share/ur_moveit_config/config/ur_servo.yaml
[0.440s] -- Up-to-date symlink: /home/student/UR_Robot_ws/install/ur_moveit_config/share/ur_moveit_config/launch/ur_moveit.launch.py
[0.440s] -- Up-to-date symlink: /home/student/UR_Robot_ws/install/ur_moveit_config/share/ur_moveit_config/launch/ur_moveit.launch.zip
[0.440s] -- Up-to-date symlink: /home/student/UR_Robot_ws/install/ur_moveit_config/share/ur_moveit_config/launch/ur_moveit.launch_old.py
[0.441s] -- Up-to-date symlink: /home/student/UR_Robot_ws/install/ur_moveit_config/share/ur_moveit_config/launch/ur_moveit.launch_old2.py
[0.441s] -- Up-to-date symlink: /home/student/UR_Robot_ws/install/ur_moveit_config/share/ur_moveit_config/rviz/view_robot.rviz
[0.442s] -- Up-to-date symlink: /home/student/UR_Robot_ws/install/ur_moveit_config/share/ur_moveit_config/srdf/ur.srdf.xacro
[0.442s] -- Up-to-date symlink: /home/student/UR_Robot_ws/install/ur_moveit_config/share/ur_moveit_config/srdf/ur_macro.srdf.xacro
[0.442s] -- Up-to-date symlink: /home/student/UR_Robot_ws/install/ur_moveit_config/share/ur_moveit_config/environment/pythonpath.sh
[0.442s] -- Up-to-date symlink: /home/student/UR_Robot_ws/install/ur_moveit_config/share/ur_moveit_config/environment/pythonpath.dsv
[0.443s] -- Up-to-date symlink: /home/student/UR_Robot_ws/install/ur_moveit_config/local/lib/python3.10/dist-packages/ur_moveit_config-2.8.1-py3.10.egg-info/PKG-INFO
[0.443s] -- Up-to-date symlink: /home/student/UR_Robot_ws/install/ur_moveit_config/local/lib/python3.10/dist-packages/ur_moveit_config-2.8.1-py3.10.egg-info/SOURCES.txt
[0.443s] -- Up-to-date symlink: /home/student/UR_Robot_ws/install/ur_moveit_config/local/lib/python3.10/dist-packages/ur_moveit_config-2.8.1-py3.10.egg-info/dependency_links.txt
[0.443s] -- Up-to-date symlink: /home/student/UR_Robot_ws/install/ur_moveit_config/local/lib/python3.10/dist-packages/ur_moveit_config-2.8.1-py3.10.egg-info/top_level.txt
[0.444s] -- Up-to-date symlink: /home/student/UR_Robot_ws/install/ur_moveit_config/local/lib/python3.10/dist-packages/ur_moveit_config/__init__.py
[0.444s] -- Up-to-date symlink: /home/student/UR_Robot_ws/install/ur_moveit_config/local/lib/python3.10/dist-packages/ur_moveit_config/launch_common.py
[0.444s] -- Up-to-date symlink: /home/student/UR_Robot_ws/install/ur_moveit_config/local/lib/python3.10/dist-packages/launch_common.py
[0.445s] -- Up-to-date symlink: /home/student/UR_Robot_ws/install/ur_moveit_config/share/ament_index/resource_index/package_run_dependencies/ur_moveit_config
[0.445s] -- Up-to-date symlink: /home/student/UR_Robot_ws/install/ur_moveit_config/share/ament_index/resource_index/parent_prefix_path/ur_moveit_config
[0.446s] -- Up-to-date symlink: /home/student/UR_Robot_ws/install/ur_moveit_config/share/ur_moveit_config/environment/ament_prefix_path.sh
[0.446s] -- Up-to-date symlink: /home/student/UR_Robot_ws/install/ur_moveit_config/share/ur_moveit_config/environment/ament_prefix_path.dsv
[0.446s] -- Up-to-date symlink: /home/student/UR_Robot_ws/install/ur_moveit_config/share/ur_moveit_config/environment/path.sh
[0.447s] -- Up-to-date symlink: /home/student/UR_Robot_ws/install/ur_moveit_config/share/ur_moveit_config/environment/path.dsv
[0.447s] -- Up-to-date symlink: /home/student/UR_Robot_ws/install/ur_moveit_config/share/ur_moveit_config/local_setup.bash
[0.448s] -- Up-to-date symlink: /home/student/UR_Robot_ws/install/ur_moveit_config/share/ur_moveit_config/local_setup.sh
[0.448s] -- Up-to-date symlink: /home/student/UR_Robot_ws/install/ur_moveit_config/share/ur_moveit_config/local_setup.zsh
[0.448s] -- Up-to-date symlink: /home/student/UR_Robot_ws/install/ur_moveit_config/share/ur_moveit_config/local_setup.dsv
[0.448s] -- Symlinking: /home/student/UR_Robot_ws/install/ur_moveit_config/share/ur_moveit_config/package.dsv
[0.458s] -- Up-to-date symlink: /home/student/UR_Robot_ws/install/ur_moveit_config/share/ament_index/resource_index/packages/ur_moveit_config
[0.459s] -- Up-to-date symlink: /home/student/UR_Robot_ws/install/ur_moveit_config/share/ur_moveit_config/cmake/ur_moveit_configConfig.cmake
[0.459s] -- Up-to-date symlink: /home/student/UR_Robot_ws/install/ur_moveit_config/share/ur_moveit_config/cmake/ur_moveit_configConfig-version.cmake
[0.459s] -- Up-to-date symlink: /home/student/UR_Robot_ws/install/ur_moveit_config/share/ur_moveit_config/package.xml
[0.515s] Listing '/home/student/UR_Robot_ws/install/ur_moveit_config/local/lib/python3.10/dist-packages/ur_moveit_config'...
[0.565s] Invoked command in '/home/student/UR_Robot_ws/build/ur_moveit_config' returned '0': CMAKE_PREFIX_PATH=/home/student/UR_Robot_ws/install/ur_description:/home/student/UR_Robot_ws/install/ur:/home/student/UR_Robot_ws/install/ur_calibration:/home/student/UR_Robot_ws/install/ur_robot_driver:/home/student/UR_Robot_ws/install/ur_moveit_config:/home/student/UR_Robot_ws/install/ur_bringup:/home/student/UR_Robot_ws/install/ur_controllers:/home/student/UR_Robot_ws/install/ur_dashboard_msgs:/home/student/UR_Robot_ws/install/ur10_moveit_control:/home/student/UR_Robot_ws/install/ur10_control:/home/student/UR_Robot_ws/install/mon_package_moveit:/opt/ros/humble /usr/bin/cmake --install /home/student/UR_Robot_ws/build/ur_moveit_config
