[2.032s] Invoking command in '/home/student/ros2_ws/src/modbus_interface': PYTHONPATH=/home/student/ros2_ws/build/modbus_interface/prefix_override:/usr/lib/python3/dist-packages/colcon_core/task/python/colcon_distutils_commands:/home/student/ros2_ws/install/modbus_interface/lib/python3.10/site-packages:${PYTHONPATH} /usr/bin/python3 -W ignore:setup.py install is deprecated -W ignore:easy_install command is deprecated setup.py egg_info --egg-base ../../build/modbus_interface build --build-base /home/student/ros2_ws/build/modbus_interface/build install --record /home/student/ros2_ws/build/modbus_interface/install.log --single-version-externally-managed install_data
[2.495s] running egg_info
[2.496s] writing ../../build/modbus_interface/modbus_interface.egg-info/PKG-INFO
[2.496s] writing dependency_links to ../../build/modbus_interface/modbus_interface.egg-info/dependency_links.txt
[2.496s] writing entry points to ../../build/modbus_interface/modbus_interface.egg-info/entry_points.txt
[2.496s] writing requirements to ../../build/modbus_interface/modbus_interface.egg-info/requires.txt
[2.496s] writing top-level names to ../../build/modbus_interface/modbus_interface.egg-info/top_level.txt
[2.502s] reading manifest file '../../build/modbus_interface/modbus_interface.egg-info/SOURCES.txt'
[2.503s] writing manifest file '../../build/modbus_interface/modbus_interface.egg-info/SOURCES.txt'
[2.503s] running build
[2.503s] running build_py
[2.503s] running install
[2.503s] running install_lib
[2.505s] running install_data
[2.505s] running install_egg_info
[2.519s] removing '/home/student/ros2_ws/install/modbus_interface/lib/python3.10/site-packages/modbus_interface-0.0.0-py3.10.egg-info' (and everything under it)
[2.520s] Copying ../../build/modbus_interface/modbus_interface.egg-info to /home/student/ros2_ws/install/modbus_interface/lib/python3.10/site-packages/modbus_interface-0.0.0-py3.10.egg-info
[2.520s] running install_scripts
[2.548s] Installing modbus_connect_test script to /home/student/ros2_ws/install/modbus_interface/lib/modbus_interface
[2.555s] Installing modbus_node script to /home/student/ros2_ws/install/modbus_interface/lib/modbus_interface
[2.555s] Installing test script to /home/student/ros2_ws/install/modbus_interface/lib/modbus_interface
[2.555s] writing list of installed files to '/home/student/ros2_ws/build/modbus_interface/install.log'
[2.627s] Invoked command in '/home/student/ros2_ws/src/modbus_interface' returned '0': PYTHONPATH=/home/student/ros2_ws/build/modbus_interface/prefix_override:/usr/lib/python3/dist-packages/colcon_core/task/python/colcon_distutils_commands:/home/student/ros2_ws/install/modbus_interface/lib/python3.10/site-packages:${PYTHONPATH} /usr/bin/python3 -W ignore:setup.py install is deprecated -W ignore:easy_install command is deprecated setup.py egg_info --egg-base ../../build/modbus_interface build --build-base /home/student/ros2_ws/build/modbus_interface/build install --record /home/student/ros2_ws/build/modbus_interface/install.log --single-version-externally-managed install_data
