[0.051s] Invoking command in '/home/student/ros2_ws/build/ros2_control_cmake': CMAKE_PREFIX_PATH=${CMAKE_PREFIX_PATH}:/home/student/ros2_ws/install/rqt_joint_trajectory_controller:/home/student/ros2_ws/install/ros2_controllers_test_nodes:/home/student/ros2_ws/install/opcua_ros_client:/home/student/ros2_ws/install/my_py_pkg:/home/student/ros2_ws/install/my_bot_description:/home/student/ros2_ws/install/modbus_interface:/home/student/ros2_ws/src/install/rqt_joint_trajectory_controller:/home/student/ros2_ws/src/install/ros2_controllers_test_nodes:/home/student/ros2_ws/src/install/opcua_ros_client:/home/student/ros2_ws/src/install/my_py_pkg:/home/student/ros2_ws/src/install/my_bot_description:/home/student/ros2_ws/src/install/modbus_interface:/opt/ros/humble /usr/bin/cmake --build /home/student/ros2_ws/build/ros2_control_cmake -- -j8 -l8
[0.913s] Invoked command in '/home/student/ros2_ws/build/ros2_control_cmake' returned '0': CMAKE_PREFIX_PATH=${CMAKE_PREFIX_PATH}:/home/student/ros2_ws/install/rqt_joint_trajectory_controller:/home/student/ros2_ws/install/ros2_controllers_test_nodes:/home/student/ros2_ws/install/opcua_ros_client:/home/student/ros2_ws/install/my_py_pkg:/home/student/ros2_ws/install/my_bot_description:/home/student/ros2_ws/install/modbus_interface:/home/student/ros2_ws/src/install/rqt_joint_trajectory_controller:/home/student/ros2_ws/src/install/ros2_controllers_test_nodes:/home/student/ros2_ws/src/install/opcua_ros_client:/home/student/ros2_ws/src/install/my_py_pkg:/home/student/ros2_ws/src/install/my_bot_description:/home/student/ros2_ws/src/install/modbus_interface:/opt/ros/humble /usr/bin/cmake --build /home/student/ros2_ws/build/ros2_control_cmake -- -j8 -l8
[0.915s] Invoking command in '/home/student/ros2_ws/build/ros2_control_cmake': CMAKE_PREFIX_PATH=${CMAKE_PREFIX_PATH}:/home/student/ros2_ws/install/rqt_joint_trajectory_controller:/home/student/ros2_ws/install/ros2_controllers_test_nodes:/home/student/ros2_ws/install/opcua_ros_client:/home/student/ros2_ws/install/my_py_pkg:/home/student/ros2_ws/install/my_bot_description:/home/student/ros2_ws/install/modbus_interface:/home/student/ros2_ws/src/install/rqt_joint_trajectory_controller:/home/student/ros2_ws/src/install/ros2_controllers_test_nodes:/home/student/ros2_ws/src/install/opcua_ros_client:/home/student/ros2_ws/src/install/my_py_pkg:/home/student/ros2_ws/src/install/my_bot_description:/home/student/ros2_ws/src/install/modbus_interface:/opt/ros/humble /usr/bin/cmake --install /home/student/ros2_ws/build/ros2_control_cmake
[1.170s] -- Install configuration: ""
[1.171s] -- Up-to-date: /home/student/ros2_ws/install/ros2_control_cmake/share/ros2_control_cmake/cmake
[1.171s] -- Up-to-date: /home/student/ros2_ws/install/ros2_control_cmake/share/ros2_control_cmake/cmake/ros2_control.cmake
[1.171s] -- Up-to-date: /home/student/ros2_ws/install/ros2_control_cmake/share/ament_index/resource_index/package_run_dependencies/ros2_control_cmake
[1.171s] -- Up-to-date: /home/student/ros2_ws/install/ros2_control_cmake/share/ament_index/resource_index/parent_prefix_path/ros2_control_cmake
[1.171s] -- Up-to-date: /home/student/ros2_ws/install/ros2_control_cmake/share/ros2_control_cmake/environment/ament_prefix_path.sh
[1.171s] -- Up-to-date: /home/student/ros2_ws/install/ros2_control_cmake/share/ros2_control_cmake/environment/ament_prefix_path.dsv
[1.171s] -- Up-to-date: /home/student/ros2_ws/install/ros2_control_cmake/share/ros2_control_cmake/environment/path.sh
[1.171s] -- Up-to-date: /home/student/ros2_ws/install/ros2_control_cmake/share/ros2_control_cmake/environment/path.dsv
[1.171s] -- Up-to-date: /home/student/ros2_ws/install/ros2_control_cmake/share/ros2_control_cmake/local_setup.bash
[1.172s] -- Up-to-date: /home/student/ros2_ws/install/ros2_control_cmake/share/ros2_control_cmake/local_setup.sh
[1.172s] -- Up-to-date: /home/student/ros2_ws/install/ros2_control_cmake/share/ros2_control_cmake/local_setup.zsh
[1.172s] -- Up-to-date: /home/student/ros2_ws/install/ros2_control_cmake/share/ros2_control_cmake/local_setup.dsv
[1.173s] -- Up-to-date: /home/student/ros2_ws/install/ros2_control_cmake/share/ros2_control_cmake/package.dsv
[1.173s] -- Up-to-date: /home/student/ros2_ws/install/ros2_control_cmake/share/ament_index/resource_index/packages/ros2_control_cmake
[1.173s] -- Up-to-date: /home/student/ros2_ws/install/ros2_control_cmake/share/ros2_control_cmake/cmake/ros2_control_cmake-extras.cmake
[1.173s] -- Up-to-date: /home/student/ros2_ws/install/ros2_control_cmake/share/ros2_control_cmake/cmake/ros2_control_cmakeConfig.cmake
[1.173s] -- Up-to-date: /home/student/ros2_ws/install/ros2_control_cmake/share/ros2_control_cmake/cmake/ros2_control_cmakeConfig-version.cmake
[1.173s] -- Up-to-date: /home/student/ros2_ws/install/ros2_control_cmake/share/ros2_control_cmake/package.xml
[1.256s] Invoked command in '/home/student/ros2_ws/build/ros2_control_cmake' returned '0': CMAKE_PREFIX_PATH=${CMAKE_PREFIX_PATH}:/home/student/ros2_ws/install/rqt_joint_trajectory_controller:/home/student/ros2_ws/install/ros2_controllers_test_nodes:/home/student/ros2_ws/install/opcua_ros_client:/home/student/ros2_ws/install/my_py_pkg:/home/student/ros2_ws/install/my_bot_description:/home/student/ros2_ws/install/modbus_interface:/home/student/ros2_ws/src/install/rqt_joint_trajectory_controller:/home/student/ros2_ws/src/install/ros2_controllers_test_nodes:/home/student/ros2_ws/src/install/opcua_ros_client:/home/student/ros2_ws/src/install/my_py_pkg:/home/student/ros2_ws/src/install/my_bot_description:/home/student/ros2_ws/src/install/modbus_interface:/opt/ros/humble /usr/bin/cmake --install /home/student/ros2_ws/build/ros2_control_cmake
