[0.040s] Invoking command in '/home/student/ros2_ws/build/transmission_interface': CMAKE_PREFIX_PATH=/home/student/ros2_ws/install/hardware_interface:/home/student/ros2_ws/install/ros2_control_test_assets:/home/student/ros2_ws/install/ur_description:/home/student/ros2_ws/install/transmission_interface:/home/student/ros2_ws/install/hardware_interface_testing:/home/student/ros2_ws/install/controller_manager:/home/student/ros2_ws/install/ros2_control_cmake:/home/student/ros2_ws/install/joint_limits:/home/student/ros2_ws/install/controller_interface:/home/student/ros2_ws/install/controller_manager_msgs:/home/student/ros2_ws/src/install/ur_description:/home/student/ros2_ws/src/install/transmission_interface:/home/student/ros2_ws/src/install/hardware_interface_testing:/home/student/ros2_ws/src/install/controller_manager:/home/student/ros2_ws/src/install/ros2_control_test_assets:/home/student/ros2_ws/src/install/ros2_control_cmake:/home/student/ros2_ws/src/install/joint_limits:/home/student/ros2_ws/src/install/irb4400_description:/home/student/ros2_ws/src/install/controller_interface:/home/student/ros2_ws/src/install/hardware_interface:/home/student/ros2_ws/src/install/controller_manager_msgs:/home/student/ros2_ws/install/rqt_joint_trajectory_controller:/home/student/ros2_ws/install/ros2_controllers_test_nodes:/home/student/ros2_ws/install/opcua_ros_client:/home/student/ros2_ws/install/my_py_pkg:/home/student/ros2_ws/install/my_bot_description:/home/student/ros2_ws/install/modbus_interface:/home/student/ros2_ws/src/install/rqt_joint_trajectory_controller:/home/student/ros2_ws/src/install/ros2_controllers_test_nodes:/home/student/ros2_ws/src/install/opcua_ros_client:/home/student/ros2_ws/src/install/my_py_pkg:/home/student/ros2_ws/src/install/my_bot_description:/home/student/ros2_ws/src/install/modbus_interface:/opt/ros/humble LD_LIBRARY_PATH=/home/student/ros2_ws/install/hardware_interface/lib:/home/student/ros2_ws/install/transmission_interface/lib:/home/student/ros2_ws/install/hardware_interface_testing/lib:/home/student/ros2_ws/install/controller_manager/lib:/home/student/ros2_ws/install/joint_limits/lib:/home/student/ros2_ws/install/controller_interface/lib:/home/student/ros2_ws/install/controller_manager_msgs/lib:/home/student/ros2_ws/src/install/transmission_interface/lib:/home/student/ros2_ws/src/install/hardware_interface_testing/lib:/home/student/ros2_ws/src/install/controller_manager/lib:/home/student/ros2_ws/src/install/joint_limits/lib:/home/student/ros2_ws/src/install/controller_interface/lib:/home/student/ros2_ws/src/install/hardware_interface/lib:/home/student/ros2_ws/src/install/controller_manager_msgs/lib:/usr/lib/x86_64-linux-gnu/gazebo-11/plugins:/opt/ros/humble/opt/rviz_ogre_vendor/lib:/opt/ros/humble/lib/x86_64-linux-gnu:/opt/ros/humble/lib /usr/bin/cmake --build /home/student/ros2_ws/build/transmission_interface -- -j8 -l8
[0.122s] [35m[1mConsolidate compiler generated dependencies of target gmock_main[0m
[0.131s] [35m[1mConsolidate compiler generated dependencies of target gmock[0m
[0.131s] [  4%] Built target ament_generate_version_header__transmission_interface
[0.146s] [ 12%] Built target gmock_main
[0.148s] [35m[1mConsolidate compiler generated dependencies of target transmission_interface[0m
[0.155s] [ 25%] Built target gmock
[0.175s] [35m[1mConsolidate compiler generated dependencies of target test_differential_transmission[0m
[0.176s] [35m[1mConsolidate compiler generated dependencies of target test_simple_transmission_loader[0m
[0.176s] [35m[1mConsolidate compiler generated dependencies of target test_simple_transmission[0m
[0.177s] [35m[1mConsolidate compiler generated dependencies of target test_four_bar_linkage_transmission[0m
[0.188s] [35m[1mConsolidate compiler generated dependencies of target test_four_bar_linkage_transmission_loader[0m
[0.188s] [35m[1mConsolidate compiler generated dependencies of target test_differential_transmission_loader[0m
[0.198s] [ 41%] Built target transmission_interface
[0.198s] [35m[1mConsolidate compiler generated dependencies of target test_utils[0m
[0.208s] [ 50%] Built target test_simple_transmission_loader
[0.208s] [ 58%] Built target test_four_bar_linkage_transmission
[0.210s] [ 66%] Built target test_simple_transmission
[0.212s] [ 75%] Built target test_differential_transmission
[0.219s] [ 83%] Built target test_four_bar_linkage_transmission_loader
[0.222s] [ 95%] Built target test_differential_transmission_loader
[0.222s] [100%] Built target test_utils
[0.236s] Invoked command in '/home/student/ros2_ws/build/transmission_interface' returned '0': CMAKE_PREFIX_PATH=/home/student/ros2_ws/install/hardware_interface:/home/student/ros2_ws/install/ros2_control_test_assets:/home/student/ros2_ws/install/ur_description:/home/student/ros2_ws/install/transmission_interface:/home/student/ros2_ws/install/hardware_interface_testing:/home/student/ros2_ws/install/controller_manager:/home/student/ros2_ws/install/ros2_control_cmake:/home/student/ros2_ws/install/joint_limits:/home/student/ros2_ws/install/controller_interface:/home/student/ros2_ws/install/controller_manager_msgs:/home/student/ros2_ws/src/install/ur_description:/home/student/ros2_ws/src/install/transmission_interface:/home/student/ros2_ws/src/install/hardware_interface_testing:/home/student/ros2_ws/src/install/controller_manager:/home/student/ros2_ws/src/install/ros2_control_test_assets:/home/student/ros2_ws/src/install/ros2_control_cmake:/home/student/ros2_ws/src/install/joint_limits:/home/student/ros2_ws/src/install/irb4400_description:/home/student/ros2_ws/src/install/controller_interface:/home/student/ros2_ws/src/install/hardware_interface:/home/student/ros2_ws/src/install/controller_manager_msgs:/home/student/ros2_ws/install/rqt_joint_trajectory_controller:/home/student/ros2_ws/install/ros2_controllers_test_nodes:/home/student/ros2_ws/install/opcua_ros_client:/home/student/ros2_ws/install/my_py_pkg:/home/student/ros2_ws/install/my_bot_description:/home/student/ros2_ws/install/modbus_interface:/home/student/ros2_ws/src/install/rqt_joint_trajectory_controller:/home/student/ros2_ws/src/install/ros2_controllers_test_nodes:/home/student/ros2_ws/src/install/opcua_ros_client:/home/student/ros2_ws/src/install/my_py_pkg:/home/student/ros2_ws/src/install/my_bot_description:/home/student/ros2_ws/src/install/modbus_interface:/opt/ros/humble LD_LIBRARY_PATH=/home/student/ros2_ws/install/hardware_interface/lib:/home/student/ros2_ws/install/transmission_interface/lib:/home/student/ros2_ws/install/hardware_interface_testing/lib:/home/student/ros2_ws/install/controller_manager/lib:/home/student/ros2_ws/install/joint_limits/lib:/home/student/ros2_ws/install/controller_interface/lib:/home/student/ros2_ws/install/controller_manager_msgs/lib:/home/student/ros2_ws/src/install/transmission_interface/lib:/home/student/ros2_ws/src/install/hardware_interface_testing/lib:/home/student/ros2_ws/src/install/controller_manager/lib:/home/student/ros2_ws/src/install/joint_limits/lib:/home/student/ros2_ws/src/install/controller_interface/lib:/home/student/ros2_ws/src/install/hardware_interface/lib:/home/student/ros2_ws/src/install/controller_manager_msgs/lib:/usr/lib/x86_64-linux-gnu/gazebo-11/plugins:/opt/ros/humble/opt/rviz_ogre_vendor/lib:/opt/ros/humble/lib/x86_64-linux-gnu:/opt/ros/humble/lib /usr/bin/cmake --build /home/student/ros2_ws/build/transmission_interface -- -j8 -l8
[0.238s] Invoking command in '/home/student/ros2_ws/build/transmission_interface': CMAKE_PREFIX_PATH=/home/student/ros2_ws/install/hardware_interface:/home/student/ros2_ws/install/ros2_control_test_assets:/home/student/ros2_ws/install/ur_description:/home/student/ros2_ws/install/transmission_interface:/home/student/ros2_ws/install/hardware_interface_testing:/home/student/ros2_ws/install/controller_manager:/home/student/ros2_ws/install/ros2_control_cmake:/home/student/ros2_ws/install/joint_limits:/home/student/ros2_ws/install/controller_interface:/home/student/ros2_ws/install/controller_manager_msgs:/home/student/ros2_ws/src/install/ur_description:/home/student/ros2_ws/src/install/transmission_interface:/home/student/ros2_ws/src/install/hardware_interface_testing:/home/student/ros2_ws/src/install/controller_manager:/home/student/ros2_ws/src/install/ros2_control_test_assets:/home/student/ros2_ws/src/install/ros2_control_cmake:/home/student/ros2_ws/src/install/joint_limits:/home/student/ros2_ws/src/install/irb4400_description:/home/student/ros2_ws/src/install/controller_interface:/home/student/ros2_ws/src/install/hardware_interface:/home/student/ros2_ws/src/install/controller_manager_msgs:/home/student/ros2_ws/install/rqt_joint_trajectory_controller:/home/student/ros2_ws/install/ros2_controllers_test_nodes:/home/student/ros2_ws/install/opcua_ros_client:/home/student/ros2_ws/install/my_py_pkg:/home/student/ros2_ws/install/my_bot_description:/home/student/ros2_ws/install/modbus_interface:/home/student/ros2_ws/src/install/rqt_joint_trajectory_controller:/home/student/ros2_ws/src/install/ros2_controllers_test_nodes:/home/student/ros2_ws/src/install/opcua_ros_client:/home/student/ros2_ws/src/install/my_py_pkg:/home/student/ros2_ws/src/install/my_bot_description:/home/student/ros2_ws/src/install/modbus_interface:/opt/ros/humble LD_LIBRARY_PATH=/home/student/ros2_ws/install/hardware_interface/lib:/home/student/ros2_ws/install/transmission_interface/lib:/home/student/ros2_ws/install/hardware_interface_testing/lib:/home/student/ros2_ws/install/controller_manager/lib:/home/student/ros2_ws/install/joint_limits/lib:/home/student/ros2_ws/install/controller_interface/lib:/home/student/ros2_ws/install/controller_manager_msgs/lib:/home/student/ros2_ws/src/install/transmission_interface/lib:/home/student/ros2_ws/src/install/hardware_interface_testing/lib:/home/student/ros2_ws/src/install/controller_manager/lib:/home/student/ros2_ws/src/install/joint_limits/lib:/home/student/ros2_ws/src/install/controller_interface/lib:/home/student/ros2_ws/src/install/hardware_interface/lib:/home/student/ros2_ws/src/install/controller_manager_msgs/lib:/usr/lib/x86_64-linux-gnu/gazebo-11/plugins:/opt/ros/humble/opt/rviz_ogre_vendor/lib:/opt/ros/humble/lib/x86_64-linux-gnu:/opt/ros/humble/lib /usr/bin/cmake --install /home/student/ros2_ws/build/transmission_interface
[0.250s] -- Install configuration: ""
[0.250s] -- Up-to-date: /home/student/ros2_ws/install/transmission_interface/include
[0.250s] -- Up-to-date: /home/student/ros2_ws/install/transmission_interface/include/transmission_interface
[0.251s] -- Up-to-date: /home/student/ros2_ws/install/transmission_interface/include/transmission_interface/differential_transmission.hpp
[0.251s] -- Up-to-date: /home/student/ros2_ws/install/transmission_interface/include/transmission_interface/four_bar_linkage_transmission.hpp
[0.251s] -- Up-to-date: /home/student/ros2_ws/install/transmission_interface/include/transmission_interface/transmission_interface_exception.hpp
[0.251s] -- Up-to-date: /home/student/ros2_ws/install/transmission_interface/include/transmission_interface/transmission.hpp
[0.251s] -- Up-to-date: /home/student/ros2_ws/install/transmission_interface/include/transmission_interface/differential_transmission_loader.hpp
[0.252s] -- Up-to-date: /home/student/ros2_ws/install/transmission_interface/include/transmission_interface/visibility_control.h
[0.252s] -- Up-to-date: /home/student/ros2_ws/install/transmission_interface/include/transmission_interface/exception.hpp
[0.252s] -- Up-to-date: /home/student/ros2_ws/install/transmission_interface/include/transmission_interface/handle.hpp
[0.252s] -- Up-to-date: /home/student/ros2_ws/install/transmission_interface/include/transmission_interface/simple_transmission_loader.hpp
[0.253s] -- Up-to-date: /home/student/ros2_ws/install/transmission_interface/include/transmission_interface/four_bar_linkage_transmission_loader.hpp
[0.253s] -- Up-to-date: /home/student/ros2_ws/install/transmission_interface/include/transmission_interface/transmission_loader.hpp
[0.253s] -- Up-to-date: /home/student/ros2_ws/install/transmission_interface/include/transmission_interface/accessor.hpp
[0.253s] -- Up-to-date: /home/student/ros2_ws/install/transmission_interface/include/transmission_interface/simple_transmission.hpp
[0.253s] -- Up-to-date: /home/student/ros2_ws/install/transmission_interface/share/transmission_interface/ros2_control_plugins.xml
[0.253s] -- Up-to-date: /home/student/ros2_ws/install/transmission_interface/lib/libtransmission_interface.so
[0.253s] -- Up-to-date: /home/student/ros2_ws/install/transmission_interface/share/transmission_interface/environment/library_path.sh
[0.253s] -- Up-to-date: /home/student/ros2_ws/install/transmission_interface/share/transmission_interface/environment/library_path.dsv
[0.253s] -- Up-to-date: /home/student/ros2_ws/install/transmission_interface/share/ament_index/resource_index/package_run_dependencies/transmission_interface
[0.253s] -- Up-to-date: /home/student/ros2_ws/install/transmission_interface/share/ament_index/resource_index/parent_prefix_path/transmission_interface
[0.254s] -- Up-to-date: /home/student/ros2_ws/install/transmission_interface/share/transmission_interface/environment/ament_prefix_path.sh
[0.254s] -- Up-to-date: /home/student/ros2_ws/install/transmission_interface/share/transmission_interface/environment/ament_prefix_path.dsv
[0.254s] -- Up-to-date: /home/student/ros2_ws/install/transmission_interface/share/transmission_interface/environment/path.sh
[0.254s] -- Up-to-date: /home/student/ros2_ws/install/transmission_interface/share/transmission_interface/environment/path.dsv
[0.254s] -- Up-to-date: /home/student/ros2_ws/install/transmission_interface/share/transmission_interface/local_setup.bash
[0.254s] -- Up-to-date: /home/student/ros2_ws/install/transmission_interface/share/transmission_interface/local_setup.sh
[0.254s] -- Up-to-date: /home/student/ros2_ws/install/transmission_interface/share/transmission_interface/local_setup.zsh
[0.254s] -- Up-to-date: /home/student/ros2_ws/install/transmission_interface/share/transmission_interface/local_setup.dsv
[0.254s] -- Installing: /home/student/ros2_ws/install/transmission_interface/share/transmission_interface/package.dsv
[0.255s] -- Up-to-date: /home/student/ros2_ws/install/transmission_interface/share/ament_index/resource_index/packages/transmission_interface
[0.255s] -- Up-to-date: /home/student/ros2_ws/install/transmission_interface/share/ament_index/resource_index/transmission_interface__pluginlib__plugin/transmission_interface
[0.255s] -- Up-to-date: /home/student/ros2_ws/install/transmission_interface/share/transmission_interface/cmake/ament_cmake_export_include_directories-extras.cmake
[0.255s] -- Up-to-date: /home/student/ros2_ws/install/transmission_interface/share/transmission_interface/cmake/ament_cmake_export_dependencies-extras.cmake
[0.255s] -- Up-to-date: /home/student/ros2_ws/install/transmission_interface/share/transmission_interface/cmake/ament_cmake_export_libraries-extras.cmake
[0.255s] -- Up-to-date: /home/student/ros2_ws/install/transmission_interface/share/transmission_interface/cmake/transmission_interfaceConfig.cmake
[0.255s] -- Up-to-date: /home/student/ros2_ws/install/transmission_interface/share/transmission_interface/cmake/transmission_interfaceConfig-version.cmake
[0.255s] -- Up-to-date: /home/student/ros2_ws/install/transmission_interface/share/transmission_interface/package.xml
[0.255s] -- Up-to-date: /home/student/ros2_ws/install/transmission_interface/include/transmission_interface/transmission_interface/version.h
[0.259s] Invoked command in '/home/student/ros2_ws/build/transmission_interface' returned '0': CMAKE_PREFIX_PATH=/home/student/ros2_ws/install/hardware_interface:/home/student/ros2_ws/install/ros2_control_test_assets:/home/student/ros2_ws/install/ur_description:/home/student/ros2_ws/install/transmission_interface:/home/student/ros2_ws/install/hardware_interface_testing:/home/student/ros2_ws/install/controller_manager:/home/student/ros2_ws/install/ros2_control_cmake:/home/student/ros2_ws/install/joint_limits:/home/student/ros2_ws/install/controller_interface:/home/student/ros2_ws/install/controller_manager_msgs:/home/student/ros2_ws/src/install/ur_description:/home/student/ros2_ws/src/install/transmission_interface:/home/student/ros2_ws/src/install/hardware_interface_testing:/home/student/ros2_ws/src/install/controller_manager:/home/student/ros2_ws/src/install/ros2_control_test_assets:/home/student/ros2_ws/src/install/ros2_control_cmake:/home/student/ros2_ws/src/install/joint_limits:/home/student/ros2_ws/src/install/irb4400_description:/home/student/ros2_ws/src/install/controller_interface:/home/student/ros2_ws/src/install/hardware_interface:/home/student/ros2_ws/src/install/controller_manager_msgs:/home/student/ros2_ws/install/rqt_joint_trajectory_controller:/home/student/ros2_ws/install/ros2_controllers_test_nodes:/home/student/ros2_ws/install/opcua_ros_client:/home/student/ros2_ws/install/my_py_pkg:/home/student/ros2_ws/install/my_bot_description:/home/student/ros2_ws/install/modbus_interface:/home/student/ros2_ws/src/install/rqt_joint_trajectory_controller:/home/student/ros2_ws/src/install/ros2_controllers_test_nodes:/home/student/ros2_ws/src/install/opcua_ros_client:/home/student/ros2_ws/src/install/my_py_pkg:/home/student/ros2_ws/src/install/my_bot_description:/home/student/ros2_ws/src/install/modbus_interface:/opt/ros/humble LD_LIBRARY_PATH=/home/student/ros2_ws/install/hardware_interface/lib:/home/student/ros2_ws/install/transmission_interface/lib:/home/student/ros2_ws/install/hardware_interface_testing/lib:/home/student/ros2_ws/install/controller_manager/lib:/home/student/ros2_ws/install/joint_limits/lib:/home/student/ros2_ws/install/controller_interface/lib:/home/student/ros2_ws/install/controller_manager_msgs/lib:/home/student/ros2_ws/src/install/transmission_interface/lib:/home/student/ros2_ws/src/install/hardware_interface_testing/lib:/home/student/ros2_ws/src/install/controller_manager/lib:/home/student/ros2_ws/src/install/joint_limits/lib:/home/student/ros2_ws/src/install/controller_interface/lib:/home/student/ros2_ws/src/install/hardware_interface/lib:/home/student/ros2_ws/src/install/controller_manager_msgs/lib:/usr/lib/x86_64-linux-gnu/gazebo-11/plugins:/opt/ros/humble/opt/rviz_ogre_vendor/lib:/opt/ros/humble/lib/x86_64-linux-gnu:/opt/ros/humble/lib /usr/bin/cmake --install /home/student/ros2_ws/build/transmission_interface
