[0.073s] Invoking command in '/home/student/ros2_ws/build/controller_manager': CMAKE_PREFIX_PATH=/home/student/ros2_ws/install/hardware_interface_testing:/home/student/ros2_ws/install/controller_interface:/home/student/ros2_ws/install/hardware_interface:/home/student/ros2_ws/install/ros2_control_test_assets:/home/student/ros2_ws/install/controller_manager_msgs:/home/student/ros2_ws/install/ur_description:/home/student/ros2_ws/install/transmission_interface:/home/student/ros2_ws/install/controller_manager:/home/student/ros2_ws/install/ros2_control_cmake:/home/student/ros2_ws/install/joint_limits:/home/student/ros2_ws/src/install/ur_description:/home/student/ros2_ws/src/install/transmission_interface:/home/student/ros2_ws/src/install/hardware_interface_testing:/home/student/ros2_ws/src/install/controller_manager:/home/student/ros2_ws/src/install/ros2_control_test_assets:/home/student/ros2_ws/src/install/ros2_control_cmake:/home/student/ros2_ws/src/install/joint_limits:/home/student/ros2_ws/src/install/irb4400_description:/home/student/ros2_ws/src/install/controller_interface:/home/student/ros2_ws/src/install/hardware_interface:/home/student/ros2_ws/src/install/controller_manager_msgs:/home/student/ros2_ws/install/rqt_joint_trajectory_controller:/home/student/ros2_ws/install/ros2_controllers_test_nodes:/home/student/ros2_ws/install/opcua_ros_client:/home/student/ros2_ws/install/my_py_pkg:/home/student/ros2_ws/install/my_bot_description:/home/student/ros2_ws/install/modbus_interface:/home/student/ros2_ws/src/install/rqt_joint_trajectory_controller:/home/student/ros2_ws/src/install/ros2_controllers_test_nodes:/home/student/ros2_ws/src/install/opcua_ros_client:/home/student/ros2_ws/src/install/my_py_pkg:/home/student/ros2_ws/src/install/my_bot_description:/home/student/ros2_ws/src/install/modbus_interface:/opt/ros/humble LD_LIBRARY_PATH=/home/student/ros2_ws/install/hardware_interface_testing/lib:/home/student/ros2_ws/install/controller_interface/lib:/home/student/ros2_ws/install/hardware_interface/lib:/home/student/ros2_ws/install/controller_manager_msgs/lib:/home/student/ros2_ws/install/transmission_interface/lib:/home/student/ros2_ws/install/controller_manager/lib:/home/student/ros2_ws/install/joint_limits/lib:/home/student/ros2_ws/src/install/transmission_interface/lib:/home/student/ros2_ws/src/install/hardware_interface_testing/lib:/home/student/ros2_ws/src/install/controller_manager/lib:/home/student/ros2_ws/src/install/joint_limits/lib:/home/student/ros2_ws/src/install/controller_interface/lib:/home/student/ros2_ws/src/install/hardware_interface/lib:/home/student/ros2_ws/src/install/controller_manager_msgs/lib:/usr/lib/x86_64-linux-gnu/gazebo-11/plugins:/opt/ros/humble/opt/rviz_ogre_vendor/lib:/opt/ros/humble/lib/x86_64-linux-gnu:/opt/ros/humble/lib /usr/bin/cmake --build /home/student/ros2_ws/build/controller_manager -- -j8 -l8
[0.156s] [35m[1mConsolidate compiler generated dependencies of target gmock[0m
[0.157s] [35m[1mConsolidate compiler generated dependencies of target gmock_main[0m
[0.171s] [  2%] Built target ament_generate_version_header__controller_manager
[0.178s] [ 10%] Built target gmock
[0.180s] [ 15%] Built target gmock_main
[0.184s] [ 15%] Built target ament_cmake_python_copy_controller_manager_setup
[0.184s] [ 15%] Built target ament_cmake_python_copy_controller_manager
[0.187s] [35m[1mConsolidate compiler generated dependencies of target controller_manager[0m
[0.214s] [ 21%] Built target controller_manager
[0.234s] [35m[1mConsolidate compiler generated dependencies of target test_controller[0m
[0.236s] [35m[1mConsolidate compiler generated dependencies of target ros2_control_node[0m
[0.240s] [35m[1mConsolidate compiler generated dependencies of target test_chainable_controller[0m
[0.246s] [35m[1mConsolidate compiler generated dependencies of target test_controller_manager_urdf_passing[0m
[0.255s] [35m[1mConsolidate compiler generated dependencies of target test_controller_failed_init[0m
[0.255s] [35m[1mConsolidate compiler generated dependencies of target test_controller_with_interfaces[0m
[0.283s] [ 26%] Built target ros2_control_node
[0.284s] [ 31%] Built target test_controller
[0.287s] [ 36%] Built target test_chainable_controller
[0.288s] [ 42%] Built target test_controller_failed_init
[0.291s] [ 47%] Built target test_controller_manager_urdf_passing
[0.294s] [ 52%] Built target test_controller_with_interfaces
[0.307s] [35m[1mConsolidate compiler generated dependencies of target test_controller_manager_with_namespace.cpp[0m
[0.307s] [35m[1mConsolidate compiler generated dependencies of target test_controller_manager[0m
[0.309s] [35m[1mConsolidate compiler generated dependencies of target test_controllers_chaining_with_controller_manager[0m
[0.319s] [35m[1mConsolidate compiler generated dependencies of target test_hardware_spawner[0m
[0.327s] [35m[1mConsolidate compiler generated dependencies of target test_spawner_unspawner[0m
[0.327s] [35m[1mConsolidate compiler generated dependencies of target test_controller_manager_srvs[0m
[0.344s] [ 57%] Built target test_controller_manager_with_namespace.cpp
[0.352s] [ 63%] Built target test_controllers_chaining_with_controller_manager
[0.354s] [ 68%] Built target test_controller_manager
[0.370s] [ 73%] Built target test_hardware_spawner
[0.372s] [35m[1mConsolidate compiler generated dependencies of target test_load_controller[0m
[0.373s] [35m[1mConsolidate compiler generated dependencies of target test_hardware_management_srvs[0m
[0.384s] [ 78%] Built target test_controller_manager_srvs
[0.385s] [35m[1mConsolidate compiler generated dependencies of target test_release_interfaces[0m
[0.396s] [ 84%] Built target test_spawner_unspawner
[0.402s] [ 89%] Built target test_load_controller
[0.407s] [ 94%] Built target test_hardware_management_srvs
[0.410s] [100%] Built target test_release_interfaces
[0.531s] running egg_info
[0.532s] writing controller_manager.egg-info/PKG-INFO
[0.532s] writing dependency_links to controller_manager.egg-info/dependency_links.txt
[0.532s] writing entry points to controller_manager.egg-info/entry_points.txt
[0.532s] writing top-level names to controller_manager.egg-info/top_level.txt
[0.534s] reading manifest file 'controller_manager.egg-info/SOURCES.txt'
[0.535s] writing manifest file 'controller_manager.egg-info/SOURCES.txt'
[0.545s] running install_scripts
[0.548s] /usr/lib/python3/dist-packages/setuptools/command/install.py:34: SetuptoolsDeprecationWarning: setup.py install is deprecated. Use build and pip and other standards-based tools.
[0.548s]   warnings.warn(
[0.571s] running egg_info
[0.572s] writing controller_manager.egg-info/PKG-INFO
[0.573s] writing dependency_links to controller_manager.egg-info/dependency_links.txt
[0.573s] writing entry points to controller_manager.egg-info/entry_points.txt
[0.573s] [100%] Built target ament_cmake_python_build_controller_manager_egg
[0.573s] writing top-level names to controller_manager.egg-info/top_level.txt
[0.574s] reading manifest file 'controller_manager.egg-info/SOURCES.txt'
[0.575s] writing manifest file 'controller_manager.egg-info/SOURCES.txt'
[0.576s] Installing hardware_spawner script to scripts
[0.576s] Installing spawner script to scripts
[0.576s] Installing unspawner script to scripts
[0.613s] [100%] Built target ament_cmake_python_build_controller_manager_scripts
[0.625s] Invoked command in '/home/student/ros2_ws/build/controller_manager' returned '0': CMAKE_PREFIX_PATH=/home/student/ros2_ws/install/hardware_interface_testing:/home/student/ros2_ws/install/controller_interface:/home/student/ros2_ws/install/hardware_interface:/home/student/ros2_ws/install/ros2_control_test_assets:/home/student/ros2_ws/install/controller_manager_msgs:/home/student/ros2_ws/install/ur_description:/home/student/ros2_ws/install/transmission_interface:/home/student/ros2_ws/install/controller_manager:/home/student/ros2_ws/install/ros2_control_cmake:/home/student/ros2_ws/install/joint_limits:/home/student/ros2_ws/src/install/ur_description:/home/student/ros2_ws/src/install/transmission_interface:/home/student/ros2_ws/src/install/hardware_interface_testing:/home/student/ros2_ws/src/install/controller_manager:/home/student/ros2_ws/src/install/ros2_control_test_assets:/home/student/ros2_ws/src/install/ros2_control_cmake:/home/student/ros2_ws/src/install/joint_limits:/home/student/ros2_ws/src/install/irb4400_description:/home/student/ros2_ws/src/install/controller_interface:/home/student/ros2_ws/src/install/hardware_interface:/home/student/ros2_ws/src/install/controller_manager_msgs:/home/student/ros2_ws/install/rqt_joint_trajectory_controller:/home/student/ros2_ws/install/ros2_controllers_test_nodes:/home/student/ros2_ws/install/opcua_ros_client:/home/student/ros2_ws/install/my_py_pkg:/home/student/ros2_ws/install/my_bot_description:/home/student/ros2_ws/install/modbus_interface:/home/student/ros2_ws/src/install/rqt_joint_trajectory_controller:/home/student/ros2_ws/src/install/ros2_controllers_test_nodes:/home/student/ros2_ws/src/install/opcua_ros_client:/home/student/ros2_ws/src/install/my_py_pkg:/home/student/ros2_ws/src/install/my_bot_description:/home/student/ros2_ws/src/install/modbus_interface:/opt/ros/humble LD_LIBRARY_PATH=/home/student/ros2_ws/install/hardware_interface_testing/lib:/home/student/ros2_ws/install/controller_interface/lib:/home/student/ros2_ws/install/hardware_interface/lib:/home/student/ros2_ws/install/controller_manager_msgs/lib:/home/student/ros2_ws/install/transmission_interface/lib:/home/student/ros2_ws/install/controller_manager/lib:/home/student/ros2_ws/install/joint_limits/lib:/home/student/ros2_ws/src/install/transmission_interface/lib:/home/student/ros2_ws/src/install/hardware_interface_testing/lib:/home/student/ros2_ws/src/install/controller_manager/lib:/home/student/ros2_ws/src/install/joint_limits/lib:/home/student/ros2_ws/src/install/controller_interface/lib:/home/student/ros2_ws/src/install/hardware_interface/lib:/home/student/ros2_ws/src/install/controller_manager_msgs/lib:/usr/lib/x86_64-linux-gnu/gazebo-11/plugins:/opt/ros/humble/opt/rviz_ogre_vendor/lib:/opt/ros/humble/lib/x86_64-linux-gnu:/opt/ros/humble/lib /usr/bin/cmake --build /home/student/ros2_ws/build/controller_manager -- -j8 -l8
[0.626s] Invoking command in '/home/student/ros2_ws/build/controller_manager': CMAKE_PREFIX_PATH=/home/student/ros2_ws/install/hardware_interface_testing:/home/student/ros2_ws/install/controller_interface:/home/student/ros2_ws/install/hardware_interface:/home/student/ros2_ws/install/ros2_control_test_assets:/home/student/ros2_ws/install/controller_manager_msgs:/home/student/ros2_ws/install/ur_description:/home/student/ros2_ws/install/transmission_interface:/home/student/ros2_ws/install/controller_manager:/home/student/ros2_ws/install/ros2_control_cmake:/home/student/ros2_ws/install/joint_limits:/home/student/ros2_ws/src/install/ur_description:/home/student/ros2_ws/src/install/transmission_interface:/home/student/ros2_ws/src/install/hardware_interface_testing:/home/student/ros2_ws/src/install/controller_manager:/home/student/ros2_ws/src/install/ros2_control_test_assets:/home/student/ros2_ws/src/install/ros2_control_cmake:/home/student/ros2_ws/src/install/joint_limits:/home/student/ros2_ws/src/install/irb4400_description:/home/student/ros2_ws/src/install/controller_interface:/home/student/ros2_ws/src/install/hardware_interface:/home/student/ros2_ws/src/install/controller_manager_msgs:/home/student/ros2_ws/install/rqt_joint_trajectory_controller:/home/student/ros2_ws/install/ros2_controllers_test_nodes:/home/student/ros2_ws/install/opcua_ros_client:/home/student/ros2_ws/install/my_py_pkg:/home/student/ros2_ws/install/my_bot_description:/home/student/ros2_ws/install/modbus_interface:/home/student/ros2_ws/src/install/rqt_joint_trajectory_controller:/home/student/ros2_ws/src/install/ros2_controllers_test_nodes:/home/student/ros2_ws/src/install/opcua_ros_client:/home/student/ros2_ws/src/install/my_py_pkg:/home/student/ros2_ws/src/install/my_bot_description:/home/student/ros2_ws/src/install/modbus_interface:/opt/ros/humble LD_LIBRARY_PATH=/home/student/ros2_ws/install/hardware_interface_testing/lib:/home/student/ros2_ws/install/controller_interface/lib:/home/student/ros2_ws/install/hardware_interface/lib:/home/student/ros2_ws/install/controller_manager_msgs/lib:/home/student/ros2_ws/install/transmission_interface/lib:/home/student/ros2_ws/install/controller_manager/lib:/home/student/ros2_ws/install/joint_limits/lib:/home/student/ros2_ws/src/install/transmission_interface/lib:/home/student/ros2_ws/src/install/hardware_interface_testing/lib:/home/student/ros2_ws/src/install/controller_manager/lib:/home/student/ros2_ws/src/install/joint_limits/lib:/home/student/ros2_ws/src/install/controller_interface/lib:/home/student/ros2_ws/src/install/hardware_interface/lib:/home/student/ros2_ws/src/install/controller_manager_msgs/lib:/usr/lib/x86_64-linux-gnu/gazebo-11/plugins:/opt/ros/humble/opt/rviz_ogre_vendor/lib:/opt/ros/humble/lib/x86_64-linux-gnu:/opt/ros/humble/lib /usr/bin/cmake --install /home/student/ros2_ws/build/controller_manager
[0.634s] -- Install configuration: ""
[0.634s] -- Up-to-date: /home/student/ros2_ws/install/controller_manager/lib/libcontroller_manager.so
[0.634s] -- Up-to-date: /home/student/ros2_ws/install/controller_manager/lib/controller_manager/ros2_control_node
[0.634s] -- Up-to-date: /home/student/ros2_ws/install/controller_manager/include
[0.635s] -- Up-to-date: /home/student/ros2_ws/install/controller_manager/include/controller_manager
[0.635s] -- Up-to-date: /home/student/ros2_ws/install/controller_manager/include/controller_manager/visibility_control.h
[0.635s] -- Up-to-date: /home/student/ros2_ws/install/controller_manager/include/controller_manager/controller_manager.hpp
[0.635s] -- Up-to-date: /home/student/ros2_ws/install/controller_manager/include/controller_manager/controller_spec.hpp
[0.635s] -- Up-to-date: /home/student/ros2_ws/install/controller_manager/share/controller_manager/test/test_controller/test_controller.xml
[0.635s] -- Up-to-date: /home/student/ros2_ws/install/controller_manager/lib/libtest_controller.so
[0.635s] -- Up-to-date: /home/student/ros2_ws/install/controller_manager/share/controller_manager/test/test_controller_failed_init/test_controller_failed_init.xml
[0.635s] -- Up-to-date: /home/student/ros2_ws/install/controller_manager/lib/libtest_controller_failed_init.so
[0.635s] -- Up-to-date: /home/student/ros2_ws/install/controller_manager/share/controller_manager/test/test_chainable_controller/test_chainable_controller.xml
[0.635s] -- Up-to-date: /home/student/ros2_ws/install/controller_manager/lib/libtest_chainable_controller.so
[0.636s] -- Up-to-date: /home/student/ros2_ws/install/controller_manager/share/controller_manager/test/test_controller_with_interfaces/test_controller_with_interfaces.xml
[0.636s] -- Up-to-date: /home/student/ros2_ws/install/controller_manager/lib/libtest_controller_with_interfaces.so
[0.636s] -- Up-to-date: /home/student/ros2_ws/install/controller_manager/test/test_controller_spawner_with_type.yaml
[0.636s] -- Up-to-date: /home/student/ros2_ws/install/controller_manager/test/test_controller_spawner_with_basic_controllers.yaml
[0.636s] -- Up-to-date: /home/student/ros2_ws/install/controller_manager/test/test_controller_overriding_parameters.yaml
[0.636s] -- Up-to-date: /home/student/ros2_ws/install/controller_manager/test/test_controller_spawner_wildcard_entries.yaml
[0.636s] -- Up-to-date: /home/student/ros2_ws/install/controller_manager/test/test_controller_spawner_with_interfaces.yaml
[0.636s] -- Up-to-date: /home/student/ros2_ws/install/controller_manager/test/test_ros2_control_node.yaml
[0.636s] -- Up-to-date: /home/student/ros2_ws/install/controller_manager/share/controller_manager/environment/pythonpath.sh
[0.636s] -- Up-to-date: /home/student/ros2_ws/install/controller_manager/share/controller_manager/environment/pythonpath.dsv
[0.637s] -- Up-to-date: /home/student/ros2_ws/install/controller_manager/local/lib/python3.10/dist-packages/controller_manager-2.51.0-py3.10.egg-info
[0.637s] -- Installing: /home/student/ros2_ws/install/controller_manager/local/lib/python3.10/dist-packages/controller_manager-2.51.0-py3.10.egg-info/top_level.txt
[0.637s] -- Installing: /home/student/ros2_ws/install/controller_manager/local/lib/python3.10/dist-packages/controller_manager-2.51.0-py3.10.egg-info/PKG-INFO
[0.637s] -- Installing: /home/student/ros2_ws/install/controller_manager/local/lib/python3.10/dist-packages/controller_manager-2.51.0-py3.10.egg-info/entry_points.txt
[0.637s] -- Installing: /home/student/ros2_ws/install/controller_manager/local/lib/python3.10/dist-packages/controller_manager-2.51.0-py3.10.egg-info/dependency_links.txt
[0.637s] -- Installing: /home/student/ros2_ws/install/controller_manager/local/lib/python3.10/dist-packages/controller_manager-2.51.0-py3.10.egg-info/SOURCES.txt
[0.637s] -- Up-to-date: /home/student/ros2_ws/install/controller_manager/lib/controller_manager/
[0.637s] -- Installing: /home/student/ros2_ws/install/controller_manager/lib/controller_manager//hardware_spawner
[0.637s] -- Installing: /home/student/ros2_ws/install/controller_manager/lib/controller_manager//unspawner
[0.637s] -- Installing: /home/student/ros2_ws/install/controller_manager/lib/controller_manager//spawner
[0.637s] -- Up-to-date: /home/student/ros2_ws/install/controller_manager/local/lib/python3.10/dist-packages/controller_manager
[0.637s] -- Up-to-date: /home/student/ros2_ws/install/controller_manager/local/lib/python3.10/dist-packages/controller_manager/launch_utils.py
[0.637s] -- Up-to-date: /home/student/ros2_ws/install/controller_manager/local/lib/python3.10/dist-packages/controller_manager/test_utils.py
[0.637s] -- Up-to-date: /home/student/ros2_ws/install/controller_manager/local/lib/python3.10/dist-packages/controller_manager/hardware_spawner.py
[0.637s] -- Up-to-date: /home/student/ros2_ws/install/controller_manager/local/lib/python3.10/dist-packages/controller_manager/spawner.py
[0.638s] -- Up-to-date: /home/student/ros2_ws/install/controller_manager/local/lib/python3.10/dist-packages/controller_manager/unspawner.py
[0.638s] -- Up-to-date: /home/student/ros2_ws/install/controller_manager/local/lib/python3.10/dist-packages/controller_manager/controller_manager_services.py
[0.638s] -- Up-to-date: /home/student/ros2_ws/install/controller_manager/local/lib/python3.10/dist-packages/controller_manager/__init__.py
[0.673s] Listing '/home/student/ros2_ws/install/controller_manager/local/lib/python3.10/dist-packages/controller_manager'...
[0.677s] -- Up-to-date: /home/student/ros2_ws/install/controller_manager/share/controller_manager/environment/library_path.sh
[0.677s] -- Up-to-date: /home/student/ros2_ws/install/controller_manager/share/controller_manager/environment/library_path.dsv
[0.677s] -- Up-to-date: /home/student/ros2_ws/install/controller_manager/share/ament_index/resource_index/package_run_dependencies/controller_manager
[0.677s] -- Up-to-date: /home/student/ros2_ws/install/controller_manager/share/ament_index/resource_index/parent_prefix_path/controller_manager
[0.677s] -- Up-to-date: /home/student/ros2_ws/install/controller_manager/share/controller_manager/environment/ament_prefix_path.sh
[0.678s] -- Up-to-date: /home/student/ros2_ws/install/controller_manager/share/controller_manager/environment/ament_prefix_path.dsv
[0.678s] -- Up-to-date: /home/student/ros2_ws/install/controller_manager/share/controller_manager/environment/path.sh
[0.678s] -- Up-to-date: /home/student/ros2_ws/install/controller_manager/share/controller_manager/environment/path.dsv
[0.678s] -- Up-to-date: /home/student/ros2_ws/install/controller_manager/share/controller_manager/local_setup.bash
[0.678s] -- Up-to-date: /home/student/ros2_ws/install/controller_manager/share/controller_manager/local_setup.sh
[0.678s] -- Up-to-date: /home/student/ros2_ws/install/controller_manager/share/controller_manager/local_setup.zsh
[0.678s] -- Up-to-date: /home/student/ros2_ws/install/controller_manager/share/controller_manager/local_setup.dsv
[0.678s] -- Installing: /home/student/ros2_ws/install/controller_manager/share/controller_manager/package.dsv
[0.679s] -- Up-to-date: /home/student/ros2_ws/install/controller_manager/share/ament_index/resource_index/packages/controller_manager
[0.679s] -- Up-to-date: /home/student/ros2_ws/install/controller_manager/share/ament_index/resource_index/controller_interface__pluginlib__plugin/controller_manager
[0.679s] -- Up-to-date: /home/student/ros2_ws/install/controller_manager/share/controller_manager/cmake/ament_cmake_export_libraries-extras.cmake
[0.679s] -- Up-to-date: /home/student/ros2_ws/install/controller_manager/share/controller_manager/cmake/ament_cmake_export_include_directories-extras.cmake
[0.679s] -- Up-to-date: /home/student/ros2_ws/install/controller_manager/share/controller_manager/cmake/ament_cmake_export_dependencies-extras.cmake
[0.679s] -- Up-to-date: /home/student/ros2_ws/install/controller_manager/share/controller_manager/cmake/controller_managerConfig.cmake
[0.679s] -- Up-to-date: /home/student/ros2_ws/install/controller_manager/share/controller_manager/cmake/controller_managerConfig-version.cmake
[0.679s] -- Up-to-date: /home/student/ros2_ws/install/controller_manager/share/controller_manager/package.xml
[0.679s] -- Up-to-date: /home/student/ros2_ws/install/controller_manager/include/controller_manager/controller_manager/version.h
[0.681s] Invoked command in '/home/student/ros2_ws/build/controller_manager' returned '0': CMAKE_PREFIX_PATH=/home/student/ros2_ws/install/hardware_interface_testing:/home/student/ros2_ws/install/controller_interface:/home/student/ros2_ws/install/hardware_interface:/home/student/ros2_ws/install/ros2_control_test_assets:/home/student/ros2_ws/install/controller_manager_msgs:/home/student/ros2_ws/install/ur_description:/home/student/ros2_ws/install/transmission_interface:/home/student/ros2_ws/install/controller_manager:/home/student/ros2_ws/install/ros2_control_cmake:/home/student/ros2_ws/install/joint_limits:/home/student/ros2_ws/src/install/ur_description:/home/student/ros2_ws/src/install/transmission_interface:/home/student/ros2_ws/src/install/hardware_interface_testing:/home/student/ros2_ws/src/install/controller_manager:/home/student/ros2_ws/src/install/ros2_control_test_assets:/home/student/ros2_ws/src/install/ros2_control_cmake:/home/student/ros2_ws/src/install/joint_limits:/home/student/ros2_ws/src/install/irb4400_description:/home/student/ros2_ws/src/install/controller_interface:/home/student/ros2_ws/src/install/hardware_interface:/home/student/ros2_ws/src/install/controller_manager_msgs:/home/student/ros2_ws/install/rqt_joint_trajectory_controller:/home/student/ros2_ws/install/ros2_controllers_test_nodes:/home/student/ros2_ws/install/opcua_ros_client:/home/student/ros2_ws/install/my_py_pkg:/home/student/ros2_ws/install/my_bot_description:/home/student/ros2_ws/install/modbus_interface:/home/student/ros2_ws/src/install/rqt_joint_trajectory_controller:/home/student/ros2_ws/src/install/ros2_controllers_test_nodes:/home/student/ros2_ws/src/install/opcua_ros_client:/home/student/ros2_ws/src/install/my_py_pkg:/home/student/ros2_ws/src/install/my_bot_description:/home/student/ros2_ws/src/install/modbus_interface:/opt/ros/humble LD_LIBRARY_PATH=/home/student/ros2_ws/install/hardware_interface_testing/lib:/home/student/ros2_ws/install/controller_interface/lib:/home/student/ros2_ws/install/hardware_interface/lib:/home/student/ros2_ws/install/controller_manager_msgs/lib:/home/student/ros2_ws/install/transmission_interface/lib:/home/student/ros2_ws/install/controller_manager/lib:/home/student/ros2_ws/install/joint_limits/lib:/home/student/ros2_ws/src/install/transmission_interface/lib:/home/student/ros2_ws/src/install/hardware_interface_testing/lib:/home/student/ros2_ws/src/install/controller_manager/lib:/home/student/ros2_ws/src/install/joint_limits/lib:/home/student/ros2_ws/src/install/controller_interface/lib:/home/student/ros2_ws/src/install/hardware_interface/lib:/home/student/ros2_ws/src/install/controller_manager_msgs/lib:/usr/lib/x86_64-linux-gnu/gazebo-11/plugins:/opt/ros/humble/opt/rviz_ogre_vendor/lib:/opt/ros/humble/lib/x86_64-linux-gnu:/opt/ros/humble/lib /usr/bin/cmake --install /home/student/ros2_ws/build/controller_manager
