[0.018s] Invoking command in '/home/student/UR_Robot_ws/build/ur_controllers': AMENT_PREFIX_PATH=/home/student/UR_Robot_ws/install/ur_dashboard_msgs:${AMENT_PREFIX_PATH} CMAKE_PREFIX_PATH=/home/student/UR_Robot_ws/install/ur_dashboard_msgs:/home/student/ws_moveit2/install/pilz_industrial_motion_planner_testutils:/home/student/ws_moveit2/install/moveit_runtime:/home/student/ws_moveit2/install/moveit2_tutorials:/home/student/ws_moveit2/install/moveit:/home/student/ws_moveit2/install/moveit_planners:/home/student/ws_moveit2/install/pilz_industrial_motion_planner:/home/student/ws_moveit2/install/moveit_visual_tools:/home/student/ws_moveit2/install/moveit_task_constructor_visualization:/home/student/ws_moveit2/install/moveit_task_constructor_demo:/home/student/ws_moveit2/install/moveit_task_constructor_capabilities:/home/student/ws_moveit2/install/moveit_task_constructor_core:/home/student/ws_moveit2/install/moveit_ros_control_interface:/home/student/ws_moveit2/install/moveit_plugins:/home/student/ws_moveit2/install/moveit_simple_controller_manager:/home/student/ws_moveit2/install/moveit_setup_assistant:/home/student/ws_moveit2/install/moveit_setup_srdf_plugins:/home/student/ws_moveit2/install/moveit_setup_core_plugins:/home/student/ws_moveit2/install/moveit_setup_controllers:/home/student/ws_moveit2/install/moveit_setup_app_plugins:/home/student/ws_moveit2/install/moveit_setup_framework:/home/student/ws_moveit2/install/moveit_servo:/home/student/ws_moveit2/install/moveit_ros:/home/student/ws_moveit2/install/moveit_ros_visualization:/home/student/ws_moveit2/install/moveit_hybrid_planning:/home/student/ws_moveit2/install/moveit_ros_planning_interface:/home/student/ws_moveit2/install/moveit_ros_benchmarks:/home/student/ws_moveit2/install/moveit_ros_warehouse:/home/student/ws_moveit2/install/moveit_ros_robot_interaction:/home/student/ws_moveit2/install/moveit_ros_perception:/home/student/ws_moveit2/install/moveit_resources_prbt_pg70_support:/home/student/ws_moveit2/install/moveit_resources_prbt_moveit_config:/home/student/ws_moveit2/install/moveit_ros_move_group:/home/student/ws_moveit2/install/moveit_planners_ompl:/home/student/ws_moveit2/install/moveit_ros_planning:/home/student/ws_moveit2/install/moveit_ros_occupancy_map_monitor:/home/student/ws_moveit2/install/moveit_resources_prbt_ikfast_manipulator_plugin:/home/student/ws_moveit2/install/moveit_planners_chomp:/home/student/ws_moveit2/install/moveit_kinematics:/home/student/ws_moveit2/install/moveit_chomp_optimizer_adapter:/home/student/ws_moveit2/install/chomp_motion_planner:/home/student/ws_moveit2/install/moveit_core:/home/student/ws_moveit2/install/srdfdom:/home/student/ws_moveit2/install/rviz_marker_tools:/home/student/ws_moveit2/install/rosparam_shortcuts:/home/student/ws_moveit2/install/moveit_task_constructor_msgs:/home/student/ws_moveit2/install/moveit_resources_prbt_support:/home/student/ws_moveit2/install/moveit_resources:/home/student/ws_moveit2/install/moveit_resources_pr2_description:/home/student/ws_moveit2/install/moveit_resources_panda_moveit_config:/home/student/ws_moveit2/install/moveit_resources_panda_description:/home/student/ws_moveit2/install/moveit_resources_fanuc_moveit_config:/home/student/ws_moveit2/install/moveit_resources_fanuc_description:/home/student/ws_moveit2/install/moveit_common:/home/student/ws_moveit2/install/moveit_configs_utils:/home/student/ws_moveit2/install/launch_param_builder:/opt/ros/humble LD_LIBRARY_PATH=/home/student/UR_Robot_ws/install/ur_dashboard_msgs/lib:${LD_LIBRARY_PATH} PYTHONPATH=/home/student/UR_Robot_ws/install/ur_dashboard_msgs/local/lib/python3.10/dist-packages:${PYTHONPATH} /usr/bin/cmake /home/student/UR_Robot_ws/src/ur_controllers -DCMAKE_INSTALL_PREFIX=/home/student/UR_Robot_ws/install/ur_controllers
[0.041s] -- Found ament_cmake: 1.3.12 (/opt/ros/humble/share/ament_cmake/cmake)
[0.166s] -- Override CMake install command with custom implementation using symlinks instead of copying resources
[0.175s] -- Found angles: 1.15.0 (/opt/ros/humble/share/angles/cmake)
[0.177s] -- Found controller_interface: 2.51.0 (/home/student/ros2_ws/install/controller_interface/share/controller_interface/cmake)
[0.204s] -- Found rosidl_generator_c: 3.1.7 (/opt/ros/humble/share/rosidl_generator_c/cmake)
[0.206s] -- Found rosidl_adapter: 3.1.7 (/opt/ros/humble/share/rosidl_adapter/cmake)
[0.212s] -- Found rosidl_generator_cpp: 3.1.7 (/opt/ros/humble/share/rosidl_generator_cpp/cmake)
[0.222s] -- Using all available rosidl_typesupport_c: rosidl_typesupport_fastrtps_c;rosidl_typesupport_introspection_c
[0.235s] -- Using all available rosidl_typesupport_cpp: rosidl_typesupport_fastrtps_cpp;rosidl_typesupport_introspection_cpp
[0.427s] -- Found rmw_implementation_cmake: 6.1.2 (/opt/ros/humble/share/rmw_implementation_cmake/cmake)
[0.430s] -- Found rmw_fastrtps_cpp: 6.2.8 (/opt/ros/humble/share/rmw_fastrtps_cpp/cmake)
[0.453s] -- Found TinyXML2 via Config file: TinyXML2_DIR-NOTFOUND
[0.464s] -- Found TinyXML2 via Config file: TinyXML2_DIR-NOTFOUND
[0.479s] -- Found TinyXML2 via Config file: TinyXML2_DIR-NOTFOUND
[0.488s] -- Found TinyXML2 via Config file: TinyXML2_DIR-NOTFOUND
[0.501s] -- Using RMW implementation 'rmw_fastrtps_cpp' as default
[0.562s] -- Found joint_trajectory_controller: 2.49.1 (/opt/ros/humble/share/joint_trajectory_controller/cmake)
[0.622s] -- Found std_srvs: 4.9.0 (/opt/ros/humble/share/std_srvs/cmake)
[0.633s] -- Found tf2_geometry_msgs: 0.25.16 (/opt/ros/humble/share/tf2_geometry_msgs/cmake)
[0.637s] -- Found eigen3_cmake_module: 0.1.1 (/opt/ros/humble/share/eigen3_cmake_module/cmake)
[0.638s] -- Ensuring Eigen3 include directory is part of orocos-kdl CMake target
[0.694s] -- Found ur_dashboard_msgs: 2.8.1 (/home/student/UR_Robot_ws/install/ur_dashboard_msgs/share/ur_dashboard_msgs/cmake)
[0.710s] -- Found ur_msgs: 2.3.0 (/opt/ros/humble/share/ur_msgs/cmake)
[0.797s] -- Found ament_cmake_gmock: 1.3.12 (/opt/ros/humble/share/ament_cmake_gmock/cmake)
[0.798s] -- Found controller_manager: 2.51.0 (/home/student/ros2_ws/install/controller_manager/share/controller_manager/cmake)
[0.824s] -- Found ros2_control_test_assets: 2.51.0 (/home/student/ros2_ws/install/ros2_control_test_assets/share/ros2_control_test_assets/cmake)
[0.825s] -- Found gmock sources under '/opt/ros/humble/src/gmock_vendor': C++ tests using 'Google Mock' will be built
[0.828s] -- Found ament_cmake_gtest: 1.3.12 (/opt/ros/humble/share/ament_cmake_gtest/cmake)
[0.828s] -- Found gtest sources under '/opt/ros/humble/src/gtest_vendor': C++ tests using 'Google Test' will be built
[0.964s] -- Configuring done
[1.047s] [33mCMake Warning at CMakeLists.txt:95 (add_library):
[1.047s]   Cannot generate a safe runtime search path for target ur_controllers
[1.047s]   because there is a cycle in the constraint graph:
[1.047s] 
[1.047s]     dir 0 is [/opt/ros/humble/lib]
[1.047s]       dir 1 must precede it due to runtime library [libur_dashboard_msgs__rosidl_typesupport_fastrtps_c.so]
[1.047s]       dir 2 must precede it due to runtime library [libfake_components.so]
[1.047s]       dir 3 must precede it due to runtime library [libcontroller_interface.so]
[1.047s]     dir 1 is [/home/student/UR_Robot_ws/install/ur_dashboard_msgs/lib]
[1.047s]     dir 2 is [/home/student/ros2_ws/install/hardware_interface/lib]
[1.047s]       dir 0 must precede it due to runtime library [libfake_components.so]
[1.047s]     dir 3 is [/home/student/ros2_ws/install/controller_interface/lib]
[1.047s]       dir 0 must precede it due to runtime library [libcontroller_interface.so]
[1.047s] 
[1.047s]   Some of these libraries may not be found correctly.
[1.048s] 
[1.048s] [0m
[1.096s] [33mCMake Warning at /opt/ros/humble/share/ament_cmake_gmock/cmake/ament_add_gmock.cmake:69 (add_executable):
[1.096s]   Cannot generate a safe runtime search path for target
[1.096s]   test_load_force_mode_controller because there is a cycle in the constraint
[1.096s]   graph:
[1.096s] 
[1.096s]     dir 0 is [/home/student/UR_Robot_ws/build/ur_controllers]
[1.096s]     dir 1 is [/home/student/ros2_ws/install/controller_manager/lib]
[1.096s]     dir 2 is [/opt/ros/humble/lib]
[1.096s]       dir 0 must precede it due to runtime library [libur_controllers.so]
[1.096s]       dir 1 must precede it due to runtime library [libcontroller_manager.so]
[1.096s]       dir 3 must precede it due to runtime library [libcontroller_interface.so]
[1.096s]       dir 4 must precede it due to runtime library [libcontroller_manager_msgs__rosidl_generator_c.so]
[1.096s]       dir 5 must precede it due to runtime library [libfake_components.so]
[1.096s]       dir 6 must precede it due to runtime library [libur_dashboard_msgs__rosidl_typesupport_fastrtps_c.so]
[1.096s]     dir 3 is [/home/student/ros2_ws/install/controller_interface/lib]
[1.096s]       dir 2 must precede it due to runtime library [libcontroller_interface.so]
[1.096s]     dir 4 is [/home/student/ros2_ws/install/controller_manager_msgs/lib]
[1.096s]     dir 5 is [/home/student/ros2_ws/install/hardware_interface/lib]
[1.096s]       dir 2 must precede it due to runtime library [libfake_components.so]
[1.096s]     dir 6 is [/home/student/UR_Robot_ws/install/ur_dashboard_msgs/lib]
[1.097s] 
[1.097s]   Some of these libraries may not be found correctly.
[1.097s] Call Stack (most recent call first):
[1.097s]   /opt/ros/humble/share/ament_cmake_gmock/cmake/ament_add_gmock.cmake:52 (_ament_add_gmock)
[1.097s]   CMakeLists.txt:164 (ament_add_gmock)
[1.097s] 
[1.097s] [0m
[1.155s] [33mCMake Warning at /opt/ros/humble/share/ament_cmake_gmock/cmake/ament_add_gmock.cmake:69 (add_executable):
[1.155s]   Cannot generate a safe runtime search path for target
[1.155s]   test_load_freedrive_mode_controller because there is a cycle in the
[1.155s]   constraint graph:
[1.155s] 
[1.155s]     dir 0 is [/home/student/UR_Robot_ws/build/ur_controllers]
[1.156s]     dir 1 is [/home/student/ros2_ws/install/controller_manager/lib]
[1.156s]     dir 2 is [/opt/ros/humble/lib]
[1.156s]       dir 0 must precede it due to runtime library [libur_controllers.so]
[1.156s]       dir 1 must precede it due to runtime library [libcontroller_manager.so]
[1.156s]       dir 3 must precede it due to runtime library [libcontroller_interface.so]
[1.156s]       dir 4 must precede it due to runtime library [libcontroller_manager_msgs__rosidl_generator_c.so]
[1.156s]       dir 5 must precede it due to runtime library [libfake_components.so]
[1.156s]       dir 6 must precede it due to runtime library [libur_dashboard_msgs__rosidl_typesupport_fastrtps_c.so]
[1.156s]     dir 3 is [/home/student/ros2_ws/install/controller_interface/lib]
[1.157s]       dir 2 must precede it due to runtime library [libcontroller_interface.so]
[1.157s]     dir 4 is [/home/student/ros2_ws/install/controller_manager_msgs/lib]
[1.157s]     dir 5 is [/home/student/ros2_ws/install/hardware_interface/lib]
[1.157s]       dir 2 must precede it due to runtime library [libfake_components.so]
[1.157s]     dir 6 is [/home/student/UR_Robot_ws/install/ur_dashboard_msgs/lib]
[1.157s] 
[1.157s]   Some of these libraries may not be found correctly.
[1.157s] Call Stack (most recent call first):
[1.157s]   /opt/ros/humble/share/ament_cmake_gmock/cmake/ament_add_gmock.cmake:52 (_ament_add_gmock)
[1.157s]   CMakeLists.txt:174 (ament_add_gmock)
[1.157s] 
[1.157s] [0m
[1.170s] -- Generating done
[1.196s] -- Build files have been written to: /home/student/UR_Robot_ws/build/ur_controllers
[1.208s] Invoked command in '/home/student/UR_Robot_ws/build/ur_controllers' returned '0': AMENT_PREFIX_PATH=/home/student/UR_Robot_ws/install/ur_dashboard_msgs:${AMENT_PREFIX_PATH} CMAKE_PREFIX_PATH=/home/student/UR_Robot_ws/install/ur_dashboard_msgs:/home/student/ws_moveit2/install/pilz_industrial_motion_planner_testutils:/home/student/ws_moveit2/install/moveit_runtime:/home/student/ws_moveit2/install/moveit2_tutorials:/home/student/ws_moveit2/install/moveit:/home/student/ws_moveit2/install/moveit_planners:/home/student/ws_moveit2/install/pilz_industrial_motion_planner:/home/student/ws_moveit2/install/moveit_visual_tools:/home/student/ws_moveit2/install/moveit_task_constructor_visualization:/home/student/ws_moveit2/install/moveit_task_constructor_demo:/home/student/ws_moveit2/install/moveit_task_constructor_capabilities:/home/student/ws_moveit2/install/moveit_task_constructor_core:/home/student/ws_moveit2/install/moveit_ros_control_interface:/home/student/ws_moveit2/install/moveit_plugins:/home/student/ws_moveit2/install/moveit_simple_controller_manager:/home/student/ws_moveit2/install/moveit_setup_assistant:/home/student/ws_moveit2/install/moveit_setup_srdf_plugins:/home/student/ws_moveit2/install/moveit_setup_core_plugins:/home/student/ws_moveit2/install/moveit_setup_controllers:/home/student/ws_moveit2/install/moveit_setup_app_plugins:/home/student/ws_moveit2/install/moveit_setup_framework:/home/student/ws_moveit2/install/moveit_servo:/home/student/ws_moveit2/install/moveit_ros:/home/student/ws_moveit2/install/moveit_ros_visualization:/home/student/ws_moveit2/install/moveit_hybrid_planning:/home/student/ws_moveit2/install/moveit_ros_planning_interface:/home/student/ws_moveit2/install/moveit_ros_benchmarks:/home/student/ws_moveit2/install/moveit_ros_warehouse:/home/student/ws_moveit2/install/moveit_ros_robot_interaction:/home/student/ws_moveit2/install/moveit_ros_perception:/home/student/ws_moveit2/install/moveit_resources_prbt_pg70_support:/home/student/ws_moveit2/install/moveit_resources_prbt_moveit_config:/home/student/ws_moveit2/install/moveit_ros_move_group:/home/student/ws_moveit2/install/moveit_planners_ompl:/home/student/ws_moveit2/install/moveit_ros_planning:/home/student/ws_moveit2/install/moveit_ros_occupancy_map_monitor:/home/student/ws_moveit2/install/moveit_resources_prbt_ikfast_manipulator_plugin:/home/student/ws_moveit2/install/moveit_planners_chomp:/home/student/ws_moveit2/install/moveit_kinematics:/home/student/ws_moveit2/install/moveit_chomp_optimizer_adapter:/home/student/ws_moveit2/install/chomp_motion_planner:/home/student/ws_moveit2/install/moveit_core:/home/student/ws_moveit2/install/srdfdom:/home/student/ws_moveit2/install/rviz_marker_tools:/home/student/ws_moveit2/install/rosparam_shortcuts:/home/student/ws_moveit2/install/moveit_task_constructor_msgs:/home/student/ws_moveit2/install/moveit_resources_prbt_support:/home/student/ws_moveit2/install/moveit_resources:/home/student/ws_moveit2/install/moveit_resources_pr2_description:/home/student/ws_moveit2/install/moveit_resources_panda_moveit_config:/home/student/ws_moveit2/install/moveit_resources_panda_description:/home/student/ws_moveit2/install/moveit_resources_fanuc_moveit_config:/home/student/ws_moveit2/install/moveit_resources_fanuc_description:/home/student/ws_moveit2/install/moveit_common:/home/student/ws_moveit2/install/moveit_configs_utils:/home/student/ws_moveit2/install/launch_param_builder:/opt/ros/humble LD_LIBRARY_PATH=/home/student/UR_Robot_ws/install/ur_dashboard_msgs/lib:${LD_LIBRARY_PATH} PYTHONPATH=/home/student/UR_Robot_ws/install/ur_dashboard_msgs/local/lib/python3.10/dist-packages:${PYTHONPATH} /usr/bin/cmake /home/student/UR_Robot_ws/src/ur_controllers -DCMAKE_INSTALL_PREFIX=/home/student/UR_Robot_ws/install/ur_controllers
[1.210s] Invoking command in '/home/student/UR_Robot_ws/build/ur_controllers': AMENT_PREFIX_PATH=/home/student/UR_Robot_ws/install/ur_dashboard_msgs:${AMENT_PREFIX_PATH} CMAKE_PREFIX_PATH=/home/student/UR_Robot_ws/install/ur_dashboard_msgs:/home/student/ws_moveit2/install/pilz_industrial_motion_planner_testutils:/home/student/ws_moveit2/install/moveit_runtime:/home/student/ws_moveit2/install/moveit2_tutorials:/home/student/ws_moveit2/install/moveit:/home/student/ws_moveit2/install/moveit_planners:/home/student/ws_moveit2/install/pilz_industrial_motion_planner:/home/student/ws_moveit2/install/moveit_visual_tools:/home/student/ws_moveit2/install/moveit_task_constructor_visualization:/home/student/ws_moveit2/install/moveit_task_constructor_demo:/home/student/ws_moveit2/install/moveit_task_constructor_capabilities:/home/student/ws_moveit2/install/moveit_task_constructor_core:/home/student/ws_moveit2/install/moveit_ros_control_interface:/home/student/ws_moveit2/install/moveit_plugins:/home/student/ws_moveit2/install/moveit_simple_controller_manager:/home/student/ws_moveit2/install/moveit_setup_assistant:/home/student/ws_moveit2/install/moveit_setup_srdf_plugins:/home/student/ws_moveit2/install/moveit_setup_core_plugins:/home/student/ws_moveit2/install/moveit_setup_controllers:/home/student/ws_moveit2/install/moveit_setup_app_plugins:/home/student/ws_moveit2/install/moveit_setup_framework:/home/student/ws_moveit2/install/moveit_servo:/home/student/ws_moveit2/install/moveit_ros:/home/student/ws_moveit2/install/moveit_ros_visualization:/home/student/ws_moveit2/install/moveit_hybrid_planning:/home/student/ws_moveit2/install/moveit_ros_planning_interface:/home/student/ws_moveit2/install/moveit_ros_benchmarks:/home/student/ws_moveit2/install/moveit_ros_warehouse:/home/student/ws_moveit2/install/moveit_ros_robot_interaction:/home/student/ws_moveit2/install/moveit_ros_perception:/home/student/ws_moveit2/install/moveit_resources_prbt_pg70_support:/home/student/ws_moveit2/install/moveit_resources_prbt_moveit_config:/home/student/ws_moveit2/install/moveit_ros_move_group:/home/student/ws_moveit2/install/moveit_planners_ompl:/home/student/ws_moveit2/install/moveit_ros_planning:/home/student/ws_moveit2/install/moveit_ros_occupancy_map_monitor:/home/student/ws_moveit2/install/moveit_resources_prbt_ikfast_manipulator_plugin:/home/student/ws_moveit2/install/moveit_planners_chomp:/home/student/ws_moveit2/install/moveit_kinematics:/home/student/ws_moveit2/install/moveit_chomp_optimizer_adapter:/home/student/ws_moveit2/install/chomp_motion_planner:/home/student/ws_moveit2/install/moveit_core:/home/student/ws_moveit2/install/srdfdom:/home/student/ws_moveit2/install/rviz_marker_tools:/home/student/ws_moveit2/install/rosparam_shortcuts:/home/student/ws_moveit2/install/moveit_task_constructor_msgs:/home/student/ws_moveit2/install/moveit_resources_prbt_support:/home/student/ws_moveit2/install/moveit_resources:/home/student/ws_moveit2/install/moveit_resources_pr2_description:/home/student/ws_moveit2/install/moveit_resources_panda_moveit_config:/home/student/ws_moveit2/install/moveit_resources_panda_description:/home/student/ws_moveit2/install/moveit_resources_fanuc_moveit_config:/home/student/ws_moveit2/install/moveit_resources_fanuc_description:/home/student/ws_moveit2/install/moveit_common:/home/student/ws_moveit2/install/moveit_configs_utils:/home/student/ws_moveit2/install/launch_param_builder:/opt/ros/humble LD_LIBRARY_PATH=/home/student/UR_Robot_ws/install/ur_dashboard_msgs/lib:${LD_LIBRARY_PATH} PYTHONPATH=/home/student/UR_Robot_ws/install/ur_dashboard_msgs/local/lib/python3.10/dist-packages:${PYTHONPATH} /usr/bin/cmake --build /home/student/UR_Robot_ws/build/ur_controllers -- -j8 -l8
[1.305s] [  5%] Built target passthrough_trajectory_controller_parameters
[1.305s] [ 11%] Built target scaled_joint_trajectory_controller_parameters
[1.308s] [ 20%] Built target freedrive_mode_controller_parameters
[1.308s] [ 23%] Built target tool_contact_controller_parameters
[1.311s] [ 29%] Built target force_mode_controller_parameters
[1.312s] [ 35%] Built target gpio_controller_parameters
[1.314s] [ 41%] Built target ur_configuration_controller_parameters
[1.316s] [ 47%] Built target speed_scaling_state_broadcaster_parameters
[1.324s] [35m[1mConsolidate compiler generated dependencies of target gmock_main[0m
[1.327s] [35m[1mConsolidate compiler generated dependencies of target gmock[0m
[1.339s] [35m[1mConsolidate compiler generated dependencies of target ur_controllers[0m
[1.343s] [ 52%] Built target gmock_main
[1.352s] [ 61%] Built target gmock
[1.388s] [ 64%] [32mBuilding CXX object CMakeFiles/ur_controllers.dir/src/tool_contact_controller.cpp.o[0m
[1.399s] [ 67%] [32mBuilding CXX object CMakeFiles/ur_controllers.dir/src/force_mode_controller.cpp.o[0m
[1.407s] [ 70%] [32mBuilding CXX object CMakeFiles/ur_controllers.dir/src/scaled_joint_trajectory_controller.cpp.o[0m
[1.408s] [ 73%] [32mBuilding CXX object CMakeFiles/ur_controllers.dir/src/speed_scaling_state_broadcaster.cpp.o[0m
[1.408s] [ 76%] [32mBuilding CXX object CMakeFiles/ur_controllers.dir/src/freedrive_mode_controller.cpp.o[0m
[1.415s] [ 79%] [32mBuilding CXX object CMakeFiles/ur_controllers.dir/src/gpio_controller.cpp.o[0m
[1.418s] [ 82%] [32mBuilding CXX object CMakeFiles/ur_controllers.dir/src/passthrough_trajectory_controller.cpp.o[0m
[1.422s] [ 85%] [32mBuilding CXX object CMakeFiles/ur_controllers.dir/src/ur_configuration_controller.cpp.o[0m
[15.461s] [ 88%] [32m[1mLinking CXX shared library libur_controllers.so[0m
[17.427s] [ 88%] Built target ur_controllers
[17.444s] [35m[1mConsolidate compiler generated dependencies of target test_load_freedrive_mode_controller[0m
[17.444s] [35m[1mConsolidate compiler generated dependencies of target test_load_force_mode_controller[0m
[17.470s] [ 94%] [32mBuilding CXX object CMakeFiles/test_load_freedrive_mode_controller.dir/test/test_load_freedrive_mode_controller.cpp.o[0m
[17.470s] [ 94%] [32mBuilding CXX object CMakeFiles/test_load_force_mode_controller.dir/test/test_load_force_mode_controller.cpp.o[0m
[22.327s] [ 97%] [32m[1mLinking CXX executable test_load_freedrive_mode_controller[0m
[22.853s] [100%] [32m[1mLinking CXX executable test_load_force_mode_controller[0m
[23.989s] [100%] Built target test_load_freedrive_mode_controller
[24.470s] [100%] Built target test_load_force_mode_controller
[24.484s] Invoked command in '/home/student/UR_Robot_ws/build/ur_controllers' returned '0': AMENT_PREFIX_PATH=/home/student/UR_Robot_ws/install/ur_dashboard_msgs:${AMENT_PREFIX_PATH} CMAKE_PREFIX_PATH=/home/student/UR_Robot_ws/install/ur_dashboard_msgs:/home/student/ws_moveit2/install/pilz_industrial_motion_planner_testutils:/home/student/ws_moveit2/install/moveit_runtime:/home/student/ws_moveit2/install/moveit2_tutorials:/home/student/ws_moveit2/install/moveit:/home/student/ws_moveit2/install/moveit_planners:/home/student/ws_moveit2/install/pilz_industrial_motion_planner:/home/student/ws_moveit2/install/moveit_visual_tools:/home/student/ws_moveit2/install/moveit_task_constructor_visualization:/home/student/ws_moveit2/install/moveit_task_constructor_demo:/home/student/ws_moveit2/install/moveit_task_constructor_capabilities:/home/student/ws_moveit2/install/moveit_task_constructor_core:/home/student/ws_moveit2/install/moveit_ros_control_interface:/home/student/ws_moveit2/install/moveit_plugins:/home/student/ws_moveit2/install/moveit_simple_controller_manager:/home/student/ws_moveit2/install/moveit_setup_assistant:/home/student/ws_moveit2/install/moveit_setup_srdf_plugins:/home/student/ws_moveit2/install/moveit_setup_core_plugins:/home/student/ws_moveit2/install/moveit_setup_controllers:/home/student/ws_moveit2/install/moveit_setup_app_plugins:/home/student/ws_moveit2/install/moveit_setup_framework:/home/student/ws_moveit2/install/moveit_servo:/home/student/ws_moveit2/install/moveit_ros:/home/student/ws_moveit2/install/moveit_ros_visualization:/home/student/ws_moveit2/install/moveit_hybrid_planning:/home/student/ws_moveit2/install/moveit_ros_planning_interface:/home/student/ws_moveit2/install/moveit_ros_benchmarks:/home/student/ws_moveit2/install/moveit_ros_warehouse:/home/student/ws_moveit2/install/moveit_ros_robot_interaction:/home/student/ws_moveit2/install/moveit_ros_perception:/home/student/ws_moveit2/install/moveit_resources_prbt_pg70_support:/home/student/ws_moveit2/install/moveit_resources_prbt_moveit_config:/home/student/ws_moveit2/install/moveit_ros_move_group:/home/student/ws_moveit2/install/moveit_planners_ompl:/home/student/ws_moveit2/install/moveit_ros_planning:/home/student/ws_moveit2/install/moveit_ros_occupancy_map_monitor:/home/student/ws_moveit2/install/moveit_resources_prbt_ikfast_manipulator_plugin:/home/student/ws_moveit2/install/moveit_planners_chomp:/home/student/ws_moveit2/install/moveit_kinematics:/home/student/ws_moveit2/install/moveit_chomp_optimizer_adapter:/home/student/ws_moveit2/install/chomp_motion_planner:/home/student/ws_moveit2/install/moveit_core:/home/student/ws_moveit2/install/srdfdom:/home/student/ws_moveit2/install/rviz_marker_tools:/home/student/ws_moveit2/install/rosparam_shortcuts:/home/student/ws_moveit2/install/moveit_task_constructor_msgs:/home/student/ws_moveit2/install/moveit_resources_prbt_support:/home/student/ws_moveit2/install/moveit_resources:/home/student/ws_moveit2/install/moveit_resources_pr2_description:/home/student/ws_moveit2/install/moveit_resources_panda_moveit_config:/home/student/ws_moveit2/install/moveit_resources_panda_description:/home/student/ws_moveit2/install/moveit_resources_fanuc_moveit_config:/home/student/ws_moveit2/install/moveit_resources_fanuc_description:/home/student/ws_moveit2/install/moveit_common:/home/student/ws_moveit2/install/moveit_configs_utils:/home/student/ws_moveit2/install/launch_param_builder:/opt/ros/humble LD_LIBRARY_PATH=/home/student/UR_Robot_ws/install/ur_dashboard_msgs/lib:${LD_LIBRARY_PATH} PYTHONPATH=/home/student/UR_Robot_ws/install/ur_dashboard_msgs/local/lib/python3.10/dist-packages:${PYTHONPATH} /usr/bin/cmake --build /home/student/UR_Robot_ws/build/ur_controllers -- -j8 -l8
[24.486s] Invoking command in '/home/student/UR_Robot_ws/build/ur_controllers': AMENT_PREFIX_PATH=/home/student/UR_Robot_ws/install/ur_dashboard_msgs:${AMENT_PREFIX_PATH} CMAKE_PREFIX_PATH=/home/student/UR_Robot_ws/install/ur_dashboard_msgs:/home/student/ws_moveit2/install/pilz_industrial_motion_planner_testutils:/home/student/ws_moveit2/install/moveit_runtime:/home/student/ws_moveit2/install/moveit2_tutorials:/home/student/ws_moveit2/install/moveit:/home/student/ws_moveit2/install/moveit_planners:/home/student/ws_moveit2/install/pilz_industrial_motion_planner:/home/student/ws_moveit2/install/moveit_visual_tools:/home/student/ws_moveit2/install/moveit_task_constructor_visualization:/home/student/ws_moveit2/install/moveit_task_constructor_demo:/home/student/ws_moveit2/install/moveit_task_constructor_capabilities:/home/student/ws_moveit2/install/moveit_task_constructor_core:/home/student/ws_moveit2/install/moveit_ros_control_interface:/home/student/ws_moveit2/install/moveit_plugins:/home/student/ws_moveit2/install/moveit_simple_controller_manager:/home/student/ws_moveit2/install/moveit_setup_assistant:/home/student/ws_moveit2/install/moveit_setup_srdf_plugins:/home/student/ws_moveit2/install/moveit_setup_core_plugins:/home/student/ws_moveit2/install/moveit_setup_controllers:/home/student/ws_moveit2/install/moveit_setup_app_plugins:/home/student/ws_moveit2/install/moveit_setup_framework:/home/student/ws_moveit2/install/moveit_servo:/home/student/ws_moveit2/install/moveit_ros:/home/student/ws_moveit2/install/moveit_ros_visualization:/home/student/ws_moveit2/install/moveit_hybrid_planning:/home/student/ws_moveit2/install/moveit_ros_planning_interface:/home/student/ws_moveit2/install/moveit_ros_benchmarks:/home/student/ws_moveit2/install/moveit_ros_warehouse:/home/student/ws_moveit2/install/moveit_ros_robot_interaction:/home/student/ws_moveit2/install/moveit_ros_perception:/home/student/ws_moveit2/install/moveit_resources_prbt_pg70_support:/home/student/ws_moveit2/install/moveit_resources_prbt_moveit_config:/home/student/ws_moveit2/install/moveit_ros_move_group:/home/student/ws_moveit2/install/moveit_planners_ompl:/home/student/ws_moveit2/install/moveit_ros_planning:/home/student/ws_moveit2/install/moveit_ros_occupancy_map_monitor:/home/student/ws_moveit2/install/moveit_resources_prbt_ikfast_manipulator_plugin:/home/student/ws_moveit2/install/moveit_planners_chomp:/home/student/ws_moveit2/install/moveit_kinematics:/home/student/ws_moveit2/install/moveit_chomp_optimizer_adapter:/home/student/ws_moveit2/install/chomp_motion_planner:/home/student/ws_moveit2/install/moveit_core:/home/student/ws_moveit2/install/srdfdom:/home/student/ws_moveit2/install/rviz_marker_tools:/home/student/ws_moveit2/install/rosparam_shortcuts:/home/student/ws_moveit2/install/moveit_task_constructor_msgs:/home/student/ws_moveit2/install/moveit_resources_prbt_support:/home/student/ws_moveit2/install/moveit_resources:/home/student/ws_moveit2/install/moveit_resources_pr2_description:/home/student/ws_moveit2/install/moveit_resources_panda_moveit_config:/home/student/ws_moveit2/install/moveit_resources_panda_description:/home/student/ws_moveit2/install/moveit_resources_fanuc_moveit_config:/home/student/ws_moveit2/install/moveit_resources_fanuc_description:/home/student/ws_moveit2/install/moveit_common:/home/student/ws_moveit2/install/moveit_configs_utils:/home/student/ws_moveit2/install/launch_param_builder:/opt/ros/humble LD_LIBRARY_PATH=/home/student/UR_Robot_ws/install/ur_dashboard_msgs/lib:${LD_LIBRARY_PATH} PYTHONPATH=/home/student/UR_Robot_ws/install/ur_dashboard_msgs/local/lib/python3.10/dist-packages:${PYTHONPATH} /usr/bin/cmake --install /home/student/UR_Robot_ws/build/ur_controllers
[24.496s] -- Install configuration: ""
[24.497s] -- Execute custom install script
[24.498s] -- Up-to-date symlink: /home/student/UR_Robot_ws/install/ur_controllers/include/ur_controllers/force_mode_controller_parameters.hpp
[24.498s] -- Up-to-date symlink: /home/student/UR_Robot_ws/install/ur_controllers/include/ur_controllers/freedrive_mode_controller_parameters.hpp
[24.498s] -- Up-to-date symlink: /home/student/UR_Robot_ws/install/ur_controllers/include/ur_controllers/gpio_controller_parameters.hpp
[24.498s] -- Up-to-date symlink: /home/student/UR_Robot_ws/install/ur_controllers/include/ur_controllers/passthrough_trajectory_controller_parameters.hpp
[24.498s] -- Up-to-date symlink: /home/student/UR_Robot_ws/install/ur_controllers/include/ur_controllers/scaled_joint_trajectory_controller_parameters.hpp
[24.499s] -- Up-to-date symlink: /home/student/UR_Robot_ws/install/ur_controllers/include/ur_controllers/speed_scaling_state_broadcaster_parameters.hpp
[24.499s] -- Up-to-date symlink: /home/student/UR_Robot_ws/install/ur_controllers/include/ur_controllers/tool_contact_controller_parameters.hpp
[24.499s] -- Up-to-date symlink: /home/student/UR_Robot_ws/install/ur_controllers/include/ur_controllers/ur_configuration_controller_parameters.hpp
[24.499s] -- Up-to-date symlink: /home/student/UR_Robot_ws/install/ur_controllers/include/ur_controllers/force_mode_controller_parameters.hpp
[24.500s] -- Up-to-date symlink: /home/student/UR_Robot_ws/install/ur_controllers/include/ur_controllers/freedrive_mode_controller_parameters.hpp
[24.500s] -- Up-to-date symlink: /home/student/UR_Robot_ws/install/ur_controllers/include/ur_controllers/gpio_controller_parameters.hpp
[24.500s] -- Up-to-date symlink: /home/student/UR_Robot_ws/install/ur_controllers/include/ur_controllers/passthrough_trajectory_controller_parameters.hpp
[24.500s] -- Up-to-date symlink: /home/student/UR_Robot_ws/install/ur_controllers/include/ur_controllers/scaled_joint_trajectory_controller_parameters.hpp
[24.500s] -- Up-to-date symlink: /home/student/UR_Robot_ws/install/ur_controllers/include/ur_controllers/speed_scaling_state_broadcaster_parameters.hpp
[24.500s] -- Up-to-date symlink: /home/student/UR_Robot_ws/install/ur_controllers/include/ur_controllers/tool_contact_controller_parameters.hpp
[24.500s] -- Up-to-date symlink: /home/student/UR_Robot_ws/install/ur_controllers/include/ur_controllers/ur_configuration_controller_parameters.hpp
[24.500s] -- Up-to-date symlink: /home/student/UR_Robot_ws/install/ur_controllers/include/ur_controllers/force_mode_controller_parameters.hpp
[24.500s] -- Up-to-date symlink: /home/student/UR_Robot_ws/install/ur_controllers/include/ur_controllers/freedrive_mode_controller_parameters.hpp
[24.501s] -- Up-to-date symlink: /home/student/UR_Robot_ws/install/ur_controllers/include/ur_controllers/gpio_controller_parameters.hpp
[24.501s] -- Up-to-date symlink: /home/student/UR_Robot_ws/install/ur_controllers/include/ur_controllers/passthrough_trajectory_controller_parameters.hpp
[24.501s] -- Up-to-date symlink: /home/student/UR_Robot_ws/install/ur_controllers/include/ur_controllers/scaled_joint_trajectory_controller_parameters.hpp
[24.501s] -- Up-to-date symlink: /home/student/UR_Robot_ws/install/ur_controllers/include/ur_controllers/speed_scaling_state_broadcaster_parameters.hpp
[24.501s] -- Up-to-date symlink: /home/student/UR_Robot_ws/install/ur_controllers/include/ur_controllers/tool_contact_controller_parameters.hpp
[24.501s] -- Up-to-date symlink: /home/student/UR_Robot_ws/install/ur_controllers/include/ur_controllers/ur_configuration_controller_parameters.hpp
[24.501s] -- Up-to-date symlink: /home/student/UR_Robot_ws/install/ur_controllers/include/ur_controllers/force_mode_controller_parameters.hpp
[24.501s] -- Up-to-date symlink: /home/student/UR_Robot_ws/install/ur_controllers/include/ur_controllers/freedrive_mode_controller_parameters.hpp
[24.502s] -- Up-to-date symlink: /home/student/UR_Robot_ws/install/ur_controllers/include/ur_controllers/gpio_controller_parameters.hpp
[24.502s] -- Up-to-date symlink: /home/student/UR_Robot_ws/install/ur_controllers/include/ur_controllers/passthrough_trajectory_controller_parameters.hpp
[24.502s] -- Up-to-date symlink: /home/student/UR_Robot_ws/install/ur_controllers/include/ur_controllers/scaled_joint_trajectory_controller_parameters.hpp
[24.502s] -- Up-to-date symlink: /home/student/UR_Robot_ws/install/ur_controllers/include/ur_controllers/speed_scaling_state_broadcaster_parameters.hpp
[24.502s] -- Up-to-date symlink: /home/student/UR_Robot_ws/install/ur_controllers/include/ur_controllers/tool_contact_controller_parameters.hpp
[24.502s] -- Up-to-date symlink: /home/student/UR_Robot_ws/install/ur_controllers/include/ur_controllers/ur_configuration_controller_parameters.hpp
[24.502s] -- Up-to-date symlink: /home/student/UR_Robot_ws/install/ur_controllers/include/ur_controllers/force_mode_controller_parameters.hpp
[24.502s] -- Up-to-date symlink: /home/student/UR_Robot_ws/install/ur_controllers/include/ur_controllers/freedrive_mode_controller_parameters.hpp
[24.503s] -- Up-to-date symlink: /home/student/UR_Robot_ws/install/ur_controllers/include/ur_controllers/gpio_controller_parameters.hpp
[24.503s] -- Up-to-date symlink: /home/student/UR_Robot_ws/install/ur_controllers/include/ur_controllers/passthrough_trajectory_controller_parameters.hpp
[24.503s] -- Up-to-date symlink: /home/student/UR_Robot_ws/install/ur_controllers/include/ur_controllers/scaled_joint_trajectory_controller_parameters.hpp
[24.503s] -- Up-to-date symlink: /home/student/UR_Robot_ws/install/ur_controllers/include/ur_controllers/speed_scaling_state_broadcaster_parameters.hpp
[24.503s] -- Up-to-date symlink: /home/student/UR_Robot_ws/install/ur_controllers/include/ur_controllers/tool_contact_controller_parameters.hpp
[24.503s] -- Up-to-date symlink: /home/student/UR_Robot_ws/install/ur_controllers/include/ur_controllers/ur_configuration_controller_parameters.hpp
[24.503s] -- Up-to-date symlink: /home/student/UR_Robot_ws/install/ur_controllers/include/ur_controllers/force_mode_controller_parameters.hpp
[24.503s] -- Up-to-date symlink: /home/student/UR_Robot_ws/install/ur_controllers/include/ur_controllers/freedrive_mode_controller_parameters.hpp
[24.504s] -- Up-to-date symlink: /home/student/UR_Robot_ws/install/ur_controllers/include/ur_controllers/gpio_controller_parameters.hpp
[24.504s] -- Up-to-date symlink: /home/student/UR_Robot_ws/install/ur_controllers/include/ur_controllers/passthrough_trajectory_controller_parameters.hpp
[24.504s] -- Up-to-date symlink: /home/student/UR_Robot_ws/install/ur_controllers/include/ur_controllers/scaled_joint_trajectory_controller_parameters.hpp
[24.504s] -- Up-to-date symlink: /home/student/UR_Robot_ws/install/ur_controllers/include/ur_controllers/speed_scaling_state_broadcaster_parameters.hpp
[24.504s] -- Up-to-date symlink: /home/student/UR_Robot_ws/install/ur_controllers/include/ur_controllers/tool_contact_controller_parameters.hpp
[24.504s] -- Up-to-date symlink: /home/student/UR_Robot_ws/install/ur_controllers/include/ur_controllers/ur_configuration_controller_parameters.hpp
[24.504s] -- Up-to-date symlink: /home/student/UR_Robot_ws/install/ur_controllers/include/ur_controllers/force_mode_controller_parameters.hpp
[24.505s] -- Up-to-date symlink: /home/student/UR_Robot_ws/install/ur_controllers/include/ur_controllers/freedrive_mode_controller_parameters.hpp
[24.505s] -- Up-to-date symlink: /home/student/UR_Robot_ws/install/ur_controllers/include/ur_controllers/gpio_controller_parameters.hpp
[24.505s] -- Up-to-date symlink: /home/student/UR_Robot_ws/install/ur_controllers/include/ur_controllers/passthrough_trajectory_controller_parameters.hpp
[24.505s] -- Up-to-date symlink: /home/student/UR_Robot_ws/install/ur_controllers/include/ur_controllers/scaled_joint_trajectory_controller_parameters.hpp
[24.505s] -- Up-to-date symlink: /home/student/UR_Robot_ws/install/ur_controllers/include/ur_controllers/speed_scaling_state_broadcaster_parameters.hpp
[24.505s] -- Up-to-date symlink: /home/student/UR_Robot_ws/install/ur_controllers/include/ur_controllers/tool_contact_controller_parameters.hpp
[24.505s] -- Up-to-date symlink: /home/student/UR_Robot_ws/install/ur_controllers/include/ur_controllers/ur_configuration_controller_parameters.hpp
[24.505s] -- Up-to-date symlink: /home/student/UR_Robot_ws/install/ur_controllers/include/ur_controllers/force_mode_controller_parameters.hpp
[24.506s] -- Up-to-date symlink: /home/student/UR_Robot_ws/install/ur_controllers/include/ur_controllers/freedrive_mode_controller_parameters.hpp
[24.506s] -- Up-to-date symlink: /home/student/UR_Robot_ws/install/ur_controllers/include/ur_controllers/gpio_controller_parameters.hpp
[24.506s] -- Up-to-date symlink: /home/student/UR_Robot_ws/install/ur_controllers/include/ur_controllers/passthrough_trajectory_controller_parameters.hpp
[24.506s] -- Up-to-date symlink: /home/student/UR_Robot_ws/install/ur_controllers/include/ur_controllers/scaled_joint_trajectory_controller_parameters.hpp
[24.506s] -- Up-to-date symlink: /home/student/UR_Robot_ws/install/ur_controllers/include/ur_controllers/speed_scaling_state_broadcaster_parameters.hpp
[24.506s] -- Up-to-date symlink: /home/student/UR_Robot_ws/install/ur_controllers/include/ur_controllers/tool_contact_controller_parameters.hpp
[24.506s] -- Up-to-date symlink: /home/student/UR_Robot_ws/install/ur_controllers/include/ur_controllers/ur_configuration_controller_parameters.hpp
[24.507s] -- Up-to-date symlink: /home/student/UR_Robot_ws/install/ur_controllers/share/ur_controllers//controller_plugins.xml
[24.507s] -- Up-to-date symlink: /home/student/UR_Robot_ws/install/ur_controllers/lib/libur_controllers.so
[24.507s] -- Up-to-date symlink: /home/student/UR_Robot_ws/install/ur_controllers/include/ur_controllers/force_mode_controller.hpp
[24.508s] -- Up-to-date symlink: /home/student/UR_Robot_ws/install/ur_controllers/include/ur_controllers/freedrive_mode_controller.hpp
[24.508s] -- Up-to-date symlink: /home/student/UR_Robot_ws/install/ur_controllers/include/ur_controllers/gpio_controller.hpp
[24.508s] -- Up-to-date symlink: /home/student/UR_Robot_ws/install/ur_controllers/include/ur_controllers/passthrough_trajectory_controller.hpp
[24.508s] -- Up-to-date symlink: /home/student/UR_Robot_ws/install/ur_controllers/include/ur_controllers/scaled_joint_trajectory_controller.hpp
[24.508s] -- Up-to-date symlink: /home/student/UR_Robot_ws/install/ur_controllers/include/ur_controllers/speed_scaling_state_broadcaster.hpp
[24.508s] -- Up-to-date symlink: /home/student/UR_Robot_ws/install/ur_controllers/include/ur_controllers/tool_contact_controller.hpp
[24.509s] -- Up-to-date symlink: /home/student/UR_Robot_ws/install/ur_controllers/include/ur_controllers/ur_configuration_controller.hpp
[24.509s] -- Up-to-date symlink: /home/student/UR_Robot_ws/install/ur_controllers/share/ur_controllers/controller_plugins.xml
[24.509s] -- Up-to-date symlink: /home/student/UR_Robot_ws/install/ur_controllers/share/ur_controllers/environment/library_path.sh
[24.509s] -- Up-to-date symlink: /home/student/UR_Robot_ws/install/ur_controllers/share/ur_controllers/environment/library_path.dsv
[24.509s] -- Up-to-date symlink: /home/student/UR_Robot_ws/install/ur_controllers/share/ament_index/resource_index/package_run_dependencies/ur_controllers
[24.510s] -- Up-to-date symlink: /home/student/UR_Robot_ws/install/ur_controllers/share/ament_index/resource_index/parent_prefix_path/ur_controllers
[24.510s] -- Up-to-date symlink: /home/student/UR_Robot_ws/install/ur_controllers/share/ur_controllers/environment/ament_prefix_path.sh
[24.510s] -- Up-to-date symlink: /home/student/UR_Robot_ws/install/ur_controllers/share/ur_controllers/environment/ament_prefix_path.dsv
[24.510s] -- Up-to-date symlink: /home/student/UR_Robot_ws/install/ur_controllers/share/ur_controllers/environment/path.sh
[24.510s] -- Up-to-date symlink: /home/student/UR_Robot_ws/install/ur_controllers/share/ur_controllers/environment/path.dsv
[24.511s] -- Up-to-date symlink: /home/student/UR_Robot_ws/install/ur_controllers/share/ur_controllers/local_setup.bash
[24.511s] -- Up-to-date symlink: /home/student/UR_Robot_ws/install/ur_controllers/share/ur_controllers/local_setup.sh
[24.511s] -- Up-to-date symlink: /home/student/UR_Robot_ws/install/ur_controllers/share/ur_controllers/local_setup.zsh
[24.511s] -- Up-to-date symlink: /home/student/UR_Robot_ws/install/ur_controllers/share/ur_controllers/local_setup.dsv
[24.511s] -- Symlinking: /home/student/UR_Robot_ws/install/ur_controllers/share/ur_controllers/package.dsv
[24.524s] -- Up-to-date symlink: /home/student/UR_Robot_ws/install/ur_controllers/share/ament_index/resource_index/packages/ur_controllers
[24.524s] -- Up-to-date symlink: /home/student/UR_Robot_ws/install/ur_controllers/share/ament_index/resource_index/controller_interface__pluginlib__plugin/ur_controllers
[24.524s] -- Up-to-date symlink: /home/student/UR_Robot_ws/install/ur_controllers/share/ur_controllers/cmake/ament_cmake_export_dependencies-extras.cmake
[24.524s] -- Up-to-date symlink: /home/student/UR_Robot_ws/install/ur_controllers/share/ur_controllers/cmake/ament_cmake_export_include_directories-extras.cmake
[24.524s] -- Up-to-date symlink: /home/student/UR_Robot_ws/install/ur_controllers/share/ur_controllers/cmake/ament_cmake_export_libraries-extras.cmake
[24.525s] -- Up-to-date symlink: /home/student/UR_Robot_ws/install/ur_controllers/share/ur_controllers/cmake/ur_controllersConfig.cmake
[24.525s] -- Up-to-date symlink: /home/student/UR_Robot_ws/install/ur_controllers/share/ur_controllers/cmake/ur_controllersConfig-version.cmake
[24.525s] -- Up-to-date symlink: /home/student/UR_Robot_ws/install/ur_controllers/share/ur_controllers/package.xml
[24.527s] Invoked command in '/home/student/UR_Robot_ws/build/ur_controllers' returned '0': AMENT_PREFIX_PATH=/home/student/UR_Robot_ws/install/ur_dashboard_msgs:${AMENT_PREFIX_PATH} CMAKE_PREFIX_PATH=/home/student/UR_Robot_ws/install/ur_dashboard_msgs:/home/student/ws_moveit2/install/pilz_industrial_motion_planner_testutils:/home/student/ws_moveit2/install/moveit_runtime:/home/student/ws_moveit2/install/moveit2_tutorials:/home/student/ws_moveit2/install/moveit:/home/student/ws_moveit2/install/moveit_planners:/home/student/ws_moveit2/install/pilz_industrial_motion_planner:/home/student/ws_moveit2/install/moveit_visual_tools:/home/student/ws_moveit2/install/moveit_task_constructor_visualization:/home/student/ws_moveit2/install/moveit_task_constructor_demo:/home/student/ws_moveit2/install/moveit_task_constructor_capabilities:/home/student/ws_moveit2/install/moveit_task_constructor_core:/home/student/ws_moveit2/install/moveit_ros_control_interface:/home/student/ws_moveit2/install/moveit_plugins:/home/student/ws_moveit2/install/moveit_simple_controller_manager:/home/student/ws_moveit2/install/moveit_setup_assistant:/home/student/ws_moveit2/install/moveit_setup_srdf_plugins:/home/student/ws_moveit2/install/moveit_setup_core_plugins:/home/student/ws_moveit2/install/moveit_setup_controllers:/home/student/ws_moveit2/install/moveit_setup_app_plugins:/home/student/ws_moveit2/install/moveit_setup_framework:/home/student/ws_moveit2/install/moveit_servo:/home/student/ws_moveit2/install/moveit_ros:/home/student/ws_moveit2/install/moveit_ros_visualization:/home/student/ws_moveit2/install/moveit_hybrid_planning:/home/student/ws_moveit2/install/moveit_ros_planning_interface:/home/student/ws_moveit2/install/moveit_ros_benchmarks:/home/student/ws_moveit2/install/moveit_ros_warehouse:/home/student/ws_moveit2/install/moveit_ros_robot_interaction:/home/student/ws_moveit2/install/moveit_ros_perception:/home/student/ws_moveit2/install/moveit_resources_prbt_pg70_support:/home/student/ws_moveit2/install/moveit_resources_prbt_moveit_config:/home/student/ws_moveit2/install/moveit_ros_move_group:/home/student/ws_moveit2/install/moveit_planners_ompl:/home/student/ws_moveit2/install/moveit_ros_planning:/home/student/ws_moveit2/install/moveit_ros_occupancy_map_monitor:/home/student/ws_moveit2/install/moveit_resources_prbt_ikfast_manipulator_plugin:/home/student/ws_moveit2/install/moveit_planners_chomp:/home/student/ws_moveit2/install/moveit_kinematics:/home/student/ws_moveit2/install/moveit_chomp_optimizer_adapter:/home/student/ws_moveit2/install/chomp_motion_planner:/home/student/ws_moveit2/install/moveit_core:/home/student/ws_moveit2/install/srdfdom:/home/student/ws_moveit2/install/rviz_marker_tools:/home/student/ws_moveit2/install/rosparam_shortcuts:/home/student/ws_moveit2/install/moveit_task_constructor_msgs:/home/student/ws_moveit2/install/moveit_resources_prbt_support:/home/student/ws_moveit2/install/moveit_resources:/home/student/ws_moveit2/install/moveit_resources_pr2_description:/home/student/ws_moveit2/install/moveit_resources_panda_moveit_config:/home/student/ws_moveit2/install/moveit_resources_panda_description:/home/student/ws_moveit2/install/moveit_resources_fanuc_moveit_config:/home/student/ws_moveit2/install/moveit_resources_fanuc_description:/home/student/ws_moveit2/install/moveit_common:/home/student/ws_moveit2/install/moveit_configs_utils:/home/student/ws_moveit2/install/launch_param_builder:/opt/ros/humble LD_LIBRARY_PATH=/home/student/UR_Robot_ws/install/ur_dashboard_msgs/lib:${LD_LIBRARY_PATH} PYTHONPATH=/home/student/UR_Robot_ws/install/ur_dashboard_msgs/local/lib/python3.10/dist-packages:${PYTHONPATH} /usr/bin/cmake --install /home/student/UR_Robot_ws/build/ur_controllers
