[0.069s] Invoking command in '/home/student/ros2_ws/build/forward_command_controller': CMAKE_PREFIX_PATH=/home/student/ros2_ws/install/controller_manager:/home/student/ros2_ws/install/hardware_interface_testing:/home/student/ros2_ws/install/controller_interface:/home/student/ros2_ws/install/hardware_interface:/home/student/ros2_ws/install/ros2_control_test_assets:/home/student/ros2_ws/install/ros2_control_cmake:/home/student/ros2_ws/install/controller_manager_msgs:/home/student/ros2_ws/install/ur_description:/home/student/ros2_ws/install/transmission_interface:/home/student/ros2_ws/install/joint_limits:/home/student/ros2_ws/src/install/ur_description:/home/student/ros2_ws/src/install/transmission_interface:/home/student/ros2_ws/src/install/hardware_interface_testing:/home/student/ros2_ws/src/install/controller_manager:/home/student/ros2_ws/src/install/ros2_control_test_assets:/home/student/ros2_ws/src/install/ros2_control_cmake:/home/student/ros2_ws/src/install/joint_limits:/home/student/ros2_ws/src/install/irb4400_description:/home/student/ros2_ws/src/install/controller_interface:/home/student/ros2_ws/src/install/hardware_interface:/home/student/ros2_ws/src/install/controller_manager_msgs:/home/student/ros2_ws/install/rqt_joint_trajectory_controller:/home/student/ros2_ws/install/ros2_controllers_test_nodes:/home/student/ros2_ws/install/opcua_ros_client:/home/student/ros2_ws/install/my_py_pkg:/home/student/ros2_ws/install/my_bot_description:/home/student/ros2_ws/install/modbus_interface:/home/student/ros2_ws/src/install/rqt_joint_trajectory_controller:/home/student/ros2_ws/src/install/ros2_controllers_test_nodes:/home/student/ros2_ws/src/install/opcua_ros_client:/home/student/ros2_ws/src/install/my_py_pkg:/home/student/ros2_ws/src/install/my_bot_description:/home/student/ros2_ws/src/install/modbus_interface:/opt/ros/humble LD_LIBRARY_PATH=/home/student/ros2_ws/install/controller_manager/lib:/home/student/ros2_ws/install/hardware_interface_testing/lib:/home/student/ros2_ws/install/controller_interface/lib:/home/student/ros2_ws/install/hardware_interface/lib:/home/student/ros2_ws/install/controller_manager_msgs/lib:/home/student/ros2_ws/install/transmission_interface/lib:/home/student/ros2_ws/install/joint_limits/lib:/home/student/ros2_ws/src/install/transmission_interface/lib:/home/student/ros2_ws/src/install/hardware_interface_testing/lib:/home/student/ros2_ws/src/install/controller_manager/lib:/home/student/ros2_ws/src/install/joint_limits/lib:/home/student/ros2_ws/src/install/controller_interface/lib:/home/student/ros2_ws/src/install/hardware_interface/lib:/home/student/ros2_ws/src/install/controller_manager_msgs/lib:/usr/lib/x86_64-linux-gnu/gazebo-11/plugins:/opt/ros/humble/opt/rviz_ogre_vendor/lib:/opt/ros/humble/lib/x86_64-linux-gnu:/opt/ros/humble/lib /usr/bin/cmake /home/student/ros2_ws/src/ros2_controllers/forward_command_controller -DCMAKE_INSTALL_PREFIX=/home/student/ros2_ws/install/forward_command_controller
[0.171s] -- The C compiler identification is GNU 11.4.0
[0.269s] -- The CXX compiler identification is GNU 11.4.0
[0.282s] -- Detecting C compiler ABI info
[0.393s] -- Detecting C compiler ABI info - done
[0.406s] -- Check for working C compiler: /usr/bin/cc - skipped
[0.408s] -- Detecting C compile features
[0.408s] -- Detecting C compile features - done
[0.411s] -- Detecting CXX compiler ABI info
[0.537s] -- Detecting CXX compiler ABI info - done
[0.548s] -- Check for working CXX compiler: /usr/bin/c++ - skipped
[0.549s] -- Detecting CXX compile features
[0.549s] -- Detecting CXX compile features - done
[0.551s] -- Found ros2_control_cmake: 0.2.1 (/home/student/ros2_ws/install/ros2_control_cmake/share/ros2_control_cmake/cmake)
[0.551s] -- Compiler warnings enabled for GNU
[0.551s] -- Detected GCC Version: 11.4.0 (Major: 11, Minor: 4)
[0.564s] -- Found ament_cmake: 1.3.12 (/opt/ros/humble/share/ament_cmake/cmake)
[0.823s] -- Found Python3: /usr/bin/python3 (found version "3.10.12") found components: Interpreter 
[1.024s] -- Found controller_interface: 2.51.0 (/home/student/ros2_ws/install/controller_interface/share/controller_interface/cmake)
[1.130s] -- Found rosidl_generator_c: 3.1.7 (/opt/ros/humble/share/rosidl_generator_c/cmake)
[1.145s] -- Found rosidl_adapter: 3.1.7 (/opt/ros/humble/share/rosidl_adapter/cmake)
[1.167s] -- Found rosidl_generator_cpp: 3.1.7 (/opt/ros/humble/share/rosidl_generator_cpp/cmake)
[1.196s] -- Using all available rosidl_typesupport_c: rosidl_typesupport_fastrtps_c;rosidl_typesupport_introspection_c
[1.233s] -- Using all available rosidl_typesupport_cpp: rosidl_typesupport_fastrtps_cpp;rosidl_typesupport_introspection_cpp
[1.653s] -- Found rmw_implementation_cmake: 6.1.2 (/opt/ros/humble/share/rmw_implementation_cmake/cmake)
[1.672s] -- Found rmw_fastrtps_cpp: 6.2.8 (/opt/ros/humble/share/rmw_fastrtps_cpp/cmake)
[1.730s] -- Found TinyXML2 via Config file: TinyXML2_DIR-NOTFOUND
[1.822s] -- Found OpenSSL: /usr/lib/x86_64-linux-gnu/libcrypto.so (found version "3.0.2")  
[1.824s] -- Found TinyXML2 via Config file: TinyXML2_DIR-NOTFOUND
[1.847s] -- Found FastRTPS: /opt/ros/humble/include  
[1.851s] -- Found TinyXML2 via Config file: TinyXML2_DIR-NOTFOUND
[1.864s] -- Found TinyXML2 via Config file: TinyXML2_DIR-NOTFOUND
[1.880s] -- Using RMW implementation 'rmw_fastrtps_cpp' as default
[1.908s] -- Looking for pthread.h
[2.081s] -- Looking for pthread.h - found
[2.081s] -- Performing Test CMAKE_HAVE_LIBC_PTHREAD
[2.261s] -- Performing Test CMAKE_HAVE_LIBC_PTHREAD - Success
[2.264s] -- Found Threads: TRUE  
[2.389s] -- Found generate_parameter_library: 0.5.0 (/opt/ros/humble/share/generate_parameter_library/cmake)
[2.398s] -- Found parameter_traits: 0.5.0 (/opt/ros/humble/share/parameter_traits/cmake)
[2.455s] -- Found realtime_tools: 2.14.0 (/opt/ros/humble/share/realtime_tools/cmake)
[2.501s] -- Found ament_cmake_gmock: 1.3.12 (/opt/ros/humble/share/ament_cmake_gmock/cmake)
[2.502s] -- Found controller_manager: 2.51.0 (/home/student/ros2_ws/install/controller_manager/share/controller_manager/cmake)
[2.556s] -- Found ros2_control_test_assets: 2.51.0 (/home/student/ros2_ws/install/ros2_control_test_assets/share/ros2_control_test_assets/cmake)
[2.565s] -- Found gmock sources under '/opt/ros/humble/src/gmock_vendor': C++ tests using 'Google Mock' will be built
[2.581s] -- Found ament_cmake_gtest: 1.3.12 (/opt/ros/humble/share/ament_cmake_gtest/cmake)
[2.582s] -- Found gtest sources under '/opt/ros/humble/src/gtest_vendor': C++ tests using 'Google Test' will be built
[2.718s] -- Configuring done
[2.730s] [31mCMake Error at CMakeLists.txt:34 (add_library):
[2.730s]   Target "forward_command_controller" links to target
[2.730s]   "controller_interface::controller_interface" but the target was not found.
[2.730s]   Perhaps a find_package() call is missing for an IMPORTED target, or an
[2.730s]   ALIAS target is missing?
[2.730s] 
[2.731s] [0m
[2.731s] [31mCMake Error at CMakeLists.txt:34 (add_library):
[2.731s]   Target "forward_command_controller" links to target
[2.731s]   "hardware_interface::hardware_interface" but the target was not found.
[2.731s]   Perhaps a find_package() call is missing for an IMPORTED target, or an
[2.731s]   ALIAS target is missing?
[2.731s] 
[2.731s] [0m
[2.732s] [31mCMake Error at /opt/ros/humble/share/ament_cmake_gmock/cmake/ament_add_gmock.cmake:69 (add_executable):
[2.732s]   Target "test_load_forward_command_controller" links to target
[2.732s]   "controller_interface::controller_interface" but the target was not found.
[2.732s]   Perhaps a find_package() call is missing for an IMPORTED target, or an
[2.732s]   ALIAS target is missing?
[2.732s] Call Stack (most recent call first):
[2.732s]   /opt/ros/humble/share/ament_cmake_gmock/cmake/ament_add_gmock.cmake:52 (_ament_add_gmock)
[2.732s]   CMakeLists.txt:61 (ament_add_gmock)
[2.732s] 
[2.733s] [0m
[2.733s] [31mCMake Error at /opt/ros/humble/share/ament_cmake_gmock/cmake/ament_add_gmock.cmake:69 (add_executable):
[2.733s]   Target "test_load_forward_command_controller" links to target
[2.733s]   "hardware_interface::hardware_interface" but the target was not found.
[2.733s]   Perhaps a find_package() call is missing for an IMPORTED target, or an
[2.733s]   ALIAS target is missing?
[2.733s] Call Stack (most recent call first):
[2.733s]   /opt/ros/humble/share/ament_cmake_gmock/cmake/ament_add_gmock.cmake:52 (_ament_add_gmock)
[2.733s]   CMakeLists.txt:61 (ament_add_gmock)
[2.733s] 
[2.734s] [0m
[2.737s] [31mCMake Error at /opt/ros/humble/share/ament_cmake_gmock/cmake/ament_add_gmock.cmake:69 (add_executable):
[2.738s]   Target "test_load_forward_command_controller" links to target
[2.738s]   "controller_manager::controller_manager" but the target was not found.
[2.738s]   Perhaps a find_package() call is missing for an IMPORTED target, or an
[2.738s]   ALIAS target is missing?
[2.738s] Call Stack (most recent call first):
[2.738s]   /opt/ros/humble/share/ament_cmake_gmock/cmake/ament_add_gmock.cmake:52 (_ament_add_gmock)
[2.738s]   CMakeLists.txt:61 (ament_add_gmock)
[2.738s] 
[2.738s] [0m
[2.738s] [31mCMake Error at /opt/ros/humble/share/ament_cmake_gmock/cmake/ament_add_gmock.cmake:69 (add_executable):
[2.738s]   Target "test_load_forward_command_controller" links to target
[2.739s]   "ros2_control_test_assets::ros2_control_test_assets" but the target was not
[2.739s]   found.  Perhaps a find_package() call is missing for an IMPORTED target, or
[2.739s]   an ALIAS target is missing?
[2.739s] Call Stack (most recent call first):
[2.739s]   /opt/ros/humble/share/ament_cmake_gmock/cmake/ament_add_gmock.cmake:52 (_ament_add_gmock)
[2.739s]   CMakeLists.txt:61 (ament_add_gmock)
[2.739s] 
[2.739s] [0m
[2.739s] [31mCMake Error at /opt/ros/humble/share/ament_cmake_gmock/cmake/ament_add_gmock.cmake:69 (add_executable):
[2.739s]   Target "test_forward_command_controller" links to target
[2.740s]   "controller_interface::controller_interface" but the target was not found.
[2.740s]   Perhaps a find_package() call is missing for an IMPORTED target, or an
[2.740s]   ALIAS target is missing?
[2.740s] Call Stack (most recent call first):
[2.740s]   /opt/ros/humble/share/ament_cmake_gmock/cmake/ament_add_gmock.cmake:52 (_ament_add_gmock)
[2.740s]   CMakeLists.txt:70 (ament_add_gmock)
[2.740s] 
[2.740s] [0m
[2.740s] [31mCMake Error at /opt/ros/humble/share/ament_cmake_gmock/cmake/ament_add_gmock.cmake:69 (add_executable):
[2.740s]   Target "test_forward_command_controller" links to target
[2.740s]   "hardware_interface::hardware_interface" but the target was not found.
[2.740s]   Perhaps a find_package() call is missing for an IMPORTED target, or an
[2.741s]   ALIAS target is missing?
[2.741s] Call Stack (most recent call first):
[2.741s]   /opt/ros/humble/share/ament_cmake_gmock/cmake/ament_add_gmock.cmake:52 (_ament_add_gmock)
[2.741s]   CMakeLists.txt:70 (ament_add_gmock)
[2.745s] 
[2.745s] [0m
[2.745s] [31mCMake Error at /opt/ros/humble/share/ament_cmake_gmock/cmake/ament_add_gmock.cmake:69 (add_executable):
[2.745s]   Target "test_load_multi_interface_forward_command_controller" links to
[2.745s]   target "controller_interface::controller_interface" but the target was not
[2.746s]   found.  Perhaps a find_package() call is missing for an IMPORTED target, or
[2.746s]   an ALIAS target is missing?
[2.746s] Call Stack (most recent call first):
[2.746s]   /opt/ros/humble/share/ament_cmake_gmock/cmake/ament_add_gmock.cmake:52 (_ament_add_gmock)
[2.746s]   CMakeLists.txt:77 (ament_add_gmock)
[2.746s] 
[2.746s] [0m
[2.746s] [31mCMake Error at /opt/ros/humble/share/ament_cmake_gmock/cmake/ament_add_gmock.cmake:69 (add_executable):
[2.746s]   Target "test_load_multi_interface_forward_command_controller" links to
[2.746s]   target "hardware_interface::hardware_interface" but the target was not
[2.746s]   found.  Perhaps a find_package() call is missing for an IMPORTED target, or
[2.747s]   an ALIAS target is missing?
[2.747s] Call Stack (most recent call first):
[2.747s]   /opt/ros/humble/share/ament_cmake_gmock/cmake/ament_add_gmock.cmake:52 (_ament_add_gmock)
[2.747s]   CMakeLists.txt:77 (ament_add_gmock)
[2.747s] 
[2.747s] [0m
[2.747s] [31mCMake Error at /opt/ros/humble/share/ament_cmake_gmock/cmake/ament_add_gmock.cmake:69 (add_executable):
[2.747s]   Target "test_load_multi_interface_forward_command_controller" links to
[2.747s]   target "controller_manager::controller_manager" but the target was not
[2.747s]   found.  Perhaps a find_package() call is missing for an IMPORTED target, or
[2.748s]   an ALIAS target is missing?
[2.748s] Call Stack (most recent call first):
[2.748s]   /opt/ros/humble/share/ament_cmake_gmock/cmake/ament_add_gmock.cmake:52 (_ament_add_gmock)
[2.748s]   CMakeLists.txt:77 (ament_add_gmock)
[2.748s] 
[2.751s] [0m
[2.751s] [31mCMake Error at /opt/ros/humble/share/ament_cmake_gmock/cmake/ament_add_gmock.cmake:69 (add_executable):
[2.751s]   Target "test_load_multi_interface_forward_command_controller" links to
[2.752s]   target "ros2_control_test_assets::ros2_control_test_assets" but the target
[2.752s]   was not found.  Perhaps a find_package() call is missing for an IMPORTED
[2.752s]   target, or an ALIAS target is missing?
[2.752s] Call Stack (most recent call first):
[2.752s]   /opt/ros/humble/share/ament_cmake_gmock/cmake/ament_add_gmock.cmake:52 (_ament_add_gmock)
[2.752s]   CMakeLists.txt:77 (ament_add_gmock)
[2.752s] 
[2.752s] [0m
[2.753s] [31mCMake Error at /opt/ros/humble/share/ament_cmake_gmock/cmake/ament_add_gmock.cmake:69 (add_executable):
[2.753s]   Target "test_multi_interface_forward_command_controller" links to target
[2.753s]   "controller_interface::controller_interface" but the target was not found.
[2.753s]   Perhaps a find_package() call is missing for an IMPORTED target, or an
[2.753s]   ALIAS target is missing?
[2.753s] Call Stack (most recent call first):
[2.753s]   /opt/ros/humble/share/ament_cmake_gmock/cmake/ament_add_gmock.cmake:52 (_ament_add_gmock)
[2.753s]   CMakeLists.txt:86 (ament_add_gmock)
[2.753s] 
[2.753s] [0m
[2.753s] [31mCMake Error at /opt/ros/humble/share/ament_cmake_gmock/cmake/ament_add_gmock.cmake:69 (add_executable):
[2.753s]   Target "test_multi_interface_forward_command_controller" links to target
[2.754s]   "hardware_interface::hardware_interface" but the target was not found.
[2.754s]   Perhaps a find_package() call is missing for an IMPORTED target, or an
[2.754s]   ALIAS target is missing?
[2.754s] Call Stack (most recent call first):
[2.754s]   /opt/ros/humble/share/ament_cmake_gmock/cmake/ament_add_gmock.cmake:52 (_ament_add_gmock)
[2.754s]   CMakeLists.txt:86 (ament_add_gmock)
[2.754s] 
[2.754s] [0m
[2.788s] -- Generating done
[2.792s] [0mCMake Generate step failed.  Build files cannot be regenerated correctly.[0m
[2.819s] Invoked command in '/home/student/ros2_ws/build/forward_command_controller' returned '1': CMAKE_PREFIX_PATH=/home/student/ros2_ws/install/controller_manager:/home/student/ros2_ws/install/hardware_interface_testing:/home/student/ros2_ws/install/controller_interface:/home/student/ros2_ws/install/hardware_interface:/home/student/ros2_ws/install/ros2_control_test_assets:/home/student/ros2_ws/install/ros2_control_cmake:/home/student/ros2_ws/install/controller_manager_msgs:/home/student/ros2_ws/install/ur_description:/home/student/ros2_ws/install/transmission_interface:/home/student/ros2_ws/install/joint_limits:/home/student/ros2_ws/src/install/ur_description:/home/student/ros2_ws/src/install/transmission_interface:/home/student/ros2_ws/src/install/hardware_interface_testing:/home/student/ros2_ws/src/install/controller_manager:/home/student/ros2_ws/src/install/ros2_control_test_assets:/home/student/ros2_ws/src/install/ros2_control_cmake:/home/student/ros2_ws/src/install/joint_limits:/home/student/ros2_ws/src/install/irb4400_description:/home/student/ros2_ws/src/install/controller_interface:/home/student/ros2_ws/src/install/hardware_interface:/home/student/ros2_ws/src/install/controller_manager_msgs:/home/student/ros2_ws/install/rqt_joint_trajectory_controller:/home/student/ros2_ws/install/ros2_controllers_test_nodes:/home/student/ros2_ws/install/opcua_ros_client:/home/student/ros2_ws/install/my_py_pkg:/home/student/ros2_ws/install/my_bot_description:/home/student/ros2_ws/install/modbus_interface:/home/student/ros2_ws/src/install/rqt_joint_trajectory_controller:/home/student/ros2_ws/src/install/ros2_controllers_test_nodes:/home/student/ros2_ws/src/install/opcua_ros_client:/home/student/ros2_ws/src/install/my_py_pkg:/home/student/ros2_ws/src/install/my_bot_description:/home/student/ros2_ws/src/install/modbus_interface:/opt/ros/humble LD_LIBRARY_PATH=/home/student/ros2_ws/install/controller_manager/lib:/home/student/ros2_ws/install/hardware_interface_testing/lib:/home/student/ros2_ws/install/controller_interface/lib:/home/student/ros2_ws/install/hardware_interface/lib:/home/student/ros2_ws/install/controller_manager_msgs/lib:/home/student/ros2_ws/install/transmission_interface/lib:/home/student/ros2_ws/install/joint_limits/lib:/home/student/ros2_ws/src/install/transmission_interface/lib:/home/student/ros2_ws/src/install/hardware_interface_testing/lib:/home/student/ros2_ws/src/install/controller_manager/lib:/home/student/ros2_ws/src/install/joint_limits/lib:/home/student/ros2_ws/src/install/controller_interface/lib:/home/student/ros2_ws/src/install/hardware_interface/lib:/home/student/ros2_ws/src/install/controller_manager_msgs/lib:/usr/lib/x86_64-linux-gnu/gazebo-11/plugins:/opt/ros/humble/opt/rviz_ogre_vendor/lib:/opt/ros/humble/lib/x86_64-linux-gnu:/opt/ros/humble/lib /usr/bin/cmake /home/student/ros2_ws/src/ros2_controllers/forward_command_controller -DCMAKE_INSTALL_PREFIX=/home/student/ros2_ws/install/forward_command_controller
