[0.059s] Invoking command in '/home/student/ros2_ws/build/forward_command_controller': CMAKE_PREFIX_PATH=/home/student/ros2_ws/install/controller_manager:/home/student/ros2_ws/install/hardware_interface_testing:/home/student/ros2_ws/install/controller_interface:/home/student/ros2_ws/install/hardware_interface:/home/student/ros2_ws/install/ros2_control_test_assets:/home/student/ros2_ws/install/ros2_control_cmake:/home/student/ros2_ws/install/controller_manager_msgs:/home/student/ros2_ws/install/ur_description:/home/student/ros2_ws/install/transmission_interface:/home/student/ros2_ws/install/joint_limits:/home/student/ros2_ws/src/install/ur_description:/home/student/ros2_ws/src/install/transmission_interface:/home/student/ros2_ws/src/install/hardware_interface_testing:/home/student/ros2_ws/src/install/controller_manager:/home/student/ros2_ws/src/install/ros2_control_test_assets:/home/student/ros2_ws/src/install/ros2_control_cmake:/home/student/ros2_ws/src/install/joint_limits:/home/student/ros2_ws/src/install/irb4400_description:/home/student/ros2_ws/src/install/controller_interface:/home/student/ros2_ws/src/install/hardware_interface:/home/student/ros2_ws/src/install/controller_manager_msgs:/home/student/ros2_ws/install/rqt_joint_trajectory_controller:/home/student/ros2_ws/install/ros2_controllers_test_nodes:/home/student/ros2_ws/install/opcua_ros_client:/home/student/ros2_ws/install/my_py_pkg:/home/student/ros2_ws/install/my_bot_description:/home/student/ros2_ws/install/modbus_interface:/home/student/ros2_ws/src/install/rqt_joint_trajectory_controller:/home/student/ros2_ws/src/install/ros2_controllers_test_nodes:/home/student/ros2_ws/src/install/opcua_ros_client:/home/student/ros2_ws/src/install/my_py_pkg:/home/student/ros2_ws/src/install/my_bot_description:/home/student/ros2_ws/src/install/modbus_interface:/opt/ros/humble LD_LIBRARY_PATH=/home/student/ros2_ws/install/controller_manager/lib:/home/student/ros2_ws/install/hardware_interface_testing/lib:/home/student/ros2_ws/install/controller_interface/lib:/home/student/ros2_ws/install/hardware_interface/lib:/home/student/ros2_ws/install/controller_manager_msgs/lib:/home/student/ros2_ws/install/transmission_interface/lib:/home/student/ros2_ws/install/joint_limits/lib:/home/student/ros2_ws/src/install/transmission_interface/lib:/home/student/ros2_ws/src/install/hardware_interface_testing/lib:/home/student/ros2_ws/src/install/controller_manager/lib:/home/student/ros2_ws/src/install/joint_limits/lib:/home/student/ros2_ws/src/install/controller_interface/lib:/home/student/ros2_ws/src/install/hardware_interface/lib:/home/student/ros2_ws/src/install/controller_manager_msgs/lib:/usr/lib/x86_64-linux-gnu/gazebo-11/plugins:/opt/ros/humble/opt/rviz_ogre_vendor/lib:/opt/ros/humble/lib/x86_64-linux-gnu:/opt/ros/humble/lib /usr/bin/cmake /home/student/ros2_ws/src/ros2_controllers/forward_command_controller -DCMAKE_INSTALL_PREFIX=/home/student/ros2_ws/install/forward_command_controller
[0.078s] -- Found ros2_control_cmake: 0.2.1 (/home/student/ros2_ws/install/ros2_control_cmake/share/ros2_control_cmake/cmake)
[0.079s] -- Compiler warnings enabled for GNU
[0.079s] -- Detected GCC Version: 11.4.0 (Major: 11, Minor: 4)
[0.079s] -- Found ament_cmake: 1.3.12 (/opt/ros/humble/share/ament_cmake/cmake)
[0.743s] -- Found controller_interface: 2.51.0 (/home/student/ros2_ws/install/controller_interface/share/controller_interface/cmake)
[0.943s] -- Found rosidl_generator_c: 3.1.7 (/opt/ros/humble/share/rosidl_generator_c/cmake)
[0.960s] -- Found rosidl_adapter: 3.1.7 (/opt/ros/humble/share/rosidl_adapter/cmake)
[1.003s] -- Found rosidl_generator_cpp: 3.1.7 (/opt/ros/humble/share/rosidl_generator_cpp/cmake)
[1.073s] -- Using all available rosidl_typesupport_c: rosidl_typesupport_fastrtps_c;rosidl_typesupport_introspection_c
[1.178s] -- Using all available rosidl_typesupport_cpp: rosidl_typesupport_fastrtps_cpp;rosidl_typesupport_introspection_cpp
[2.268s] -- Found rmw_implementation_cmake: 6.1.2 (/opt/ros/humble/share/rmw_implementation_cmake/cmake)
[2.279s] -- Found rmw_fastrtps_cpp: 6.2.8 (/opt/ros/humble/share/rmw_fastrtps_cpp/cmake)
[2.408s] -- Found TinyXML2 via Config file: TinyXML2_DIR-NOTFOUND
[2.448s] -- Found TinyXML2 via Config file: TinyXML2_DIR-NOTFOUND
[2.518s] -- Found TinyXML2 via Config file: TinyXML2_DIR-NOTFOUND
[2.557s] -- Found TinyXML2 via Config file: TinyXML2_DIR-NOTFOUND
[2.619s] -- Using RMW implementation 'rmw_fastrtps_cpp' as default
[2.889s] -- Found generate_parameter_library: 0.5.0 (/opt/ros/humble/share/generate_parameter_library/cmake)
[2.890s] -- Found parameter_traits: 0.5.0 (/opt/ros/humble/share/parameter_traits/cmake)
[2.939s] -- Found realtime_tools: 2.14.0 (/opt/ros/humble/share/realtime_tools/cmake)
[2.998s] -- Found ament_cmake_gmock: 1.3.12 (/opt/ros/humble/share/ament_cmake_gmock/cmake)
[2.998s] -- Found controller_manager: 2.51.0 (/home/student/ros2_ws/install/controller_manager/share/controller_manager/cmake)
[3.109s] -- Found ros2_control_test_assets: 2.51.0 (/home/student/ros2_ws/install/ros2_control_test_assets/share/ros2_control_test_assets/cmake)
[3.120s] -- Found gmock sources under '/opt/ros/humble/src/gmock_vendor': C++ tests using 'Google Mock' will be built
[3.122s] -- Found ament_cmake_gtest: 1.3.12 (/opt/ros/humble/share/ament_cmake_gtest/cmake)
[3.132s] -- Found gtest sources under '/opt/ros/humble/src/gtest_vendor': C++ tests using 'Google Test' will be built
[3.491s] -- Configuring done
[3.529s] [31mCMake Error at CMakeLists.txt:34 (add_library):
[3.529s]   Target "forward_command_controller" links to target
[3.529s]   "controller_interface::controller_interface" but the target was not found.
[3.529s]   Perhaps a find_package() call is missing for an IMPORTED target, or an
[3.529s]   ALIAS target is missing?
[3.529s] 
[3.529s] [0m
[3.529s] [31mCMake Error at CMakeLists.txt:34 (add_library):
[3.530s]   Target "forward_command_controller" links to target
[3.530s]   "hardware_interface::hardware_interface" but the target was not found.
[3.530s]   Perhaps a find_package() call is missing for an IMPORTED target, or an
[3.530s]   ALIAS target is missing?
[3.530s] 
[3.530s] [0m
[3.530s] [31mCMake Error at /opt/ros/humble/share/ament_cmake_gmock/cmake/ament_add_gmock.cmake:69 (add_executable):
[3.530s]   Target "test_load_forward_command_controller" links to target
[3.530s]   "controller_interface::controller_interface" but the target was not found.
[3.530s]   Perhaps a find_package() call is missing for an IMPORTED target, or an
[3.530s]   ALIAS target is missing?
[3.530s] Call Stack (most recent call first):
[3.531s]   /opt/ros/humble/share/ament_cmake_gmock/cmake/ament_add_gmock.cmake:52 (_ament_add_gmock)
[3.531s]   CMakeLists.txt:61 (ament_add_gmock)
[3.531s] 
[3.531s] [0m
[3.531s] [31mCMake Error at /opt/ros/humble/share/ament_cmake_gmock/cmake/ament_add_gmock.cmake:69 (add_executable):
[3.531s]   Target "test_load_forward_command_controller" links to target
[3.531s]   "hardware_interface::hardware_interface" but the target was not found.
[3.531s]   Perhaps a find_package() call is missing for an IMPORTED target, or an
[3.531s]   ALIAS target is missing?
[3.531s] Call Stack (most recent call first):
[3.531s]   /opt/ros/humble/share/ament_cmake_gmock/cmake/ament_add_gmock.cmake:52 (_ament_add_gmock)
[3.531s]   CMakeLists.txt:61 (ament_add_gmock)
[3.532s] 
[3.532s] [0m
[3.532s] [31mCMake Error at /opt/ros/humble/share/ament_cmake_gmock/cmake/ament_add_gmock.cmake:69 (add_executable):
[3.532s]   Target "test_load_forward_command_controller" links to target
[3.532s]   "controller_manager::controller_manager" but the target was not found.
[3.532s]   Perhaps a find_package() call is missing for an IMPORTED target, or an
[3.532s]   ALIAS target is missing?
[3.532s] Call Stack (most recent call first):
[3.532s]   /opt/ros/humble/share/ament_cmake_gmock/cmake/ament_add_gmock.cmake:52 (_ament_add_gmock)
[3.532s]   CMakeLists.txt:61 (ament_add_gmock)
[3.532s] 
[3.553s] [0m
[3.553s] [31mCMake Error at /opt/ros/humble/share/ament_cmake_gmock/cmake/ament_add_gmock.cmake:69 (add_executable):
[3.553s]   Target "test_load_forward_command_controller" links to target
[3.553s]   "ros2_control_test_assets::ros2_control_test_assets" but the target was not
[3.553s]   found.  Perhaps a find_package() call is missing for an IMPORTED target, or
[3.554s]   an ALIAS target is missing?
[3.554s] Call Stack (most recent call first):
[3.554s]   /opt/ros/humble/share/ament_cmake_gmock/cmake/ament_add_gmock.cmake:52 (_ament_add_gmock)
[3.554s]   CMakeLists.txt:61 (ament_add_gmock)
[3.554s] 
[3.554s] [0m
[3.555s] [31mCMake Error at /opt/ros/humble/share/ament_cmake_gmock/cmake/ament_add_gmock.cmake:69 (add_executable):
[3.555s]   Target "test_forward_command_controller" links to target
[3.555s]   "controller_interface::controller_interface" but the target was not found.
[3.555s]   Perhaps a find_package() call is missing for an IMPORTED target, or an
[3.555s]   ALIAS target is missing?
[3.555s] Call Stack (most recent call first):
[3.555s]   /opt/ros/humble/share/ament_cmake_gmock/cmake/ament_add_gmock.cmake:52 (_ament_add_gmock)
[3.555s]   CMakeLists.txt:70 (ament_add_gmock)
[3.556s] 
[3.556s] [0m
[3.556s] [31mCMake Error at /opt/ros/humble/share/ament_cmake_gmock/cmake/ament_add_gmock.cmake:69 (add_executable):
[3.556s]   Target "test_forward_command_controller" links to target
[3.556s]   "hardware_interface::hardware_interface" but the target was not found.
[3.556s]   Perhaps a find_package() call is missing for an IMPORTED target, or an
[3.556s]   ALIAS target is missing?
[3.556s] Call Stack (most recent call first):
[3.556s]   /opt/ros/humble/share/ament_cmake_gmock/cmake/ament_add_gmock.cmake:52 (_ament_add_gmock)
[3.558s]   CMakeLists.txt:70 (ament_add_gmock)
[3.558s] 
[3.558s] [0m
[3.559s] [31mCMake Error at /opt/ros/humble/share/ament_cmake_gmock/cmake/ament_add_gmock.cmake:69 (add_executable):
[3.559s]   Target "test_load_multi_interface_forward_command_controller" links to
[3.559s]   target "controller_interface::controller_interface" but the target was not
[3.559s]   found.  Perhaps a find_package() call is missing for an IMPORTED target, or
[3.559s]   an ALIAS target is missing?
[3.560s] Call Stack (most recent call first):
[3.560s]   /opt/ros/humble/share/ament_cmake_gmock/cmake/ament_add_gmock.cmake:52 (_ament_add_gmock)
[3.560s]   CMakeLists.txt:77 (ament_add_gmock)
[3.560s] 
[3.560s] [0m
[3.560s] [31mCMake Error at /opt/ros/humble/share/ament_cmake_gmock/cmake/ament_add_gmock.cmake:69 (add_executable):
[3.560s]   Target "test_load_multi_interface_forward_command_controller" links to
[3.560s]   target "hardware_interface::hardware_interface" but the target was not
[3.560s]   found.  Perhaps a find_package() call is missing for an IMPORTED target, or
[3.560s]   an ALIAS target is missing?
[3.560s] Call Stack (most recent call first):
[3.560s]   /opt/ros/humble/share/ament_cmake_gmock/cmake/ament_add_gmock.cmake:52 (_ament_add_gmock)
[3.560s]   CMakeLists.txt:77 (ament_add_gmock)
[3.561s] 
[3.561s] [0m
[3.561s] [31mCMake Error at /opt/ros/humble/share/ament_cmake_gmock/cmake/ament_add_gmock.cmake:69 (add_executable):
[3.561s]   Target "test_load_multi_interface_forward_command_controller" links to
[3.561s]   target "controller_manager::controller_manager" but the target was not
[3.561s]   found.  Perhaps a find_package() call is missing for an IMPORTED target, or
[3.561s]   an ALIAS target is missing?
[3.561s] Call Stack (most recent call first):
[3.567s]   /opt/ros/humble/share/ament_cmake_gmock/cmake/ament_add_gmock.cmake:52 (_ament_add_gmock)
[3.568s]   CMakeLists.txt:77 (ament_add_gmock)
[3.568s] 
[3.568s] [0m
[3.568s] [31mCMake Error at /opt/ros/humble/share/ament_cmake_gmock/cmake/ament_add_gmock.cmake:69 (add_executable):
[3.568s]   Target "test_load_multi_interface_forward_command_controller" links to
[3.568s]   target "ros2_control_test_assets::ros2_control_test_assets" but the target
[3.568s]   was not found.  Perhaps a find_package() call is missing for an IMPORTED
[3.568s]   target, or an ALIAS target is missing?
[3.569s] Call Stack (most recent call first):
[3.569s]   /opt/ros/humble/share/ament_cmake_gmock/cmake/ament_add_gmock.cmake:52 (_ament_add_gmock)
[3.569s]   CMakeLists.txt:77 (ament_add_gmock)
[3.569s] 
[3.569s] [0m
[3.569s] [31mCMake Error at /opt/ros/humble/share/ament_cmake_gmock/cmake/ament_add_gmock.cmake:69 (add_executable):
[3.569s]   Target "test_multi_interface_forward_command_controller" links to target
[3.569s]   "controller_interface::controller_interface" but the target was not found.
[3.569s]   Perhaps a find_package() call is missing for an IMPORTED target, or an
[3.570s]   ALIAS target is missing?
[3.570s] Call Stack (most recent call first):
[3.570s]   /opt/ros/humble/share/ament_cmake_gmock/cmake/ament_add_gmock.cmake:52 (_ament_add_gmock)
[3.570s]   CMakeLists.txt:86 (ament_add_gmock)
[3.570s] 
[3.570s] [0m
[3.570s] [31mCMake Error at /opt/ros/humble/share/ament_cmake_gmock/cmake/ament_add_gmock.cmake:69 (add_executable):
[3.570s]   Target "test_multi_interface_forward_command_controller" links to target
[3.570s]   "hardware_interface::hardware_interface" but the target was not found.
[3.570s]   Perhaps a find_package() call is missing for an IMPORTED target, or an
[3.571s]   ALIAS target is missing?
[3.571s] Call Stack (most recent call first):
[3.571s]   /opt/ros/humble/share/ament_cmake_gmock/cmake/ament_add_gmock.cmake:52 (_ament_add_gmock)
[3.571s]   CMakeLists.txt:86 (ament_add_gmock)
[3.571s] 
[3.571s] [0m
[3.717s] -- Generating done
[3.719s] [0mCMake Generate step failed.  Build files cannot be regenerated correctly.[0m
[3.762s] Invoked command in '/home/student/ros2_ws/build/forward_command_controller' returned '1': CMAKE_PREFIX_PATH=/home/student/ros2_ws/install/controller_manager:/home/student/ros2_ws/install/hardware_interface_testing:/home/student/ros2_ws/install/controller_interface:/home/student/ros2_ws/install/hardware_interface:/home/student/ros2_ws/install/ros2_control_test_assets:/home/student/ros2_ws/install/ros2_control_cmake:/home/student/ros2_ws/install/controller_manager_msgs:/home/student/ros2_ws/install/ur_description:/home/student/ros2_ws/install/transmission_interface:/home/student/ros2_ws/install/joint_limits:/home/student/ros2_ws/src/install/ur_description:/home/student/ros2_ws/src/install/transmission_interface:/home/student/ros2_ws/src/install/hardware_interface_testing:/home/student/ros2_ws/src/install/controller_manager:/home/student/ros2_ws/src/install/ros2_control_test_assets:/home/student/ros2_ws/src/install/ros2_control_cmake:/home/student/ros2_ws/src/install/joint_limits:/home/student/ros2_ws/src/install/irb4400_description:/home/student/ros2_ws/src/install/controller_interface:/home/student/ros2_ws/src/install/hardware_interface:/home/student/ros2_ws/src/install/controller_manager_msgs:/home/student/ros2_ws/install/rqt_joint_trajectory_controller:/home/student/ros2_ws/install/ros2_controllers_test_nodes:/home/student/ros2_ws/install/opcua_ros_client:/home/student/ros2_ws/install/my_py_pkg:/home/student/ros2_ws/install/my_bot_description:/home/student/ros2_ws/install/modbus_interface:/home/student/ros2_ws/src/install/rqt_joint_trajectory_controller:/home/student/ros2_ws/src/install/ros2_controllers_test_nodes:/home/student/ros2_ws/src/install/opcua_ros_client:/home/student/ros2_ws/src/install/my_py_pkg:/home/student/ros2_ws/src/install/my_bot_description:/home/student/ros2_ws/src/install/modbus_interface:/opt/ros/humble LD_LIBRARY_PATH=/home/student/ros2_ws/install/controller_manager/lib:/home/student/ros2_ws/install/hardware_interface_testing/lib:/home/student/ros2_ws/install/controller_interface/lib:/home/student/ros2_ws/install/hardware_interface/lib:/home/student/ros2_ws/install/controller_manager_msgs/lib:/home/student/ros2_ws/install/transmission_interface/lib:/home/student/ros2_ws/install/joint_limits/lib:/home/student/ros2_ws/src/install/transmission_interface/lib:/home/student/ros2_ws/src/install/hardware_interface_testing/lib:/home/student/ros2_ws/src/install/controller_manager/lib:/home/student/ros2_ws/src/install/joint_limits/lib:/home/student/ros2_ws/src/install/controller_interface/lib:/home/student/ros2_ws/src/install/hardware_interface/lib:/home/student/ros2_ws/src/install/controller_manager_msgs/lib:/usr/lib/x86_64-linux-gnu/gazebo-11/plugins:/opt/ros/humble/opt/rviz_ogre_vendor/lib:/opt/ros/humble/lib/x86_64-linux-gnu:/opt/ros/humble/lib /usr/bin/cmake /home/student/ros2_ws/src/ros2_controllers/forward_command_controller -DCMAKE_INSTALL_PREFIX=/home/student/ros2_ws/install/forward_command_controller
