[0.064s] Invoking command in '/home/student/ros2_ws/build/hardware_interface': CMAKE_PREFIX_PATH=/home/student/ros2_ws/install/ros2_control_test_assets:/home/student/ros2_ws/install/ur_description:/home/student/ros2_ws/install/transmission_interface:/home/student/ros2_ws/install/hardware_interface_testing:/home/student/ros2_ws/install/controller_manager:/home/student/ros2_ws/install/ros2_control_cmake:/home/student/ros2_ws/install/joint_limits:/home/student/ros2_ws/install/controller_interface:/home/student/ros2_ws/install/hardware_interface:/home/student/ros2_ws/install/controller_manager_msgs:/home/student/ros2_ws/src/install/ur_description:/home/student/ros2_ws/src/install/transmission_interface:/home/student/ros2_ws/src/install/hardware_interface_testing:/home/student/ros2_ws/src/install/controller_manager:/home/student/ros2_ws/src/install/ros2_control_test_assets:/home/student/ros2_ws/src/install/ros2_control_cmake:/home/student/ros2_ws/src/install/joint_limits:/home/student/ros2_ws/src/install/irb4400_description:/home/student/ros2_ws/src/install/controller_interface:/home/student/ros2_ws/src/install/hardware_interface:/home/student/ros2_ws/src/install/controller_manager_msgs:/home/student/ros2_ws/install/rqt_joint_trajectory_controller:/home/student/ros2_ws/install/ros2_controllers_test_nodes:/home/student/ros2_ws/install/opcua_ros_client:/home/student/ros2_ws/install/my_py_pkg:/home/student/ros2_ws/install/my_bot_description:/home/student/ros2_ws/install/modbus_interface:/home/student/ros2_ws/src/install/rqt_joint_trajectory_controller:/home/student/ros2_ws/src/install/ros2_controllers_test_nodes:/home/student/ros2_ws/src/install/opcua_ros_client:/home/student/ros2_ws/src/install/my_py_pkg:/home/student/ros2_ws/src/install/my_bot_description:/home/student/ros2_ws/src/install/modbus_interface:/opt/ros/humble /usr/bin/cmake --build /home/student/ros2_ws/build/hardware_interface -- -j8 -l8
[0.500s] [35m[1mConsolidate compiler generated dependencies of target gmock_main[0m
[0.500s] [35m[1mConsolidate compiler generated dependencies of target gmock[0m
[0.500s] [  2%] Built target ament_generate_version_header__hardware_interface
[0.500s] [  8%] Built target gmock_main
[0.500s] [ 17%] Built target gmock
[0.501s] [35m[1mConsolidate compiler generated dependencies of target test_macros[0m
[0.501s] [35m[1mConsolidate compiler generated dependencies of target hardware_interface[0m
[0.501s] [ 22%] Built target test_macros
[0.501s] [ 42%] Built target hardware_interface
[0.501s] [35m[1mConsolidate compiler generated dependencies of target fake_components[0m
[0.502s] [35m[1mConsolidate compiler generated dependencies of target test_joint_handle[0m
[0.502s] [35m[1mConsolidate compiler generated dependencies of target test_inst_hardwares[0m
[0.502s] [35m[1mConsolidate compiler generated dependencies of target mock_components[0m
[0.502s] [35m[1mConsolidate compiler generated dependencies of target test_component_interfaces[0m
[0.502s] [35m[1mConsolidate compiler generated dependencies of target test_component_parser[0m
[0.502s] [35m[1mConsolidate compiler generated dependencies of target test_hardware_components[0m
[0.502s] [35m[1mConsolidate compiler generated dependencies of target test_generic_system[0m
[0.502s] [ 51%] Built target fake_components
[0.502s] [ 57%] Built target mock_components
[0.503s] [ 62%] Built target test_inst_hardwares
[0.503s] [ 68%] Built target test_joint_handle
[0.503s] [ 74%] Built target test_generic_system
[0.503s] [ 80%] Built target test_component_parser
[0.503s] [ 85%] Built target test_component_interfaces
[0.503s] [100%] Built target test_hardware_components
[0.770s] Invoked command in '/home/student/ros2_ws/build/hardware_interface' returned '0': CMAKE_PREFIX_PATH=/home/student/ros2_ws/install/ros2_control_test_assets:/home/student/ros2_ws/install/ur_description:/home/student/ros2_ws/install/transmission_interface:/home/student/ros2_ws/install/hardware_interface_testing:/home/student/ros2_ws/install/controller_manager:/home/student/ros2_ws/install/ros2_control_cmake:/home/student/ros2_ws/install/joint_limits:/home/student/ros2_ws/install/controller_interface:/home/student/ros2_ws/install/hardware_interface:/home/student/ros2_ws/install/controller_manager_msgs:/home/student/ros2_ws/src/install/ur_description:/home/student/ros2_ws/src/install/transmission_interface:/home/student/ros2_ws/src/install/hardware_interface_testing:/home/student/ros2_ws/src/install/controller_manager:/home/student/ros2_ws/src/install/ros2_control_test_assets:/home/student/ros2_ws/src/install/ros2_control_cmake:/home/student/ros2_ws/src/install/joint_limits:/home/student/ros2_ws/src/install/irb4400_description:/home/student/ros2_ws/src/install/controller_interface:/home/student/ros2_ws/src/install/hardware_interface:/home/student/ros2_ws/src/install/controller_manager_msgs:/home/student/ros2_ws/install/rqt_joint_trajectory_controller:/home/student/ros2_ws/install/ros2_controllers_test_nodes:/home/student/ros2_ws/install/opcua_ros_client:/home/student/ros2_ws/install/my_py_pkg:/home/student/ros2_ws/install/my_bot_description:/home/student/ros2_ws/install/modbus_interface:/home/student/ros2_ws/src/install/rqt_joint_trajectory_controller:/home/student/ros2_ws/src/install/ros2_controllers_test_nodes:/home/student/ros2_ws/src/install/opcua_ros_client:/home/student/ros2_ws/src/install/my_py_pkg:/home/student/ros2_ws/src/install/my_bot_description:/home/student/ros2_ws/src/install/modbus_interface:/opt/ros/humble /usr/bin/cmake --build /home/student/ros2_ws/build/hardware_interface -- -j8 -l8
[0.771s] Invoking command in '/home/student/ros2_ws/build/hardware_interface': CMAKE_PREFIX_PATH=/home/student/ros2_ws/install/ros2_control_test_assets:/home/student/ros2_ws/install/ur_description:/home/student/ros2_ws/install/transmission_interface:/home/student/ros2_ws/install/hardware_interface_testing:/home/student/ros2_ws/install/controller_manager:/home/student/ros2_ws/install/ros2_control_cmake:/home/student/ros2_ws/install/joint_limits:/home/student/ros2_ws/install/controller_interface:/home/student/ros2_ws/install/hardware_interface:/home/student/ros2_ws/install/controller_manager_msgs:/home/student/ros2_ws/src/install/ur_description:/home/student/ros2_ws/src/install/transmission_interface:/home/student/ros2_ws/src/install/hardware_interface_testing:/home/student/ros2_ws/src/install/controller_manager:/home/student/ros2_ws/src/install/ros2_control_test_assets:/home/student/ros2_ws/src/install/ros2_control_cmake:/home/student/ros2_ws/src/install/joint_limits:/home/student/ros2_ws/src/install/irb4400_description:/home/student/ros2_ws/src/install/controller_interface:/home/student/ros2_ws/src/install/hardware_interface:/home/student/ros2_ws/src/install/controller_manager_msgs:/home/student/ros2_ws/install/rqt_joint_trajectory_controller:/home/student/ros2_ws/install/ros2_controllers_test_nodes:/home/student/ros2_ws/install/opcua_ros_client:/home/student/ros2_ws/install/my_py_pkg:/home/student/ros2_ws/install/my_bot_description:/home/student/ros2_ws/install/modbus_interface:/home/student/ros2_ws/src/install/rqt_joint_trajectory_controller:/home/student/ros2_ws/src/install/ros2_controllers_test_nodes:/home/student/ros2_ws/src/install/opcua_ros_client:/home/student/ros2_ws/src/install/my_py_pkg:/home/student/ros2_ws/src/install/my_bot_description:/home/student/ros2_ws/src/install/modbus_interface:/opt/ros/humble /usr/bin/cmake --install /home/student/ros2_ws/build/hardware_interface
[0.781s] -- Install configuration: ""
[0.781s] -- Up-to-date: /home/student/ros2_ws/install/hardware_interface/share/hardware_interface/mock_components_plugin_description.xml
[0.781s] -- Up-to-date: /home/student/ros2_ws/install/hardware_interface/share/hardware_interface/fake_components_plugin_description.xml
[0.781s] -- Up-to-date: /home/student/ros2_ws/install/hardware_interface/include
[0.781s] -- Up-to-date: /home/student/ros2_ws/install/hardware_interface/include/mock_components
[0.781s] -- Up-to-date: /home/student/ros2_ws/install/hardware_interface/include/mock_components/generic_system.hpp
[0.781s] -- Up-to-date: /home/student/ros2_ws/install/hardware_interface/include/mock_components/visibility_control.h
[0.788s] -- Up-to-date: /home/student/ros2_ws/install/hardware_interface/include/fake_components
[0.788s] -- Up-to-date: /home/student/ros2_ws/install/hardware_interface/include/fake_components/generic_system.hpp
[0.788s] -- Up-to-date: /home/student/ros2_ws/install/hardware_interface/include/fake_components/visibility_control.h
[0.788s] -- Up-to-date: /home/student/ros2_ws/install/hardware_interface/include/hardware_interface
[0.788s] -- Up-to-date: /home/student/ros2_ws/install/hardware_interface/include/hardware_interface/hardware_component_info.hpp
[0.788s] -- Up-to-date: /home/student/ros2_ws/install/hardware_interface/include/hardware_interface/component_parser.hpp
[0.789s] -- Up-to-date: /home/student/ros2_ws/install/hardware_interface/include/hardware_interface/system_interface.hpp
[0.789s] -- Up-to-date: /home/student/ros2_ws/install/hardware_interface/include/hardware_interface/actuator.hpp
[0.789s] -- Up-to-date: /home/student/ros2_ws/install/hardware_interface/include/hardware_interface/hardware_info.hpp
[0.789s] -- Up-to-date: /home/student/ros2_ws/install/hardware_interface/include/hardware_interface/sensor_interface.hpp
[0.789s] -- Up-to-date: /home/student/ros2_ws/install/hardware_interface/include/hardware_interface/actuator_interface.hpp
[0.789s] -- Up-to-date: /home/student/ros2_ws/install/hardware_interface/include/hardware_interface/types
[0.793s] -- Up-to-date: /home/student/ros2_ws/install/hardware_interface/include/hardware_interface/types/hardware_interface_return_values.hpp
[0.799s] -- Up-to-date: /home/student/ros2_ws/install/hardware_interface/include/hardware_interface/types/hardware_interface_type_values.hpp
[0.800s] -- Up-to-date: /home/student/ros2_ws/install/hardware_interface/include/hardware_interface/types/lifecycle_state_names.hpp
[0.800s] -- Up-to-date: /home/student/ros2_ws/install/hardware_interface/include/hardware_interface/resource_manager.hpp
[0.800s] -- Up-to-date: /home/student/ros2_ws/install/hardware_interface/include/hardware_interface/loaned_state_interface.hpp
[0.800s] -- Up-to-date: /home/student/ros2_ws/install/hardware_interface/include/hardware_interface/visibility_control.h
[0.800s] -- Up-to-date: /home/student/ros2_ws/install/hardware_interface/include/hardware_interface/handle.hpp
[0.800s] -- Up-to-date: /home/student/ros2_ws/install/hardware_interface/include/hardware_interface/macros.hpp
[0.800s] -- Up-to-date: /home/student/ros2_ws/install/hardware_interface/include/hardware_interface/system.hpp
[0.801s] -- Up-to-date: /home/student/ros2_ws/install/hardware_interface/include/hardware_interface/loaned_command_interface.hpp
[0.801s] -- Up-to-date: /home/student/ros2_ws/install/hardware_interface/include/hardware_interface/lexical_casts.hpp
[0.801s] -- Up-to-date: /home/student/ros2_ws/install/hardware_interface/include/hardware_interface/controller_info.hpp
[0.801s] -- Up-to-date: /home/student/ros2_ws/install/hardware_interface/include/hardware_interface/sensor.hpp
[0.801s] -- Up-to-date: /home/student/ros2_ws/install/hardware_interface/lib/libfake_components.so
[0.801s] -- Up-to-date: /home/student/ros2_ws/install/hardware_interface/lib/libmock_components.so
[0.801s] -- Up-to-date: /home/student/ros2_ws/install/hardware_interface/lib/libhardware_interface.so
[0.801s] -- Up-to-date: /home/student/ros2_ws/install/hardware_interface/lib/libtest_hardware_components.so
[0.801s] -- Up-to-date: /home/student/ros2_ws/install/hardware_interface/share/hardware_interface/test/test_hardware_components/test_hardware_components.xml
[0.801s] -- Up-to-date: /home/student/ros2_ws/install/hardware_interface/share/hardware_interface/environment/library_path.sh
[0.802s] -- Up-to-date: /home/student/ros2_ws/install/hardware_interface/share/hardware_interface/environment/library_path.dsv
[0.802s] -- Up-to-date: /home/student/ros2_ws/install/hardware_interface/share/ament_index/resource_index/package_run_dependencies/hardware_interface
[0.802s] -- Up-to-date: /home/student/ros2_ws/install/hardware_interface/share/ament_index/resource_index/parent_prefix_path/hardware_interface
[0.802s] -- Up-to-date: /home/student/ros2_ws/install/hardware_interface/share/hardware_interface/environment/ament_prefix_path.sh
[0.802s] -- Up-to-date: /home/student/ros2_ws/install/hardware_interface/share/hardware_interface/environment/ament_prefix_path.dsv
[0.802s] -- Up-to-date: /home/student/ros2_ws/install/hardware_interface/share/hardware_interface/environment/path.sh
[0.802s] -- Up-to-date: /home/student/ros2_ws/install/hardware_interface/share/hardware_interface/environment/path.dsv
[0.802s] -- Up-to-date: /home/student/ros2_ws/install/hardware_interface/share/hardware_interface/local_setup.bash
[0.802s] -- Up-to-date: /home/student/ros2_ws/install/hardware_interface/share/hardware_interface/local_setup.sh
[0.802s] -- Up-to-date: /home/student/ros2_ws/install/hardware_interface/share/hardware_interface/local_setup.zsh
[0.803s] -- Up-to-date: /home/student/ros2_ws/install/hardware_interface/share/hardware_interface/local_setup.dsv
[0.803s] -- Installing: /home/student/ros2_ws/install/hardware_interface/share/hardware_interface/package.dsv
[0.803s] -- Up-to-date: /home/student/ros2_ws/install/hardware_interface/share/ament_index/resource_index/packages/hardware_interface
[0.804s] -- Up-to-date: /home/student/ros2_ws/install/hardware_interface/share/ament_index/resource_index/hardware_interface__pluginlib__plugin/hardware_interface
[0.804s] -- Up-to-date: /home/student/ros2_ws/install/hardware_interface/share/hardware_interface/cmake/ament_cmake_export_include_directories-extras.cmake
[0.804s] -- Up-to-date: /home/student/ros2_ws/install/hardware_interface/share/hardware_interface/cmake/ament_cmake_export_libraries-extras.cmake
[0.804s] -- Up-to-date: /home/student/ros2_ws/install/hardware_interface/share/hardware_interface/cmake/ament_cmake_export_dependencies-extras.cmake
[0.804s] -- Up-to-date: /home/student/ros2_ws/install/hardware_interface/share/hardware_interface/cmake/hardware_interfaceConfig.cmake
[0.804s] -- Up-to-date: /home/student/ros2_ws/install/hardware_interface/share/hardware_interface/cmake/hardware_interfaceConfig-version.cmake
[0.804s] -- Up-to-date: /home/student/ros2_ws/install/hardware_interface/share/hardware_interface/package.xml
[0.805s] -- Up-to-date: /home/student/ros2_ws/install/hardware_interface/include/hardware_interface/hardware_interface/version.h
[0.818s] Invoked command in '/home/student/ros2_ws/build/hardware_interface' returned '0': CMAKE_PREFIX_PATH=/home/student/ros2_ws/install/ros2_control_test_assets:/home/student/ros2_ws/install/ur_description:/home/student/ros2_ws/install/transmission_interface:/home/student/ros2_ws/install/hardware_interface_testing:/home/student/ros2_ws/install/controller_manager:/home/student/ros2_ws/install/ros2_control_cmake:/home/student/ros2_ws/install/joint_limits:/home/student/ros2_ws/install/controller_interface:/home/student/ros2_ws/install/hardware_interface:/home/student/ros2_ws/install/controller_manager_msgs:/home/student/ros2_ws/src/install/ur_description:/home/student/ros2_ws/src/install/transmission_interface:/home/student/ros2_ws/src/install/hardware_interface_testing:/home/student/ros2_ws/src/install/controller_manager:/home/student/ros2_ws/src/install/ros2_control_test_assets:/home/student/ros2_ws/src/install/ros2_control_cmake:/home/student/ros2_ws/src/install/joint_limits:/home/student/ros2_ws/src/install/irb4400_description:/home/student/ros2_ws/src/install/controller_interface:/home/student/ros2_ws/src/install/hardware_interface:/home/student/ros2_ws/src/install/controller_manager_msgs:/home/student/ros2_ws/install/rqt_joint_trajectory_controller:/home/student/ros2_ws/install/ros2_controllers_test_nodes:/home/student/ros2_ws/install/opcua_ros_client:/home/student/ros2_ws/install/my_py_pkg:/home/student/ros2_ws/install/my_bot_description:/home/student/ros2_ws/install/modbus_interface:/home/student/ros2_ws/src/install/rqt_joint_trajectory_controller:/home/student/ros2_ws/src/install/ros2_controllers_test_nodes:/home/student/ros2_ws/src/install/opcua_ros_client:/home/student/ros2_ws/src/install/my_py_pkg:/home/student/ros2_ws/src/install/my_bot_description:/home/student/ros2_ws/src/install/modbus_interface:/opt/ros/humble /usr/bin/cmake --install /home/student/ros2_ws/build/hardware_interface
