[1.433s] Invoking command in '/home/student/UR_Robot_ws/build/ur10_control': PYTHONPATH=/home/student/UR_Robot_ws/build/ur10_control/prefix_override:/usr/lib/python3/dist-packages/colcon_core/task/python/colcon_distutils_commands:/home/student/UR_Robot_ws/install/ur10_control/lib/python3.10/site-packages:${PYTHONPATH} /usr/bin/python3 -W ignore:setup.py install is deprecated -W ignore:easy_install command is deprecated setup.py develop --editable --build-directory /home/student/UR_Robot_ws/build/ur10_control/build --no-deps symlink_data --force
[1.794s] running develop
[2.129s] running egg_info
[2.129s] writing ur10_control.egg-info/PKG-INFO
[2.129s] writing dependency_links to ur10_control.egg-info/dependency_links.txt
[2.129s] writing entry points to ur10_control.egg-info/entry_points.txt
[2.130s] writing requirements to ur10_control.egg-info/requires.txt
[2.130s] writing top-level names to ur10_control.egg-info/top_level.txt
[2.132s] reading manifest file 'ur10_control.egg-info/SOURCES.txt'
[2.133s] writing manifest file 'ur10_control.egg-info/SOURCES.txt'
[2.136s] running build_ext
[2.137s] Creating /home/student/UR_Robot_ws/install/ur10_control/lib/python3.10/site-packages/ur10-control.egg-link (link to .)
[2.138s] Installing ur10_commander_IK script to /home/student/UR_Robot_ws/install/ur10_control/lib/ur10_control
[2.138s] Installing ur10_commander_K script to /home/student/UR_Robot_ws/install/ur10_control/lib/ur10_control
[2.139s] 
[2.139s] Installed /home/student/UR_Robot_ws/build/ur10_control
[2.139s] running symlink_data
[2.140s] symbolically linking /home/student/UR_Robot_ws/build/ur10_control/resource/ur10_control -> /home/student/UR_Robot_ws/install/ur10_control/share/ament_index/resource_index/packages
[2.140s] symbolically linking /home/student/UR_Robot_ws/build/ur10_control/package.xml -> /home/student/UR_Robot_ws/install/ur10_control/share/ur10_control
[2.187s] Invoked command in '/home/student/UR_Robot_ws/build/ur10_control' returned '0': PYTHONPATH=/home/student/UR_Robot_ws/build/ur10_control/prefix_override:/usr/lib/python3/dist-packages/colcon_core/task/python/colcon_distutils_commands:/home/student/UR_Robot_ws/install/ur10_control/lib/python3.10/site-packages:${PYTHONPATH} /usr/bin/python3 -W ignore:setup.py install is deprecated -W ignore:easy_install command is deprecated setup.py develop --editable --build-directory /home/student/UR_Robot_ws/build/ur10_control/build --no-deps symlink_data --force
