[2.065s] Invoking command in '/home/student/ros2_ws/src/my_py_pkg': PYTHONPATH=/home/student/ros2_ws/src/build/my_py_pkg/prefix_override:/usr/lib/python3/dist-packages/colcon_core/task/python/colcon_distutils_commands:/home/student/ros2_ws/src/install/my_py_pkg/lib/python3.10/site-packages:${PYTHONPATH} /usr/bin/python3 -W ignore:setup.py install is deprecated -W ignore:easy_install command is deprecated setup.py egg_info --egg-base ../build/my_py_pkg build --build-base /home/student/ros2_ws/src/build/my_py_pkg/build install --record /home/student/ros2_ws/src/build/my_py_pkg/install.log --single-version-externally-managed install_data
[2.614s] running egg_info
[2.615s] writing ../build/my_py_pkg/my_py_pkg.egg-info/PKG-INFO
[2.630s] writing dependency_links to ../build/my_py_pkg/my_py_pkg.egg-info/dependency_links.txt
[2.630s] writing entry points to ../build/my_py_pkg/my_py_pkg.egg-info/entry_points.txt
[2.630s] writing requirements to ../build/my_py_pkg/my_py_pkg.egg-info/requires.txt
[2.631s] writing top-level names to ../build/my_py_pkg/my_py_pkg.egg-info/top_level.txt
[2.635s] reading manifest file '../build/my_py_pkg/my_py_pkg.egg-info/SOURCES.txt'
[2.639s] writing manifest file '../build/my_py_pkg/my_py_pkg.egg-info/SOURCES.txt'
[2.640s] running build
[2.641s] running build_py
[2.644s] running install
[2.644s] running install_lib
[2.654s] running install_data
[2.654s] running install_egg_info
[2.656s] removing '/home/student/ros2_ws/src/install/my_py_pkg/lib/python3.10/site-packages/my_py_pkg-0.0.0-py3.10.egg-info' (and everything under it)
[2.658s] Copying ../build/my_py_pkg/my_py_pkg.egg-info to /home/student/ros2_ws/src/install/my_py_pkg/lib/python3.10/site-packages/my_py_pkg-0.0.0-py3.10.egg-info
[2.662s] running install_scripts
[2.698s] Installing hello_node script to /home/student/ros2_ws/src/install/my_py_pkg/lib/my_py_pkg
[2.712s] writing list of installed files to '/home/student/ros2_ws/src/build/my_py_pkg/install.log'
[2.756s] Invoked command in '/home/student/ros2_ws/src/my_py_pkg' returned '0': PYTHONPATH=/home/student/ros2_ws/src/build/my_py_pkg/prefix_override:/usr/lib/python3/dist-packages/colcon_core/task/python/colcon_distutils_commands:/home/student/ros2_ws/src/install/my_py_pkg/lib/python3.10/site-packages:${PYTHONPATH} /usr/bin/python3 -W ignore:setup.py install is deprecated -W ignore:easy_install command is deprecated setup.py egg_info --egg-base ../build/my_py_pkg build --build-base /home/student/ros2_ws/src/build/my_py_pkg/build install --record /home/student/ros2_ws/src/build/my_py_pkg/install.log --single-version-externally-managed install_data
