[1.430s] Invoking command in '/home/student/UR_Robot_ws/build/mon_package_moveit': PYTHONPATH=/home/student/UR_Robot_ws/build/mon_package_moveit/prefix_override:/usr/lib/python3/dist-packages/colcon_core/task/python/colcon_distutils_commands:/home/student/UR_Robot_ws/install/mon_package_moveit/lib/python3.10/site-packages:${PYTHONPATH} /usr/bin/python3 -W ignore:setup.py install is deprecated -W ignore:easy_install command is deprecated setup.py develop --uninstall --editable --build-directory /home/student/UR_Robot_ws/build/mon_package_moveit/build
[1.855s] running develop
[2.050s] Removing /home/student/UR_Robot_ws/install/mon_package_moveit/lib/python3.10/site-packages/mon-package-moveit.egg-link (link to .)
[2.078s] Invoked command in '/home/student/UR_Robot_ws/build/mon_package_moveit' returned '0': PYTHONPATH=/home/student/UR_Robot_ws/build/mon_package_moveit/prefix_override:/usr/lib/python3/dist-packages/colcon_core/task/python/colcon_distutils_commands:/home/student/UR_Robot_ws/install/mon_package_moveit/lib/python3.10/site-packages:${PYTHONPATH} /usr/bin/python3 -W ignore:setup.py install is deprecated -W ignore:easy_install command is deprecated setup.py develop --uninstall --editable --build-directory /home/student/UR_Robot_ws/build/mon_package_moveit/build
[2.080s] Invoking command in '/home/student/UR_Robot_ws/src/mon_package_moveit': PYTHONPATH=/home/student/UR_Robot_ws/build/mon_package_moveit/prefix_override:/usr/lib/python3/dist-packages/colcon_core/task/python/colcon_distutils_commands:/home/student/UR_Robot_ws/install/mon_package_moveit/lib/python3.10/site-packages:${PYTHONPATH} /usr/bin/python3 -W ignore:setup.py install is deprecated -W ignore:easy_install command is deprecated setup.py egg_info --egg-base ../../build/mon_package_moveit build --build-base /home/student/UR_Robot_ws/build/mon_package_moveit/build install --record /home/student/UR_Robot_ws/build/mon_package_moveit/install.log --single-version-externally-managed install_data --force
[2.358s] running egg_info
[2.359s] writing ../../build/mon_package_moveit/mon_package_moveit.egg-info/PKG-INFO
[2.359s] writing dependency_links to ../../build/mon_package_moveit/mon_package_moveit.egg-info/dependency_links.txt
[2.359s] writing entry points to ../../build/mon_package_moveit/mon_package_moveit.egg-info/entry_points.txt
[2.359s] writing requirements to ../../build/mon_package_moveit/mon_package_moveit.egg-info/requires.txt
[2.359s] writing top-level names to ../../build/mon_package_moveit/mon_package_moveit.egg-info/top_level.txt
[2.361s] reading manifest file '../../build/mon_package_moveit/mon_package_moveit.egg-info/SOURCES.txt'
[2.362s] writing manifest file '../../build/mon_package_moveit/mon_package_moveit.egg-info/SOURCES.txt'
[2.362s] running build
[2.362s] running build_py
[2.362s] creating /home/student/UR_Robot_ws/build/mon_package_moveit/build
[2.362s] creating /home/student/UR_Robot_ws/build/mon_package_moveit/build/lib
[2.362s] creating /home/student/UR_Robot_ws/build/mon_package_moveit/build/lib/mon_package_moveit
[2.362s] copying mon_package_moveit/__init__.py -> /home/student/UR_Robot_ws/build/mon_package_moveit/build/lib/mon_package_moveit
[2.363s] copying mon_package_moveit/go_to_pose.py -> /home/student/UR_Robot_ws/build/mon_package_moveit/build/lib/mon_package_moveit
[2.363s] running install
[2.363s] running install_lib
[2.364s] creating /home/student/UR_Robot_ws/install/mon_package_moveit/lib/python3.10/site-packages/mon_package_moveit
[2.364s] copying /home/student/UR_Robot_ws/build/mon_package_moveit/build/lib/mon_package_moveit/__init__.py -> /home/student/UR_Robot_ws/install/mon_package_moveit/lib/python3.10/site-packages/mon_package_moveit
[2.364s] copying /home/student/UR_Robot_ws/build/mon_package_moveit/build/lib/mon_package_moveit/go_to_pose.py -> /home/student/UR_Robot_ws/install/mon_package_moveit/lib/python3.10/site-packages/mon_package_moveit
[2.364s] byte-compiling /home/student/UR_Robot_ws/install/mon_package_moveit/lib/python3.10/site-packages/mon_package_moveit/__init__.py to __init__.cpython-310.pyc
[2.365s] byte-compiling /home/student/UR_Robot_ws/install/mon_package_moveit/lib/python3.10/site-packages/mon_package_moveit/go_to_pose.py to go_to_pose.cpython-310.pyc
[2.365s] running install_data
[2.365s] copying resource/mon_package_moveit -> /home/student/UR_Robot_ws/install/mon_package_moveit/share/ament_index/resource_index/packages
[2.366s] copying package.xml -> /home/student/UR_Robot_ws/install/mon_package_moveit/share/mon_package_moveit
[2.366s] running install_egg_info
[2.368s] Copying ../../build/mon_package_moveit/mon_package_moveit.egg-info to /home/student/UR_Robot_ws/install/mon_package_moveit/lib/python3.10/site-packages/mon_package_moveit-0.0.0-py3.10.egg-info
[2.369s] running install_scripts
[2.391s] Installing go_to_pose script to /home/student/UR_Robot_ws/install/mon_package_moveit/lib/mon_package_moveit
[2.391s] writing list of installed files to '/home/student/UR_Robot_ws/build/mon_package_moveit/install.log'
[2.437s] Invoked command in '/home/student/UR_Robot_ws/src/mon_package_moveit' returned '0': PYTHONPATH=/home/student/UR_Robot_ws/build/mon_package_moveit/prefix_override:/usr/lib/python3/dist-packages/colcon_core/task/python/colcon_distutils_commands:/home/student/UR_Robot_ws/install/mon_package_moveit/lib/python3.10/site-packages:${PYTHONPATH} /usr/bin/python3 -W ignore:setup.py install is deprecated -W ignore:easy_install command is deprecated setup.py egg_info --egg-base ../../build/mon_package_moveit build --build-base /home/student/UR_Robot_ws/build/mon_package_moveit/build install --record /home/student/UR_Robot_ws/build/mon_package_moveit/install.log --single-version-externally-managed install_data --force
