-- The C compiler identification is GNU 11.4.0
-- The CXX compiler identification is GNU 11.4.0
-- Detecting C compiler ABI info
-- Detecting C compiler ABI info - done
-- Check for working C compiler: /usr/bin/cc - skipped
-- Detecting C compile features
-- Detecting C compile features - done
-- Detecting CXX compiler ABI info
-- Detecting CXX compiler ABI info - done
-- Check for working CXX compiler: /usr/bin/c++ - skipped
-- Detecting CXX compile features
-- Detecting CXX compile features - done
-- Found ament_cmake: 1.3.12 (/opt/ros/humble/share/ament_cmake/cmake)
-- Found Python3: /usr/bin/python3 (found version "3.10.12") found components: Interpreter 
-- Override CMake install command with custom implementation using symlinks instead of copying resources
-- Found angles: 1.15.0 (/opt/ros/humble/share/angles/cmake)
-- Found controller_interface: 2.51.0 (/home/student/ros2_ws/install/controller_interface/share/controller_interface/cmake)
-- Found rosidl_generator_c: 3.1.7 (/opt/ros/humble/share/rosidl_generator_c/cmake)
-- Found rosidl_adapter: 3.1.7 (/opt/ros/humble/share/rosidl_adapter/cmake)
-- Found rosidl_generator_cpp: 3.1.7 (/opt/ros/humble/share/rosidl_generator_cpp/cmake)
-- Using all available rosidl_typesupport_c: rosidl_typesupport_fastrtps_c;rosidl_typesupport_introspection_c
-- Using all available rosidl_typesupport_cpp: rosidl_typesupport_fastrtps_cpp;rosidl_typesupport_introspection_cpp
-- Found rmw_implementation_cmake: 6.1.2 (/opt/ros/humble/share/rmw_implementation_cmake/cmake)
-- Found rmw_fastrtps_cpp: 6.2.8 (/opt/ros/humble/share/rmw_fastrtps_cpp/cmake)
-- Found TinyXML2 via Config file: TinyXML2_DIR-NOTFOUND
-- Found OpenSSL: /usr/lib/x86_64-linux-gnu/libcrypto.so (found version "3.0.2")  
-- Found TinyXML2 via Config file: TinyXML2_DIR-NOTFOUND
-- Found FastRTPS: /opt/ros/humble/include  
-- Found TinyXML2 via Config file: TinyXML2_DIR-NOTFOUND
-- Found TinyXML2 via Config file: TinyXML2_DIR-NOTFOUND
-- Using RMW implementation 'rmw_fastrtps_cpp' as default
-- Looking for pthread.h
-- Looking for pthread.h - found
-- Performing Test CMAKE_HAVE_LIBC_PTHREAD
-- Performing Test CMAKE_HAVE_LIBC_PTHREAD - Success
-- Found Threads: TRUE  
-- Found joint_trajectory_controller: 2.49.1 (/opt/ros/humble/share/joint_trajectory_controller/cmake)
-- Found std_srvs: 4.9.0 (/opt/ros/humble/share/std_srvs/cmake)
-- Found tf2_geometry_msgs: 0.25.16 (/opt/ros/humble/share/tf2_geometry_msgs/cmake)
-- Found eigen3_cmake_module: 0.1.1 (/opt/ros/humble/share/eigen3_cmake_module/cmake)
-- Found Eigen3: TRUE (found version "3.4.0") 
-- Ensuring Eigen3 include directory is part of orocos-kdl CMake target
-- Found ur_dashboard_msgs: 2.8.1 (/home/student/UR_Robot_ws/install/ur_dashboard_msgs/share/ur_dashboard_msgs/cmake)
-- Found ur_msgs: 2.3.0 (/opt/ros/humble/share/ur_msgs/cmake)
-- Found ament_cmake_gmock: 1.3.12 (/opt/ros/humble/share/ament_cmake_gmock/cmake)
-- Found controller_manager: 2.51.0 (/home/student/ros2_ws/install/controller_manager/share/controller_manager/cmake)
-- Found ros2_control_test_assets: 2.51.0 (/home/student/ros2_ws/install/ros2_control_test_assets/share/ros2_control_test_assets/cmake)
-- Found gmock sources under '/opt/ros/humble/src/gmock_vendor': C++ tests using 'Google Mock' will be built
-- Found ament_cmake_gtest: 1.3.12 (/opt/ros/humble/share/ament_cmake_gtest/cmake)
-- Found gtest sources under '/opt/ros/humble/src/gtest_vendor': C++ tests using 'Google Test' will be built
-- Configuring done
[33mCMake Warning at CMakeLists.txt:95 (add_library):
  Cannot generate a safe runtime search path for target ur_controllers
  because there is a cycle in the constraint graph:

    dir 0 is [/opt/ros/humble/lib]
      dir 1 must precede it due to runtime library [libur_dashboard_msgs__rosidl_typesupport_fastrtps_c.so]
      dir 2 must precede it due to runtime library [libfake_components.so]
      dir 3 must precede it due to runtime library [libcontroller_interface.so]
    dir 1 is [/home/student/UR_Robot_ws/install/ur_dashboard_msgs/lib]
    dir 2 is [/home/student/ros2_ws/install/hardware_interface/lib]
      dir 0 must precede it due to runtime library [libfake_components.so]
    dir 3 is [/home/student/ros2_ws/install/controller_interface/lib]
      dir 0 must precede it due to runtime library [libcontroller_interface.so]

  Some of these libraries may not be found correctly.

[0m
[33mCMake Warning at /opt/ros/humble/share/ament_cmake_gmock/cmake/ament_add_gmock.cmake:69 (add_executable):
  Cannot generate a safe runtime search path for target
  test_load_force_mode_controller because there is a cycle in the constraint
  graph:

    dir 0 is [/home/student/UR_Robot_ws/build/ur_controllers]
    dir 1 is [/home/student/ros2_ws/install/controller_manager/lib]
    dir 2 is [/opt/ros/humble/lib]
      dir 0 must precede it due to runtime library [libur_controllers.so]
      dir 1 must precede it due to runtime library [libcontroller_manager.so]
      dir 3 must precede it due to runtime library [libcontroller_interface.so]
      dir 4 must precede it due to runtime library [libcontroller_manager_msgs__rosidl_generator_c.so]
      dir 5 must precede it due to runtime library [libfake_components.so]
      dir 6 must precede it due to runtime library [libur_dashboard_msgs__rosidl_typesupport_fastrtps_c.so]
    dir 3 is [/home/student/ros2_ws/install/controller_interface/lib]
      dir 2 must precede it due to runtime library [libcontroller_interface.so]
    dir 4 is [/home/student/ros2_ws/install/controller_manager_msgs/lib]
    dir 5 is [/home/student/ros2_ws/install/hardware_interface/lib]
      dir 2 must precede it due to runtime library [libfake_components.so]
    dir 6 is [/home/student/UR_Robot_ws/install/ur_dashboard_msgs/lib]

  Some of these libraries may not be found correctly.
Call Stack (most recent call first):
  /opt/ros/humble/share/ament_cmake_gmock/cmake/ament_add_gmock.cmake:52 (_ament_add_gmock)
  CMakeLists.txt:164 (ament_add_gmock)

[0m
[33mCMake Warning at /opt/ros/humble/share/ament_cmake_gmock/cmake/ament_add_gmock.cmake:69 (add_executable):
  Cannot generate a safe runtime search path for target
  test_load_freedrive_mode_controller because there is a cycle in the
  constraint graph:

    dir 0 is [/home/student/UR_Robot_ws/build/ur_controllers]
    dir 1 is [/home/student/ros2_ws/install/controller_manager/lib]
    dir 2 is [/opt/ros/humble/lib]
      dir 0 must precede it due to runtime library [libur_controllers.so]
      dir 1 must precede it due to runtime library [libcontroller_manager.so]
      dir 3 must precede it due to runtime library [libcontroller_interface.so]
      dir 4 must precede it due to runtime library [libcontroller_manager_msgs__rosidl_generator_c.so]
      dir 5 must precede it due to runtime library [libfake_components.so]
      dir 6 must precede it due to runtime library [libur_dashboard_msgs__rosidl_typesupport_fastrtps_c.so]
    dir 3 is [/home/student/ros2_ws/install/controller_interface/lib]
      dir 2 must precede it due to runtime library [libcontroller_interface.so]
    dir 4 is [/home/student/ros2_ws/install/controller_manager_msgs/lib]
    dir 5 is [/home/student/ros2_ws/install/hardware_interface/lib]
      dir 2 must precede it due to runtime library [libfake_components.so]
    dir 6 is [/home/student/UR_Robot_ws/install/ur_dashboard_msgs/lib]

  Some of these libraries may not be found correctly.
Call Stack (most recent call first):
  /opt/ros/humble/share/ament_cmake_gmock/cmake/ament_add_gmock.cmake:52 (_ament_add_gmock)
  CMakeLists.txt:174 (ament_add_gmock)

[0m
-- Generating done
-- Build files have been written to: /home/student/UR_Robot_ws/build/ur_controllers
[  2%] [34m[1mRunning `/opt/ros/humble/bin/generate_parameter_library_cpp /home/student/UR_Robot_ws/build/ur_controllers/include/ur_controllers/freedrive_mode_controller_parameters.hpp /home/student/UR_Robot_ws/src/ur_controllers/src/freedrive_mode_controller_parameters.yaml `[0m
[  5%] [34m[1mRunning `/opt/ros/humble/bin/generate_parameter_library_cpp /home/student/UR_Robot_ws/build/ur_controllers/include/ur_controllers/tool_contact_controller_parameters.hpp /home/student/UR_Robot_ws/src/ur_controllers/src/tool_contact_controller_parameters.yaml `[0m
[  8%] [34m[1mRunning `/opt/ros/humble/bin/generate_parameter_library_cpp /home/student/UR_Robot_ws/build/ur_controllers/include/ur_controllers/speed_scaling_state_broadcaster_parameters.hpp /home/student/UR_Robot_ws/src/ur_controllers/src/speed_scaling_state_broadcaster_parameters.yaml `[0m
[ 11%] [34m[1mRunning `/opt/ros/humble/bin/generate_parameter_library_cpp /home/student/UR_Robot_ws/build/ur_controllers/include/ur_controllers/passthrough_trajectory_controller_parameters.hpp /home/student/UR_Robot_ws/src/ur_controllers/src/passthrough_trajectory_controller_parameters.yaml `[0m
[ 14%] [34m[1mRunning `/opt/ros/humble/bin/generate_parameter_library_cpp /home/student/UR_Robot_ws/build/ur_controllers/include/ur_controllers/scaled_joint_trajectory_controller_parameters.hpp /home/student/UR_Robot_ws/src/ur_controllers/src/scaled_joint_trajectory_controller_parameters.yaml `[0m
[ 17%] [34m[1mRunning `/opt/ros/humble/bin/generate_parameter_library_cpp /home/student/UR_Robot_ws/build/ur_controllers/include/ur_controllers/gpio_controller_parameters.hpp /home/student/UR_Robot_ws/src/ur_controllers/src/gpio_controller_parameters.yaml `[0m
[ 20%] [34m[1mRunning `/opt/ros/humble/bin/generate_parameter_library_cpp /home/student/UR_Robot_ws/build/ur_controllers/include/ur_controllers/force_mode_controller_parameters.hpp /home/student/UR_Robot_ws/src/ur_controllers/src/force_mode_controller_parameters.yaml `[0m
[ 23%] [34m[1mRunning `/opt/ros/humble/bin/generate_parameter_library_cpp /home/student/UR_Robot_ws/build/ur_controllers/include/ur_controllers/ur_configuration_controller_parameters.hpp /home/student/UR_Robot_ws/src/ur_controllers/src/ur_configuration_controller_parameters.yaml `[0m
[ 26%] [34m[1mCreating deprecated header file /home/student/UR_Robot_ws/build/ur_controllers/include/scaled_joint_trajectory_controller_parameters.hpp[0m
[ 29%] [34m[1mCreating deprecated header file /home/student/UR_Robot_ws/build/ur_controllers/include/speed_scaling_state_broadcaster_parameters.hpp[0m
[ 32%] [34m[1mCreating deprecated header file /home/student/UR_Robot_ws/build/ur_controllers/include/tool_contact_controller_parameters.hpp[0m
[ 35%] [34m[1mCreating deprecated header file /home/student/UR_Robot_ws/build/ur_controllers/include/freedrive_mode_controller_parameters.hpp[0m
[ 38%] [34m[1mCreating deprecated header file /home/student/UR_Robot_ws/build/ur_controllers/include/gpio_controller_parameters.hpp[0m
[ 41%] [34m[1mCreating deprecated header file /home/student/UR_Robot_ws/build/ur_controllers/include/ur_configuration_controller_parameters.hpp[0m
[ 41%] Built target scaled_joint_trajectory_controller_parameters
[ 44%] [34m[1mCreating deprecated header file /home/student/UR_Robot_ws/build/ur_controllers/include/force_mode_controller_parameters.hpp[0m
[ 44%] Built target speed_scaling_state_broadcaster_parameters
[ 44%] Built target freedrive_mode_controller_parameters
[ 44%] Built target tool_contact_controller_parameters
[ 47%] Built target gpio_controller_parameters
[ 47%] Built target ur_configuration_controller_parameters
[ 47%] [34m[1mCreating deprecated header file /home/student/UR_Robot_ws/build/ur_controllers/include/passthrough_trajectory_controller_parameters.hpp[0m
[ 47%] Built target force_mode_controller_parameters
[ 50%] [32mBuilding CXX object gmock/CMakeFiles/gmock.dir/src/gmock-all.cc.o[0m
[ 52%] [32mBuilding CXX object gmock/CMakeFiles/gmock_main.dir/src/gmock_main.cc.o[0m
[ 55%] [32mBuilding CXX object gmock/CMakeFiles/gmock.dir/opt/ros/humble/src/gtest_vendor/src/gtest-all.cc.o[0m
[ 55%] Built target passthrough_trajectory_controller_parameters
[ 58%] [32mBuilding CXX object CMakeFiles/ur_controllers.dir/src/speed_scaling_state_broadcaster.cpp.o[0m
[ 64%] [32mBuilding CXX object CMakeFiles/ur_controllers.dir/src/force_mode_controller.cpp.o[0m
[ 64%] [32mBuilding CXX object CMakeFiles/ur_controllers.dir/src/scaled_joint_trajectory_controller.cpp.o[0m
[ 67%] [32mBuilding CXX object CMakeFiles/ur_controllers.dir/src/tool_contact_controller.cpp.o[0m
[ 70%] [32mBuilding CXX object CMakeFiles/ur_controllers.dir/src/freedrive_mode_controller.cpp.o[0m
[ 73%] [32m[1mLinking CXX static library libgmock_main.a[0m
[ 73%] Built target gmock_main
[ 76%] [32mBuilding CXX object CMakeFiles/ur_controllers.dir/src/gpio_controller.cpp.o[0m
[ 79%] [32mBuilding CXX object CMakeFiles/ur_controllers.dir/src/passthrough_trajectory_controller.cpp.o[0m
[ 82%] [32m[1mLinking CXX static library libgmock.a[0m
[ 82%] Built target gmock
[ 85%] [32mBuilding CXX object CMakeFiles/ur_controllers.dir/src/ur_configuration_controller.cpp.o[0m
[ 88%] [32m[1mLinking CXX shared library libur_controllers.so[0m
[ 88%] Built target ur_controllers
[ 94%] [32mBuilding CXX object CMakeFiles/test_load_freedrive_mode_controller.dir/test/test_load_freedrive_mode_controller.cpp.o[0m
[ 94%] [32mBuilding CXX object CMakeFiles/test_load_force_mode_controller.dir/test/test_load_force_mode_controller.cpp.o[0m
[ 97%] [32m[1mLinking CXX executable test_load_force_mode_controller[0m
[100%] [32m[1mLinking CXX executable test_load_freedrive_mode_controller[0m
[100%] Built target test_load_force_mode_controller
[100%] Built target test_load_freedrive_mode_controller
-- Install configuration: ""
-- Execute custom install script
-- Symlinking: /home/student/UR_Robot_ws/install/ur_controllers/include/ur_controllers/force_mode_controller_parameters.hpp
-- Symlinking: /home/student/UR_Robot_ws/install/ur_controllers/include/ur_controllers/freedrive_mode_controller_parameters.hpp
-- Symlinking: /home/student/UR_Robot_ws/install/ur_controllers/include/ur_controllers/gpio_controller_parameters.hpp
-- Symlinking: /home/student/UR_Robot_ws/install/ur_controllers/include/ur_controllers/passthrough_trajectory_controller_parameters.hpp
-- Symlinking: /home/student/UR_Robot_ws/install/ur_controllers/include/ur_controllers/scaled_joint_trajectory_controller_parameters.hpp
-- Symlinking: /home/student/UR_Robot_ws/install/ur_controllers/include/ur_controllers/speed_scaling_state_broadcaster_parameters.hpp
-- Symlinking: /home/student/UR_Robot_ws/install/ur_controllers/include/ur_controllers/tool_contact_controller_parameters.hpp
-- Symlinking: /home/student/UR_Robot_ws/install/ur_controllers/include/ur_controllers/ur_configuration_controller_parameters.hpp
-- Up-to-date symlink: /home/student/UR_Robot_ws/install/ur_controllers/include/ur_controllers/force_mode_controller_parameters.hpp
-- Up-to-date symlink: /home/student/UR_Robot_ws/install/ur_controllers/include/ur_controllers/freedrive_mode_controller_parameters.hpp
-- Up-to-date symlink: /home/student/UR_Robot_ws/install/ur_controllers/include/ur_controllers/gpio_controller_parameters.hpp
-- Up-to-date symlink: /home/student/UR_Robot_ws/install/ur_controllers/include/ur_controllers/passthrough_trajectory_controller_parameters.hpp
-- Up-to-date symlink: /home/student/UR_Robot_ws/install/ur_controllers/include/ur_controllers/scaled_joint_trajectory_controller_parameters.hpp
-- Up-to-date symlink: /home/student/UR_Robot_ws/install/ur_controllers/include/ur_controllers/speed_scaling_state_broadcaster_parameters.hpp
-- Up-to-date symlink: /home/student/UR_Robot_ws/install/ur_controllers/include/ur_controllers/tool_contact_controller_parameters.hpp
-- Up-to-date symlink: /home/student/UR_Robot_ws/install/ur_controllers/include/ur_controllers/ur_configuration_controller_parameters.hpp
-- Up-to-date symlink: /home/student/UR_Robot_ws/install/ur_controllers/include/ur_controllers/force_mode_controller_parameters.hpp
-- Up-to-date symlink: /home/student/UR_Robot_ws/install/ur_controllers/include/ur_controllers/freedrive_mode_controller_parameters.hpp
-- Up-to-date symlink: /home/student/UR_Robot_ws/install/ur_controllers/include/ur_controllers/gpio_controller_parameters.hpp
-- Up-to-date symlink: /home/student/UR_Robot_ws/install/ur_controllers/include/ur_controllers/passthrough_trajectory_controller_parameters.hpp
-- Up-to-date symlink: /home/student/UR_Robot_ws/install/ur_controllers/include/ur_controllers/scaled_joint_trajectory_controller_parameters.hpp
-- Up-to-date symlink: /home/student/UR_Robot_ws/install/ur_controllers/include/ur_controllers/speed_scaling_state_broadcaster_parameters.hpp
-- Up-to-date symlink: /home/student/UR_Robot_ws/install/ur_controllers/include/ur_controllers/tool_contact_controller_parameters.hpp
-- Up-to-date symlink: /home/student/UR_Robot_ws/install/ur_controllers/include/ur_controllers/ur_configuration_controller_parameters.hpp
-- Up-to-date symlink: /home/student/UR_Robot_ws/install/ur_controllers/include/ur_controllers/force_mode_controller_parameters.hpp
-- Up-to-date symlink: /home/student/UR_Robot_ws/install/ur_controllers/include/ur_controllers/freedrive_mode_controller_parameters.hpp
-- Up-to-date symlink: /home/student/UR_Robot_ws/install/ur_controllers/include/ur_controllers/gpio_controller_parameters.hpp
-- Up-to-date symlink: /home/student/UR_Robot_ws/install/ur_controllers/include/ur_controllers/passthrough_trajectory_controller_parameters.hpp
-- Up-to-date symlink: /home/student/UR_Robot_ws/install/ur_controllers/include/ur_controllers/scaled_joint_trajectory_controller_parameters.hpp
-- Up-to-date symlink: /home/student/UR_Robot_ws/install/ur_controllers/include/ur_controllers/speed_scaling_state_broadcaster_parameters.hpp
-- Up-to-date symlink: /home/student/UR_Robot_ws/install/ur_controllers/include/ur_controllers/tool_contact_controller_parameters.hpp
-- Up-to-date symlink: /home/student/UR_Robot_ws/install/ur_controllers/include/ur_controllers/ur_configuration_controller_parameters.hpp
-- Up-to-date symlink: /home/student/UR_Robot_ws/install/ur_controllers/include/ur_controllers/force_mode_controller_parameters.hpp
-- Up-to-date symlink: /home/student/UR_Robot_ws/install/ur_controllers/include/ur_controllers/freedrive_mode_controller_parameters.hpp
-- Up-to-date symlink: /home/student/UR_Robot_ws/install/ur_controllers/include/ur_controllers/gpio_controller_parameters.hpp
-- Up-to-date symlink: /home/student/UR_Robot_ws/install/ur_controllers/include/ur_controllers/passthrough_trajectory_controller_parameters.hpp
-- Up-to-date symlink: /home/student/UR_Robot_ws/install/ur_controllers/include/ur_controllers/scaled_joint_trajectory_controller_parameters.hpp
-- Up-to-date symlink: /home/student/UR_Robot_ws/install/ur_controllers/include/ur_controllers/speed_scaling_state_broadcaster_parameters.hpp
-- Up-to-date symlink: /home/student/UR_Robot_ws/install/ur_controllers/include/ur_controllers/tool_contact_controller_parameters.hpp
-- Up-to-date symlink: /home/student/UR_Robot_ws/install/ur_controllers/include/ur_controllers/ur_configuration_controller_parameters.hpp
-- Up-to-date symlink: /home/student/UR_Robot_ws/install/ur_controllers/include/ur_controllers/force_mode_controller_parameters.hpp
-- Up-to-date symlink: /home/student/UR_Robot_ws/install/ur_controllers/include/ur_controllers/freedrive_mode_controller_parameters.hpp
-- Up-to-date symlink: /home/student/UR_Robot_ws/install/ur_controllers/include/ur_controllers/gpio_controller_parameters.hpp
-- Up-to-date symlink: /home/student/UR_Robot_ws/install/ur_controllers/include/ur_controllers/passthrough_trajectory_controller_parameters.hpp
-- Up-to-date symlink: /home/student/UR_Robot_ws/install/ur_controllers/include/ur_controllers/scaled_joint_trajectory_controller_parameters.hpp
-- Up-to-date symlink: /home/student/UR_Robot_ws/install/ur_controllers/include/ur_controllers/speed_scaling_state_broadcaster_parameters.hpp
-- Up-to-date symlink: /home/student/UR_Robot_ws/install/ur_controllers/include/ur_controllers/tool_contact_controller_parameters.hpp
-- Up-to-date symlink: /home/student/UR_Robot_ws/install/ur_controllers/include/ur_controllers/ur_configuration_controller_parameters.hpp
-- Up-to-date symlink: /home/student/UR_Robot_ws/install/ur_controllers/include/ur_controllers/force_mode_controller_parameters.hpp
-- Up-to-date symlink: /home/student/UR_Robot_ws/install/ur_controllers/include/ur_controllers/freedrive_mode_controller_parameters.hpp
-- Up-to-date symlink: /home/student/UR_Robot_ws/install/ur_controllers/include/ur_controllers/gpio_controller_parameters.hpp
-- Up-to-date symlink: /home/student/UR_Robot_ws/install/ur_controllers/include/ur_controllers/passthrough_trajectory_controller_parameters.hpp
-- Up-to-date symlink: /home/student/UR_Robot_ws/install/ur_controllers/include/ur_controllers/scaled_joint_trajectory_controller_parameters.hpp
-- Up-to-date symlink: /home/student/UR_Robot_ws/install/ur_controllers/include/ur_controllers/speed_scaling_state_broadcaster_parameters.hpp
-- Up-to-date symlink: /home/student/UR_Robot_ws/install/ur_controllers/include/ur_controllers/tool_contact_controller_parameters.hpp
-- Up-to-date symlink: /home/student/UR_Robot_ws/install/ur_controllers/include/ur_controllers/ur_configuration_controller_parameters.hpp
-- Up-to-date symlink: /home/student/UR_Robot_ws/install/ur_controllers/include/ur_controllers/force_mode_controller_parameters.hpp
-- Up-to-date symlink: /home/student/UR_Robot_ws/install/ur_controllers/include/ur_controllers/freedrive_mode_controller_parameters.hpp
-- Up-to-date symlink: /home/student/UR_Robot_ws/install/ur_controllers/include/ur_controllers/gpio_controller_parameters.hpp
-- Up-to-date symlink: /home/student/UR_Robot_ws/install/ur_controllers/include/ur_controllers/passthrough_trajectory_controller_parameters.hpp
-- Up-to-date symlink: /home/student/UR_Robot_ws/install/ur_controllers/include/ur_controllers/scaled_joint_trajectory_controller_parameters.hpp
-- Up-to-date symlink: /home/student/UR_Robot_ws/install/ur_controllers/include/ur_controllers/speed_scaling_state_broadcaster_parameters.hpp
-- Up-to-date symlink: /home/student/UR_Robot_ws/install/ur_controllers/include/ur_controllers/tool_contact_controller_parameters.hpp
-- Up-to-date symlink: /home/student/UR_Robot_ws/install/ur_controllers/include/ur_controllers/ur_configuration_controller_parameters.hpp
-- Symlinking: /home/student/UR_Robot_ws/install/ur_controllers/share/ur_controllers//controller_plugins.xml
-- Symlinking: /home/student/UR_Robot_ws/install/ur_controllers/lib/libur_controllers.so
-- Symlinking: /home/student/UR_Robot_ws/install/ur_controllers/include/ur_controllers/force_mode_controller.hpp
-- Symlinking: /home/student/UR_Robot_ws/install/ur_controllers/include/ur_controllers/freedrive_mode_controller.hpp
-- Symlinking: /home/student/UR_Robot_ws/install/ur_controllers/include/ur_controllers/gpio_controller.hpp
-- Symlinking: /home/student/UR_Robot_ws/install/ur_controllers/include/ur_controllers/passthrough_trajectory_controller.hpp
-- Symlinking: /home/student/UR_Robot_ws/install/ur_controllers/include/ur_controllers/scaled_joint_trajectory_controller.hpp
-- Symlinking: /home/student/UR_Robot_ws/install/ur_controllers/include/ur_controllers/speed_scaling_state_broadcaster.hpp
-- Symlinking: /home/student/UR_Robot_ws/install/ur_controllers/include/ur_controllers/tool_contact_controller.hpp
-- Symlinking: /home/student/UR_Robot_ws/install/ur_controllers/include/ur_controllers/ur_configuration_controller.hpp
-- Up-to-date symlink: /home/student/UR_Robot_ws/install/ur_controllers/share/ur_controllers/controller_plugins.xml
-- Symlinking: /home/student/UR_Robot_ws/install/ur_controllers/share/ur_controllers/environment/library_path.sh
-- Symlinking: /home/student/UR_Robot_ws/install/ur_controllers/share/ur_controllers/environment/library_path.dsv
-- Symlinking: /home/student/UR_Robot_ws/install/ur_controllers/share/ament_index/resource_index/package_run_dependencies/ur_controllers
-- Symlinking: /home/student/UR_Robot_ws/install/ur_controllers/share/ament_index/resource_index/parent_prefix_path/ur_controllers
-- Symlinking: /home/student/UR_Robot_ws/install/ur_controllers/share/ur_controllers/environment/ament_prefix_path.sh
-- Symlinking: /home/student/UR_Robot_ws/install/ur_controllers/share/ur_controllers/environment/ament_prefix_path.dsv
-- Symlinking: /home/student/UR_Robot_ws/install/ur_controllers/share/ur_controllers/environment/path.sh
-- Symlinking: /home/student/UR_Robot_ws/install/ur_controllers/share/ur_controllers/environment/path.dsv
-- Symlinking: /home/student/UR_Robot_ws/install/ur_controllers/share/ur_controllers/local_setup.bash
-- Symlinking: /home/student/UR_Robot_ws/install/ur_controllers/share/ur_controllers/local_setup.sh
-- Symlinking: /home/student/UR_Robot_ws/install/ur_controllers/share/ur_controllers/local_setup.zsh
-- Symlinking: /home/student/UR_Robot_ws/install/ur_controllers/share/ur_controllers/local_setup.dsv
-- Symlinking: /home/student/UR_Robot_ws/install/ur_controllers/share/ur_controllers/package.dsv
-- Symlinking: /home/student/UR_Robot_ws/install/ur_controllers/share/ament_index/resource_index/packages/ur_controllers
-- Symlinking: /home/student/UR_Robot_ws/install/ur_controllers/share/ament_index/resource_index/controller_interface__pluginlib__plugin/ur_controllers
-- Symlinking: /home/student/UR_Robot_ws/install/ur_controllers/share/ur_controllers/cmake/ament_cmake_export_dependencies-extras.cmake
-- Symlinking: /home/student/UR_Robot_ws/install/ur_controllers/share/ur_controllers/cmake/ament_cmake_export_include_directories-extras.cmake
-- Symlinking: /home/student/UR_Robot_ws/install/ur_controllers/share/ur_controllers/cmake/ament_cmake_export_libraries-extras.cmake
-- Symlinking: /home/student/UR_Robot_ws/install/ur_controllers/share/ur_controllers/cmake/ur_controllersConfig.cmake
-- Symlinking: /home/student/UR_Robot_ws/install/ur_controllers/share/ur_controllers/cmake/ur_controllersConfig-version.cmake
-- Symlinking: /home/student/UR_Robot_ws/install/ur_controllers/share/ur_controllers/package.xml
