[0.024s] Invoking command in '/home/student/UR_Robot_ws/build/ur_controllers': CMAKE_PREFIX_PATH=/home/student/UR_Robot_ws/install/ur_dashboard_msgs:/home/student/ros2_ws/install/ur_description:/home/student/ros2_ws/install/transmission_interface:/home/student/ros2_ws/install/hardware_interface_testing:/home/student/ros2_ws/install/controller_manager:/home/student/ros2_ws/install/ros2_control_test_assets:/home/student/ros2_ws/install/ros2_control_cmake:/home/student/ros2_ws/install/joint_limits:/home/student/ros2_ws/install/controller_interface:/home/student/ros2_ws/install/hardware_interface:/home/student/ros2_ws/install/controller_manager_msgs:/home/student/ros2_ws/src/Universal_Robots_ROS2_Description/install/ur_description:/home/student/UR_Robot_ws/install/ur:/home/student/UR_Robot_ws/install/ur_calibration:/home/student/UR_Robot_ws/install/ur_robot_driver:/home/student/UR_Robot_ws/install/ur_moveit_config:/home/student/UR_Robot_ws/install/ur_bringup:/home/student/UR_Robot_ws/install/ur_description:/home/student/UR_Robot_ws/install/ur_controllers:/home/student/ws_moveit2/install/pilz_industrial_motion_planner_testutils:/home/student/ws_moveit2/install/moveit_runtime:/home/student/ws_moveit2/install/moveit2_tutorials:/home/student/ws_moveit2/install/moveit:/home/student/ws_moveit2/install/moveit_planners:/home/student/ws_moveit2/install/pilz_industrial_motion_planner:/home/student/ws_moveit2/install/moveit_visual_tools:/home/student/ws_moveit2/install/moveit_task_constructor_visualization:/home/student/ws_moveit2/install/moveit_task_constructor_demo:/home/student/ws_moveit2/install/moveit_task_constructor_capabilities:/home/student/ws_moveit2/install/moveit_task_constructor_core:/home/student/ws_moveit2/install/moveit_ros_control_interface:/home/student/ws_moveit2/install/moveit_plugins:/home/student/ws_moveit2/install/moveit_simple_controller_manager:/home/student/ws_moveit2/install/moveit_setup_assistant:/home/student/ws_moveit2/install/moveit_setup_srdf_plugins:/home/student/ws_moveit2/install/moveit_setup_core_plugins:/home/student/ws_moveit2/install/moveit_setup_controllers:/home/student/ws_moveit2/install/moveit_setup_app_plugins:/home/student/ws_moveit2/install/moveit_setup_framework:/home/student/ws_moveit2/install/moveit_servo:/home/student/ws_moveit2/install/moveit_ros:/home/student/ws_moveit2/install/moveit_ros_visualization:/home/student/ws_moveit2/install/moveit_hybrid_planning:/home/student/ws_moveit2/install/moveit_ros_planning_interface:/home/student/ws_moveit2/install/moveit_ros_benchmarks:/home/student/ws_moveit2/install/moveit_ros_warehouse:/home/student/ws_moveit2/install/moveit_ros_robot_interaction:/home/student/ws_moveit2/install/moveit_ros_perception:/home/student/ws_moveit2/install/moveit_resources_prbt_pg70_support:/home/student/ws_moveit2/install/moveit_resources_prbt_moveit_config:/home/student/ws_moveit2/install/moveit_ros_move_group:/home/student/ws_moveit2/install/moveit_planners_ompl:/home/student/ws_moveit2/install/moveit_ros_planning:/home/student/ws_moveit2/install/moveit_ros_occupancy_map_monitor:/home/student/ws_moveit2/install/moveit_resources_prbt_ikfast_manipulator_plugin:/home/student/ws_moveit2/install/moveit_planners_chomp:/home/student/ws_moveit2/install/moveit_kinematics:/home/student/ws_moveit2/install/moveit_chomp_optimizer_adapter:/home/student/ws_moveit2/install/chomp_motion_planner:/home/student/ws_moveit2/install/moveit_core:/home/student/ws_moveit2/install/srdfdom:/home/student/ws_moveit2/install/rviz_marker_tools:/home/student/ws_moveit2/install/rosparam_shortcuts:/home/student/ws_moveit2/install/moveit_task_constructor_msgs:/home/student/ws_moveit2/install/moveit_resources_prbt_support:/home/student/ws_moveit2/install/moveit_resources:/home/student/ws_moveit2/install/moveit_resources_pr2_description:/home/student/ws_moveit2/install/moveit_resources_panda_moveit_config:/home/student/ws_moveit2/install/moveit_resources_panda_description:/home/student/ws_moveit2/install/moveit_resources_fanuc_moveit_config:/home/student/ws_moveit2/install/moveit_resources_fanuc_description:/home/student/ws_moveit2/install/moveit_common:/home/student/ros2_ws/install/rqt_joint_trajectory_controller:/home/student/ros2_ws/install/ros2_controllers_test_nodes:/home/student/ros2_ws/install/opcua_ros_client:/home/student/ros2_ws/install/my_py_pkg:/home/student/ros2_ws/install/my_bot_description:/home/student/ros2_ws/install/modbus_interface:/home/student/UR_Robot_ws/install/ur_moveit_scripts_py:/home/student/UR_Robot_ws/install/ur_moveit_scripts:/home/student/UR_Robot_ws/install/ur10_moveit_control:/home/student/UR_Robot_ws/install/ur10_control_ik:/home/student/UR_Robot_ws/install/ur10_control:/home/student/UR_Robot_ws/install/mon_package_moveit:/home/student/ws_moveit2/install/moveit_configs_utils:/home/student/ws_moveit2/install/launch_param_builder:/opt/ros/humble LD_LIBRARY_PATH=/home/student/UR_Robot_ws/install/ur_dashboard_msgs/lib:/home/student/ros2_ws/install/transmission_interface/lib:/home/student/ros2_ws/install/hardware_interface_testing/lib:/home/student/ros2_ws/install/controller_manager/lib:/home/student/ros2_ws/install/joint_limits/lib:/home/student/ros2_ws/install/controller_interface/lib:/home/student/ros2_ws/install/hardware_interface/lib:/home/student/ros2_ws/install/controller_manager_msgs/lib:/home/student/UR_Robot_ws/install/ur_robot_driver/lib:/home/student/UR_Robot_ws/install/ur_controllers/lib:/home/student/ws_moveit2/install/pilz_industrial_motion_planner_testutils/lib:/home/student/ws_moveit2/install/pilz_industrial_motion_planner/lib:/home/student/ws_moveit2/install/moveit_visual_tools/lib:/home/student/ws_moveit2/install/moveit_task_constructor_visualization/lib:/home/student/ws_moveit2/install/moveit_task_constructor_demo/lib:/home/student/ws_moveit2/install/moveit_task_constructor_capabilities/lib:/home/student/ws_moveit2/install/moveit_task_constructor_core/lib:/home/student/ws_moveit2/install/moveit_ros_control_interface/lib:/home/student/ws_moveit2/install/moveit_simple_controller_manager/lib:/home/student/ws_moveit2/install/moveit_setup_assistant/lib:/home/student/ws_moveit2/install/moveit_setup_srdf_plugins/lib:/home/student/ws_moveit2/install/moveit_setup_core_plugins/lib:/home/student/ws_moveit2/install/moveit_setup_controllers/lib:/home/student/ws_moveit2/install/moveit_setup_app_plugins/lib:/home/student/ws_moveit2/install/moveit_setup_framework/lib:/home/student/ws_moveit2/install/moveit_servo/lib:/home/student/ws_moveit2/install/moveit_ros_visualization/lib:/home/student/ws_moveit2/install/moveit_hybrid_planning/lib:/home/student/ws_moveit2/install/moveit_ros_planning_interface/lib:/home/student/ws_moveit2/install/moveit_ros_benchmarks/lib:/home/student/ws_moveit2/install/moveit_ros_warehouse/lib:/home/student/ws_moveit2/install/moveit_ros_robot_interaction/lib:/home/student/ws_moveit2/install/moveit_ros_perception/lib:/home/student/ws_moveit2/install/moveit_ros_move_group/lib:/home/student/ws_moveit2/install/moveit_planners_ompl/lib:/home/student/ws_moveit2/install/moveit_ros_planning/lib:/home/student/ws_moveit2/install/moveit_ros_occupancy_map_monitor/lib:/home/student/ws_moveit2/install/moveit_resources_prbt_ikfast_manipulator_plugin/lib:/home/student/ws_moveit2/install/moveit_planners_chomp/lib:/home/student/ws_moveit2/install/moveit_kinematics/lib:/home/student/ws_moveit2/install/moveit_chomp_optimizer_adapter/lib:/home/student/ws_moveit2/install/chomp_motion_planner/lib:/home/student/ws_moveit2/install/moveit_core/lib:/home/student/ws_moveit2/install/srdfdom/lib:/home/student/ws_moveit2/install/rviz_marker_tools/lib:/home/student/ws_moveit2/install/rosparam_shortcuts/lib:/home/student/ws_moveit2/install/moveit_task_constructor_msgs/lib:/usr/lib/x86_64-linux-gnu/gazebo-11/plugins:/opt/ros/humble/opt/rviz_ogre_vendor/lib:/opt/ros/humble/lib/x86_64-linux-gnu:/opt/ros/humble/lib /usr/bin/cmake /home/student/UR_Robot_ws/src/ur_controllers -DAMENT_CMAKE_SYMLINK_INSTALL=1 -DCMAKE_INSTALL_PREFIX=/home/student/UR_Robot_ws/install/ur_controllers
[0.104s] -- The C compiler identification is GNU 11.4.0
[0.167s] -- The CXX compiler identification is GNU 11.4.0
[0.175s] -- Detecting C compiler ABI info
[0.263s] -- Detecting C compiler ABI info - done
[0.270s] -- Check for working C compiler: /usr/bin/cc - skipped
[0.270s] -- Detecting C compile features
[0.270s] -- Detecting C compile features - done
[0.273s] -- Detecting CXX compiler ABI info
[0.373s] -- Detecting CXX compiler ABI info - done
[0.383s] -- Check for working CXX compiler: /usr/bin/c++ - skipped
[0.383s] -- Detecting CXX compile features
[0.384s] -- Detecting CXX compile features - done
[0.397s] -- Found ament_cmake: 1.3.12 (/opt/ros/humble/share/ament_cmake/cmake)
[0.600s] -- Found Python3: /usr/bin/python3 (found version "3.10.12") found components: Interpreter 
[0.668s] -- Override CMake install command with custom implementation using symlinks instead of copying resources
[0.816s] -- Found angles: 1.15.0 (/opt/ros/humble/share/angles/cmake)
[0.825s] -- Found controller_interface: 2.51.0 (/home/student/ros2_ws/install/controller_interface/share/controller_interface/cmake)
[0.964s] -- Found rosidl_generator_c: 3.1.7 (/opt/ros/humble/share/rosidl_generator_c/cmake)
[0.984s] -- Found rosidl_adapter: 3.1.7 (/opt/ros/humble/share/rosidl_adapter/cmake)
[1.008s] -- Found rosidl_generator_cpp: 3.1.7 (/opt/ros/humble/share/rosidl_generator_cpp/cmake)
[1.047s] -- Using all available rosidl_typesupport_c: rosidl_typesupport_fastrtps_c;rosidl_typesupport_introspection_c
[1.101s] -- Using all available rosidl_typesupport_cpp: rosidl_typesupport_fastrtps_cpp;rosidl_typesupport_introspection_cpp
[1.550s] -- Found rmw_implementation_cmake: 6.1.2 (/opt/ros/humble/share/rmw_implementation_cmake/cmake)
[1.571s] -- Found rmw_fastrtps_cpp: 6.2.8 (/opt/ros/humble/share/rmw_fastrtps_cpp/cmake)
[1.645s] -- Found TinyXML2 via Config file: TinyXML2_DIR-NOTFOUND
[1.738s] -- Found OpenSSL: /usr/lib/x86_64-linux-gnu/libcrypto.so (found version "3.0.2")  
[1.742s] -- Found TinyXML2 via Config file: TinyXML2_DIR-NOTFOUND
[1.761s] -- Found FastRTPS: /opt/ros/humble/include  
[1.766s] -- Found TinyXML2 via Config file: TinyXML2_DIR-NOTFOUND
[1.775s] -- Found TinyXML2 via Config file: TinyXML2_DIR-NOTFOUND
[1.798s] -- Using RMW implementation 'rmw_fastrtps_cpp' as default
[1.832s] -- Looking for pthread.h
[1.926s] -- Looking for pthread.h - found
[1.926s] -- Performing Test CMAKE_HAVE_LIBC_PTHREAD
[2.020s] -- Performing Test CMAKE_HAVE_LIBC_PTHREAD - Success
[2.021s] -- Found Threads: TRUE  
[2.139s] -- Found joint_trajectory_controller: 2.49.1 (/opt/ros/humble/share/joint_trajectory_controller/cmake)
[2.358s] -- Found std_srvs: 4.9.0 (/opt/ros/humble/share/std_srvs/cmake)
[2.386s] -- Found tf2_geometry_msgs: 0.25.16 (/opt/ros/humble/share/tf2_geometry_msgs/cmake)
[2.426s] -- Found eigen3_cmake_module: 0.1.1 (/opt/ros/humble/share/eigen3_cmake_module/cmake)
[2.428s] -- Found Eigen3: TRUE (found version "3.4.0") 
[2.428s] -- Ensuring Eigen3 include directory is part of orocos-kdl CMake target
[2.536s] -- Found ur_dashboard_msgs: 2.8.1 (/home/student/UR_Robot_ws/install/ur_dashboard_msgs/share/ur_dashboard_msgs/cmake)
[2.562s] -- Found ur_msgs: 2.3.0 (/opt/ros/humble/share/ur_msgs/cmake)
[2.736s] -- Found ament_cmake_gmock: 1.3.12 (/opt/ros/humble/share/ament_cmake_gmock/cmake)
[2.744s] -- Found controller_manager: 2.51.0 (/home/student/ros2_ws/install/controller_manager/share/controller_manager/cmake)
[2.775s] -- Found ros2_control_test_assets: 2.51.0 (/home/student/ros2_ws/install/ros2_control_test_assets/share/ros2_control_test_assets/cmake)
[2.785s] -- Found gmock sources under '/opt/ros/humble/src/gmock_vendor': C++ tests using 'Google Mock' will be built
[2.808s] -- Found ament_cmake_gtest: 1.3.12 (/opt/ros/humble/share/ament_cmake_gtest/cmake)
[2.809s] -- Found gtest sources under '/opt/ros/humble/src/gtest_vendor': C++ tests using 'Google Test' will be built
[2.983s] -- Configuring done
[3.039s] [33mCMake Warning at CMakeLists.txt:95 (add_library):
[3.039s]   Cannot generate a safe runtime search path for target ur_controllers
[3.039s]   because there is a cycle in the constraint graph:
[3.039s] 
[3.039s]     dir 0 is [/opt/ros/humble/lib]
[3.039s]       dir 1 must precede it due to runtime library [libur_dashboard_msgs__rosidl_typesupport_fastrtps_c.so]
[3.039s]       dir 2 must precede it due to runtime library [libfake_components.so]
[3.039s]       dir 3 must precede it due to runtime library [libcontroller_interface.so]
[3.039s]     dir 1 is [/home/student/UR_Robot_ws/install/ur_dashboard_msgs/lib]
[3.039s]     dir 2 is [/home/student/ros2_ws/install/hardware_interface/lib]
[3.039s]       dir 0 must precede it due to runtime library [libfake_components.so]
[3.039s]     dir 3 is [/home/student/ros2_ws/install/controller_interface/lib]
[3.039s]       dir 0 must precede it due to runtime library [libcontroller_interface.so]
[3.040s] 
[3.040s]   Some of these libraries may not be found correctly.
[3.040s] 
[3.040s] [0m
[3.077s] [33mCMake Warning at /opt/ros/humble/share/ament_cmake_gmock/cmake/ament_add_gmock.cmake:69 (add_executable):
[3.077s]   Cannot generate a safe runtime search path for target
[3.077s]   test_load_force_mode_controller because there is a cycle in the constraint
[3.077s]   graph:
[3.077s] 
[3.077s]     dir 0 is [/home/student/UR_Robot_ws/build/ur_controllers]
[3.077s]     dir 1 is [/home/student/ros2_ws/install/controller_manager/lib]
[3.077s]     dir 2 is [/opt/ros/humble/lib]
[3.077s]       dir 0 must precede it due to runtime library [libur_controllers.so]
[3.077s]       dir 1 must precede it due to runtime library [libcontroller_manager.so]
[3.077s]       dir 3 must precede it due to runtime library [libcontroller_interface.so]
[3.078s]       dir 4 must precede it due to runtime library [libcontroller_manager_msgs__rosidl_generator_c.so]
[3.078s]       dir 5 must precede it due to runtime library [libfake_components.so]
[3.078s]       dir 6 must precede it due to runtime library [libur_dashboard_msgs__rosidl_typesupport_fastrtps_c.so]
[3.078s]     dir 3 is [/home/student/ros2_ws/install/controller_interface/lib]
[3.078s]       dir 2 must precede it due to runtime library [libcontroller_interface.so]
[3.078s]     dir 4 is [/home/student/ros2_ws/install/controller_manager_msgs/lib]
[3.078s]     dir 5 is [/home/student/ros2_ws/install/hardware_interface/lib]
[3.078s]       dir 2 must precede it due to runtime library [libfake_components.so]
[3.078s]     dir 6 is [/home/student/UR_Robot_ws/install/ur_dashboard_msgs/lib]
[3.078s] 
[3.078s]   Some of these libraries may not be found correctly.
[3.078s] Call Stack (most recent call first):
[3.078s]   /opt/ros/humble/share/ament_cmake_gmock/cmake/ament_add_gmock.cmake:52 (_ament_add_gmock)
[3.078s]   CMakeLists.txt:164 (ament_add_gmock)
[3.078s] 
[3.078s] [0m
[3.110s] [33mCMake Warning at /opt/ros/humble/share/ament_cmake_gmock/cmake/ament_add_gmock.cmake:69 (add_executable):
[3.110s]   Cannot generate a safe runtime search path for target
[3.110s]   test_load_freedrive_mode_controller because there is a cycle in the
[3.110s]   constraint graph:
[3.110s] 
[3.110s]     dir 0 is [/home/student/UR_Robot_ws/build/ur_controllers]
[3.110s]     dir 1 is [/home/student/ros2_ws/install/controller_manager/lib]
[3.110s]     dir 2 is [/opt/ros/humble/lib]
[3.110s]       dir 0 must precede it due to runtime library [libur_controllers.so]
[3.110s]       dir 1 must precede it due to runtime library [libcontroller_manager.so]
[3.110s]       dir 3 must precede it due to runtime library [libcontroller_interface.so]
[3.110s]       dir 4 must precede it due to runtime library [libcontroller_manager_msgs__rosidl_generator_c.so]
[3.110s]       dir 5 must precede it due to runtime library [libfake_components.so]
[3.110s]       dir 6 must precede it due to runtime library [libur_dashboard_msgs__rosidl_typesupport_fastrtps_c.so]
[3.110s]     dir 3 is [/home/student/ros2_ws/install/controller_interface/lib]
[3.110s]       dir 2 must precede it due to runtime library [libcontroller_interface.so]
[3.111s]     dir 4 is [/home/student/ros2_ws/install/controller_manager_msgs/lib]
[3.111s]     dir 5 is [/home/student/ros2_ws/install/hardware_interface/lib]
[3.111s]       dir 2 must precede it due to runtime library [libfake_components.so]
[3.111s]     dir 6 is [/home/student/UR_Robot_ws/install/ur_dashboard_msgs/lib]
[3.111s] 
[3.111s]   Some of these libraries may not be found correctly.
[3.111s] Call Stack (most recent call first):
[3.111s]   /opt/ros/humble/share/ament_cmake_gmock/cmake/ament_add_gmock.cmake:52 (_ament_add_gmock)
[3.111s]   CMakeLists.txt:174 (ament_add_gmock)
[3.111s] 
[3.111s] [0m
[3.116s] -- Generating done
[3.131s] -- Build files have been written to: /home/student/UR_Robot_ws/build/ur_controllers
[3.145s] Invoked command in '/home/student/UR_Robot_ws/build/ur_controllers' returned '0': CMAKE_PREFIX_PATH=/home/student/UR_Robot_ws/install/ur_dashboard_msgs:/home/student/ros2_ws/install/ur_description:/home/student/ros2_ws/install/transmission_interface:/home/student/ros2_ws/install/hardware_interface_testing:/home/student/ros2_ws/install/controller_manager:/home/student/ros2_ws/install/ros2_control_test_assets:/home/student/ros2_ws/install/ros2_control_cmake:/home/student/ros2_ws/install/joint_limits:/home/student/ros2_ws/install/controller_interface:/home/student/ros2_ws/install/hardware_interface:/home/student/ros2_ws/install/controller_manager_msgs:/home/student/ros2_ws/src/Universal_Robots_ROS2_Description/install/ur_description:/home/student/UR_Robot_ws/install/ur:/home/student/UR_Robot_ws/install/ur_calibration:/home/student/UR_Robot_ws/install/ur_robot_driver:/home/student/UR_Robot_ws/install/ur_moveit_config:/home/student/UR_Robot_ws/install/ur_bringup:/home/student/UR_Robot_ws/install/ur_description:/home/student/UR_Robot_ws/install/ur_controllers:/home/student/ws_moveit2/install/pilz_industrial_motion_planner_testutils:/home/student/ws_moveit2/install/moveit_runtime:/home/student/ws_moveit2/install/moveit2_tutorials:/home/student/ws_moveit2/install/moveit:/home/student/ws_moveit2/install/moveit_planners:/home/student/ws_moveit2/install/pilz_industrial_motion_planner:/home/student/ws_moveit2/install/moveit_visual_tools:/home/student/ws_moveit2/install/moveit_task_constructor_visualization:/home/student/ws_moveit2/install/moveit_task_constructor_demo:/home/student/ws_moveit2/install/moveit_task_constructor_capabilities:/home/student/ws_moveit2/install/moveit_task_constructor_core:/home/student/ws_moveit2/install/moveit_ros_control_interface:/home/student/ws_moveit2/install/moveit_plugins:/home/student/ws_moveit2/install/moveit_simple_controller_manager:/home/student/ws_moveit2/install/moveit_setup_assistant:/home/student/ws_moveit2/install/moveit_setup_srdf_plugins:/home/student/ws_moveit2/install/moveit_setup_core_plugins:/home/student/ws_moveit2/install/moveit_setup_controllers:/home/student/ws_moveit2/install/moveit_setup_app_plugins:/home/student/ws_moveit2/install/moveit_setup_framework:/home/student/ws_moveit2/install/moveit_servo:/home/student/ws_moveit2/install/moveit_ros:/home/student/ws_moveit2/install/moveit_ros_visualization:/home/student/ws_moveit2/install/moveit_hybrid_planning:/home/student/ws_moveit2/install/moveit_ros_planning_interface:/home/student/ws_moveit2/install/moveit_ros_benchmarks:/home/student/ws_moveit2/install/moveit_ros_warehouse:/home/student/ws_moveit2/install/moveit_ros_robot_interaction:/home/student/ws_moveit2/install/moveit_ros_perception:/home/student/ws_moveit2/install/moveit_resources_prbt_pg70_support:/home/student/ws_moveit2/install/moveit_resources_prbt_moveit_config:/home/student/ws_moveit2/install/moveit_ros_move_group:/home/student/ws_moveit2/install/moveit_planners_ompl:/home/student/ws_moveit2/install/moveit_ros_planning:/home/student/ws_moveit2/install/moveit_ros_occupancy_map_monitor:/home/student/ws_moveit2/install/moveit_resources_prbt_ikfast_manipulator_plugin:/home/student/ws_moveit2/install/moveit_planners_chomp:/home/student/ws_moveit2/install/moveit_kinematics:/home/student/ws_moveit2/install/moveit_chomp_optimizer_adapter:/home/student/ws_moveit2/install/chomp_motion_planner:/home/student/ws_moveit2/install/moveit_core:/home/student/ws_moveit2/install/srdfdom:/home/student/ws_moveit2/install/rviz_marker_tools:/home/student/ws_moveit2/install/rosparam_shortcuts:/home/student/ws_moveit2/install/moveit_task_constructor_msgs:/home/student/ws_moveit2/install/moveit_resources_prbt_support:/home/student/ws_moveit2/install/moveit_resources:/home/student/ws_moveit2/install/moveit_resources_pr2_description:/home/student/ws_moveit2/install/moveit_resources_panda_moveit_config:/home/student/ws_moveit2/install/moveit_resources_panda_description:/home/student/ws_moveit2/install/moveit_resources_fanuc_moveit_config:/home/student/ws_moveit2/install/moveit_resources_fanuc_description:/home/student/ws_moveit2/install/moveit_common:/home/student/ros2_ws/install/rqt_joint_trajectory_controller:/home/student/ros2_ws/install/ros2_controllers_test_nodes:/home/student/ros2_ws/install/opcua_ros_client:/home/student/ros2_ws/install/my_py_pkg:/home/student/ros2_ws/install/my_bot_description:/home/student/ros2_ws/install/modbus_interface:/home/student/UR_Robot_ws/install/ur_moveit_scripts_py:/home/student/UR_Robot_ws/install/ur_moveit_scripts:/home/student/UR_Robot_ws/install/ur10_moveit_control:/home/student/UR_Robot_ws/install/ur10_control_ik:/home/student/UR_Robot_ws/install/ur10_control:/home/student/UR_Robot_ws/install/mon_package_moveit:/home/student/ws_moveit2/install/moveit_configs_utils:/home/student/ws_moveit2/install/launch_param_builder:/opt/ros/humble LD_LIBRARY_PATH=/home/student/UR_Robot_ws/install/ur_dashboard_msgs/lib:/home/student/ros2_ws/install/transmission_interface/lib:/home/student/ros2_ws/install/hardware_interface_testing/lib:/home/student/ros2_ws/install/controller_manager/lib:/home/student/ros2_ws/install/joint_limits/lib:/home/student/ros2_ws/install/controller_interface/lib:/home/student/ros2_ws/install/hardware_interface/lib:/home/student/ros2_ws/install/controller_manager_msgs/lib:/home/student/UR_Robot_ws/install/ur_robot_driver/lib:/home/student/UR_Robot_ws/install/ur_controllers/lib:/home/student/ws_moveit2/install/pilz_industrial_motion_planner_testutils/lib:/home/student/ws_moveit2/install/pilz_industrial_motion_planner/lib:/home/student/ws_moveit2/install/moveit_visual_tools/lib:/home/student/ws_moveit2/install/moveit_task_constructor_visualization/lib:/home/student/ws_moveit2/install/moveit_task_constructor_demo/lib:/home/student/ws_moveit2/install/moveit_task_constructor_capabilities/lib:/home/student/ws_moveit2/install/moveit_task_constructor_core/lib:/home/student/ws_moveit2/install/moveit_ros_control_interface/lib:/home/student/ws_moveit2/install/moveit_simple_controller_manager/lib:/home/student/ws_moveit2/install/moveit_setup_assistant/lib:/home/student/ws_moveit2/install/moveit_setup_srdf_plugins/lib:/home/student/ws_moveit2/install/moveit_setup_core_plugins/lib:/home/student/ws_moveit2/install/moveit_setup_controllers/lib:/home/student/ws_moveit2/install/moveit_setup_app_plugins/lib:/home/student/ws_moveit2/install/moveit_setup_framework/lib:/home/student/ws_moveit2/install/moveit_servo/lib:/home/student/ws_moveit2/install/moveit_ros_visualization/lib:/home/student/ws_moveit2/install/moveit_hybrid_planning/lib:/home/student/ws_moveit2/install/moveit_ros_planning_interface/lib:/home/student/ws_moveit2/install/moveit_ros_benchmarks/lib:/home/student/ws_moveit2/install/moveit_ros_warehouse/lib:/home/student/ws_moveit2/install/moveit_ros_robot_interaction/lib:/home/student/ws_moveit2/install/moveit_ros_perception/lib:/home/student/ws_moveit2/install/moveit_ros_move_group/lib:/home/student/ws_moveit2/install/moveit_planners_ompl/lib:/home/student/ws_moveit2/install/moveit_ros_planning/lib:/home/student/ws_moveit2/install/moveit_ros_occupancy_map_monitor/lib:/home/student/ws_moveit2/install/moveit_resources_prbt_ikfast_manipulator_plugin/lib:/home/student/ws_moveit2/install/moveit_planners_chomp/lib:/home/student/ws_moveit2/install/moveit_kinematics/lib:/home/student/ws_moveit2/install/moveit_chomp_optimizer_adapter/lib:/home/student/ws_moveit2/install/chomp_motion_planner/lib:/home/student/ws_moveit2/install/moveit_core/lib:/home/student/ws_moveit2/install/srdfdom/lib:/home/student/ws_moveit2/install/rviz_marker_tools/lib:/home/student/ws_moveit2/install/rosparam_shortcuts/lib:/home/student/ws_moveit2/install/moveit_task_constructor_msgs/lib:/usr/lib/x86_64-linux-gnu/gazebo-11/plugins:/opt/ros/humble/opt/rviz_ogre_vendor/lib:/opt/ros/humble/lib/x86_64-linux-gnu:/opt/ros/humble/lib /usr/bin/cmake /home/student/UR_Robot_ws/src/ur_controllers -DAMENT_CMAKE_SYMLINK_INSTALL=1 -DCMAKE_INSTALL_PREFIX=/home/student/UR_Robot_ws/install/ur_controllers
[3.147s] Invoking command in '/home/student/UR_Robot_ws/build/ur_controllers': CMAKE_PREFIX_PATH=/home/student/UR_Robot_ws/install/ur_dashboard_msgs:/home/student/ros2_ws/install/ur_description:/home/student/ros2_ws/install/transmission_interface:/home/student/ros2_ws/install/hardware_interface_testing:/home/student/ros2_ws/install/controller_manager:/home/student/ros2_ws/install/ros2_control_test_assets:/home/student/ros2_ws/install/ros2_control_cmake:/home/student/ros2_ws/install/joint_limits:/home/student/ros2_ws/install/controller_interface:/home/student/ros2_ws/install/hardware_interface:/home/student/ros2_ws/install/controller_manager_msgs:/home/student/ros2_ws/src/Universal_Robots_ROS2_Description/install/ur_description:/home/student/UR_Robot_ws/install/ur:/home/student/UR_Robot_ws/install/ur_calibration:/home/student/UR_Robot_ws/install/ur_robot_driver:/home/student/UR_Robot_ws/install/ur_moveit_config:/home/student/UR_Robot_ws/install/ur_bringup:/home/student/UR_Robot_ws/install/ur_description:/home/student/UR_Robot_ws/install/ur_controllers:/home/student/ws_moveit2/install/pilz_industrial_motion_planner_testutils:/home/student/ws_moveit2/install/moveit_runtime:/home/student/ws_moveit2/install/moveit2_tutorials:/home/student/ws_moveit2/install/moveit:/home/student/ws_moveit2/install/moveit_planners:/home/student/ws_moveit2/install/pilz_industrial_motion_planner:/home/student/ws_moveit2/install/moveit_visual_tools:/home/student/ws_moveit2/install/moveit_task_constructor_visualization:/home/student/ws_moveit2/install/moveit_task_constructor_demo:/home/student/ws_moveit2/install/moveit_task_constructor_capabilities:/home/student/ws_moveit2/install/moveit_task_constructor_core:/home/student/ws_moveit2/install/moveit_ros_control_interface:/home/student/ws_moveit2/install/moveit_plugins:/home/student/ws_moveit2/install/moveit_simple_controller_manager:/home/student/ws_moveit2/install/moveit_setup_assistant:/home/student/ws_moveit2/install/moveit_setup_srdf_plugins:/home/student/ws_moveit2/install/moveit_setup_core_plugins:/home/student/ws_moveit2/install/moveit_setup_controllers:/home/student/ws_moveit2/install/moveit_setup_app_plugins:/home/student/ws_moveit2/install/moveit_setup_framework:/home/student/ws_moveit2/install/moveit_servo:/home/student/ws_moveit2/install/moveit_ros:/home/student/ws_moveit2/install/moveit_ros_visualization:/home/student/ws_moveit2/install/moveit_hybrid_planning:/home/student/ws_moveit2/install/moveit_ros_planning_interface:/home/student/ws_moveit2/install/moveit_ros_benchmarks:/home/student/ws_moveit2/install/moveit_ros_warehouse:/home/student/ws_moveit2/install/moveit_ros_robot_interaction:/home/student/ws_moveit2/install/moveit_ros_perception:/home/student/ws_moveit2/install/moveit_resources_prbt_pg70_support:/home/student/ws_moveit2/install/moveit_resources_prbt_moveit_config:/home/student/ws_moveit2/install/moveit_ros_move_group:/home/student/ws_moveit2/install/moveit_planners_ompl:/home/student/ws_moveit2/install/moveit_ros_planning:/home/student/ws_moveit2/install/moveit_ros_occupancy_map_monitor:/home/student/ws_moveit2/install/moveit_resources_prbt_ikfast_manipulator_plugin:/home/student/ws_moveit2/install/moveit_planners_chomp:/home/student/ws_moveit2/install/moveit_kinematics:/home/student/ws_moveit2/install/moveit_chomp_optimizer_adapter:/home/student/ws_moveit2/install/chomp_motion_planner:/home/student/ws_moveit2/install/moveit_core:/home/student/ws_moveit2/install/srdfdom:/home/student/ws_moveit2/install/rviz_marker_tools:/home/student/ws_moveit2/install/rosparam_shortcuts:/home/student/ws_moveit2/install/moveit_task_constructor_msgs:/home/student/ws_moveit2/install/moveit_resources_prbt_support:/home/student/ws_moveit2/install/moveit_resources:/home/student/ws_moveit2/install/moveit_resources_pr2_description:/home/student/ws_moveit2/install/moveit_resources_panda_moveit_config:/home/student/ws_moveit2/install/moveit_resources_panda_description:/home/student/ws_moveit2/install/moveit_resources_fanuc_moveit_config:/home/student/ws_moveit2/install/moveit_resources_fanuc_description:/home/student/ws_moveit2/install/moveit_common:/home/student/ros2_ws/install/rqt_joint_trajectory_controller:/home/student/ros2_ws/install/ros2_controllers_test_nodes:/home/student/ros2_ws/install/opcua_ros_client:/home/student/ros2_ws/install/my_py_pkg:/home/student/ros2_ws/install/my_bot_description:/home/student/ros2_ws/install/modbus_interface:/home/student/UR_Robot_ws/install/ur_moveit_scripts_py:/home/student/UR_Robot_ws/install/ur_moveit_scripts:/home/student/UR_Robot_ws/install/ur10_moveit_control:/home/student/UR_Robot_ws/install/ur10_control_ik:/home/student/UR_Robot_ws/install/ur10_control:/home/student/UR_Robot_ws/install/mon_package_moveit:/home/student/ws_moveit2/install/moveit_configs_utils:/home/student/ws_moveit2/install/launch_param_builder:/opt/ros/humble LD_LIBRARY_PATH=/home/student/UR_Robot_ws/install/ur_dashboard_msgs/lib:/home/student/ros2_ws/install/transmission_interface/lib:/home/student/ros2_ws/install/hardware_interface_testing/lib:/home/student/ros2_ws/install/controller_manager/lib:/home/student/ros2_ws/install/joint_limits/lib:/home/student/ros2_ws/install/controller_interface/lib:/home/student/ros2_ws/install/hardware_interface/lib:/home/student/ros2_ws/install/controller_manager_msgs/lib:/home/student/UR_Robot_ws/install/ur_robot_driver/lib:/home/student/UR_Robot_ws/install/ur_controllers/lib:/home/student/ws_moveit2/install/pilz_industrial_motion_planner_testutils/lib:/home/student/ws_moveit2/install/pilz_industrial_motion_planner/lib:/home/student/ws_moveit2/install/moveit_visual_tools/lib:/home/student/ws_moveit2/install/moveit_task_constructor_visualization/lib:/home/student/ws_moveit2/install/moveit_task_constructor_demo/lib:/home/student/ws_moveit2/install/moveit_task_constructor_capabilities/lib:/home/student/ws_moveit2/install/moveit_task_constructor_core/lib:/home/student/ws_moveit2/install/moveit_ros_control_interface/lib:/home/student/ws_moveit2/install/moveit_simple_controller_manager/lib:/home/student/ws_moveit2/install/moveit_setup_assistant/lib:/home/student/ws_moveit2/install/moveit_setup_srdf_plugins/lib:/home/student/ws_moveit2/install/moveit_setup_core_plugins/lib:/home/student/ws_moveit2/install/moveit_setup_controllers/lib:/home/student/ws_moveit2/install/moveit_setup_app_plugins/lib:/home/student/ws_moveit2/install/moveit_setup_framework/lib:/home/student/ws_moveit2/install/moveit_servo/lib:/home/student/ws_moveit2/install/moveit_ros_visualization/lib:/home/student/ws_moveit2/install/moveit_hybrid_planning/lib:/home/student/ws_moveit2/install/moveit_ros_planning_interface/lib:/home/student/ws_moveit2/install/moveit_ros_benchmarks/lib:/home/student/ws_moveit2/install/moveit_ros_warehouse/lib:/home/student/ws_moveit2/install/moveit_ros_robot_interaction/lib:/home/student/ws_moveit2/install/moveit_ros_perception/lib:/home/student/ws_moveit2/install/moveit_ros_move_group/lib:/home/student/ws_moveit2/install/moveit_planners_ompl/lib:/home/student/ws_moveit2/install/moveit_ros_planning/lib:/home/student/ws_moveit2/install/moveit_ros_occupancy_map_monitor/lib:/home/student/ws_moveit2/install/moveit_resources_prbt_ikfast_manipulator_plugin/lib:/home/student/ws_moveit2/install/moveit_planners_chomp/lib:/home/student/ws_moveit2/install/moveit_kinematics/lib:/home/student/ws_moveit2/install/moveit_chomp_optimizer_adapter/lib:/home/student/ws_moveit2/install/chomp_motion_planner/lib:/home/student/ws_moveit2/install/moveit_core/lib:/home/student/ws_moveit2/install/srdfdom/lib:/home/student/ws_moveit2/install/rviz_marker_tools/lib:/home/student/ws_moveit2/install/rosparam_shortcuts/lib:/home/student/ws_moveit2/install/moveit_task_constructor_msgs/lib:/usr/lib/x86_64-linux-gnu/gazebo-11/plugins:/opt/ros/humble/opt/rviz_ogre_vendor/lib:/opt/ros/humble/lib/x86_64-linux-gnu:/opt/ros/humble/lib /usr/bin/cmake --build /home/student/UR_Robot_ws/build/ur_controllers -- -j8 -l8
[3.239s] [  2%] [34m[1mRunning `/opt/ros/humble/bin/generate_parameter_library_cpp /home/student/UR_Robot_ws/build/ur_controllers/include/ur_controllers/freedrive_mode_controller_parameters.hpp /home/student/UR_Robot_ws/src/ur_controllers/src/freedrive_mode_controller_parameters.yaml `[0m
[3.243s] [  5%] [34m[1mRunning `/opt/ros/humble/bin/generate_parameter_library_cpp /home/student/UR_Robot_ws/build/ur_controllers/include/ur_controllers/tool_contact_controller_parameters.hpp /home/student/UR_Robot_ws/src/ur_controllers/src/tool_contact_controller_parameters.yaml `[0m
[3.244s] [  8%] [34m[1mRunning `/opt/ros/humble/bin/generate_parameter_library_cpp /home/student/UR_Robot_ws/build/ur_controllers/include/ur_controllers/speed_scaling_state_broadcaster_parameters.hpp /home/student/UR_Robot_ws/src/ur_controllers/src/speed_scaling_state_broadcaster_parameters.yaml `[0m
[3.246s] [ 11%] [34m[1mRunning `/opt/ros/humble/bin/generate_parameter_library_cpp /home/student/UR_Robot_ws/build/ur_controllers/include/ur_controllers/passthrough_trajectory_controller_parameters.hpp /home/student/UR_Robot_ws/src/ur_controllers/src/passthrough_trajectory_controller_parameters.yaml `[0m
[3.246s] [ 14%] [34m[1mRunning `/opt/ros/humble/bin/generate_parameter_library_cpp /home/student/UR_Robot_ws/build/ur_controllers/include/ur_controllers/scaled_joint_trajectory_controller_parameters.hpp /home/student/UR_Robot_ws/src/ur_controllers/src/scaled_joint_trajectory_controller_parameters.yaml `[0m
[3.252s] [ 17%] [34m[1mRunning `/opt/ros/humble/bin/generate_parameter_library_cpp /home/student/UR_Robot_ws/build/ur_controllers/include/ur_controllers/gpio_controller_parameters.hpp /home/student/UR_Robot_ws/src/ur_controllers/src/gpio_controller_parameters.yaml `[0m
[3.254s] [ 20%] [34m[1mRunning `/opt/ros/humble/bin/generate_parameter_library_cpp /home/student/UR_Robot_ws/build/ur_controllers/include/ur_controllers/force_mode_controller_parameters.hpp /home/student/UR_Robot_ws/src/ur_controllers/src/force_mode_controller_parameters.yaml `[0m
[3.254s] [ 23%] [34m[1mRunning `/opt/ros/humble/bin/generate_parameter_library_cpp /home/student/UR_Robot_ws/build/ur_controllers/include/ur_controllers/ur_configuration_controller_parameters.hpp /home/student/UR_Robot_ws/src/ur_controllers/src/ur_configuration_controller_parameters.yaml `[0m
[3.564s] [ 26%] [34m[1mCreating deprecated header file /home/student/UR_Robot_ws/build/ur_controllers/include/scaled_joint_trajectory_controller_parameters.hpp[0m
[3.598s] [ 29%] [34m[1mCreating deprecated header file /home/student/UR_Robot_ws/build/ur_controllers/include/speed_scaling_state_broadcaster_parameters.hpp[0m
[3.603s] [ 32%] [34m[1mCreating deprecated header file /home/student/UR_Robot_ws/build/ur_controllers/include/tool_contact_controller_parameters.hpp[0m
[3.608s] [ 35%] [34m[1mCreating deprecated header file /home/student/UR_Robot_ws/build/ur_controllers/include/freedrive_mode_controller_parameters.hpp[0m
[3.617s] [ 38%] [34m[1mCreating deprecated header file /home/student/UR_Robot_ws/build/ur_controllers/include/gpio_controller_parameters.hpp[0m
[3.622s] [ 41%] [34m[1mCreating deprecated header file /home/student/UR_Robot_ws/build/ur_controllers/include/ur_configuration_controller_parameters.hpp[0m
[3.625s] [ 41%] Built target scaled_joint_trajectory_controller_parameters
[3.635s] [ 44%] [34m[1mCreating deprecated header file /home/student/UR_Robot_ws/build/ur_controllers/include/force_mode_controller_parameters.hpp[0m
[3.637s] [ 44%] Built target speed_scaling_state_broadcaster_parameters
[3.646s] [ 44%] Built target freedrive_mode_controller_parameters
[3.656s] [ 44%] Built target tool_contact_controller_parameters
[3.667s] [ 47%] Built target gpio_controller_parameters
[3.667s] [ 47%] Built target ur_configuration_controller_parameters
[3.667s] [ 47%] [34m[1mCreating deprecated header file /home/student/UR_Robot_ws/build/ur_controllers/include/passthrough_trajectory_controller_parameters.hpp[0m
[3.672s] [ 47%] Built target force_mode_controller_parameters
[3.682s] [ 50%] [32mBuilding CXX object gmock/CMakeFiles/gmock.dir/src/gmock-all.cc.o[0m
[3.683s] [ 52%] [32mBuilding CXX object gmock/CMakeFiles/gmock_main.dir/src/gmock_main.cc.o[0m
[3.685s] [ 55%] [32mBuilding CXX object gmock/CMakeFiles/gmock.dir/opt/ros/humble/src/gtest_vendor/src/gtest-all.cc.o[0m
[3.701s] [ 55%] Built target passthrough_trajectory_controller_parameters
[3.745s] [ 58%] [32mBuilding CXX object CMakeFiles/ur_controllers.dir/src/speed_scaling_state_broadcaster.cpp.o[0m
[3.745s] [ 64%] [32mBuilding CXX object CMakeFiles/ur_controllers.dir/src/force_mode_controller.cpp.o[0m
[3.745s] [ 64%] [32mBuilding CXX object CMakeFiles/ur_controllers.dir/src/scaled_joint_trajectory_controller.cpp.o[0m
[3.747s] [ 67%] [32mBuilding CXX object CMakeFiles/ur_controllers.dir/src/tool_contact_controller.cpp.o[0m
[3.751s] [ 70%] [32mBuilding CXX object CMakeFiles/ur_controllers.dir/src/freedrive_mode_controller.cpp.o[0m
[6.054s] [ 73%] [32m[1mLinking CXX static library libgmock_main.a[0m
[6.160s] [ 73%] Built target gmock_main
[6.201s] [ 76%] [32mBuilding CXX object CMakeFiles/ur_controllers.dir/src/gpio_controller.cpp.o[0m
[7.606s] [ 79%] [32mBuilding CXX object CMakeFiles/ur_controllers.dir/src/passthrough_trajectory_controller.cpp.o[0m
[9.687s] [ 82%] [32m[1mLinking CXX static library libgmock.a[0m
[9.907s] [ 82%] Built target gmock
[9.948s] [ 85%] [32mBuilding CXX object CMakeFiles/ur_controllers.dir/src/ur_configuration_controller.cpp.o[0m
[18.681s] [ 88%] [32m[1mLinking CXX shared library libur_controllers.so[0m
[20.591s] [ 88%] Built target ur_controllers
[20.625s] [ 94%] [32mBuilding CXX object CMakeFiles/test_load_freedrive_mode_controller.dir/test/test_load_freedrive_mode_controller.cpp.o[0m
[20.625s] [ 94%] [32mBuilding CXX object CMakeFiles/test_load_force_mode_controller.dir/test/test_load_force_mode_controller.cpp.o[0m
[25.519s] [ 97%] [32m[1mLinking CXX executable test_load_force_mode_controller[0m
[25.552s] [100%] [32m[1mLinking CXX executable test_load_freedrive_mode_controller[0m
[27.382s] [100%] Built target test_load_force_mode_controller
[27.411s] [100%] Built target test_load_freedrive_mode_controller
[27.428s] Invoked command in '/home/student/UR_Robot_ws/build/ur_controllers' returned '0': CMAKE_PREFIX_PATH=/home/student/UR_Robot_ws/install/ur_dashboard_msgs:/home/student/ros2_ws/install/ur_description:/home/student/ros2_ws/install/transmission_interface:/home/student/ros2_ws/install/hardware_interface_testing:/home/student/ros2_ws/install/controller_manager:/home/student/ros2_ws/install/ros2_control_test_assets:/home/student/ros2_ws/install/ros2_control_cmake:/home/student/ros2_ws/install/joint_limits:/home/student/ros2_ws/install/controller_interface:/home/student/ros2_ws/install/hardware_interface:/home/student/ros2_ws/install/controller_manager_msgs:/home/student/ros2_ws/src/Universal_Robots_ROS2_Description/install/ur_description:/home/student/UR_Robot_ws/install/ur:/home/student/UR_Robot_ws/install/ur_calibration:/home/student/UR_Robot_ws/install/ur_robot_driver:/home/student/UR_Robot_ws/install/ur_moveit_config:/home/student/UR_Robot_ws/install/ur_bringup:/home/student/UR_Robot_ws/install/ur_description:/home/student/UR_Robot_ws/install/ur_controllers:/home/student/ws_moveit2/install/pilz_industrial_motion_planner_testutils:/home/student/ws_moveit2/install/moveit_runtime:/home/student/ws_moveit2/install/moveit2_tutorials:/home/student/ws_moveit2/install/moveit:/home/student/ws_moveit2/install/moveit_planners:/home/student/ws_moveit2/install/pilz_industrial_motion_planner:/home/student/ws_moveit2/install/moveit_visual_tools:/home/student/ws_moveit2/install/moveit_task_constructor_visualization:/home/student/ws_moveit2/install/moveit_task_constructor_demo:/home/student/ws_moveit2/install/moveit_task_constructor_capabilities:/home/student/ws_moveit2/install/moveit_task_constructor_core:/home/student/ws_moveit2/install/moveit_ros_control_interface:/home/student/ws_moveit2/install/moveit_plugins:/home/student/ws_moveit2/install/moveit_simple_controller_manager:/home/student/ws_moveit2/install/moveit_setup_assistant:/home/student/ws_moveit2/install/moveit_setup_srdf_plugins:/home/student/ws_moveit2/install/moveit_setup_core_plugins:/home/student/ws_moveit2/install/moveit_setup_controllers:/home/student/ws_moveit2/install/moveit_setup_app_plugins:/home/student/ws_moveit2/install/moveit_setup_framework:/home/student/ws_moveit2/install/moveit_servo:/home/student/ws_moveit2/install/moveit_ros:/home/student/ws_moveit2/install/moveit_ros_visualization:/home/student/ws_moveit2/install/moveit_hybrid_planning:/home/student/ws_moveit2/install/moveit_ros_planning_interface:/home/student/ws_moveit2/install/moveit_ros_benchmarks:/home/student/ws_moveit2/install/moveit_ros_warehouse:/home/student/ws_moveit2/install/moveit_ros_robot_interaction:/home/student/ws_moveit2/install/moveit_ros_perception:/home/student/ws_moveit2/install/moveit_resources_prbt_pg70_support:/home/student/ws_moveit2/install/moveit_resources_prbt_moveit_config:/home/student/ws_moveit2/install/moveit_ros_move_group:/home/student/ws_moveit2/install/moveit_planners_ompl:/home/student/ws_moveit2/install/moveit_ros_planning:/home/student/ws_moveit2/install/moveit_ros_occupancy_map_monitor:/home/student/ws_moveit2/install/moveit_resources_prbt_ikfast_manipulator_plugin:/home/student/ws_moveit2/install/moveit_planners_chomp:/home/student/ws_moveit2/install/moveit_kinematics:/home/student/ws_moveit2/install/moveit_chomp_optimizer_adapter:/home/student/ws_moveit2/install/chomp_motion_planner:/home/student/ws_moveit2/install/moveit_core:/home/student/ws_moveit2/install/srdfdom:/home/student/ws_moveit2/install/rviz_marker_tools:/home/student/ws_moveit2/install/rosparam_shortcuts:/home/student/ws_moveit2/install/moveit_task_constructor_msgs:/home/student/ws_moveit2/install/moveit_resources_prbt_support:/home/student/ws_moveit2/install/moveit_resources:/home/student/ws_moveit2/install/moveit_resources_pr2_description:/home/student/ws_moveit2/install/moveit_resources_panda_moveit_config:/home/student/ws_moveit2/install/moveit_resources_panda_description:/home/student/ws_moveit2/install/moveit_resources_fanuc_moveit_config:/home/student/ws_moveit2/install/moveit_resources_fanuc_description:/home/student/ws_moveit2/install/moveit_common:/home/student/ros2_ws/install/rqt_joint_trajectory_controller:/home/student/ros2_ws/install/ros2_controllers_test_nodes:/home/student/ros2_ws/install/opcua_ros_client:/home/student/ros2_ws/install/my_py_pkg:/home/student/ros2_ws/install/my_bot_description:/home/student/ros2_ws/install/modbus_interface:/home/student/UR_Robot_ws/install/ur_moveit_scripts_py:/home/student/UR_Robot_ws/install/ur_moveit_scripts:/home/student/UR_Robot_ws/install/ur10_moveit_control:/home/student/UR_Robot_ws/install/ur10_control_ik:/home/student/UR_Robot_ws/install/ur10_control:/home/student/UR_Robot_ws/install/mon_package_moveit:/home/student/ws_moveit2/install/moveit_configs_utils:/home/student/ws_moveit2/install/launch_param_builder:/opt/ros/humble LD_LIBRARY_PATH=/home/student/UR_Robot_ws/install/ur_dashboard_msgs/lib:/home/student/ros2_ws/install/transmission_interface/lib:/home/student/ros2_ws/install/hardware_interface_testing/lib:/home/student/ros2_ws/install/controller_manager/lib:/home/student/ros2_ws/install/joint_limits/lib:/home/student/ros2_ws/install/controller_interface/lib:/home/student/ros2_ws/install/hardware_interface/lib:/home/student/ros2_ws/install/controller_manager_msgs/lib:/home/student/UR_Robot_ws/install/ur_robot_driver/lib:/home/student/UR_Robot_ws/install/ur_controllers/lib:/home/student/ws_moveit2/install/pilz_industrial_motion_planner_testutils/lib:/home/student/ws_moveit2/install/pilz_industrial_motion_planner/lib:/home/student/ws_moveit2/install/moveit_visual_tools/lib:/home/student/ws_moveit2/install/moveit_task_constructor_visualization/lib:/home/student/ws_moveit2/install/moveit_task_constructor_demo/lib:/home/student/ws_moveit2/install/moveit_task_constructor_capabilities/lib:/home/student/ws_moveit2/install/moveit_task_constructor_core/lib:/home/student/ws_moveit2/install/moveit_ros_control_interface/lib:/home/student/ws_moveit2/install/moveit_simple_controller_manager/lib:/home/student/ws_moveit2/install/moveit_setup_assistant/lib:/home/student/ws_moveit2/install/moveit_setup_srdf_plugins/lib:/home/student/ws_moveit2/install/moveit_setup_core_plugins/lib:/home/student/ws_moveit2/install/moveit_setup_controllers/lib:/home/student/ws_moveit2/install/moveit_setup_app_plugins/lib:/home/student/ws_moveit2/install/moveit_setup_framework/lib:/home/student/ws_moveit2/install/moveit_servo/lib:/home/student/ws_moveit2/install/moveit_ros_visualization/lib:/home/student/ws_moveit2/install/moveit_hybrid_planning/lib:/home/student/ws_moveit2/install/moveit_ros_planning_interface/lib:/home/student/ws_moveit2/install/moveit_ros_benchmarks/lib:/home/student/ws_moveit2/install/moveit_ros_warehouse/lib:/home/student/ws_moveit2/install/moveit_ros_robot_interaction/lib:/home/student/ws_moveit2/install/moveit_ros_perception/lib:/home/student/ws_moveit2/install/moveit_ros_move_group/lib:/home/student/ws_moveit2/install/moveit_planners_ompl/lib:/home/student/ws_moveit2/install/moveit_ros_planning/lib:/home/student/ws_moveit2/install/moveit_ros_occupancy_map_monitor/lib:/home/student/ws_moveit2/install/moveit_resources_prbt_ikfast_manipulator_plugin/lib:/home/student/ws_moveit2/install/moveit_planners_chomp/lib:/home/student/ws_moveit2/install/moveit_kinematics/lib:/home/student/ws_moveit2/install/moveit_chomp_optimizer_adapter/lib:/home/student/ws_moveit2/install/chomp_motion_planner/lib:/home/student/ws_moveit2/install/moveit_core/lib:/home/student/ws_moveit2/install/srdfdom/lib:/home/student/ws_moveit2/install/rviz_marker_tools/lib:/home/student/ws_moveit2/install/rosparam_shortcuts/lib:/home/student/ws_moveit2/install/moveit_task_constructor_msgs/lib:/usr/lib/x86_64-linux-gnu/gazebo-11/plugins:/opt/ros/humble/opt/rviz_ogre_vendor/lib:/opt/ros/humble/lib/x86_64-linux-gnu:/opt/ros/humble/lib /usr/bin/cmake --build /home/student/UR_Robot_ws/build/ur_controllers -- -j8 -l8
[27.430s] Invoking command in '/home/student/UR_Robot_ws/build/ur_controllers': CMAKE_PREFIX_PATH=/home/student/UR_Robot_ws/install/ur_dashboard_msgs:/home/student/ros2_ws/install/ur_description:/home/student/ros2_ws/install/transmission_interface:/home/student/ros2_ws/install/hardware_interface_testing:/home/student/ros2_ws/install/controller_manager:/home/student/ros2_ws/install/ros2_control_test_assets:/home/student/ros2_ws/install/ros2_control_cmake:/home/student/ros2_ws/install/joint_limits:/home/student/ros2_ws/install/controller_interface:/home/student/ros2_ws/install/hardware_interface:/home/student/ros2_ws/install/controller_manager_msgs:/home/student/ros2_ws/src/Universal_Robots_ROS2_Description/install/ur_description:/home/student/UR_Robot_ws/install/ur:/home/student/UR_Robot_ws/install/ur_calibration:/home/student/UR_Robot_ws/install/ur_robot_driver:/home/student/UR_Robot_ws/install/ur_moveit_config:/home/student/UR_Robot_ws/install/ur_bringup:/home/student/UR_Robot_ws/install/ur_description:/home/student/UR_Robot_ws/install/ur_controllers:/home/student/ws_moveit2/install/pilz_industrial_motion_planner_testutils:/home/student/ws_moveit2/install/moveit_runtime:/home/student/ws_moveit2/install/moveit2_tutorials:/home/student/ws_moveit2/install/moveit:/home/student/ws_moveit2/install/moveit_planners:/home/student/ws_moveit2/install/pilz_industrial_motion_planner:/home/student/ws_moveit2/install/moveit_visual_tools:/home/student/ws_moveit2/install/moveit_task_constructor_visualization:/home/student/ws_moveit2/install/moveit_task_constructor_demo:/home/student/ws_moveit2/install/moveit_task_constructor_capabilities:/home/student/ws_moveit2/install/moveit_task_constructor_core:/home/student/ws_moveit2/install/moveit_ros_control_interface:/home/student/ws_moveit2/install/moveit_plugins:/home/student/ws_moveit2/install/moveit_simple_controller_manager:/home/student/ws_moveit2/install/moveit_setup_assistant:/home/student/ws_moveit2/install/moveit_setup_srdf_plugins:/home/student/ws_moveit2/install/moveit_setup_core_plugins:/home/student/ws_moveit2/install/moveit_setup_controllers:/home/student/ws_moveit2/install/moveit_setup_app_plugins:/home/student/ws_moveit2/install/moveit_setup_framework:/home/student/ws_moveit2/install/moveit_servo:/home/student/ws_moveit2/install/moveit_ros:/home/student/ws_moveit2/install/moveit_ros_visualization:/home/student/ws_moveit2/install/moveit_hybrid_planning:/home/student/ws_moveit2/install/moveit_ros_planning_interface:/home/student/ws_moveit2/install/moveit_ros_benchmarks:/home/student/ws_moveit2/install/moveit_ros_warehouse:/home/student/ws_moveit2/install/moveit_ros_robot_interaction:/home/student/ws_moveit2/install/moveit_ros_perception:/home/student/ws_moveit2/install/moveit_resources_prbt_pg70_support:/home/student/ws_moveit2/install/moveit_resources_prbt_moveit_config:/home/student/ws_moveit2/install/moveit_ros_move_group:/home/student/ws_moveit2/install/moveit_planners_ompl:/home/student/ws_moveit2/install/moveit_ros_planning:/home/student/ws_moveit2/install/moveit_ros_occupancy_map_monitor:/home/student/ws_moveit2/install/moveit_resources_prbt_ikfast_manipulator_plugin:/home/student/ws_moveit2/install/moveit_planners_chomp:/home/student/ws_moveit2/install/moveit_kinematics:/home/student/ws_moveit2/install/moveit_chomp_optimizer_adapter:/home/student/ws_moveit2/install/chomp_motion_planner:/home/student/ws_moveit2/install/moveit_core:/home/student/ws_moveit2/install/srdfdom:/home/student/ws_moveit2/install/rviz_marker_tools:/home/student/ws_moveit2/install/rosparam_shortcuts:/home/student/ws_moveit2/install/moveit_task_constructor_msgs:/home/student/ws_moveit2/install/moveit_resources_prbt_support:/home/student/ws_moveit2/install/moveit_resources:/home/student/ws_moveit2/install/moveit_resources_pr2_description:/home/student/ws_moveit2/install/moveit_resources_panda_moveit_config:/home/student/ws_moveit2/install/moveit_resources_panda_description:/home/student/ws_moveit2/install/moveit_resources_fanuc_moveit_config:/home/student/ws_moveit2/install/moveit_resources_fanuc_description:/home/student/ws_moveit2/install/moveit_common:/home/student/ros2_ws/install/rqt_joint_trajectory_controller:/home/student/ros2_ws/install/ros2_controllers_test_nodes:/home/student/ros2_ws/install/opcua_ros_client:/home/student/ros2_ws/install/my_py_pkg:/home/student/ros2_ws/install/my_bot_description:/home/student/ros2_ws/install/modbus_interface:/home/student/UR_Robot_ws/install/ur_moveit_scripts_py:/home/student/UR_Robot_ws/install/ur_moveit_scripts:/home/student/UR_Robot_ws/install/ur10_moveit_control:/home/student/UR_Robot_ws/install/ur10_control_ik:/home/student/UR_Robot_ws/install/ur10_control:/home/student/UR_Robot_ws/install/mon_package_moveit:/home/student/ws_moveit2/install/moveit_configs_utils:/home/student/ws_moveit2/install/launch_param_builder:/opt/ros/humble LD_LIBRARY_PATH=/home/student/UR_Robot_ws/install/ur_dashboard_msgs/lib:/home/student/ros2_ws/install/transmission_interface/lib:/home/student/ros2_ws/install/hardware_interface_testing/lib:/home/student/ros2_ws/install/controller_manager/lib:/home/student/ros2_ws/install/joint_limits/lib:/home/student/ros2_ws/install/controller_interface/lib:/home/student/ros2_ws/install/hardware_interface/lib:/home/student/ros2_ws/install/controller_manager_msgs/lib:/home/student/UR_Robot_ws/install/ur_robot_driver/lib:/home/student/UR_Robot_ws/install/ur_controllers/lib:/home/student/ws_moveit2/install/pilz_industrial_motion_planner_testutils/lib:/home/student/ws_moveit2/install/pilz_industrial_motion_planner/lib:/home/student/ws_moveit2/install/moveit_visual_tools/lib:/home/student/ws_moveit2/install/moveit_task_constructor_visualization/lib:/home/student/ws_moveit2/install/moveit_task_constructor_demo/lib:/home/student/ws_moveit2/install/moveit_task_constructor_capabilities/lib:/home/student/ws_moveit2/install/moveit_task_constructor_core/lib:/home/student/ws_moveit2/install/moveit_ros_control_interface/lib:/home/student/ws_moveit2/install/moveit_simple_controller_manager/lib:/home/student/ws_moveit2/install/moveit_setup_assistant/lib:/home/student/ws_moveit2/install/moveit_setup_srdf_plugins/lib:/home/student/ws_moveit2/install/moveit_setup_core_plugins/lib:/home/student/ws_moveit2/install/moveit_setup_controllers/lib:/home/student/ws_moveit2/install/moveit_setup_app_plugins/lib:/home/student/ws_moveit2/install/moveit_setup_framework/lib:/home/student/ws_moveit2/install/moveit_servo/lib:/home/student/ws_moveit2/install/moveit_ros_visualization/lib:/home/student/ws_moveit2/install/moveit_hybrid_planning/lib:/home/student/ws_moveit2/install/moveit_ros_planning_interface/lib:/home/student/ws_moveit2/install/moveit_ros_benchmarks/lib:/home/student/ws_moveit2/install/moveit_ros_warehouse/lib:/home/student/ws_moveit2/install/moveit_ros_robot_interaction/lib:/home/student/ws_moveit2/install/moveit_ros_perception/lib:/home/student/ws_moveit2/install/moveit_ros_move_group/lib:/home/student/ws_moveit2/install/moveit_planners_ompl/lib:/home/student/ws_moveit2/install/moveit_ros_planning/lib:/home/student/ws_moveit2/install/moveit_ros_occupancy_map_monitor/lib:/home/student/ws_moveit2/install/moveit_resources_prbt_ikfast_manipulator_plugin/lib:/home/student/ws_moveit2/install/moveit_planners_chomp/lib:/home/student/ws_moveit2/install/moveit_kinematics/lib:/home/student/ws_moveit2/install/moveit_chomp_optimizer_adapter/lib:/home/student/ws_moveit2/install/chomp_motion_planner/lib:/home/student/ws_moveit2/install/moveit_core/lib:/home/student/ws_moveit2/install/srdfdom/lib:/home/student/ws_moveit2/install/rviz_marker_tools/lib:/home/student/ws_moveit2/install/rosparam_shortcuts/lib:/home/student/ws_moveit2/install/moveit_task_constructor_msgs/lib:/usr/lib/x86_64-linux-gnu/gazebo-11/plugins:/opt/ros/humble/opt/rviz_ogre_vendor/lib:/opt/ros/humble/lib/x86_64-linux-gnu:/opt/ros/humble/lib /usr/bin/cmake --install /home/student/UR_Robot_ws/build/ur_controllers
[27.440s] -- Install configuration: ""
[27.441s] -- Execute custom install script
[27.441s] -- Symlinking: /home/student/UR_Robot_ws/install/ur_controllers/include/ur_controllers/force_mode_controller_parameters.hpp
[27.454s] -- Symlinking: /home/student/UR_Robot_ws/install/ur_controllers/include/ur_controllers/freedrive_mode_controller_parameters.hpp
[27.468s] -- Symlinking: /home/student/UR_Robot_ws/install/ur_controllers/include/ur_controllers/gpio_controller_parameters.hpp
[27.482s] -- Symlinking: /home/student/UR_Robot_ws/install/ur_controllers/include/ur_controllers/passthrough_trajectory_controller_parameters.hpp
[27.495s] -- Symlinking: /home/student/UR_Robot_ws/install/ur_controllers/include/ur_controllers/scaled_joint_trajectory_controller_parameters.hpp
[27.507s] -- Symlinking: /home/student/UR_Robot_ws/install/ur_controllers/include/ur_controllers/speed_scaling_state_broadcaster_parameters.hpp
[27.519s] -- Symlinking: /home/student/UR_Robot_ws/install/ur_controllers/include/ur_controllers/tool_contact_controller_parameters.hpp
[27.531s] -- Symlinking: /home/student/UR_Robot_ws/install/ur_controllers/include/ur_controllers/ur_configuration_controller_parameters.hpp
[27.544s] -- Up-to-date symlink: /home/student/UR_Robot_ws/install/ur_controllers/include/ur_controllers/force_mode_controller_parameters.hpp
[27.544s] -- Up-to-date symlink: /home/student/UR_Robot_ws/install/ur_controllers/include/ur_controllers/freedrive_mode_controller_parameters.hpp
[27.544s] -- Up-to-date symlink: /home/student/UR_Robot_ws/install/ur_controllers/include/ur_controllers/gpio_controller_parameters.hpp
[27.544s] -- Up-to-date symlink: /home/student/UR_Robot_ws/install/ur_controllers/include/ur_controllers/passthrough_trajectory_controller_parameters.hpp
[27.544s] -- Up-to-date symlink: /home/student/UR_Robot_ws/install/ur_controllers/include/ur_controllers/scaled_joint_trajectory_controller_parameters.hpp
[27.544s] -- Up-to-date symlink: /home/student/UR_Robot_ws/install/ur_controllers/include/ur_controllers/speed_scaling_state_broadcaster_parameters.hpp
[27.544s] -- Up-to-date symlink: /home/student/UR_Robot_ws/install/ur_controllers/include/ur_controllers/tool_contact_controller_parameters.hpp
[27.545s] -- Up-to-date symlink: /home/student/UR_Robot_ws/install/ur_controllers/include/ur_controllers/ur_configuration_controller_parameters.hpp
[27.545s] -- Up-to-date symlink: /home/student/UR_Robot_ws/install/ur_controllers/include/ur_controllers/force_mode_controller_parameters.hpp
[27.545s] -- Up-to-date symlink: /home/student/UR_Robot_ws/install/ur_controllers/include/ur_controllers/freedrive_mode_controller_parameters.hpp
[27.545s] -- Up-to-date symlink: /home/student/UR_Robot_ws/install/ur_controllers/include/ur_controllers/gpio_controller_parameters.hpp
[27.545s] -- Up-to-date symlink: /home/student/UR_Robot_ws/install/ur_controllers/include/ur_controllers/passthrough_trajectory_controller_parameters.hpp
[27.545s] -- Up-to-date symlink: /home/student/UR_Robot_ws/install/ur_controllers/include/ur_controllers/scaled_joint_trajectory_controller_parameters.hpp
[27.545s] -- Up-to-date symlink: /home/student/UR_Robot_ws/install/ur_controllers/include/ur_controllers/speed_scaling_state_broadcaster_parameters.hpp
[27.545s] -- Up-to-date symlink: /home/student/UR_Robot_ws/install/ur_controllers/include/ur_controllers/tool_contact_controller_parameters.hpp
[27.545s] -- Up-to-date symlink: /home/student/UR_Robot_ws/install/ur_controllers/include/ur_controllers/ur_configuration_controller_parameters.hpp
[27.546s] -- Up-to-date symlink: /home/student/UR_Robot_ws/install/ur_controllers/include/ur_controllers/force_mode_controller_parameters.hpp
[27.546s] -- Up-to-date symlink: /home/student/UR_Robot_ws/install/ur_controllers/include/ur_controllers/freedrive_mode_controller_parameters.hpp
[27.546s] -- Up-to-date symlink: /home/student/UR_Robot_ws/install/ur_controllers/include/ur_controllers/gpio_controller_parameters.hpp
[27.546s] -- Up-to-date symlink: /home/student/UR_Robot_ws/install/ur_controllers/include/ur_controllers/passthrough_trajectory_controller_parameters.hpp
[27.546s] -- Up-to-date symlink: /home/student/UR_Robot_ws/install/ur_controllers/include/ur_controllers/scaled_joint_trajectory_controller_parameters.hpp
[27.546s] -- Up-to-date symlink: /home/student/UR_Robot_ws/install/ur_controllers/include/ur_controllers/speed_scaling_state_broadcaster_parameters.hpp
[27.546s] -- Up-to-date symlink: /home/student/UR_Robot_ws/install/ur_controllers/include/ur_controllers/tool_contact_controller_parameters.hpp
[27.546s] -- Up-to-date symlink: /home/student/UR_Robot_ws/install/ur_controllers/include/ur_controllers/ur_configuration_controller_parameters.hpp
[27.547s] -- Up-to-date symlink: /home/student/UR_Robot_ws/install/ur_controllers/include/ur_controllers/force_mode_controller_parameters.hpp
[27.547s] -- Up-to-date symlink: /home/student/UR_Robot_ws/install/ur_controllers/include/ur_controllers/freedrive_mode_controller_parameters.hpp
[27.547s] -- Up-to-date symlink: /home/student/UR_Robot_ws/install/ur_controllers/include/ur_controllers/gpio_controller_parameters.hpp
[27.547s] -- Up-to-date symlink: /home/student/UR_Robot_ws/install/ur_controllers/include/ur_controllers/passthrough_trajectory_controller_parameters.hpp
[27.547s] -- Up-to-date symlink: /home/student/UR_Robot_ws/install/ur_controllers/include/ur_controllers/scaled_joint_trajectory_controller_parameters.hpp
[27.547s] -- Up-to-date symlink: /home/student/UR_Robot_ws/install/ur_controllers/include/ur_controllers/speed_scaling_state_broadcaster_parameters.hpp
[27.547s] -- Up-to-date symlink: /home/student/UR_Robot_ws/install/ur_controllers/include/ur_controllers/tool_contact_controller_parameters.hpp
[27.547s] -- Up-to-date symlink: /home/student/UR_Robot_ws/install/ur_controllers/include/ur_controllers/ur_configuration_controller_parameters.hpp
[27.548s] -- Up-to-date symlink: /home/student/UR_Robot_ws/install/ur_controllers/include/ur_controllers/force_mode_controller_parameters.hpp
[27.548s] -- Up-to-date symlink: /home/student/UR_Robot_ws/install/ur_controllers/include/ur_controllers/freedrive_mode_controller_parameters.hpp
[27.548s] -- Up-to-date symlink: /home/student/UR_Robot_ws/install/ur_controllers/include/ur_controllers/gpio_controller_parameters.hpp
[27.548s] -- Up-to-date symlink: /home/student/UR_Robot_ws/install/ur_controllers/include/ur_controllers/passthrough_trajectory_controller_parameters.hpp
[27.548s] -- Up-to-date symlink: /home/student/UR_Robot_ws/install/ur_controllers/include/ur_controllers/scaled_joint_trajectory_controller_parameters.hpp
[27.548s] -- Up-to-date symlink: /home/student/UR_Robot_ws/install/ur_controllers/include/ur_controllers/speed_scaling_state_broadcaster_parameters.hpp
[27.548s] -- Up-to-date symlink: /home/student/UR_Robot_ws/install/ur_controllers/include/ur_controllers/tool_contact_controller_parameters.hpp
[27.548s] -- Up-to-date symlink: /home/student/UR_Robot_ws/install/ur_controllers/include/ur_controllers/ur_configuration_controller_parameters.hpp
[27.548s] -- Up-to-date symlink: /home/student/UR_Robot_ws/install/ur_controllers/include/ur_controllers/force_mode_controller_parameters.hpp
[27.549s] -- Up-to-date symlink: /home/student/UR_Robot_ws/install/ur_controllers/include/ur_controllers/freedrive_mode_controller_parameters.hpp
[27.549s] -- Up-to-date symlink: /home/student/UR_Robot_ws/install/ur_controllers/include/ur_controllers/gpio_controller_parameters.hpp
[27.549s] -- Up-to-date symlink: /home/student/UR_Robot_ws/install/ur_controllers/include/ur_controllers/passthrough_trajectory_controller_parameters.hpp
[27.549s] -- Up-to-date symlink: /home/student/UR_Robot_ws/install/ur_controllers/include/ur_controllers/scaled_joint_trajectory_controller_parameters.hpp
[27.549s] -- Up-to-date symlink: /home/student/UR_Robot_ws/install/ur_controllers/include/ur_controllers/speed_scaling_state_broadcaster_parameters.hpp
[27.549s] -- Up-to-date symlink: /home/student/UR_Robot_ws/install/ur_controllers/include/ur_controllers/tool_contact_controller_parameters.hpp
[27.549s] -- Up-to-date symlink: /home/student/UR_Robot_ws/install/ur_controllers/include/ur_controllers/ur_configuration_controller_parameters.hpp
[27.549s] -- Up-to-date symlink: /home/student/UR_Robot_ws/install/ur_controllers/include/ur_controllers/force_mode_controller_parameters.hpp
[27.550s] -- Up-to-date symlink: /home/student/UR_Robot_ws/install/ur_controllers/include/ur_controllers/freedrive_mode_controller_parameters.hpp
[27.550s] -- Up-to-date symlink: /home/student/UR_Robot_ws/install/ur_controllers/include/ur_controllers/gpio_controller_parameters.hpp
[27.550s] -- Up-to-date symlink: /home/student/UR_Robot_ws/install/ur_controllers/include/ur_controllers/passthrough_trajectory_controller_parameters.hpp
[27.550s] -- Up-to-date symlink: /home/student/UR_Robot_ws/install/ur_controllers/include/ur_controllers/scaled_joint_trajectory_controller_parameters.hpp
[27.550s] -- Up-to-date symlink: /home/student/UR_Robot_ws/install/ur_controllers/include/ur_controllers/speed_scaling_state_broadcaster_parameters.hpp
[27.550s] -- Up-to-date symlink: /home/student/UR_Robot_ws/install/ur_controllers/include/ur_controllers/tool_contact_controller_parameters.hpp
[27.550s] -- Up-to-date symlink: /home/student/UR_Robot_ws/install/ur_controllers/include/ur_controllers/ur_configuration_controller_parameters.hpp
[27.550s] -- Symlinking: /home/student/UR_Robot_ws/install/ur_controllers/share/ur_controllers//controller_plugins.xml
[27.563s] -- Symlinking: /home/student/UR_Robot_ws/install/ur_controllers/lib/libur_controllers.so
[27.578s] -- Symlinking: /home/student/UR_Robot_ws/install/ur_controllers/include/ur_controllers/force_mode_controller.hpp
[27.592s] -- Symlinking: /home/student/UR_Robot_ws/install/ur_controllers/include/ur_controllers/freedrive_mode_controller.hpp
[27.604s] -- Symlinking: /home/student/UR_Robot_ws/install/ur_controllers/include/ur_controllers/gpio_controller.hpp
[27.616s] -- Symlinking: /home/student/UR_Robot_ws/install/ur_controllers/include/ur_controllers/passthrough_trajectory_controller.hpp
[27.629s] -- Symlinking: /home/student/UR_Robot_ws/install/ur_controllers/include/ur_controllers/scaled_joint_trajectory_controller.hpp
[27.640s] -- Symlinking: /home/student/UR_Robot_ws/install/ur_controllers/include/ur_controllers/speed_scaling_state_broadcaster.hpp
[27.653s] -- Symlinking: /home/student/UR_Robot_ws/install/ur_controllers/include/ur_controllers/tool_contact_controller.hpp
[27.665s] -- Symlinking: /home/student/UR_Robot_ws/install/ur_controllers/include/ur_controllers/ur_configuration_controller.hpp
[27.677s] -- Up-to-date symlink: /home/student/UR_Robot_ws/install/ur_controllers/share/ur_controllers/controller_plugins.xml
[27.678s] -- Symlinking: /home/student/UR_Robot_ws/install/ur_controllers/share/ur_controllers/environment/library_path.sh
[27.691s] -- Symlinking: /home/student/UR_Robot_ws/install/ur_controllers/share/ur_controllers/environment/library_path.dsv
[27.708s] -- Symlinking: /home/student/UR_Robot_ws/install/ur_controllers/share/ament_index/resource_index/package_run_dependencies/ur_controllers
[27.720s] -- Symlinking: /home/student/UR_Robot_ws/install/ur_controllers/share/ament_index/resource_index/parent_prefix_path/ur_controllers
[27.732s] -- Symlinking: /home/student/UR_Robot_ws/install/ur_controllers/share/ur_controllers/environment/ament_prefix_path.sh
[27.745s] -- Symlinking: /home/student/UR_Robot_ws/install/ur_controllers/share/ur_controllers/environment/ament_prefix_path.dsv
[27.757s] -- Symlinking: /home/student/UR_Robot_ws/install/ur_controllers/share/ur_controllers/environment/path.sh
[27.769s] -- Symlinking: /home/student/UR_Robot_ws/install/ur_controllers/share/ur_controllers/environment/path.dsv
[27.781s] -- Symlinking: /home/student/UR_Robot_ws/install/ur_controllers/share/ur_controllers/local_setup.bash
[27.795s] -- Symlinking: /home/student/UR_Robot_ws/install/ur_controllers/share/ur_controllers/local_setup.sh
[27.808s] -- Symlinking: /home/student/UR_Robot_ws/install/ur_controllers/share/ur_controllers/local_setup.zsh
[27.820s] -- Symlinking: /home/student/UR_Robot_ws/install/ur_controllers/share/ur_controllers/local_setup.dsv
[27.831s] -- Symlinking: /home/student/UR_Robot_ws/install/ur_controllers/share/ur_controllers/package.dsv
[27.844s] -- Symlinking: /home/student/UR_Robot_ws/install/ur_controllers/share/ament_index/resource_index/packages/ur_controllers
[27.856s] -- Symlinking: /home/student/UR_Robot_ws/install/ur_controllers/share/ament_index/resource_index/controller_interface__pluginlib__plugin/ur_controllers
[27.868s] -- Symlinking: /home/student/UR_Robot_ws/install/ur_controllers/share/ur_controllers/cmake/ament_cmake_export_dependencies-extras.cmake
[27.880s] -- Symlinking: /home/student/UR_Robot_ws/install/ur_controllers/share/ur_controllers/cmake/ament_cmake_export_include_directories-extras.cmake
[27.894s] -- Symlinking: /home/student/UR_Robot_ws/install/ur_controllers/share/ur_controllers/cmake/ament_cmake_export_libraries-extras.cmake
[27.907s] -- Symlinking: /home/student/UR_Robot_ws/install/ur_controllers/share/ur_controllers/cmake/ur_controllersConfig.cmake
[27.919s] -- Symlinking: /home/student/UR_Robot_ws/install/ur_controllers/share/ur_controllers/cmake/ur_controllersConfig-version.cmake
[27.931s] -- Symlinking: /home/student/UR_Robot_ws/install/ur_controllers/share/ur_controllers/package.xml
[27.945s] Invoked command in '/home/student/UR_Robot_ws/build/ur_controllers' returned '0': CMAKE_PREFIX_PATH=/home/student/UR_Robot_ws/install/ur_dashboard_msgs:/home/student/ros2_ws/install/ur_description:/home/student/ros2_ws/install/transmission_interface:/home/student/ros2_ws/install/hardware_interface_testing:/home/student/ros2_ws/install/controller_manager:/home/student/ros2_ws/install/ros2_control_test_assets:/home/student/ros2_ws/install/ros2_control_cmake:/home/student/ros2_ws/install/joint_limits:/home/student/ros2_ws/install/controller_interface:/home/student/ros2_ws/install/hardware_interface:/home/student/ros2_ws/install/controller_manager_msgs:/home/student/ros2_ws/src/Universal_Robots_ROS2_Description/install/ur_description:/home/student/UR_Robot_ws/install/ur:/home/student/UR_Robot_ws/install/ur_calibration:/home/student/UR_Robot_ws/install/ur_robot_driver:/home/student/UR_Robot_ws/install/ur_moveit_config:/home/student/UR_Robot_ws/install/ur_bringup:/home/student/UR_Robot_ws/install/ur_description:/home/student/UR_Robot_ws/install/ur_controllers:/home/student/ws_moveit2/install/pilz_industrial_motion_planner_testutils:/home/student/ws_moveit2/install/moveit_runtime:/home/student/ws_moveit2/install/moveit2_tutorials:/home/student/ws_moveit2/install/moveit:/home/student/ws_moveit2/install/moveit_planners:/home/student/ws_moveit2/install/pilz_industrial_motion_planner:/home/student/ws_moveit2/install/moveit_visual_tools:/home/student/ws_moveit2/install/moveit_task_constructor_visualization:/home/student/ws_moveit2/install/moveit_task_constructor_demo:/home/student/ws_moveit2/install/moveit_task_constructor_capabilities:/home/student/ws_moveit2/install/moveit_task_constructor_core:/home/student/ws_moveit2/install/moveit_ros_control_interface:/home/student/ws_moveit2/install/moveit_plugins:/home/student/ws_moveit2/install/moveit_simple_controller_manager:/home/student/ws_moveit2/install/moveit_setup_assistant:/home/student/ws_moveit2/install/moveit_setup_srdf_plugins:/home/student/ws_moveit2/install/moveit_setup_core_plugins:/home/student/ws_moveit2/install/moveit_setup_controllers:/home/student/ws_moveit2/install/moveit_setup_app_plugins:/home/student/ws_moveit2/install/moveit_setup_framework:/home/student/ws_moveit2/install/moveit_servo:/home/student/ws_moveit2/install/moveit_ros:/home/student/ws_moveit2/install/moveit_ros_visualization:/home/student/ws_moveit2/install/moveit_hybrid_planning:/home/student/ws_moveit2/install/moveit_ros_planning_interface:/home/student/ws_moveit2/install/moveit_ros_benchmarks:/home/student/ws_moveit2/install/moveit_ros_warehouse:/home/student/ws_moveit2/install/moveit_ros_robot_interaction:/home/student/ws_moveit2/install/moveit_ros_perception:/home/student/ws_moveit2/install/moveit_resources_prbt_pg70_support:/home/student/ws_moveit2/install/moveit_resources_prbt_moveit_config:/home/student/ws_moveit2/install/moveit_ros_move_group:/home/student/ws_moveit2/install/moveit_planners_ompl:/home/student/ws_moveit2/install/moveit_ros_planning:/home/student/ws_moveit2/install/moveit_ros_occupancy_map_monitor:/home/student/ws_moveit2/install/moveit_resources_prbt_ikfast_manipulator_plugin:/home/student/ws_moveit2/install/moveit_planners_chomp:/home/student/ws_moveit2/install/moveit_kinematics:/home/student/ws_moveit2/install/moveit_chomp_optimizer_adapter:/home/student/ws_moveit2/install/chomp_motion_planner:/home/student/ws_moveit2/install/moveit_core:/home/student/ws_moveit2/install/srdfdom:/home/student/ws_moveit2/install/rviz_marker_tools:/home/student/ws_moveit2/install/rosparam_shortcuts:/home/student/ws_moveit2/install/moveit_task_constructor_msgs:/home/student/ws_moveit2/install/moveit_resources_prbt_support:/home/student/ws_moveit2/install/moveit_resources:/home/student/ws_moveit2/install/moveit_resources_pr2_description:/home/student/ws_moveit2/install/moveit_resources_panda_moveit_config:/home/student/ws_moveit2/install/moveit_resources_panda_description:/home/student/ws_moveit2/install/moveit_resources_fanuc_moveit_config:/home/student/ws_moveit2/install/moveit_resources_fanuc_description:/home/student/ws_moveit2/install/moveit_common:/home/student/ros2_ws/install/rqt_joint_trajectory_controller:/home/student/ros2_ws/install/ros2_controllers_test_nodes:/home/student/ros2_ws/install/opcua_ros_client:/home/student/ros2_ws/install/my_py_pkg:/home/student/ros2_ws/install/my_bot_description:/home/student/ros2_ws/install/modbus_interface:/home/student/UR_Robot_ws/install/ur_moveit_scripts_py:/home/student/UR_Robot_ws/install/ur_moveit_scripts:/home/student/UR_Robot_ws/install/ur10_moveit_control:/home/student/UR_Robot_ws/install/ur10_control_ik:/home/student/UR_Robot_ws/install/ur10_control:/home/student/UR_Robot_ws/install/mon_package_moveit:/home/student/ws_moveit2/install/moveit_configs_utils:/home/student/ws_moveit2/install/launch_param_builder:/opt/ros/humble LD_LIBRARY_PATH=/home/student/UR_Robot_ws/install/ur_dashboard_msgs/lib:/home/student/ros2_ws/install/transmission_interface/lib:/home/student/ros2_ws/install/hardware_interface_testing/lib:/home/student/ros2_ws/install/controller_manager/lib:/home/student/ros2_ws/install/joint_limits/lib:/home/student/ros2_ws/install/controller_interface/lib:/home/student/ros2_ws/install/hardware_interface/lib:/home/student/ros2_ws/install/controller_manager_msgs/lib:/home/student/UR_Robot_ws/install/ur_robot_driver/lib:/home/student/UR_Robot_ws/install/ur_controllers/lib:/home/student/ws_moveit2/install/pilz_industrial_motion_planner_testutils/lib:/home/student/ws_moveit2/install/pilz_industrial_motion_planner/lib:/home/student/ws_moveit2/install/moveit_visual_tools/lib:/home/student/ws_moveit2/install/moveit_task_constructor_visualization/lib:/home/student/ws_moveit2/install/moveit_task_constructor_demo/lib:/home/student/ws_moveit2/install/moveit_task_constructor_capabilities/lib:/home/student/ws_moveit2/install/moveit_task_constructor_core/lib:/home/student/ws_moveit2/install/moveit_ros_control_interface/lib:/home/student/ws_moveit2/install/moveit_simple_controller_manager/lib:/home/student/ws_moveit2/install/moveit_setup_assistant/lib:/home/student/ws_moveit2/install/moveit_setup_srdf_plugins/lib:/home/student/ws_moveit2/install/moveit_setup_core_plugins/lib:/home/student/ws_moveit2/install/moveit_setup_controllers/lib:/home/student/ws_moveit2/install/moveit_setup_app_plugins/lib:/home/student/ws_moveit2/install/moveit_setup_framework/lib:/home/student/ws_moveit2/install/moveit_servo/lib:/home/student/ws_moveit2/install/moveit_ros_visualization/lib:/home/student/ws_moveit2/install/moveit_hybrid_planning/lib:/home/student/ws_moveit2/install/moveit_ros_planning_interface/lib:/home/student/ws_moveit2/install/moveit_ros_benchmarks/lib:/home/student/ws_moveit2/install/moveit_ros_warehouse/lib:/home/student/ws_moveit2/install/moveit_ros_robot_interaction/lib:/home/student/ws_moveit2/install/moveit_ros_perception/lib:/home/student/ws_moveit2/install/moveit_ros_move_group/lib:/home/student/ws_moveit2/install/moveit_planners_ompl/lib:/home/student/ws_moveit2/install/moveit_ros_planning/lib:/home/student/ws_moveit2/install/moveit_ros_occupancy_map_monitor/lib:/home/student/ws_moveit2/install/moveit_resources_prbt_ikfast_manipulator_plugin/lib:/home/student/ws_moveit2/install/moveit_planners_chomp/lib:/home/student/ws_moveit2/install/moveit_kinematics/lib:/home/student/ws_moveit2/install/moveit_chomp_optimizer_adapter/lib:/home/student/ws_moveit2/install/chomp_motion_planner/lib:/home/student/ws_moveit2/install/moveit_core/lib:/home/student/ws_moveit2/install/srdfdom/lib:/home/student/ws_moveit2/install/rviz_marker_tools/lib:/home/student/ws_moveit2/install/rosparam_shortcuts/lib:/home/student/ws_moveit2/install/moveit_task_constructor_msgs/lib:/usr/lib/x86_64-linux-gnu/gazebo-11/plugins:/opt/ros/humble/opt/rviz_ogre_vendor/lib:/opt/ros/humble/lib/x86_64-linux-gnu:/opt/ros/humble/lib /usr/bin/cmake --install /home/student/UR_Robot_ws/build/ur_controllers
